ARM GAS  C:\Users\zack.li\AppData\Local\Temp\ccxiX98w.s 			page 1


   1              		.syntax unified
   2              		.cpu cortex-m0plus
   3              		.fpu softvfp
   4              		.eabi_attribute 20, 1
   5              		.eabi_attribute 21, 1
   6              		.eabi_attribute 23, 3
   7              		.eabi_attribute 24, 1
   8              		.eabi_attribute 25, 1
   9              		.eabi_attribute 26, 1
  10              		.eabi_attribute 30, 4
  11              		.eabi_attribute 34, 0
  12              		.eabi_attribute 18, 4
  13              		.thumb
  14              		.syntax unified
  15              		.file	"CapSense_Tuner.c"
  16              		.text
  17              	.Ltext0:
  18              		.cfi_sections	.debug_frame
  19              		.section	.text.CapSense_TuInitialize,"ax",%progbits
  20              		.align	1
  21              		.global	CapSense_TuInitialize
  22              		.code	16
  23              		.thumb_func
  24              		.type	CapSense_TuInitialize, %function
  25              	CapSense_TuInitialize:
  26              	.LFB1:
  27              		.file 1 "Generated_Source\\PSoC4\\CapSense_Tuner.c"
   1:Generated_Source\PSoC4/CapSense_Tuner.c **** /***************************************************************************//**
   2:Generated_Source\PSoC4/CapSense_Tuner.c **** * \file CapSense_Tuner.c
   3:Generated_Source\PSoC4/CapSense_Tuner.c **** * \version 7.0
   4:Generated_Source\PSoC4/CapSense_Tuner.c **** *
   5:Generated_Source\PSoC4/CapSense_Tuner.c **** * \brief
   6:Generated_Source\PSoC4/CapSense_Tuner.c **** *   This file provides the source code for the Tuner module API of the Component.
   7:Generated_Source\PSoC4/CapSense_Tuner.c **** *
   8:Generated_Source\PSoC4/CapSense_Tuner.c **** * \see CapSense v7.0 Datasheet
   9:Generated_Source\PSoC4/CapSense_Tuner.c **** *
  10:Generated_Source\PSoC4/CapSense_Tuner.c **** *//*****************************************************************************
  11:Generated_Source\PSoC4/CapSense_Tuner.c **** * Copyright (2016-2019), Cypress Semiconductor Corporation.
  12:Generated_Source\PSoC4/CapSense_Tuner.c **** ********************************************************************************
  13:Generated_Source\PSoC4/CapSense_Tuner.c **** * This software is owned by Cypress Semiconductor Corporation (Cypress) and is
  14:Generated_Source\PSoC4/CapSense_Tuner.c **** * protected by and subject to worldwide patent protection (United States and
  15:Generated_Source\PSoC4/CapSense_Tuner.c **** * foreign), United States copyright laws and international treaty provisions.
  16:Generated_Source\PSoC4/CapSense_Tuner.c **** * Cypress hereby grants to licensee a personal, non-exclusive, non-transferable
  17:Generated_Source\PSoC4/CapSense_Tuner.c **** * license to copy, use, modify, create derivative works of, and compile the
  18:Generated_Source\PSoC4/CapSense_Tuner.c **** * Cypress Source Code and derivative works for the sole purpose of creating
  19:Generated_Source\PSoC4/CapSense_Tuner.c **** * custom software in support of licensee product to be used only in conjunction
  20:Generated_Source\PSoC4/CapSense_Tuner.c **** * with a Cypress integrated circuit as specified in the applicable agreement.
  21:Generated_Source\PSoC4/CapSense_Tuner.c **** * Any reproduction, modification, translation, compilation, or representation of
  22:Generated_Source\PSoC4/CapSense_Tuner.c **** * this software except as specified above is prohibited without the express
  23:Generated_Source\PSoC4/CapSense_Tuner.c **** * written permission of Cypress.
  24:Generated_Source\PSoC4/CapSense_Tuner.c **** *
  25:Generated_Source\PSoC4/CapSense_Tuner.c **** * Disclaimer: CYPRESS MAKES NO WARRANTY OF ANY KIND, EXPRESS OR IMPLIED, WITH
  26:Generated_Source\PSoC4/CapSense_Tuner.c **** * REGARD TO THIS MATERIAL, INCLUDING, BUT NOT LIMITED TO, THE IMPLIED
  27:Generated_Source\PSoC4/CapSense_Tuner.c **** * WARRANTIES OF MERCHANTABILITY AND FITNESS FOR A PARTICULAR PURPOSE.
  28:Generated_Source\PSoC4/CapSense_Tuner.c **** * Cypress reserves the right to make changes without further notice to the
  29:Generated_Source\PSoC4/CapSense_Tuner.c **** * materials described herein. Cypress does not assume any liability arising out
  30:Generated_Source\PSoC4/CapSense_Tuner.c **** * of the application or use of any product or circuit described herein. Cypress
ARM GAS  C:\Users\zack.li\AppData\Local\Temp\ccxiX98w.s 			page 2


  31:Generated_Source\PSoC4/CapSense_Tuner.c **** * does not authorize its products for use as critical components in life-support
  32:Generated_Source\PSoC4/CapSense_Tuner.c **** * systems where a malfunction or failure may reasonably be expected to result in
  33:Generated_Source\PSoC4/CapSense_Tuner.c **** * significant injury to the user. The inclusion of Cypress' product in a life-
  34:Generated_Source\PSoC4/CapSense_Tuner.c **** * support systems application implies that the manufacturer assumes all risk of
  35:Generated_Source\PSoC4/CapSense_Tuner.c **** * such use and in doing so indemnifies Cypress against all charges. Use may be
  36:Generated_Source\PSoC4/CapSense_Tuner.c **** * limited by and subject to the applicable Cypress software license agreement.
  37:Generated_Source\PSoC4/CapSense_Tuner.c **** *******************************************************************************/
  38:Generated_Source\PSoC4/CapSense_Tuner.c **** 
  39:Generated_Source\PSoC4/CapSense_Tuner.c **** #include "cytypes.h"
  40:Generated_Source\PSoC4/CapSense_Tuner.c **** #include "CyLib.h"
  41:Generated_Source\PSoC4/CapSense_Tuner.c **** #include "CapSense_Structure.h"
  42:Generated_Source\PSoC4/CapSense_Tuner.c **** #include "CapSense_Tuner.h"
  43:Generated_Source\PSoC4/CapSense_Tuner.c **** #include "CapSense_Control.h"
  44:Generated_Source\PSoC4/CapSense_Tuner.c **** #include "CapSense_Configuration.h"
  45:Generated_Source\PSoC4/CapSense_Tuner.c **** 
  46:Generated_Source\PSoC4/CapSense_Tuner.c **** /* Tuner states definition */
  47:Generated_Source\PSoC4/CapSense_Tuner.c **** #define TU_FSM_RUNNING      (0u)
  48:Generated_Source\PSoC4/CapSense_Tuner.c **** #define TU_FSM_SUSPENDED    (1u)
  49:Generated_Source\PSoC4/CapSense_Tuner.c **** #define TU_FSM_SNR_TEST     (2u)
  50:Generated_Source\PSoC4/CapSense_Tuner.c **** #define TU_FSM_ONE_SCAN     (3u)
  51:Generated_Source\PSoC4/CapSense_Tuner.c **** 
  52:Generated_Source\PSoC4/CapSense_Tuner.c **** /* Tuner state variable */
  53:Generated_Source\PSoC4/CapSense_Tuner.c **** static uint32 tunerFsm = TU_FSM_RUNNING;
  54:Generated_Source\PSoC4/CapSense_Tuner.c **** 
  55:Generated_Source\PSoC4/CapSense_Tuner.c **** 
  56:Generated_Source\PSoC4/CapSense_Tuner.c **** /*******************************************************************************
  57:Generated_Source\PSoC4/CapSense_Tuner.c **** * Function Name: CapSense_TuInitialize
  58:Generated_Source\PSoC4/CapSense_Tuner.c **** ****************************************************************************//**
  59:Generated_Source\PSoC4/CapSense_Tuner.c **** *
  60:Generated_Source\PSoC4/CapSense_Tuner.c **** * \brief
  61:Generated_Source\PSoC4/CapSense_Tuner.c **** *   This function initializes the communication interface with the Tuner GUI.
  62:Generated_Source\PSoC4/CapSense_Tuner.c **** *
  63:Generated_Source\PSoC4/CapSense_Tuner.c **** * \details
  64:Generated_Source\PSoC4/CapSense_Tuner.c **** *   This API sets the tuner state machine to the default state. It is called by
  65:Generated_Source\PSoC4/CapSense_Tuner.c **** *   the CapSense_Start() API.
  66:Generated_Source\PSoC4/CapSense_Tuner.c **** *
  67:Generated_Source\PSoC4/CapSense_Tuner.c **** *******************************************************************************/
  68:Generated_Source\PSoC4/CapSense_Tuner.c **** void CapSense_TuInitialize(void)
  69:Generated_Source\PSoC4/CapSense_Tuner.c **** {
  28              		.loc 1 69 0
  29              		.cfi_startproc
  30              		@ args = 0, pretend = 0, frame = 0
  31              		@ frame_needed = 0, uses_anonymous_args = 0
  32              		@ link register save eliminated.
  33              	.LVL0:
  70:Generated_Source\PSoC4/CapSense_Tuner.c ****     volatile CapSense_RAM_STRUCT *ptrDsRam = &CapSense_dsRam;
  71:Generated_Source\PSoC4/CapSense_Tuner.c **** 
  72:Generated_Source\PSoC4/CapSense_Tuner.c ****     ptrDsRam->tunerCmd = (uint16)CapSense_TU_CMD_NONE_E;
  34              		.loc 1 72 0
  35 0000 0023     		movs	r3, #0
  36 0002 024A     		ldr	r2, .L2
  73:Generated_Source\PSoC4/CapSense_Tuner.c ****     tunerFsm = TU_FSM_RUNNING;
  74:Generated_Source\PSoC4/CapSense_Tuner.c **** }
  37              		.loc 1 74 0
  38              		@ sp needed
  72:Generated_Source\PSoC4/CapSense_Tuner.c ****     tunerFsm = TU_FSM_RUNNING;
  39              		.loc 1 72 0
ARM GAS  C:\Users\zack.li\AppData\Local\Temp\ccxiX98w.s 			page 3


  40 0004 D380     		strh	r3, [r2, #6]
  73:Generated_Source\PSoC4/CapSense_Tuner.c ****     tunerFsm = TU_FSM_RUNNING;
  41              		.loc 1 73 0
  42 0006 024A     		ldr	r2, .L2+4
  43 0008 1360     		str	r3, [r2]
  44              		.loc 1 74 0
  45 000a 7047     		bx	lr
  46              	.L3:
  47              		.align	2
  48              	.L2:
  49 000c 00000000 		.word	CapSense_dsRam
  50 0010 00000000 		.word	.LANCHOR0
  51              		.cfi_endproc
  52              	.LFE1:
  53              		.size	CapSense_TuInitialize, .-CapSense_TuInitialize
  54              		.section	.text.CapSense_RunTuner,"ax",%progbits
  55              		.align	1
  56              		.global	CapSense_RunTuner
  57              		.code	16
  58              		.thumb_func
  59              		.type	CapSense_RunTuner, %function
  60              	CapSense_RunTuner:
  61              	.LFB2:
  75:Generated_Source\PSoC4/CapSense_Tuner.c **** 
  76:Generated_Source\PSoC4/CapSense_Tuner.c **** /*******************************************************************************
  77:Generated_Source\PSoC4/CapSense_Tuner.c **** * Function Name: CapSense_RunTuner
  78:Generated_Source\PSoC4/CapSense_Tuner.c **** ****************************************************************************//**
  79:Generated_Source\PSoC4/CapSense_Tuner.c **** *
  80:Generated_Source\PSoC4/CapSense_Tuner.c **** * \brief
  81:Generated_Source\PSoC4/CapSense_Tuner.c **** *  Establishes synchronized communication with the Tuner application.
  82:Generated_Source\PSoC4/CapSense_Tuner.c **** *
  83:Generated_Source\PSoC4/CapSense_Tuner.c **** * \details
  84:Generated_Source\PSoC4/CapSense_Tuner.c **** *  This function is used to establish synchronized communication between the
  85:Generated_Source\PSoC4/CapSense_Tuner.c **** *  CapSense Component and Tuner application (or other host controllers).
  86:Generated_Source\PSoC4/CapSense_Tuner.c **** *  This function is called periodically in the application program loop
  87:Generated_Source\PSoC4/CapSense_Tuner.c **** *  to serve the Tuner application (or host controller) requests and commands.
  88:Generated_Source\PSoC4/CapSense_Tuner.c **** *  In most cases, the best place to call this function is after processing and
  89:Generated_Source\PSoC4/CapSense_Tuner.c **** *  before next scanning.
  90:Generated_Source\PSoC4/CapSense_Tuner.c **** *
  91:Generated_Source\PSoC4/CapSense_Tuner.c **** *  If this function is absent in the application program, then communication is
  92:Generated_Source\PSoC4/CapSense_Tuner.c **** *  asynchronous and the following disadvantages are applicable:
  93:Generated_Source\PSoC4/CapSense_Tuner.c **** *    - The raw counts displayed in the tuner may be filtered and/or unfiltered.
  94:Generated_Source\PSoC4/CapSense_Tuner.c **** *      As a result, noise and SNR measurements will not be accurate.
  95:Generated_Source\PSoC4/CapSense_Tuner.c **** *    - The Tuner tool may read the sensor data such as raw counts from a scan
  96:Generated_Source\PSoC4/CapSense_Tuner.c **** *      multiple times, as a result, noise and SNR measurement will not be
  97:Generated_Source\PSoC4/CapSense_Tuner.c **** *      accurate.
  98:Generated_Source\PSoC4/CapSense_Tuner.c **** *    - The Tuner tool and host controller should not change the Component parameters
  99:Generated_Source\PSoC4/CapSense_Tuner.c **** *      via the tuner interface. Changing the Component parameters via the tuner
 100:Generated_Source\PSoC4/CapSense_Tuner.c **** *      interface in the async mode will result in Component abnormal behavior.
 101:Generated_Source\PSoC4/CapSense_Tuner.c **** *
 102:Generated_Source\PSoC4/CapSense_Tuner.c **** *  Note that calling this function is not mandatory for the application, but
 103:Generated_Source\PSoC4/CapSense_Tuner.c **** *  required only to synchronize the communication with the host controller or
 104:Generated_Source\PSoC4/CapSense_Tuner.c **** *  tuner application.
 105:Generated_Source\PSoC4/CapSense_Tuner.c **** *
 106:Generated_Source\PSoC4/CapSense_Tuner.c **** * \return
 107:Generated_Source\PSoC4/CapSense_Tuner.c **** *  In some cases, the application program may need to know if the Component was
 108:Generated_Source\PSoC4/CapSense_Tuner.c **** *  re-initialized. The return indicates if a restart command was executed or not:
ARM GAS  C:\Users\zack.li\AppData\Local\Temp\ccxiX98w.s 			page 4


 109:Generated_Source\PSoC4/CapSense_Tuner.c **** *    - CapSense_STATUS_RESTART_DONE - Based on a received command, the
 110:Generated_Source\PSoC4/CapSense_Tuner.c **** *      Component was restarted.
 111:Generated_Source\PSoC4/CapSense_Tuner.c **** *    -  CapSense_STATUS_RESTART_NONE - No restart was executed by this
 112:Generated_Source\PSoC4/CapSense_Tuner.c **** *      function.
 113:Generated_Source\PSoC4/CapSense_Tuner.c **** *
 114:Generated_Source\PSoC4/CapSense_Tuner.c **** *******************************************************************************/
 115:Generated_Source\PSoC4/CapSense_Tuner.c **** uint32 CapSense_RunTuner(void)
 116:Generated_Source\PSoC4/CapSense_Tuner.c **** {
  62              		.loc 1 116 0
  63              		.cfi_startproc
  64              		@ args = 0, pretend = 0, frame = 0
  65              		@ frame_needed = 0, uses_anonymous_args = 0
  66              	.LVL1:
  67 0000 F8B5     		push	{r3, r4, r5, r6, r7, lr}
  68              		.cfi_def_cfa_offset 24
  69              		.cfi_offset 3, -24
  70              		.cfi_offset 4, -20
  71              		.cfi_offset 5, -16
  72              		.cfi_offset 6, -12
  73              		.cfi_offset 7, -8
  74              		.cfi_offset 14, -4
 117:Generated_Source\PSoC4/CapSense_Tuner.c ****     uint8 interruptState;
 118:Generated_Source\PSoC4/CapSense_Tuner.c ****     uint32 widgetId;
 119:Generated_Source\PSoC4/CapSense_Tuner.c ****     uint32 sensorId;
 120:Generated_Source\PSoC4/CapSense_Tuner.c ****     uint32 updateFlag = 0Lu;
 121:Generated_Source\PSoC4/CapSense_Tuner.c ****     CapSense_TU_CMD_ENUM command;
 122:Generated_Source\PSoC4/CapSense_Tuner.c ****     uint32 tunerStatus = CapSense_STATUS_RESTART_NONE;
  75              		.loc 1 122 0
  76 0002 0027     		movs	r7, #0
  77              	.LVL2:
  78              	.L15:
 123:Generated_Source\PSoC4/CapSense_Tuner.c **** 
 124:Generated_Source\PSoC4/CapSense_Tuner.c ****     volatile CapSense_RAM_STRUCT *ptrDsRam;
 125:Generated_Source\PSoC4/CapSense_Tuner.c ****     volatile CapSense_RAM_SNS_STRUCT *ptrSnsTmp;
 126:Generated_Source\PSoC4/CapSense_Tuner.c **** 
 127:Generated_Source\PSoC4/CapSense_Tuner.c ****     ptrDsRam = &CapSense_dsRam;
 128:Generated_Source\PSoC4/CapSense_Tuner.c **** 
 129:Generated_Source\PSoC4/CapSense_Tuner.c ****     do
 130:Generated_Source\PSoC4/CapSense_Tuner.c ****     {
 131:Generated_Source\PSoC4/CapSense_Tuner.c ****         /* ONE_SCAN command could be interpreted as two commands:
 132:Generated_Source\PSoC4/CapSense_Tuner.c ****         * RESUME till next call of this function and then
 133:Generated_Source\PSoC4/CapSense_Tuner.c ****         * SUSPEND till next command receiving.
 134:Generated_Source\PSoC4/CapSense_Tuner.c ****         */
 135:Generated_Source\PSoC4/CapSense_Tuner.c ****         if (TU_FSM_ONE_SCAN == tunerFsm)
  79              		.loc 1 135 0
  80 0004 2F4D     		ldr	r5, .L25
  81 0006 304C     		ldr	r4, .L25+4
  82 0008 2B68     		ldr	r3, [r5]
  83 000a 032B     		cmp	r3, #3
  84 000c 05D1     		bne	.L5
 136:Generated_Source\PSoC4/CapSense_Tuner.c ****         {
 137:Generated_Source\PSoC4/CapSense_Tuner.c ****             interruptState = CyEnterCriticalSection();
  85              		.loc 1 137 0
  86 000e FFF7FEFF 		bl	CyEnterCriticalSection
  87              	.LVL3:
 138:Generated_Source\PSoC4/CapSense_Tuner.c ****             ptrDsRam->tunerCmd = (uint16)CapSense_TU_CMD_SUSPEND_E;
  88              		.loc 1 138 0
ARM GAS  C:\Users\zack.li\AppData\Local\Temp\ccxiX98w.s 			page 5


  89 0012 0123     		movs	r3, #1
  90 0014 E380     		strh	r3, [r4, #6]
 139:Generated_Source\PSoC4/CapSense_Tuner.c ****             CyExitCriticalSection(interruptState);
  91              		.loc 1 139 0
  92 0016 FFF7FEFF 		bl	CyExitCriticalSection
  93              	.LVL4:
  94              	.L5:
 140:Generated_Source\PSoC4/CapSense_Tuner.c ****         }
 141:Generated_Source\PSoC4/CapSense_Tuner.c ****         command = (CapSense_TU_CMD_ENUM)ptrDsRam->tunerCmd;
  95              		.loc 1 141 0
  96 001a E688     		ldrh	r6, [r4, #6]
  97 001c F6B2     		uxtb	r6, r6
  98              	.LVL5:
 142:Generated_Source\PSoC4/CapSense_Tuner.c **** 
 143:Generated_Source\PSoC4/CapSense_Tuner.c ****         /* Check command register */
 144:Generated_Source\PSoC4/CapSense_Tuner.c ****         switch (command)
  99              		.loc 1 144 0
 100 001e 701E     		subs	r0, r6, #1
 101 0020 0528     		cmp	r0, #5
 102 0022 21D8     		bhi	.L17
 103 0024 FFF7FEFF 		bl	__gnu_thumb1_case_uqi
 104              	.L8:
 105 0028 03       		.byte	(.L7-.L8)/2
 106 0029 0D       		.byte	(.L12-.L8)/2
 107 002a 05       		.byte	(.L10-.L8)/2
 108 002b 0B       		.byte	(.L11-.L8)/2
 109 002c 0D       		.byte	(.L12-.L8)/2
 110 002d 10       		.byte	(.L13-.L8)/2
 111              		.p2align 1
 112              	.L7:
 145:Generated_Source\PSoC4/CapSense_Tuner.c ****         {
 146:Generated_Source\PSoC4/CapSense_Tuner.c ****         case CapSense_TU_CMD_SUSPEND_E:
 147:Generated_Source\PSoC4/CapSense_Tuner.c ****             tunerFsm = TU_FSM_SUSPENDED;
 113              		.loc 1 147 0
 114 002e 0123     		movs	r3, #1
 115 0030 08E0     		b	.L23
 116              	.L10:
 148:Generated_Source\PSoC4/CapSense_Tuner.c ****             updateFlag = 1Lu;
 149:Generated_Source\PSoC4/CapSense_Tuner.c ****             break;
 150:Generated_Source\PSoC4/CapSense_Tuner.c **** 
 151:Generated_Source\PSoC4/CapSense_Tuner.c ****         case CapSense_TU_CMD_RESUME_E:
 152:Generated_Source\PSoC4/CapSense_Tuner.c ****             tunerFsm = TU_FSM_RUNNING;
 153:Generated_Source\PSoC4/CapSense_Tuner.c ****             updateFlag = 1Lu;
 154:Generated_Source\PSoC4/CapSense_Tuner.c ****             break;
 155:Generated_Source\PSoC4/CapSense_Tuner.c **** 
 156:Generated_Source\PSoC4/CapSense_Tuner.c ****         case CapSense_TU_CMD_RESTART_E:
 157:Generated_Source\PSoC4/CapSense_Tuner.c ****             (void)CapSense_Start();
 117              		.loc 1 157 0
 118 0032 FFF7FEFF 		bl	CapSense_Start
 119              	.LVL6:
 158:Generated_Source\PSoC4/CapSense_Tuner.c ****             tunerStatus = CapSense_STATUS_RESTART_DONE;
 159:Generated_Source\PSoC4/CapSense_Tuner.c ****             tunerFsm = TU_FSM_RUNNING;
 120              		.loc 1 159 0
 121 0036 0023     		movs	r3, #0
 158:Generated_Source\PSoC4/CapSense_Tuner.c ****             tunerStatus = CapSense_STATUS_RESTART_DONE;
 122              		.loc 1 158 0
 123 0038 0127     		movs	r7, #1
ARM GAS  C:\Users\zack.li\AppData\Local\Temp\ccxiX98w.s 			page 6


 124              		.loc 1 159 0
 125 003a 2B60     		str	r3, [r5]
 126              	.LVL7:
 160:Generated_Source\PSoC4/CapSense_Tuner.c ****             updateFlag = 1Lu;
 161:Generated_Source\PSoC4/CapSense_Tuner.c ****             break;
 127              		.loc 1 161 0
 128 003c 07E0     		b	.L14
 129              	.LVL8:
 130              	.L11:
 162:Generated_Source\PSoC4/CapSense_Tuner.c **** 
 163:Generated_Source\PSoC4/CapSense_Tuner.c ****         case CapSense_TU_CMD_RUN_SNR_TEST_E:
 164:Generated_Source\PSoC4/CapSense_Tuner.c ****             tunerFsm = TU_FSM_SNR_TEST;
 131              		.loc 1 164 0
 132 003e 0223     		movs	r3, #2
 133 0040 00E0     		b	.L23
 134              	.L12:
 165:Generated_Source\PSoC4/CapSense_Tuner.c ****             updateFlag = 1Lu;
 166:Generated_Source\PSoC4/CapSense_Tuner.c ****             break;
 167:Generated_Source\PSoC4/CapSense_Tuner.c **** 
 168:Generated_Source\PSoC4/CapSense_Tuner.c ****         case CapSense_TU_CMD_PING_E:
 169:Generated_Source\PSoC4/CapSense_Tuner.c ****             tunerFsm = TU_FSM_RUNNING;
 135              		.loc 1 169 0
 136 0042 0023     		movs	r3, #0
 137              	.L23:
 138 0044 2B60     		str	r3, [r5]
 139              	.LVL9:
 170:Generated_Source\PSoC4/CapSense_Tuner.c ****             updateFlag = 1Lu;
 171:Generated_Source\PSoC4/CapSense_Tuner.c ****             break;
 140              		.loc 1 171 0
 141 0046 02E0     		b	.L14
 142              	.LVL10:
 143              	.L13:
 172:Generated_Source\PSoC4/CapSense_Tuner.c **** 
 173:Generated_Source\PSoC4/CapSense_Tuner.c ****         case CapSense_TU_CMD_ONE_SCAN_E:
 174:Generated_Source\PSoC4/CapSense_Tuner.c ****             tunerFsm = TU_FSM_ONE_SCAN;
 144              		.loc 1 174 0
 145 0048 0323     		movs	r3, #3
 146 004a 2B60     		str	r3, [r5]
 175:Generated_Source\PSoC4/CapSense_Tuner.c ****             updateFlag = 0Lu;
 176:Generated_Source\PSoC4/CapSense_Tuner.c ****             break;
 147              		.loc 1 176 0
 148 004c 0CE0     		b	.L17
 149              	.LVL11:
 150              	.L14:
 177:Generated_Source\PSoC4/CapSense_Tuner.c **** 
 178:Generated_Source\PSoC4/CapSense_Tuner.c ****         default:
 179:Generated_Source\PSoC4/CapSense_Tuner.c ****             break;
 180:Generated_Source\PSoC4/CapSense_Tuner.c ****         }
 181:Generated_Source\PSoC4/CapSense_Tuner.c **** 
 182:Generated_Source\PSoC4/CapSense_Tuner.c ****         /* Set Complete flag in command register if needed */
 183:Generated_Source\PSoC4/CapSense_Tuner.c ****         if (0Lu != updateFlag)
 184:Generated_Source\PSoC4/CapSense_Tuner.c ****         {
 185:Generated_Source\PSoC4/CapSense_Tuner.c ****             interruptState = CyEnterCriticalSection();
 151              		.loc 1 185 0
 152 004e FFF7FEFF 		bl	CyEnterCriticalSection
 153              	.LVL12:
 186:Generated_Source\PSoC4/CapSense_Tuner.c **** 
ARM GAS  C:\Users\zack.li\AppData\Local\Temp\ccxiX98w.s 			page 7


 187:Generated_Source\PSoC4/CapSense_Tuner.c ****             /* Check if command wasn't overwritten with new command */
 188:Generated_Source\PSoC4/CapSense_Tuner.c ****             if (command == (CapSense_TU_CMD_ENUM)ptrDsRam->tunerCmd)
 154              		.loc 1 188 0
 155 0052 E388     		ldrh	r3, [r4, #6]
 156 0054 DBB2     		uxtb	r3, r3
 157 0056 9E42     		cmp	r6, r3
 158 0058 04D1     		bne	.L19
 189:Generated_Source\PSoC4/CapSense_Tuner.c ****             {
 190:Generated_Source\PSoC4/CapSense_Tuner.c ****                 ptrDsRam->tunerCmd |= CapSense_TU_CMD_COMPLETE_BIT;
 159              		.loc 1 190 0
 160 005a 8023     		movs	r3, #128
 161 005c E288     		ldrh	r2, [r4, #6]
 162 005e 1B02     		lsls	r3, r3, #8
 163 0060 1343     		orrs	r3, r2
 164 0062 E380     		strh	r3, [r4, #6]
 165              	.L19:
 191:Generated_Source\PSoC4/CapSense_Tuner.c ****             }
 192:Generated_Source\PSoC4/CapSense_Tuner.c ****             CyExitCriticalSection(interruptState);
 166              		.loc 1 192 0
 167 0064 FFF7FEFF 		bl	CyExitCriticalSection
 168              	.LVL13:
 169              	.L17:
 193:Generated_Source\PSoC4/CapSense_Tuner.c **** 
 194:Generated_Source\PSoC4/CapSense_Tuner.c ****             updateFlag = 0Lu;
 195:Generated_Source\PSoC4/CapSense_Tuner.c ****         }
 196:Generated_Source\PSoC4/CapSense_Tuner.c ****     } while (TU_FSM_SUSPENDED == tunerFsm);
 170              		.loc 1 196 0
 171 0068 2B68     		ldr	r3, [r5]
 172 006a 012B     		cmp	r3, #1
 173 006c CAD0     		beq	.L15
 197:Generated_Source\PSoC4/CapSense_Tuner.c **** 
 198:Generated_Source\PSoC4/CapSense_Tuner.c ****     /* Check for SNR Test mode and do appropriate actions */
 199:Generated_Source\PSoC4/CapSense_Tuner.c ****     if (TU_FSM_SNR_TEST == tunerFsm)
 174              		.loc 1 199 0
 175 006e 022B     		cmp	r3, #2
 176 0070 25D1     		bne	.L21
 200:Generated_Source\PSoC4/CapSense_Tuner.c ****     {
 201:Generated_Source\PSoC4/CapSense_Tuner.c ****         widgetId = ptrDsRam->snrTestWidgetId;
 177              		.loc 1 201 0
 178 0072 2300     		movs	r3, r4
 202:Generated_Source\PSoC4/CapSense_Tuner.c ****         sensorId = ptrDsRam->snrTestSensorId;
 179              		.loc 1 202 0
 180 0074 2200     		movs	r2, r4
 201:Generated_Source\PSoC4/CapSense_Tuner.c ****         sensorId = ptrDsRam->snrTestSensorId;
 181              		.loc 1 201 0
 182 0076 A633     		adds	r3, r3, #166
 183 0078 1B78     		ldrb	r3, [r3]
 184              		.loc 1 202 0
 185 007a A732     		adds	r2, r2, #167
 186 007c 1178     		ldrb	r1, [r2]
 201:Generated_Source\PSoC4/CapSense_Tuner.c ****         sensorId = ptrDsRam->snrTestSensorId;
 187              		.loc 1 201 0
 188 007e DBB2     		uxtb	r3, r3
 189              	.LVL14:
 190              		.loc 1 202 0
 191 0080 C9B2     		uxtb	r1, r1
 192              	.LVL15:
ARM GAS  C:\Users\zack.li\AppData\Local\Temp\ccxiX98w.s 			page 8


 203:Generated_Source\PSoC4/CapSense_Tuner.c **** 
 204:Generated_Source\PSoC4/CapSense_Tuner.c ****         /* Check if widgetId and sensorId are in range,
 205:Generated_Source\PSoC4/CapSense_Tuner.c ****          * and data was updated in RAM (scan counter changed)
 206:Generated_Source\PSoC4/CapSense_Tuner.c ****          */
 207:Generated_Source\PSoC4/CapSense_Tuner.c ****         if ((widgetId < CapSense_TOTAL_WIDGETS)              &&
 193              		.loc 1 207 0
 194 0082 042B     		cmp	r3, #4
 195 0084 1BD8     		bhi	.L21
 208:Generated_Source\PSoC4/CapSense_Tuner.c ****             (sensorId < CapSense_GET_SENSOR_COUNT(widgetId)) &&
 196              		.loc 1 208 0 discriminator 1
 197 0086 1C22     		movs	r2, #28
 198 0088 5343     		muls	r3, r2
 199              	.LVL16:
 200 008a 104A     		ldr	r2, .L25+8
 201 008c D318     		adds	r3, r2, r3
 207:Generated_Source\PSoC4/CapSense_Tuner.c ****             (sensorId < CapSense_GET_SENSOR_COUNT(widgetId)) &&
 202              		.loc 1 207 0 discriminator 1
 203 008e 1A8B     		ldrh	r2, [r3, #24]
 204 0090 9142     		cmp	r1, r2
 205 0092 14D2     		bcs	.L21
 209:Generated_Source\PSoC4/CapSense_Tuner.c ****             (ptrDsRam->scanCounter != ptrDsRam->snrTestScanCounter))
 206              		.loc 1 209 0
 207 0094 2500     		movs	r5, r4
 208 0096 A835     		adds	r5, r5, #168
 209 0098 2089     		ldrh	r0, [r4, #8]
 210 009a 2A88     		ldrh	r2, [r5]
 208:Generated_Source\PSoC4/CapSense_Tuner.c ****             (sensorId < CapSense_GET_SENSOR_COUNT(widgetId)) &&
 211              		.loc 1 208 0
 212 009c 9042     		cmp	r0, r2
 213 009e 0ED0     		beq	.L21
 210:Generated_Source\PSoC4/CapSense_Tuner.c ****         {
 211:Generated_Source\PSoC4/CapSense_Tuner.c ****             /* Get access to the Sensor Object */
 212:Generated_Source\PSoC4/CapSense_Tuner.c ****             ptrSnsTmp = CapSense_dsFlash.wdgtArray[widgetId].ptr2SnsRam;
 213:Generated_Source\PSoC4/CapSense_Tuner.c ****             ptrSnsTmp += sensorId;
 214              		.loc 1 213 0
 215 00a0 0A26     		movs	r6, #10
 216              	.LVL17:
 217 00a2 7143     		muls	r1, r6
 218              	.LVL18:
 212:Generated_Source\PSoC4/CapSense_Tuner.c ****             ptrSnsTmp += sensorId;
 219              		.loc 1 212 0
 220 00a4 9B68     		ldr	r3, [r3, #8]
 221              	.LVL19:
 222              		.loc 1 213 0
 223 00a6 5E18     		adds	r6, r3, r1
 224              	.LVL20:
 214:Generated_Source\PSoC4/CapSense_Tuner.c **** 
 215:Generated_Source\PSoC4/CapSense_Tuner.c ****             /* Update data in SNR Test Object */
 216:Generated_Source\PSoC4/CapSense_Tuner.c ****             interruptState = CyEnterCriticalSection();
 225              		.loc 1 216 0
 226 00a8 FFF7FEFF 		bl	CyEnterCriticalSection
 227              	.LVL21:
 217:Generated_Source\PSoC4/CapSense_Tuner.c ****             ptrDsRam->snrTestScanCounter = ptrDsRam->scanCounter;
 228              		.loc 1 217 0
 229 00ac 2389     		ldrh	r3, [r4, #8]
 218:Generated_Source\PSoC4/CapSense_Tuner.c ****             ptrDsRam->snrTestRawCount[0u] = ptrSnsTmp->raw[0u];
 230              		.loc 1 218 0
ARM GAS  C:\Users\zack.li\AppData\Local\Temp\ccxiX98w.s 			page 9


 231 00ae AA34     		adds	r4, r4, #170
 217:Generated_Source\PSoC4/CapSense_Tuner.c ****             ptrDsRam->snrTestScanCounter = ptrDsRam->scanCounter;
 232              		.loc 1 217 0
 233 00b0 9BB2     		uxth	r3, r3
 234 00b2 2B80     		strh	r3, [r5]
 235              		.loc 1 218 0
 236 00b4 3388     		ldrh	r3, [r6]
 237 00b6 9BB2     		uxth	r3, r3
 238 00b8 2380     		strh	r3, [r4]
 219:Generated_Source\PSoC4/CapSense_Tuner.c **** 
 220:Generated_Source\PSoC4/CapSense_Tuner.c ****             #if (0u != CapSense_MULTI_FREQ_SCAN_EN)
 221:Generated_Source\PSoC4/CapSense_Tuner.c ****                 ptrDsRam->snrTestRawCount[1u] = ptrSnsTmp->raw[1u];
 222:Generated_Source\PSoC4/CapSense_Tuner.c ****                 ptrDsRam->snrTestRawCount[2u] = ptrSnsTmp->raw[2u];
 223:Generated_Source\PSoC4/CapSense_Tuner.c ****             #endif
 224:Generated_Source\PSoC4/CapSense_Tuner.c **** 
 225:Generated_Source\PSoC4/CapSense_Tuner.c ****             CyExitCriticalSection(interruptState);
 239              		.loc 1 225 0
 240 00ba FFF7FEFF 		bl	CyExitCriticalSection
 241              	.LVL22:
 242              	.L21:
 226:Generated_Source\PSoC4/CapSense_Tuner.c ****         }
 227:Generated_Source\PSoC4/CapSense_Tuner.c ****     }
 228:Generated_Source\PSoC4/CapSense_Tuner.c ****     return tunerStatus;
 229:Generated_Source\PSoC4/CapSense_Tuner.c **** }
 243              		.loc 1 229 0
 244 00be 3800     		movs	r0, r7
 245              		@ sp needed
 246              	.LVL23:
 247 00c0 F8BD     		pop	{r3, r4, r5, r6, r7, pc}
 248              	.L26:
 249 00c2 C046     		.align	2
 250              	.L25:
 251 00c4 00000000 		.word	.LANCHOR0
 252 00c8 00000000 		.word	CapSense_dsRam
 253 00cc 00000000 		.word	CapSense_dsFlash
 254              		.cfi_endproc
 255              	.LFE2:
 256              		.size	CapSense_RunTuner, .-CapSense_RunTuner
 257              		.bss
 258              		.align	2
 259              		.set	.LANCHOR0,. + 0
 260              		.type	tunerFsm, %object
 261              		.size	tunerFsm, 4
 262              	tunerFsm:
 263 0000 00000000 		.space	4
 264              		.text
 265              	.Letext0:
 266              		.file 2 "Generated_Source\\PSoC4\\cytypes.h"
 267              		.file 3 "Generated_Source\\PSoC4\\CapSense_Configuration.h"
 268              		.file 4 "Generated_Source\\PSoC4\\CapSense_Structure.h"
 269              		.file 5 "Generated_Source\\PSoC4\\CapSense_Tuner.h"
 270              		.file 6 "Generated_Source\\PSoC4\\CyLib.h"
 271              		.file 7 "Generated_Source\\PSoC4\\CapSense_Control.h"
 272              		.section	.debug_info,"",%progbits
 273              	.Ldebug_info0:
 274 0000 07070000 		.4byte	0x707
 275 0004 0400     		.2byte	0x4
ARM GAS  C:\Users\zack.li\AppData\Local\Temp\ccxiX98w.s 			page 10


 276 0006 00000000 		.4byte	.Ldebug_abbrev0
 277 000a 04       		.byte	0x4
 278 000b 01       		.uleb128 0x1
 279 000c 08050000 		.4byte	.LASF100
 280 0010 0C       		.byte	0xc
 281 0011 80020000 		.4byte	.LASF101
 282 0015 DE010000 		.4byte	.LASF102
 283 0019 00000000 		.4byte	.Ldebug_ranges0+0
 284 001d 00000000 		.4byte	0
 285 0021 00000000 		.4byte	.Ldebug_line0
 286 0025 02       		.uleb128 0x2
 287 0026 01       		.byte	0x1
 288 0027 06       		.byte	0x6
 289 0028 80030000 		.4byte	.LASF0
 290 002c 02       		.uleb128 0x2
 291 002d 01       		.byte	0x1
 292 002e 08       		.byte	0x8
 293 002f 5A030000 		.4byte	.LASF1
 294 0033 02       		.uleb128 0x2
 295 0034 02       		.byte	0x2
 296 0035 05       		.byte	0x5
 297 0036 DA000000 		.4byte	.LASF2
 298 003a 02       		.uleb128 0x2
 299 003b 02       		.byte	0x2
 300 003c 07       		.byte	0x7
 301 003d 81040000 		.4byte	.LASF3
 302 0041 02       		.uleb128 0x2
 303 0042 04       		.byte	0x4
 304 0043 05       		.byte	0x5
 305 0044 6E020000 		.4byte	.LASF4
 306 0048 02       		.uleb128 0x2
 307 0049 04       		.byte	0x4
 308 004a 07       		.byte	0x7
 309 004b E9030000 		.4byte	.LASF5
 310 004f 02       		.uleb128 0x2
 311 0050 08       		.byte	0x8
 312 0051 05       		.byte	0x5
 313 0052 68060000 		.4byte	.LASF6
 314 0056 02       		.uleb128 0x2
 315 0057 08       		.byte	0x8
 316 0058 07       		.byte	0x7
 317 0059 A9030000 		.4byte	.LASF7
 318 005d 03       		.uleb128 0x3
 319 005e 04       		.byte	0x4
 320 005f 05       		.byte	0x5
 321 0060 696E7400 		.ascii	"int\000"
 322 0064 02       		.uleb128 0x2
 323 0065 04       		.byte	0x4
 324 0066 07       		.byte	0x7
 325 0067 DC030000 		.4byte	.LASF8
 326 006b 04       		.uleb128 0x4
 327 006c D8010000 		.4byte	.LASF9
 328 0070 02       		.byte	0x2
 329 0071 E401     		.2byte	0x1e4
 330 0073 2C000000 		.4byte	0x2c
 331 0077 04       		.uleb128 0x4
 332 0078 AF010000 		.4byte	.LASF10
ARM GAS  C:\Users\zack.li\AppData\Local\Temp\ccxiX98w.s 			page 11


 333 007c 02       		.byte	0x2
 334 007d E501     		.2byte	0x1e5
 335 007f 3A000000 		.4byte	0x3a
 336 0083 04       		.uleb128 0x4
 337 0084 DE040000 		.4byte	.LASF11
 338 0088 02       		.byte	0x2
 339 0089 E601     		.2byte	0x1e6
 340 008b 48000000 		.4byte	0x48
 341 008f 02       		.uleb128 0x2
 342 0090 04       		.byte	0x4
 343 0091 04       		.byte	0x4
 344 0092 20020000 		.4byte	.LASF12
 345 0096 02       		.uleb128 0x2
 346 0097 08       		.byte	0x8
 347 0098 04       		.byte	0x4
 348 0099 F9040000 		.4byte	.LASF13
 349 009d 02       		.uleb128 0x2
 350 009e 01       		.byte	0x1
 351 009f 08       		.byte	0x8
 352 00a0 69020000 		.4byte	.LASF14
 353 00a4 05       		.uleb128 0x5
 354 00a5 83000000 		.4byte	0x83
 355 00a9 02       		.uleb128 0x2
 356 00aa 08       		.byte	0x8
 357 00ab 04       		.byte	0x4
 358 00ac 22030000 		.4byte	.LASF15
 359 00b0 02       		.uleb128 0x2
 360 00b1 04       		.byte	0x4
 361 00b2 07       		.byte	0x7
 362 00b3 14010000 		.4byte	.LASF16
 363 00b7 06       		.uleb128 0x6
 364 00b8 04       		.byte	0x4
 365 00b9 04       		.uleb128 0x4
 366 00ba 68030000 		.4byte	.LASF17
 367 00be 03       		.byte	0x3
 368 00bf 2E01     		.2byte	0x12e
 369 00c1 77000000 		.4byte	0x77
 370 00c5 04       		.uleb128 0x4
 371 00c6 38040000 		.4byte	.LASF18
 372 00ca 03       		.byte	0x3
 373 00cb 3201     		.2byte	0x132
 374 00cd 6B000000 		.4byte	0x6b
 375 00d1 07       		.uleb128 0x7
 376 00d2 6B000000 		.4byte	0x6b
 377 00d6 E1000000 		.4byte	0xe1
 378 00da 08       		.uleb128 0x8
 379 00db B0000000 		.4byte	0xb0
 380 00df 00       		.byte	0
 381 00e0 00       		.byte	0
 382 00e1 09       		.uleb128 0x9
 383 00e2 10       		.byte	0x10
 384 00e3 04       		.byte	0x4
 385 00e4 F3       		.byte	0xf3
 386 00e5 77010000 		.4byte	0x177
 387 00e9 0A       		.uleb128 0xa
 388 00ea 76040000 		.4byte	.LASF19
 389 00ee 04       		.byte	0x4
ARM GAS  C:\Users\zack.li\AppData\Local\Temp\ccxiX98w.s 			page 12


 390 00ef F8       		.byte	0xf8
 391 00f0 77000000 		.4byte	0x77
 392 00f4 00       		.byte	0
 393 00f5 0A       		.uleb128 0xa
 394 00f6 A8020000 		.4byte	.LASF20
 395 00fa 04       		.byte	0x4
 396 00fb FD       		.byte	0xfd
 397 00fc B9000000 		.4byte	0xb9
 398 0100 02       		.byte	0x2
 399 0101 0B       		.uleb128 0xb
 400 0102 A2010000 		.4byte	.LASF21
 401 0106 04       		.byte	0x4
 402 0107 0201     		.2byte	0x102
 403 0109 6B000000 		.4byte	0x6b
 404 010d 04       		.byte	0x4
 405 010e 0B       		.uleb128 0xb
 406 010f B2040000 		.4byte	.LASF22
 407 0113 04       		.byte	0x4
 408 0114 0701     		.2byte	0x107
 409 0116 6B000000 		.4byte	0x6b
 410 011a 05       		.byte	0x5
 411 011b 0B       		.uleb128 0xb
 412 011c 0E030000 		.4byte	.LASF23
 413 0120 04       		.byte	0x4
 414 0121 0D01     		.2byte	0x10d
 415 0123 6B000000 		.4byte	0x6b
 416 0127 06       		.byte	0x6
 417 0128 0B       		.uleb128 0xb
 418 0129 02010000 		.4byte	.LASF24
 419 012d 04       		.byte	0x4
 420 012e 1301     		.2byte	0x113
 421 0130 6B000000 		.4byte	0x6b
 422 0134 07       		.byte	0x7
 423 0135 0B       		.uleb128 0xb
 424 0136 8A000000 		.4byte	.LASF25
 425 013a 04       		.byte	0x4
 426 013b 1A01     		.2byte	0x11a
 427 013d C5000000 		.4byte	0xc5
 428 0141 08       		.byte	0x8
 429 0142 0B       		.uleb128 0xb
 430 0143 D2000000 		.4byte	.LASF26
 431 0147 04       		.byte	0x4
 432 0148 2101     		.2byte	0x121
 433 014a D1000000 		.4byte	0xd1
 434 014e 09       		.byte	0x9
 435 014f 0B       		.uleb128 0xb
 436 0150 67000000 		.4byte	.LASF27
 437 0154 04       		.byte	0x4
 438 0155 2601     		.2byte	0x126
 439 0157 6B000000 		.4byte	0x6b
 440 015b 0A       		.byte	0xa
 441 015c 0B       		.uleb128 0xb
 442 015d 10020000 		.4byte	.LASF28
 443 0161 04       		.byte	0x4
 444 0162 2E01     		.2byte	0x12e
 445 0164 77000000 		.4byte	0x77
 446 0168 0C       		.byte	0xc
ARM GAS  C:\Users\zack.li\AppData\Local\Temp\ccxiX98w.s 			page 13


 447 0169 0B       		.uleb128 0xb
 448 016a 7E010000 		.4byte	.LASF29
 449 016e 04       		.byte	0x4
 450 016f 3301     		.2byte	0x133
 451 0171 6B000000 		.4byte	0x6b
 452 0175 0E       		.byte	0xe
 453 0176 00       		.byte	0
 454 0177 04       		.uleb128 0x4
 455 0178 E4000000 		.4byte	.LASF30
 456 017c 04       		.byte	0x4
 457 017d 3401     		.2byte	0x134
 458 017f E1000000 		.4byte	0xe1
 459 0183 0C       		.uleb128 0xc
 460 0184 12       		.byte	0x12
 461 0185 04       		.byte	0x4
 462 0186 3901     		.2byte	0x139
 463 0188 29020000 		.4byte	0x229
 464 018c 0B       		.uleb128 0xb
 465 018d 76040000 		.4byte	.LASF19
 466 0191 04       		.byte	0x4
 467 0192 3E01     		.2byte	0x13e
 468 0194 77000000 		.4byte	0x77
 469 0198 00       		.byte	0
 470 0199 0B       		.uleb128 0xb
 471 019a A8020000 		.4byte	.LASF20
 472 019e 04       		.byte	0x4
 473 019f 4301     		.2byte	0x143
 474 01a1 B9000000 		.4byte	0xb9
 475 01a5 02       		.byte	0x2
 476 01a6 0B       		.uleb128 0xb
 477 01a7 A2010000 		.4byte	.LASF21
 478 01ab 04       		.byte	0x4
 479 01ac 4801     		.2byte	0x148
 480 01ae 6B000000 		.4byte	0x6b
 481 01b2 04       		.byte	0x4
 482 01b3 0B       		.uleb128 0xb
 483 01b4 B2040000 		.4byte	.LASF22
 484 01b8 04       		.byte	0x4
 485 01b9 4D01     		.2byte	0x14d
 486 01bb 6B000000 		.4byte	0x6b
 487 01bf 05       		.byte	0x5
 488 01c0 0B       		.uleb128 0xb
 489 01c1 0E030000 		.4byte	.LASF23
 490 01c5 04       		.byte	0x4
 491 01c6 5301     		.2byte	0x153
 492 01c8 6B000000 		.4byte	0x6b
 493 01cc 06       		.byte	0x6
 494 01cd 0B       		.uleb128 0xb
 495 01ce 02010000 		.4byte	.LASF24
 496 01d2 04       		.byte	0x4
 497 01d3 5901     		.2byte	0x159
 498 01d5 6B000000 		.4byte	0x6b
 499 01d9 07       		.byte	0x7
 500 01da 0B       		.uleb128 0xb
 501 01db 8A000000 		.4byte	.LASF25
 502 01df 04       		.byte	0x4
 503 01e0 6001     		.2byte	0x160
ARM GAS  C:\Users\zack.li\AppData\Local\Temp\ccxiX98w.s 			page 14


 504 01e2 C5000000 		.4byte	0xc5
 505 01e6 08       		.byte	0x8
 506 01e7 0B       		.uleb128 0xb
 507 01e8 D2000000 		.4byte	.LASF26
 508 01ec 04       		.byte	0x4
 509 01ed 6701     		.2byte	0x167
 510 01ef D1000000 		.4byte	0xd1
 511 01f3 09       		.byte	0x9
 512 01f4 0B       		.uleb128 0xb
 513 01f5 67000000 		.4byte	.LASF27
 514 01f9 04       		.byte	0x4
 515 01fa 6C01     		.2byte	0x16c
 516 01fc 6B000000 		.4byte	0x6b
 517 0200 0A       		.byte	0xa
 518 0201 0B       		.uleb128 0xb
 519 0202 10020000 		.4byte	.LASF28
 520 0206 04       		.byte	0x4
 521 0207 7401     		.2byte	0x174
 522 0209 77000000 		.4byte	0x77
 523 020d 0C       		.byte	0xc
 524 020e 0B       		.uleb128 0xb
 525 020f 7E010000 		.4byte	.LASF29
 526 0213 04       		.byte	0x4
 527 0214 7901     		.2byte	0x179
 528 0216 6B000000 		.4byte	0x6b
 529 021a 0E       		.byte	0xe
 530 021b 0B       		.uleb128 0xb
 531 021c 6D010000 		.4byte	.LASF31
 532 0220 04       		.byte	0x4
 533 0221 7E01     		.2byte	0x17e
 534 0223 B9000000 		.4byte	0xb9
 535 0227 10       		.byte	0x10
 536 0228 00       		.byte	0
 537 0229 04       		.uleb128 0x4
 538 022a CB020000 		.4byte	.LASF32
 539 022e 04       		.byte	0x4
 540 022f 7F01     		.2byte	0x17f
 541 0231 83010000 		.4byte	0x183
 542 0235 0C       		.uleb128 0xc
 543 0236 52       		.byte	0x52
 544 0237 04       		.byte	0x4
 545 0238 8501     		.2byte	0x185
 546 023a 80020000 		.4byte	0x280
 547 023e 0B       		.uleb128 0xb
 548 023f 0D010000 		.4byte	.LASF33
 549 0243 04       		.byte	0x4
 550 0244 8A01     		.2byte	0x18a
 551 0246 77010000 		.4byte	0x177
 552 024a 00       		.byte	0
 553 024b 0B       		.uleb128 0xb
 554 024c 17020000 		.4byte	.LASF34
 555 0250 04       		.byte	0x4
 556 0251 8F01     		.2byte	0x18f
 557 0253 77010000 		.4byte	0x177
 558 0257 10       		.byte	0x10
 559 0258 0B       		.uleb128 0xb
 560 0259 EC020000 		.4byte	.LASF35
ARM GAS  C:\Users\zack.li\AppData\Local\Temp\ccxiX98w.s 			page 15


 561 025d 04       		.byte	0x4
 562 025e 9401     		.2byte	0x194
 563 0260 77010000 		.4byte	0x177
 564 0264 20       		.byte	0x20
 565 0265 0B       		.uleb128 0xb
 566 0266 54000000 		.4byte	.LASF36
 567 026a 04       		.byte	0x4
 568 026b 9901     		.2byte	0x199
 569 026d 77010000 		.4byte	0x177
 570 0271 30       		.byte	0x30
 571 0272 0B       		.uleb128 0xb
 572 0273 79010000 		.4byte	.LASF37
 573 0277 04       		.byte	0x4
 574 0278 9E01     		.2byte	0x19e
 575 027a 29020000 		.4byte	0x229
 576 027e 40       		.byte	0x40
 577 027f 00       		.byte	0
 578 0280 04       		.uleb128 0x4
 579 0281 26020000 		.4byte	.LASF38
 580 0285 04       		.byte	0x4
 581 0286 9F01     		.2byte	0x19f
 582 0288 35020000 		.4byte	0x235
 583 028c 0C       		.uleb128 0xc
 584 028d 0A       		.byte	0xa
 585 028e 04       		.byte	0x4
 586 028f A501     		.2byte	0x1a5
 587 0291 E4020000 		.4byte	0x2e4
 588 0295 0D       		.uleb128 0xd
 589 0296 72617700 		.ascii	"raw\000"
 590 029a 04       		.byte	0x4
 591 029b AA01     		.2byte	0x1aa
 592 029d E4020000 		.4byte	0x2e4
 593 02a1 00       		.byte	0
 594 02a2 0B       		.uleb128 0xb
 595 02a3 AA010000 		.4byte	.LASF39
 596 02a7 04       		.byte	0x4
 597 02a8 AF01     		.2byte	0x1af
 598 02aa E4020000 		.4byte	0x2e4
 599 02ae 02       		.byte	0x2
 600 02af 0B       		.uleb128 0xb
 601 02b0 00050000 		.4byte	.LASF40
 602 02b4 04       		.byte	0x4
 603 02b5 B501     		.2byte	0x1b5
 604 02b7 D1000000 		.4byte	0xd1
 605 02bb 04       		.byte	0x4
 606 02bc 0B       		.uleb128 0xb
 607 02bd 76060000 		.4byte	.LASF41
 608 02c1 04       		.byte	0x4
 609 02c2 BA01     		.2byte	0x1ba
 610 02c4 B9000000 		.4byte	0xb9
 611 02c8 06       		.byte	0x6
 612 02c9 0B       		.uleb128 0xb
 613 02ca B1020000 		.4byte	.LASF42
 614 02ce 04       		.byte	0x4
 615 02cf BF01     		.2byte	0x1bf
 616 02d1 F4020000 		.4byte	0x2f4
 617 02d5 08       		.byte	0x8
ARM GAS  C:\Users\zack.li\AppData\Local\Temp\ccxiX98w.s 			page 16


 618 02d6 0B       		.uleb128 0xb
 619 02d7 59010000 		.4byte	.LASF43
 620 02db 04       		.byte	0x4
 621 02dc C401     		.2byte	0x1c4
 622 02de D1000000 		.4byte	0xd1
 623 02e2 09       		.byte	0x9
 624 02e3 00       		.byte	0
 625 02e4 07       		.uleb128 0x7
 626 02e5 77000000 		.4byte	0x77
 627 02e9 F4020000 		.4byte	0x2f4
 628 02ed 08       		.uleb128 0x8
 629 02ee B0000000 		.4byte	0xb0
 630 02f2 00       		.byte	0
 631 02f3 00       		.byte	0
 632 02f4 07       		.uleb128 0x7
 633 02f5 C5000000 		.4byte	0xc5
 634 02f9 04030000 		.4byte	0x304
 635 02fd 08       		.uleb128 0x8
 636 02fe B0000000 		.4byte	0xb0
 637 0302 00       		.byte	0
 638 0303 00       		.byte	0
 639 0304 04       		.uleb128 0x4
 640 0305 20040000 		.4byte	.LASF44
 641 0309 04       		.byte	0x4
 642 030a C501     		.2byte	0x1c5
 643 030c 8C020000 		.4byte	0x28c
 644 0310 0C       		.uleb128 0xc
 645 0311 32       		.byte	0x32
 646 0312 04       		.byte	0x4
 647 0313 CB01     		.2byte	0x1cb
 648 0315 5B030000 		.4byte	0x35b
 649 0319 0B       		.uleb128 0xb
 650 031a 0D010000 		.4byte	.LASF33
 651 031e 04       		.byte	0x4
 652 031f D001     		.2byte	0x1d0
 653 0321 5B030000 		.4byte	0x35b
 654 0325 00       		.byte	0
 655 0326 0B       		.uleb128 0xb
 656 0327 17020000 		.4byte	.LASF34
 657 032b 04       		.byte	0x4
 658 032c D501     		.2byte	0x1d5
 659 032e 5B030000 		.4byte	0x35b
 660 0332 0A       		.byte	0xa
 661 0333 0B       		.uleb128 0xb
 662 0334 EC020000 		.4byte	.LASF35
 663 0338 04       		.byte	0x4
 664 0339 DA01     		.2byte	0x1da
 665 033b 5B030000 		.4byte	0x35b
 666 033f 14       		.byte	0x14
 667 0340 0B       		.uleb128 0xb
 668 0341 54000000 		.4byte	.LASF36
 669 0345 04       		.byte	0x4
 670 0346 DF01     		.2byte	0x1df
 671 0348 5B030000 		.4byte	0x35b
 672 034c 1E       		.byte	0x1e
 673 034d 0B       		.uleb128 0xb
 674 034e 79010000 		.4byte	.LASF37
ARM GAS  C:\Users\zack.li\AppData\Local\Temp\ccxiX98w.s 			page 17


 675 0352 04       		.byte	0x4
 676 0353 E401     		.2byte	0x1e4
 677 0355 5B030000 		.4byte	0x35b
 678 0359 28       		.byte	0x28
 679 035a 00       		.byte	0
 680 035b 07       		.uleb128 0x7
 681 035c 04030000 		.4byte	0x304
 682 0360 6B030000 		.4byte	0x36b
 683 0364 08       		.uleb128 0x8
 684 0365 B0000000 		.4byte	0xb0
 685 0369 00       		.byte	0
 686 036a 00       		.byte	0
 687 036b 04       		.uleb128 0x4
 688 036c 8C030000 		.4byte	.LASF45
 689 0370 04       		.byte	0x4
 690 0371 E501     		.2byte	0x1e5
 691 0373 10030000 		.4byte	0x310
 692 0377 0C       		.uleb128 0xc
 693 0378 B0       		.byte	0xb0
 694 0379 04       		.byte	0x4
 695 037a EB01     		.2byte	0x1eb
 696 037c 78040000 		.4byte	0x478
 697 0380 0B       		.uleb128 0xb
 698 0381 50010000 		.4byte	.LASF46
 699 0385 04       		.byte	0x4
 700 0386 F201     		.2byte	0x1f2
 701 0388 77000000 		.4byte	0x77
 702 038c 00       		.byte	0
 703 038d 0B       		.uleb128 0xb
 704 038e 41060000 		.4byte	.LASF47
 705 0392 04       		.byte	0x4
 706 0393 F701     		.2byte	0x1f7
 707 0395 77000000 		.4byte	0x77
 708 0399 02       		.byte	0x2
 709 039a 0B       		.uleb128 0xb
 710 039b C2050000 		.4byte	.LASF48
 711 039f 04       		.byte	0x4
 712 03a0 FC01     		.2byte	0x1fc
 713 03a2 77000000 		.4byte	0x77
 714 03a6 04       		.byte	0x4
 715 03a7 0B       		.uleb128 0xb
 716 03a8 19030000 		.4byte	.LASF49
 717 03ac 04       		.byte	0x4
 718 03ad 0202     		.2byte	0x202
 719 03af 77000000 		.4byte	0x77
 720 03b3 06       		.byte	0x6
 721 03b4 0B       		.uleb128 0xb
 722 03b5 A6040000 		.4byte	.LASF50
 723 03b9 04       		.byte	0x4
 724 03ba 0702     		.2byte	0x207
 725 03bc 77000000 		.4byte	0x77
 726 03c0 08       		.byte	0x8
 727 03c1 0B       		.uleb128 0xb
 728 03c2 53040000 		.4byte	.LASF51
 729 03c6 04       		.byte	0x4
 730 03c7 0C02     		.2byte	0x20c
 731 03c9 A4000000 		.4byte	0xa4
ARM GAS  C:\Users\zack.li\AppData\Local\Temp\ccxiX98w.s 			page 18


 732 03cd 0C       		.byte	0xc
 733 03ce 0B       		.uleb128 0xb
 734 03cf FB030000 		.4byte	.LASF52
 735 03d3 04       		.byte	0x4
 736 03d4 1202     		.2byte	0x212
 737 03d6 78040000 		.4byte	0x478
 738 03da 10       		.byte	0x10
 739 03db 0B       		.uleb128 0xb
 740 03dc 2E030000 		.4byte	.LASF53
 741 03e0 04       		.byte	0x4
 742 03e1 1902     		.2byte	0x219
 743 03e3 78040000 		.4byte	0x478
 744 03e7 14       		.byte	0x14
 745 03e8 0B       		.uleb128 0xb
 746 03e9 56060000 		.4byte	.LASF54
 747 03ed 04       		.byte	0x4
 748 03ee 2902     		.2byte	0x229
 749 03f0 88040000 		.4byte	0x488
 750 03f4 18       		.byte	0x18
 751 03f5 0B       		.uleb128 0xb
 752 03f6 62010000 		.4byte	.LASF55
 753 03fa 04       		.byte	0x4
 754 03fb 2F02     		.2byte	0x22f
 755 03fd 77000000 		.4byte	0x77
 756 0401 1E       		.byte	0x1e
 757 0402 0B       		.uleb128 0xb
 758 0403 9C040000 		.4byte	.LASF56
 759 0407 04       		.byte	0x4
 760 0408 3402     		.2byte	0x234
 761 040a 6B000000 		.4byte	0x6b
 762 040e 20       		.byte	0x20
 763 040f 0B       		.uleb128 0xb
 764 0410 16000000 		.4byte	.LASF57
 765 0414 04       		.byte	0x4
 766 0415 3902     		.2byte	0x239
 767 0417 80020000 		.4byte	0x280
 768 041b 22       		.byte	0x22
 769 041c 0B       		.uleb128 0xb
 770 041d 94040000 		.4byte	.LASF58
 771 0421 04       		.byte	0x4
 772 0422 3E02     		.2byte	0x23e
 773 0424 6B030000 		.4byte	0x36b
 774 0428 74       		.byte	0x74
 775 0429 0B       		.uleb128 0xb
 776 042a 31060000 		.4byte	.LASF59
 777 042e 04       		.byte	0x4
 778 042f 4302     		.2byte	0x243
 779 0431 6B000000 		.4byte	0x6b
 780 0435 A6       		.byte	0xa6
 781 0436 0B       		.uleb128 0xb
 782 0437 42020000 		.4byte	.LASF60
 783 043b 04       		.byte	0x4
 784 043c 4802     		.2byte	0x248
 785 043e 6B000000 		.4byte	0x6b
 786 0442 A7       		.byte	0xa7
 787 0443 0B       		.uleb128 0xb
 788 0444 63040000 		.4byte	.LASF61
ARM GAS  C:\Users\zack.li\AppData\Local\Temp\ccxiX98w.s 			page 19


 789 0448 04       		.byte	0x4
 790 0449 4D02     		.2byte	0x24d
 791 044b 77000000 		.4byte	0x77
 792 044f A8       		.byte	0xa8
 793 0450 0B       		.uleb128 0xb
 794 0451 1F000000 		.4byte	.LASF62
 795 0455 04       		.byte	0x4
 796 0456 5202     		.2byte	0x252
 797 0458 E4020000 		.4byte	0x2e4
 798 045c AA       		.byte	0xaa
 799 045d 0B       		.uleb128 0xb
 800 045e E5040000 		.4byte	.LASF63
 801 0462 04       		.byte	0x4
 802 0463 5702     		.2byte	0x257
 803 0465 6B000000 		.4byte	0x6b
 804 0469 AC       		.byte	0xac
 805 046a 0B       		.uleb128 0xb
 806 046b 2F000000 		.4byte	.LASF64
 807 046f 04       		.byte	0x4
 808 0470 5C02     		.2byte	0x25c
 809 0472 6B000000 		.4byte	0x6b
 810 0476 AD       		.byte	0xad
 811 0477 00       		.byte	0
 812 0478 07       		.uleb128 0x7
 813 0479 83000000 		.4byte	0x83
 814 047d 88040000 		.4byte	0x488
 815 0481 08       		.uleb128 0x8
 816 0482 B0000000 		.4byte	0xb0
 817 0486 00       		.byte	0
 818 0487 00       		.byte	0
 819 0488 07       		.uleb128 0x7
 820 0489 6B000000 		.4byte	0x6b
 821 048d 98040000 		.4byte	0x498
 822 0491 08       		.uleb128 0x8
 823 0492 B0000000 		.4byte	0xb0
 824 0496 04       		.byte	0x4
 825 0497 00       		.byte	0
 826 0498 04       		.uleb128 0x4
 827 0499 CA040000 		.4byte	.LASF65
 828 049d 04       		.byte	0x4
 829 049e 5D02     		.2byte	0x25d
 830 04a0 77030000 		.4byte	0x377
 831 04a4 0C       		.uleb128 0xc
 832 04a5 1C       		.byte	0x1c
 833 04a6 04       		.byte	0x4
 834 04a7 C402     		.2byte	0x2c4
 835 04a9 23050000 		.4byte	0x523
 836 04ad 0B       		.uleb128 0xb
 837 04ae F9050000 		.4byte	.LASF66
 838 04b2 04       		.byte	0x4
 839 04b3 CD02     		.2byte	0x2cd
 840 04b5 23050000 		.4byte	0x523
 841 04b9 00       		.byte	0
 842 04ba 0B       		.uleb128 0xb
 843 04bb BF020000 		.4byte	.LASF67
 844 04bf 04       		.byte	0x4
 845 04c0 D402     		.2byte	0x2d4
ARM GAS  C:\Users\zack.li\AppData\Local\Temp\ccxiX98w.s 			page 20


 846 04c2 B7000000 		.4byte	0xb7
 847 04c6 04       		.byte	0x4
 848 04c7 0B       		.uleb128 0xb
 849 04c8 EE050000 		.4byte	.LASF68
 850 04cc 04       		.byte	0x4
 851 04cd DA02     		.2byte	0x2da
 852 04cf 2A050000 		.4byte	0x52a
 853 04d3 08       		.byte	0x8
 854 04d4 0B       		.uleb128 0xb
 855 04d5 06060000 		.4byte	.LASF69
 856 04d9 04       		.byte	0x4
 857 04da E002     		.2byte	0x2e0
 858 04dc B7000000 		.4byte	0xb7
 859 04e0 0C       		.byte	0xc
 860 04e1 0B       		.uleb128 0xb
 861 04e2 C8010000 		.4byte	.LASF70
 862 04e6 04       		.byte	0x4
 863 04e7 E702     		.2byte	0x2e7
 864 04e9 30050000 		.4byte	0x530
 865 04ed 10       		.byte	0x10
 866 04ee 0B       		.uleb128 0xb
 867 04ef C0030000 		.4byte	.LASF71
 868 04f3 04       		.byte	0x4
 869 04f4 EC02     		.2byte	0x2ec
 870 04f6 83000000 		.4byte	0x83
 871 04fa 14       		.byte	0x14
 872 04fb 0B       		.uleb128 0xb
 873 04fc AB000000 		.4byte	.LASF72
 874 0500 04       		.byte	0x4
 875 0501 F302     		.2byte	0x2f3
 876 0503 77000000 		.4byte	0x77
 877 0507 18       		.byte	0x18
 878 0508 0B       		.uleb128 0xb
 879 0509 77020000 		.4byte	.LASF73
 880 050d 04       		.byte	0x4
 881 050e FA02     		.2byte	0x2fa
 882 0510 6B000000 		.4byte	0x6b
 883 0514 1A       		.byte	0x1a
 884 0515 0B       		.uleb128 0xb
 885 0516 06030000 		.4byte	.LASF74
 886 051a 04       		.byte	0x4
 887 051b 0403     		.2byte	0x304
 888 051d 6B000000 		.4byte	0x6b
 889 0521 1B       		.byte	0x1b
 890 0522 00       		.byte	0
 891 0523 0E       		.uleb128 0xe
 892 0524 04       		.byte	0x4
 893 0525 29050000 		.4byte	0x529
 894 0529 0F       		.uleb128 0xf
 895 052a 0E       		.uleb128 0xe
 896 052b 04       		.byte	0x4
 897 052c 04030000 		.4byte	0x304
 898 0530 0E       		.uleb128 0xe
 899 0531 04       		.byte	0x4
 900 0532 6B000000 		.4byte	0x6b
 901 0536 04       		.uleb128 0x4
 902 0537 37010000 		.4byte	.LASF75
ARM GAS  C:\Users\zack.li\AppData\Local\Temp\ccxiX98w.s 			page 21


 903 053b 04       		.byte	0x4
 904 053c 0503     		.2byte	0x305
 905 053e A4040000 		.4byte	0x4a4
 906 0542 0C       		.uleb128 0xc
 907 0543 8C       		.byte	0x8c
 908 0544 04       		.byte	0x4
 909 0545 0B03     		.2byte	0x30b
 910 0547 59050000 		.4byte	0x559
 911 054b 0B       		.uleb128 0xb
 912 054c 16060000 		.4byte	.LASF76
 913 0550 04       		.byte	0x4
 914 0551 1003     		.2byte	0x310
 915 0553 59050000 		.4byte	0x559
 916 0557 00       		.byte	0
 917 0558 00       		.byte	0
 918 0559 07       		.uleb128 0x7
 919 055a 36050000 		.4byte	0x536
 920 055e 69050000 		.4byte	0x569
 921 0562 08       		.uleb128 0x8
 922 0563 B0000000 		.4byte	0xb0
 923 0567 04       		.byte	0x4
 924 0568 00       		.byte	0
 925 0569 04       		.uleb128 0x4
 926 056a 00000000 		.4byte	.LASF77
 927 056e 04       		.byte	0x4
 928 056f 1103     		.2byte	0x311
 929 0571 42050000 		.4byte	0x542
 930 0575 10       		.uleb128 0x10
 931 0576 01       		.byte	0x1
 932 0577 2C000000 		.4byte	0x2c
 933 057b 05       		.byte	0x5
 934 057c 2E       		.byte	0x2e
 935 057d AC050000 		.4byte	0x5ac
 936 0581 11       		.uleb128 0x11
 937 0582 8B010000 		.4byte	.LASF78
 938 0586 00       		.byte	0
 939 0587 11       		.uleb128 0x11
 940 0588 06040000 		.4byte	.LASF79
 941 058c 01       		.byte	0x1
 942 058d 11       		.uleb128 0x11
 943 058e D5050000 		.4byte	.LASF80
 944 0592 02       		.byte	0x2
 945 0593 11       		.uleb128 0x11
 946 0594 1D010000 		.4byte	.LASF81
 947 0598 03       		.byte	0x3
 948 0599 11       		.uleb128 0x11
 949 059a 9A050000 		.4byte	.LASF82
 950 059e 04       		.byte	0x4
 951 059f 11       		.uleb128 0x11
 952 05a0 52020000 		.4byte	.LASF83
 953 05a4 05       		.byte	0x5
 954 05a5 11       		.uleb128 0x11
 955 05a6 B7000000 		.4byte	.LASF84
 956 05aa 06       		.byte	0x6
 957 05ab 00       		.byte	0
 958 05ac 12       		.uleb128 0x12
 959 05ad 75000000 		.4byte	.LASF85
ARM GAS  C:\Users\zack.li\AppData\Local\Temp\ccxiX98w.s 			page 22


 960 05b1 05       		.byte	0x5
 961 05b2 36       		.byte	0x36
 962 05b3 75050000 		.4byte	0x575
 963 05b7 13       		.uleb128 0x13
 964 05b8 3E000000 		.4byte	.LASF103
 965 05bc 01       		.byte	0x1
 966 05bd 44       		.byte	0x44
 967 05be 00000000 		.4byte	.LFB1
 968 05c2 14000000 		.4byte	.LFE1-.LFB1
 969 05c6 01       		.uleb128 0x1
 970 05c7 9C       		.byte	0x9c
 971 05c8 D8050000 		.4byte	0x5d8
 972 05cc 14       		.uleb128 0x14
 973 05cd B9050000 		.4byte	.LASF92
 974 05d1 01       		.byte	0x1
 975 05d2 46       		.byte	0x46
 976 05d3 D8050000 		.4byte	0x5d8
 977 05d7 00       		.byte	0
 978 05d8 0E       		.uleb128 0xe
 979 05d9 04       		.byte	0x4
 980 05da DE050000 		.4byte	0x5de
 981 05de 05       		.uleb128 0x5
 982 05df 98040000 		.4byte	0x498
 983 05e3 15       		.uleb128 0x15
 984 05e4 B6010000 		.4byte	.LASF104
 985 05e8 01       		.byte	0x1
 986 05e9 73       		.byte	0x73
 987 05ea 83000000 		.4byte	0x83
 988 05ee 00000000 		.4byte	.LFB2
 989 05f2 D0000000 		.4byte	.LFE2-.LFB2
 990 05f6 01       		.uleb128 0x1
 991 05f7 9C       		.byte	0x9c
 992 05f8 B0060000 		.4byte	0x6b0
 993 05fc 16       		.uleb128 0x16
 994 05fd BB040000 		.4byte	.LASF86
 995 0601 01       		.byte	0x1
 996 0602 75       		.byte	0x75
 997 0603 6B000000 		.4byte	0x6b
 998 0607 00000000 		.4byte	.LLST0
 999 060b 16       		.uleb128 0x16
 1000 060c 5A040000 		.4byte	.LASF87
 1001 0610 01       		.byte	0x1
 1002 0611 76       		.byte	0x76
 1003 0612 83000000 		.4byte	0x83
 1004 0616 29000000 		.4byte	.LLST1
 1005 061a 16       		.uleb128 0x16
 1006 061b 5E000000 		.4byte	.LASF88
 1007 061f 01       		.byte	0x1
 1008 0620 77       		.byte	0x77
 1009 0621 83000000 		.4byte	0x83
 1010 0625 3C000000 		.4byte	.LLST2
 1011 0629 16       		.uleb128 0x16
 1012 062a CA050000 		.4byte	.LASF89
 1013 062e 01       		.byte	0x1
 1014 062f 78       		.byte	0x78
 1015 0630 83000000 		.4byte	0x83
 1016 0634 54000000 		.4byte	.LLST3
ARM GAS  C:\Users\zack.li\AppData\Local\Temp\ccxiX98w.s 			page 23


 1017 0638 16       		.uleb128 0x16
 1018 0639 60060000 		.4byte	.LASF90
 1019 063d 01       		.byte	0x1
 1020 063e 79       		.byte	0x79
 1021 063f AC050000 		.4byte	0x5ac
 1022 0643 B0000000 		.4byte	.LLST4
 1023 0647 16       		.uleb128 0x16
 1024 0648 4A060000 		.4byte	.LASF91
 1025 064c 01       		.byte	0x1
 1026 064d 7A       		.byte	0x7a
 1027 064e 83000000 		.4byte	0x83
 1028 0652 C3000000 		.4byte	.LLST5
 1029 0656 14       		.uleb128 0x14
 1030 0657 B9050000 		.4byte	.LASF92
 1031 065b 01       		.byte	0x1
 1032 065c 7C       		.byte	0x7c
 1033 065d D8050000 		.4byte	0x5d8
 1034 0661 16       		.uleb128 0x16
 1035 0662 39030000 		.4byte	.LASF93
 1036 0666 01       		.byte	0x1
 1037 0667 7D       		.byte	0x7d
 1038 0668 B0060000 		.4byte	0x6b0
 1039 066c 04010000 		.4byte	.LLST6
 1040 0670 17       		.uleb128 0x17
 1041 0671 12000000 		.4byte	.LVL3
 1042 0675 E9060000 		.4byte	0x6e9
 1043 0679 17       		.uleb128 0x17
 1044 067a 1A000000 		.4byte	.LVL4
 1045 067e F4060000 		.4byte	0x6f4
 1046 0682 17       		.uleb128 0x17
 1047 0683 36000000 		.4byte	.LVL6
 1048 0687 FF060000 		.4byte	0x6ff
 1049 068b 17       		.uleb128 0x17
 1050 068c 52000000 		.4byte	.LVL12
 1051 0690 E9060000 		.4byte	0x6e9
 1052 0694 17       		.uleb128 0x17
 1053 0695 68000000 		.4byte	.LVL13
 1054 0699 F4060000 		.4byte	0x6f4
 1055 069d 17       		.uleb128 0x17
 1056 069e AC000000 		.4byte	.LVL21
 1057 06a2 E9060000 		.4byte	0x6e9
 1058 06a6 17       		.uleb128 0x17
 1059 06a7 BE000000 		.4byte	.LVL22
 1060 06ab F4060000 		.4byte	0x6f4
 1061 06af 00       		.byte	0
 1062 06b0 0E       		.uleb128 0xe
 1063 06b1 04       		.byte	0x4
 1064 06b2 B6060000 		.4byte	0x6b6
 1065 06b6 05       		.uleb128 0x5
 1066 06b7 04030000 		.4byte	0x304
 1067 06bb 18       		.uleb128 0x18
 1068 06bc F0040000 		.4byte	.LASF94
 1069 06c0 01       		.byte	0x1
 1070 06c1 35       		.byte	0x35
 1071 06c2 83000000 		.4byte	0x83
 1072 06c6 05       		.uleb128 0x5
 1073 06c7 03       		.byte	0x3
ARM GAS  C:\Users\zack.li\AppData\Local\Temp\ccxiX98w.s 			page 24


 1074 06c8 00000000 		.4byte	tunerFsm
 1075 06cc 19       		.uleb128 0x19
 1076 06cd F7020000 		.4byte	.LASF95
 1077 06d1 04       		.byte	0x4
 1078 06d2 0205     		.2byte	0x502
 1079 06d4 98040000 		.4byte	0x498
 1080 06d8 19       		.uleb128 0x19
 1081 06d9 20060000 		.4byte	.LASF96
 1082 06dd 04       		.byte	0x4
 1083 06de 0305     		.2byte	0x503
 1084 06e0 E4060000 		.4byte	0x6e4
 1085 06e4 1A       		.uleb128 0x1a
 1086 06e5 69050000 		.4byte	0x569
 1087 06e9 1B       		.uleb128 0x1b
 1088 06ea 43030000 		.4byte	.LASF97
 1089 06ee 43030000 		.4byte	.LASF97
 1090 06f2 06       		.byte	0x6
 1091 06f3 E5       		.byte	0xe5
 1092 06f4 1B       		.uleb128 0x1b
 1093 06f5 95000000 		.4byte	.LASF98
 1094 06f9 95000000 		.4byte	.LASF98
 1095 06fd 06       		.byte	0x6
 1096 06fe E6       		.byte	0xe6
 1097 06ff 1B       		.uleb128 0x1b
 1098 0700 CD030000 		.4byte	.LASF99
 1099 0704 CD030000 		.4byte	.LASF99
 1100 0708 07       		.byte	0x7
 1101 0709 3B       		.byte	0x3b
 1102 070a 00       		.byte	0
 1103              		.section	.debug_abbrev,"",%progbits
 1104              	.Ldebug_abbrev0:
 1105 0000 01       		.uleb128 0x1
 1106 0001 11       		.uleb128 0x11
 1107 0002 01       		.byte	0x1
 1108 0003 25       		.uleb128 0x25
 1109 0004 0E       		.uleb128 0xe
 1110 0005 13       		.uleb128 0x13
 1111 0006 0B       		.uleb128 0xb
 1112 0007 03       		.uleb128 0x3
 1113 0008 0E       		.uleb128 0xe
 1114 0009 1B       		.uleb128 0x1b
 1115 000a 0E       		.uleb128 0xe
 1116 000b 55       		.uleb128 0x55
 1117 000c 17       		.uleb128 0x17
 1118 000d 11       		.uleb128 0x11
 1119 000e 01       		.uleb128 0x1
 1120 000f 10       		.uleb128 0x10
 1121 0010 17       		.uleb128 0x17
 1122 0011 00       		.byte	0
 1123 0012 00       		.byte	0
 1124 0013 02       		.uleb128 0x2
 1125 0014 24       		.uleb128 0x24
 1126 0015 00       		.byte	0
 1127 0016 0B       		.uleb128 0xb
 1128 0017 0B       		.uleb128 0xb
 1129 0018 3E       		.uleb128 0x3e
 1130 0019 0B       		.uleb128 0xb
ARM GAS  C:\Users\zack.li\AppData\Local\Temp\ccxiX98w.s 			page 25


 1131 001a 03       		.uleb128 0x3
 1132 001b 0E       		.uleb128 0xe
 1133 001c 00       		.byte	0
 1134 001d 00       		.byte	0
 1135 001e 03       		.uleb128 0x3
 1136 001f 24       		.uleb128 0x24
 1137 0020 00       		.byte	0
 1138 0021 0B       		.uleb128 0xb
 1139 0022 0B       		.uleb128 0xb
 1140 0023 3E       		.uleb128 0x3e
 1141 0024 0B       		.uleb128 0xb
 1142 0025 03       		.uleb128 0x3
 1143 0026 08       		.uleb128 0x8
 1144 0027 00       		.byte	0
 1145 0028 00       		.byte	0
 1146 0029 04       		.uleb128 0x4
 1147 002a 16       		.uleb128 0x16
 1148 002b 00       		.byte	0
 1149 002c 03       		.uleb128 0x3
 1150 002d 0E       		.uleb128 0xe
 1151 002e 3A       		.uleb128 0x3a
 1152 002f 0B       		.uleb128 0xb
 1153 0030 3B       		.uleb128 0x3b
 1154 0031 05       		.uleb128 0x5
 1155 0032 49       		.uleb128 0x49
 1156 0033 13       		.uleb128 0x13
 1157 0034 00       		.byte	0
 1158 0035 00       		.byte	0
 1159 0036 05       		.uleb128 0x5
 1160 0037 35       		.uleb128 0x35
 1161 0038 00       		.byte	0
 1162 0039 49       		.uleb128 0x49
 1163 003a 13       		.uleb128 0x13
 1164 003b 00       		.byte	0
 1165 003c 00       		.byte	0
 1166 003d 06       		.uleb128 0x6
 1167 003e 0F       		.uleb128 0xf
 1168 003f 00       		.byte	0
 1169 0040 0B       		.uleb128 0xb
 1170 0041 0B       		.uleb128 0xb
 1171 0042 00       		.byte	0
 1172 0043 00       		.byte	0
 1173 0044 07       		.uleb128 0x7
 1174 0045 01       		.uleb128 0x1
 1175 0046 01       		.byte	0x1
 1176 0047 49       		.uleb128 0x49
 1177 0048 13       		.uleb128 0x13
 1178 0049 01       		.uleb128 0x1
 1179 004a 13       		.uleb128 0x13
 1180 004b 00       		.byte	0
 1181 004c 00       		.byte	0
 1182 004d 08       		.uleb128 0x8
 1183 004e 21       		.uleb128 0x21
 1184 004f 00       		.byte	0
 1185 0050 49       		.uleb128 0x49
 1186 0051 13       		.uleb128 0x13
 1187 0052 2F       		.uleb128 0x2f
ARM GAS  C:\Users\zack.li\AppData\Local\Temp\ccxiX98w.s 			page 26


 1188 0053 0B       		.uleb128 0xb
 1189 0054 00       		.byte	0
 1190 0055 00       		.byte	0
 1191 0056 09       		.uleb128 0x9
 1192 0057 13       		.uleb128 0x13
 1193 0058 01       		.byte	0x1
 1194 0059 0B       		.uleb128 0xb
 1195 005a 0B       		.uleb128 0xb
 1196 005b 3A       		.uleb128 0x3a
 1197 005c 0B       		.uleb128 0xb
 1198 005d 3B       		.uleb128 0x3b
 1199 005e 0B       		.uleb128 0xb
 1200 005f 01       		.uleb128 0x1
 1201 0060 13       		.uleb128 0x13
 1202 0061 00       		.byte	0
 1203 0062 00       		.byte	0
 1204 0063 0A       		.uleb128 0xa
 1205 0064 0D       		.uleb128 0xd
 1206 0065 00       		.byte	0
 1207 0066 03       		.uleb128 0x3
 1208 0067 0E       		.uleb128 0xe
 1209 0068 3A       		.uleb128 0x3a
 1210 0069 0B       		.uleb128 0xb
 1211 006a 3B       		.uleb128 0x3b
 1212 006b 0B       		.uleb128 0xb
 1213 006c 49       		.uleb128 0x49
 1214 006d 13       		.uleb128 0x13
 1215 006e 38       		.uleb128 0x38
 1216 006f 0B       		.uleb128 0xb
 1217 0070 00       		.byte	0
 1218 0071 00       		.byte	0
 1219 0072 0B       		.uleb128 0xb
 1220 0073 0D       		.uleb128 0xd
 1221 0074 00       		.byte	0
 1222 0075 03       		.uleb128 0x3
 1223 0076 0E       		.uleb128 0xe
 1224 0077 3A       		.uleb128 0x3a
 1225 0078 0B       		.uleb128 0xb
 1226 0079 3B       		.uleb128 0x3b
 1227 007a 05       		.uleb128 0x5
 1228 007b 49       		.uleb128 0x49
 1229 007c 13       		.uleb128 0x13
 1230 007d 38       		.uleb128 0x38
 1231 007e 0B       		.uleb128 0xb
 1232 007f 00       		.byte	0
 1233 0080 00       		.byte	0
 1234 0081 0C       		.uleb128 0xc
 1235 0082 13       		.uleb128 0x13
 1236 0083 01       		.byte	0x1
 1237 0084 0B       		.uleb128 0xb
 1238 0085 0B       		.uleb128 0xb
 1239 0086 3A       		.uleb128 0x3a
 1240 0087 0B       		.uleb128 0xb
 1241 0088 3B       		.uleb128 0x3b
 1242 0089 05       		.uleb128 0x5
 1243 008a 01       		.uleb128 0x1
 1244 008b 13       		.uleb128 0x13
ARM GAS  C:\Users\zack.li\AppData\Local\Temp\ccxiX98w.s 			page 27


 1245 008c 00       		.byte	0
 1246 008d 00       		.byte	0
 1247 008e 0D       		.uleb128 0xd
 1248 008f 0D       		.uleb128 0xd
 1249 0090 00       		.byte	0
 1250 0091 03       		.uleb128 0x3
 1251 0092 08       		.uleb128 0x8
 1252 0093 3A       		.uleb128 0x3a
 1253 0094 0B       		.uleb128 0xb
 1254 0095 3B       		.uleb128 0x3b
 1255 0096 05       		.uleb128 0x5
 1256 0097 49       		.uleb128 0x49
 1257 0098 13       		.uleb128 0x13
 1258 0099 38       		.uleb128 0x38
 1259 009a 0B       		.uleb128 0xb
 1260 009b 00       		.byte	0
 1261 009c 00       		.byte	0
 1262 009d 0E       		.uleb128 0xe
 1263 009e 0F       		.uleb128 0xf
 1264 009f 00       		.byte	0
 1265 00a0 0B       		.uleb128 0xb
 1266 00a1 0B       		.uleb128 0xb
 1267 00a2 49       		.uleb128 0x49
 1268 00a3 13       		.uleb128 0x13
 1269 00a4 00       		.byte	0
 1270 00a5 00       		.byte	0
 1271 00a6 0F       		.uleb128 0xf
 1272 00a7 26       		.uleb128 0x26
 1273 00a8 00       		.byte	0
 1274 00a9 00       		.byte	0
 1275 00aa 00       		.byte	0
 1276 00ab 10       		.uleb128 0x10
 1277 00ac 04       		.uleb128 0x4
 1278 00ad 01       		.byte	0x1
 1279 00ae 0B       		.uleb128 0xb
 1280 00af 0B       		.uleb128 0xb
 1281 00b0 49       		.uleb128 0x49
 1282 00b1 13       		.uleb128 0x13
 1283 00b2 3A       		.uleb128 0x3a
 1284 00b3 0B       		.uleb128 0xb
 1285 00b4 3B       		.uleb128 0x3b
 1286 00b5 0B       		.uleb128 0xb
 1287 00b6 01       		.uleb128 0x1
 1288 00b7 13       		.uleb128 0x13
 1289 00b8 00       		.byte	0
 1290 00b9 00       		.byte	0
 1291 00ba 11       		.uleb128 0x11
 1292 00bb 28       		.uleb128 0x28
 1293 00bc 00       		.byte	0
 1294 00bd 03       		.uleb128 0x3
 1295 00be 0E       		.uleb128 0xe
 1296 00bf 1C       		.uleb128 0x1c
 1297 00c0 0B       		.uleb128 0xb
 1298 00c1 00       		.byte	0
 1299 00c2 00       		.byte	0
 1300 00c3 12       		.uleb128 0x12
 1301 00c4 16       		.uleb128 0x16
ARM GAS  C:\Users\zack.li\AppData\Local\Temp\ccxiX98w.s 			page 28


 1302 00c5 00       		.byte	0
 1303 00c6 03       		.uleb128 0x3
 1304 00c7 0E       		.uleb128 0xe
 1305 00c8 3A       		.uleb128 0x3a
 1306 00c9 0B       		.uleb128 0xb
 1307 00ca 3B       		.uleb128 0x3b
 1308 00cb 0B       		.uleb128 0xb
 1309 00cc 49       		.uleb128 0x49
 1310 00cd 13       		.uleb128 0x13
 1311 00ce 00       		.byte	0
 1312 00cf 00       		.byte	0
 1313 00d0 13       		.uleb128 0x13
 1314 00d1 2E       		.uleb128 0x2e
 1315 00d2 01       		.byte	0x1
 1316 00d3 3F       		.uleb128 0x3f
 1317 00d4 19       		.uleb128 0x19
 1318 00d5 03       		.uleb128 0x3
 1319 00d6 0E       		.uleb128 0xe
 1320 00d7 3A       		.uleb128 0x3a
 1321 00d8 0B       		.uleb128 0xb
 1322 00d9 3B       		.uleb128 0x3b
 1323 00da 0B       		.uleb128 0xb
 1324 00db 27       		.uleb128 0x27
 1325 00dc 19       		.uleb128 0x19
 1326 00dd 11       		.uleb128 0x11
 1327 00de 01       		.uleb128 0x1
 1328 00df 12       		.uleb128 0x12
 1329 00e0 06       		.uleb128 0x6
 1330 00e1 40       		.uleb128 0x40
 1331 00e2 18       		.uleb128 0x18
 1332 00e3 9742     		.uleb128 0x2117
 1333 00e5 19       		.uleb128 0x19
 1334 00e6 01       		.uleb128 0x1
 1335 00e7 13       		.uleb128 0x13
 1336 00e8 00       		.byte	0
 1337 00e9 00       		.byte	0
 1338 00ea 14       		.uleb128 0x14
 1339 00eb 34       		.uleb128 0x34
 1340 00ec 00       		.byte	0
 1341 00ed 03       		.uleb128 0x3
 1342 00ee 0E       		.uleb128 0xe
 1343 00ef 3A       		.uleb128 0x3a
 1344 00f0 0B       		.uleb128 0xb
 1345 00f1 3B       		.uleb128 0x3b
 1346 00f2 0B       		.uleb128 0xb
 1347 00f3 49       		.uleb128 0x49
 1348 00f4 13       		.uleb128 0x13
 1349 00f5 00       		.byte	0
 1350 00f6 00       		.byte	0
 1351 00f7 15       		.uleb128 0x15
 1352 00f8 2E       		.uleb128 0x2e
 1353 00f9 01       		.byte	0x1
 1354 00fa 3F       		.uleb128 0x3f
 1355 00fb 19       		.uleb128 0x19
 1356 00fc 03       		.uleb128 0x3
 1357 00fd 0E       		.uleb128 0xe
 1358 00fe 3A       		.uleb128 0x3a
ARM GAS  C:\Users\zack.li\AppData\Local\Temp\ccxiX98w.s 			page 29


 1359 00ff 0B       		.uleb128 0xb
 1360 0100 3B       		.uleb128 0x3b
 1361 0101 0B       		.uleb128 0xb
 1362 0102 27       		.uleb128 0x27
 1363 0103 19       		.uleb128 0x19
 1364 0104 49       		.uleb128 0x49
 1365 0105 13       		.uleb128 0x13
 1366 0106 11       		.uleb128 0x11
 1367 0107 01       		.uleb128 0x1
 1368 0108 12       		.uleb128 0x12
 1369 0109 06       		.uleb128 0x6
 1370 010a 40       		.uleb128 0x40
 1371 010b 18       		.uleb128 0x18
 1372 010c 9742     		.uleb128 0x2117
 1373 010e 19       		.uleb128 0x19
 1374 010f 01       		.uleb128 0x1
 1375 0110 13       		.uleb128 0x13
 1376 0111 00       		.byte	0
 1377 0112 00       		.byte	0
 1378 0113 16       		.uleb128 0x16
 1379 0114 34       		.uleb128 0x34
 1380 0115 00       		.byte	0
 1381 0116 03       		.uleb128 0x3
 1382 0117 0E       		.uleb128 0xe
 1383 0118 3A       		.uleb128 0x3a
 1384 0119 0B       		.uleb128 0xb
 1385 011a 3B       		.uleb128 0x3b
 1386 011b 0B       		.uleb128 0xb
 1387 011c 49       		.uleb128 0x49
 1388 011d 13       		.uleb128 0x13
 1389 011e 02       		.uleb128 0x2
 1390 011f 17       		.uleb128 0x17
 1391 0120 00       		.byte	0
 1392 0121 00       		.byte	0
 1393 0122 17       		.uleb128 0x17
 1394 0123 898201   		.uleb128 0x4109
 1395 0126 00       		.byte	0
 1396 0127 11       		.uleb128 0x11
 1397 0128 01       		.uleb128 0x1
 1398 0129 31       		.uleb128 0x31
 1399 012a 13       		.uleb128 0x13
 1400 012b 00       		.byte	0
 1401 012c 00       		.byte	0
 1402 012d 18       		.uleb128 0x18
 1403 012e 34       		.uleb128 0x34
 1404 012f 00       		.byte	0
 1405 0130 03       		.uleb128 0x3
 1406 0131 0E       		.uleb128 0xe
 1407 0132 3A       		.uleb128 0x3a
 1408 0133 0B       		.uleb128 0xb
 1409 0134 3B       		.uleb128 0x3b
 1410 0135 0B       		.uleb128 0xb
 1411 0136 49       		.uleb128 0x49
 1412 0137 13       		.uleb128 0x13
 1413 0138 02       		.uleb128 0x2
 1414 0139 18       		.uleb128 0x18
 1415 013a 00       		.byte	0
ARM GAS  C:\Users\zack.li\AppData\Local\Temp\ccxiX98w.s 			page 30


 1416 013b 00       		.byte	0
 1417 013c 19       		.uleb128 0x19
 1418 013d 34       		.uleb128 0x34
 1419 013e 00       		.byte	0
 1420 013f 03       		.uleb128 0x3
 1421 0140 0E       		.uleb128 0xe
 1422 0141 3A       		.uleb128 0x3a
 1423 0142 0B       		.uleb128 0xb
 1424 0143 3B       		.uleb128 0x3b
 1425 0144 05       		.uleb128 0x5
 1426 0145 49       		.uleb128 0x49
 1427 0146 13       		.uleb128 0x13
 1428 0147 3F       		.uleb128 0x3f
 1429 0148 19       		.uleb128 0x19
 1430 0149 3C       		.uleb128 0x3c
 1431 014a 19       		.uleb128 0x19
 1432 014b 00       		.byte	0
 1433 014c 00       		.byte	0
 1434 014d 1A       		.uleb128 0x1a
 1435 014e 26       		.uleb128 0x26
 1436 014f 00       		.byte	0
 1437 0150 49       		.uleb128 0x49
 1438 0151 13       		.uleb128 0x13
 1439 0152 00       		.byte	0
 1440 0153 00       		.byte	0
 1441 0154 1B       		.uleb128 0x1b
 1442 0155 2E       		.uleb128 0x2e
 1443 0156 00       		.byte	0
 1444 0157 3F       		.uleb128 0x3f
 1445 0158 19       		.uleb128 0x19
 1446 0159 3C       		.uleb128 0x3c
 1447 015a 19       		.uleb128 0x19
 1448 015b 6E       		.uleb128 0x6e
 1449 015c 0E       		.uleb128 0xe
 1450 015d 03       		.uleb128 0x3
 1451 015e 0E       		.uleb128 0xe
 1452 015f 3A       		.uleb128 0x3a
 1453 0160 0B       		.uleb128 0xb
 1454 0161 3B       		.uleb128 0x3b
 1455 0162 0B       		.uleb128 0xb
 1456 0163 00       		.byte	0
 1457 0164 00       		.byte	0
 1458 0165 00       		.byte	0
 1459              		.section	.debug_loc,"",%progbits
 1460              	.Ldebug_loc0:
 1461              	.LLST0:
 1462 0000 12000000 		.4byte	.LVL3
 1463 0004 19000000 		.4byte	.LVL4-1
 1464 0008 0100     		.2byte	0x1
 1465 000a 50       		.byte	0x50
 1466 000b 52000000 		.4byte	.LVL12
 1467 000f 67000000 		.4byte	.LVL13-1
 1468 0013 0100     		.2byte	0x1
 1469 0015 50       		.byte	0x50
 1470 0016 AC000000 		.4byte	.LVL21
 1471 001a BD000000 		.4byte	.LVL22-1
 1472 001e 0100     		.2byte	0x1
ARM GAS  C:\Users\zack.li\AppData\Local\Temp\ccxiX98w.s 			page 31


 1473 0020 50       		.byte	0x50
 1474 0021 00000000 		.4byte	0
 1475 0025 00000000 		.4byte	0
 1476              	.LLST1:
 1477 0029 80000000 		.4byte	.LVL14
 1478 002d 8A000000 		.4byte	.LVL16
 1479 0031 0100     		.2byte	0x1
 1480 0033 53       		.byte	0x53
 1481 0034 00000000 		.4byte	0
 1482 0038 00000000 		.4byte	0
 1483              	.LLST2:
 1484 003c 82000000 		.4byte	.LVL15
 1485 0040 A4000000 		.4byte	.LVL18
 1486 0044 0600     		.2byte	0x6
 1487 0046 71       		.byte	0x71
 1488 0047 00       		.sleb128 0
 1489 0048 08       		.byte	0x8
 1490 0049 FF       		.byte	0xff
 1491 004a 1A       		.byte	0x1a
 1492 004b 9F       		.byte	0x9f
 1493 004c 00000000 		.4byte	0
 1494 0050 00000000 		.4byte	0
 1495              	.LLST3:
 1496 0054 00000000 		.4byte	.LVL1
 1497 0058 3C000000 		.4byte	.LVL7
 1498 005c 0200     		.2byte	0x2
 1499 005e 30       		.byte	0x30
 1500 005f 9F       		.byte	0x9f
 1501 0060 3C000000 		.4byte	.LVL7
 1502 0064 3E000000 		.4byte	.LVL8
 1503 0068 0200     		.2byte	0x2
 1504 006a 31       		.byte	0x31
 1505 006b 9F       		.byte	0x9f
 1506 006c 3E000000 		.4byte	.LVL8
 1507 0070 46000000 		.4byte	.LVL9
 1508 0074 0200     		.2byte	0x2
 1509 0076 30       		.byte	0x30
 1510 0077 9F       		.byte	0x9f
 1511 0078 46000000 		.4byte	.LVL9
 1512 007c 48000000 		.4byte	.LVL10
 1513 0080 0200     		.2byte	0x2
 1514 0082 31       		.byte	0x31
 1515 0083 9F       		.byte	0x9f
 1516 0084 48000000 		.4byte	.LVL10
 1517 0088 4E000000 		.4byte	.LVL11
 1518 008c 0200     		.2byte	0x2
 1519 008e 30       		.byte	0x30
 1520 008f 9F       		.byte	0x9f
 1521 0090 4E000000 		.4byte	.LVL11
 1522 0094 68000000 		.4byte	.LVL13
 1523 0098 0200     		.2byte	0x2
 1524 009a 31       		.byte	0x31
 1525 009b 9F       		.byte	0x9f
 1526 009c 68000000 		.4byte	.LVL13
 1527 00a0 D0000000 		.4byte	.LFE2
 1528 00a4 0200     		.2byte	0x2
 1529 00a6 30       		.byte	0x30
ARM GAS  C:\Users\zack.li\AppData\Local\Temp\ccxiX98w.s 			page 32


 1530 00a7 9F       		.byte	0x9f
 1531 00a8 00000000 		.4byte	0
 1532 00ac 00000000 		.4byte	0
 1533              	.LLST4:
 1534 00b0 1E000000 		.4byte	.LVL5
 1535 00b4 A2000000 		.4byte	.LVL17
 1536 00b8 0100     		.2byte	0x1
 1537 00ba 56       		.byte	0x56
 1538 00bb 00000000 		.4byte	0
 1539 00bf 00000000 		.4byte	0
 1540              	.LLST5:
 1541 00c3 00000000 		.4byte	.LVL1
 1542 00c7 04000000 		.4byte	.LVL2
 1543 00cb 0200     		.2byte	0x2
 1544 00cd 30       		.byte	0x30
 1545 00ce 9F       		.byte	0x9f
 1546 00cf 04000000 		.4byte	.LVL2
 1547 00d3 36000000 		.4byte	.LVL6
 1548 00d7 0100     		.2byte	0x1
 1549 00d9 57       		.byte	0x57
 1550 00da 36000000 		.4byte	.LVL6
 1551 00de 3E000000 		.4byte	.LVL8
 1552 00e2 0200     		.2byte	0x2
 1553 00e4 31       		.byte	0x31
 1554 00e5 9F       		.byte	0x9f
 1555 00e6 3E000000 		.4byte	.LVL8
 1556 00ea C0000000 		.4byte	.LVL23
 1557 00ee 0100     		.2byte	0x1
 1558 00f0 57       		.byte	0x57
 1559 00f1 C0000000 		.4byte	.LVL23
 1560 00f5 D0000000 		.4byte	.LFE2
 1561 00f9 0100     		.2byte	0x1
 1562 00fb 50       		.byte	0x50
 1563 00fc 00000000 		.4byte	0
 1564 0100 00000000 		.4byte	0
 1565              	.LLST6:
 1566 0104 A6000000 		.4byte	.LVL19
 1567 0108 A8000000 		.4byte	.LVL20
 1568 010c 0100     		.2byte	0x1
 1569 010e 53       		.byte	0x53
 1570 010f A8000000 		.4byte	.LVL20
 1571 0113 BE000000 		.4byte	.LVL22
 1572 0117 0100     		.2byte	0x1
 1573 0119 56       		.byte	0x56
 1574 011a 00000000 		.4byte	0
 1575 011e 00000000 		.4byte	0
 1576              		.section	.debug_aranges,"",%progbits
 1577 0000 24000000 		.4byte	0x24
 1578 0004 0200     		.2byte	0x2
 1579 0006 00000000 		.4byte	.Ldebug_info0
 1580 000a 04       		.byte	0x4
 1581 000b 00       		.byte	0
 1582 000c 0000     		.2byte	0
 1583 000e 0000     		.2byte	0
 1584 0010 00000000 		.4byte	.LFB1
 1585 0014 14000000 		.4byte	.LFE1-.LFB1
 1586 0018 00000000 		.4byte	.LFB2
ARM GAS  C:\Users\zack.li\AppData\Local\Temp\ccxiX98w.s 			page 33


 1587 001c D0000000 		.4byte	.LFE2-.LFB2
 1588 0020 00000000 		.4byte	0
 1589 0024 00000000 		.4byte	0
 1590              		.section	.debug_ranges,"",%progbits
 1591              	.Ldebug_ranges0:
 1592 0000 00000000 		.4byte	.LFB1
 1593 0004 14000000 		.4byte	.LFE1
 1594 0008 00000000 		.4byte	.LFB2
 1595 000c D0000000 		.4byte	.LFE2
 1596 0010 00000000 		.4byte	0
 1597 0014 00000000 		.4byte	0
 1598              		.section	.debug_line,"",%progbits
 1599              	.Ldebug_line0:
 1600 0000 1A010000 		.section	.debug_str,"MS",%progbits,1
 1600      0200B400 
 1600      00000201 
 1600      FB0E0D00 
 1600      01010101 
 1601              	.LASF77:
 1602 0000 43617053 		.ascii	"CapSense_FLASH_STRUCT\000"
 1602      656E7365 
 1602      5F464C41 
 1602      53485F53 
 1602      54525543 
 1603              	.LASF57:
 1604 0016 77646774 		.ascii	"wdgtList\000"
 1604      4C697374 
 1604      00
 1605              	.LASF62:
 1606 001f 736E7254 		.ascii	"snrTestRawCount\000"
 1606      65737452 
 1606      6177436F 
 1606      756E7400 
 1607              	.LASF64:
 1608 002f 7363616E 		.ascii	"scanCurrentISC\000"
 1608      43757272 
 1608      656E7449 
 1608      534300
 1609              	.LASF103:
 1610 003e 43617053 		.ascii	"CapSense_TuInitialize\000"
 1610      656E7365 
 1610      5F547549 
 1610      6E697469 
 1610      616C697A 
 1611              	.LASF36:
 1612 0054 666F726D 		.ascii	"formation\000"
 1612      6174696F 
 1612      6E00
 1613              	.LASF88:
 1614 005e 73656E73 		.ascii	"sensorId\000"
 1614      6F724964 
 1614      00
 1615              	.LASF27:
 1616 0067 69646163 		.ascii	"idacGainIndex\000"
 1616      4761696E 
 1616      496E6465 
 1616      7800
ARM GAS  C:\Users\zack.li\AppData\Local\Temp\ccxiX98w.s 			page 34


 1617              	.LASF85:
 1618 0075 43617053 		.ascii	"CapSense_TU_CMD_ENUM\000"
 1618      656E7365 
 1618      5F54555F 
 1618      434D445F 
 1618      454E554D 
 1619              	.LASF25:
 1620 008a 6C6F7742 		.ascii	"lowBslnRst\000"
 1620      736C6E52 
 1620      737400
 1621              	.LASF98:
 1622 0095 43794578 		.ascii	"CyExitCriticalSection\000"
 1622      69744372 
 1622      69746963 
 1622      616C5365 
 1622      6374696F 
 1623              	.LASF72:
 1624 00ab 746F7461 		.ascii	"totalNumSns\000"
 1624      6C4E756D 
 1624      536E7300 
 1625              	.LASF84:
 1626 00b7 43617053 		.ascii	"CapSense_TU_CMD_ONE_SCAN_E\000"
 1626      656E7365 
 1626      5F54555F 
 1626      434D445F 
 1626      4F4E455F 
 1627              	.LASF26:
 1628 00d2 69646163 		.ascii	"idacMod\000"
 1628      4D6F6400 
 1629              	.LASF2:
 1630 00da 73686F72 		.ascii	"short int\000"
 1630      7420696E 
 1630      7400
 1631              	.LASF30:
 1632 00e4 43617053 		.ascii	"CapSense_RAM_WD_BUTTON_STRUCT\000"
 1632      656E7365 
 1632      5F52414D 
 1632      5F57445F 
 1632      42555454 
 1633              	.LASF24:
 1634 0102 6F6E4465 		.ascii	"onDebounce\000"
 1634      626F756E 
 1634      636500
 1635              	.LASF33:
 1636 010d 766F6C5F 		.ascii	"vol_up\000"
 1636      757000
 1637              	.LASF16:
 1638 0114 73697A65 		.ascii	"sizetype\000"
 1638      74797065 
 1638      00
 1639              	.LASF81:
 1640 011d 43617053 		.ascii	"CapSense_TU_CMD_RESTART_E\000"
 1640      656E7365 
 1640      5F54555F 
 1640      434D445F 
 1640      52455354 
 1641              	.LASF75:
ARM GAS  C:\Users\zack.li\AppData\Local\Temp\ccxiX98w.s 			page 35


 1642 0137 43617053 		.ascii	"CapSense_FLASH_WD_STRUCT\000"
 1642      656E7365 
 1642      5F464C41 
 1642      53485F57 
 1642      445F5354 
 1643              	.LASF46:
 1644 0150 636F6E66 		.ascii	"configId\000"
 1644      69674964 
 1644      00
 1645              	.LASF43:
 1646 0159 69646163 		.ascii	"idacComp\000"
 1646      436F6D70 
 1646      00
 1647              	.LASF55:
 1648 0162 63736430 		.ascii	"csd0Config\000"
 1648      436F6E66 
 1648      696700
 1649              	.LASF31:
 1650 016d 70726F78 		.ascii	"proxTouchTh\000"
 1650      546F7563 
 1650      68546800 
 1651              	.LASF37:
 1652 0179 70726F78 		.ascii	"prox\000"
 1652      00
 1653              	.LASF29:
 1654 017e 736E7343 		.ascii	"snsClkSource\000"
 1654      6C6B536F 
 1654      75726365 
 1654      00
 1655              	.LASF78:
 1656 018b 43617053 		.ascii	"CapSense_TU_CMD_NONE_E\000"
 1656      656E7365 
 1656      5F54555F 
 1656      434D445F 
 1656      4E4F4E45 
 1657              	.LASF21:
 1658 01a2 6E6F6973 		.ascii	"noiseTh\000"
 1658      65546800 
 1659              	.LASF39:
 1660 01aa 62736C6E 		.ascii	"bsln\000"
 1660      00
 1661              	.LASF10:
 1662 01af 75696E74 		.ascii	"uint16\000"
 1662      313600
 1663              	.LASF104:
 1664 01b6 43617053 		.ascii	"CapSense_RunTuner\000"
 1664      656E7365 
 1664      5F52756E 
 1664      54756E65 
 1664      7200
 1665              	.LASF70:
 1666 01c8 70747232 		.ascii	"ptr2DebounceArr\000"
 1666      4465626F 
 1666      756E6365 
 1666      41727200 
 1667              	.LASF9:
 1668 01d8 75696E74 		.ascii	"uint8\000"
ARM GAS  C:\Users\zack.li\AppData\Local\Temp\ccxiX98w.s 			page 36


 1668      3800
 1669              	.LASF102:
 1670 01de 443A5C5F 		.ascii	"D:\\_Project\\_MD\\cypress_button\\EZIIC_button.cyd"
 1670      50726F6A 
 1670      6563745C 
 1670      5F4D445C 
 1670      63797072 
 1671 020d 736E00   		.ascii	"sn\000"
 1672              	.LASF28:
 1673 0210 736E7343 		.ascii	"snsClk\000"
 1673      6C6B00
 1674              	.LASF34:
 1675 0217 766F6C5F 		.ascii	"vol_down\000"
 1675      646F776E 
 1675      00
 1676              	.LASF12:
 1677 0220 666C6F61 		.ascii	"float\000"
 1677      7400
 1678              	.LASF38:
 1679 0226 43617053 		.ascii	"CapSense_RAM_WD_LIST_STRUCT\000"
 1679      656E7365 
 1679      5F52414D 
 1679      5F57445F 
 1679      4C495354 
 1680              	.LASF60:
 1681 0242 736E7254 		.ascii	"snrTestSensorId\000"
 1681      65737453 
 1681      656E736F 
 1681      72496400 
 1682              	.LASF83:
 1683 0252 43617053 		.ascii	"CapSense_TU_CMD_PING_E\000"
 1683      656E7365 
 1683      5F54555F 
 1683      434D445F 
 1683      50494E47 
 1684              	.LASF14:
 1685 0269 63686172 		.ascii	"char\000"
 1685      00
 1686              	.LASF4:
 1687 026e 6C6F6E67 		.ascii	"long int\000"
 1687      20696E74 
 1687      00
 1688              	.LASF73:
 1689 0277 77646774 		.ascii	"wdgtType\000"
 1689      54797065 
 1689      00
 1690              	.LASF101:
 1691 0280 47656E65 		.ascii	"Generated_Source\\PSoC4\\CapSense_Tuner.c\000"
 1691      72617465 
 1691      645F536F 
 1691      75726365 
 1691      5C50536F 
 1692              	.LASF20:
 1693 02a8 66696E67 		.ascii	"fingerTh\000"
 1693      65725468 
 1693      00
 1694              	.LASF42:
ARM GAS  C:\Users\zack.li\AppData\Local\Temp\ccxiX98w.s 			page 37


 1695 02b1 6E656742 		.ascii	"negBslnRstCnt\000"
 1695      736C6E52 
 1695      7374436E 
 1695      7400
 1696              	.LASF67:
 1697 02bf 70747232 		.ascii	"ptr2WdgtRam\000"
 1697      57646774 
 1697      52616D00 
 1698              	.LASF32:
 1699 02cb 43617053 		.ascii	"CapSense_RAM_WD_PROXIMITY_STRUCT\000"
 1699      656E7365 
 1699      5F52414D 
 1699      5F57445F 
 1699      50524F58 
 1700              	.LASF35:
 1701 02ec 706C6179 		.ascii	"play_pause\000"
 1701      5F706175 
 1701      736500
 1702              	.LASF95:
 1703 02f7 43617053 		.ascii	"CapSense_dsRam\000"
 1703      656E7365 
 1703      5F647352 
 1703      616D00
 1704              	.LASF74:
 1705 0306 6E756D43 		.ascii	"numCols\000"
 1705      6F6C7300 
 1706              	.LASF23:
 1707 030e 68797374 		.ascii	"hysteresis\000"
 1707      65726573 
 1707      697300
 1708              	.LASF49:
 1709 0319 74756E65 		.ascii	"tunerCmd\000"
 1709      72436D64 
 1709      00
 1710              	.LASF15:
 1711 0322 6C6F6E67 		.ascii	"long double\000"
 1711      20646F75 
 1711      626C6500 
 1712              	.LASF53:
 1713 032e 77646774 		.ascii	"wdgtStatus\000"
 1713      53746174 
 1713      757300
 1714              	.LASF93:
 1715 0339 70747253 		.ascii	"ptrSnsTmp\000"
 1715      6E73546D 
 1715      7000
 1716              	.LASF97:
 1717 0343 4379456E 		.ascii	"CyEnterCriticalSection\000"
 1717      74657243 
 1717      72697469 
 1717      63616C53 
 1717      65637469 
 1718              	.LASF1:
 1719 035a 756E7369 		.ascii	"unsigned char\000"
 1719      676E6564 
 1719      20636861 
 1719      7200
ARM GAS  C:\Users\zack.li\AppData\Local\Temp\ccxiX98w.s 			page 38


 1720              	.LASF17:
 1721 0368 43617053 		.ascii	"CapSense_THRESHOLD_TYPE\000"
 1721      656E7365 
 1721      5F544852 
 1721      4553484F 
 1721      4C445F54 
 1722              	.LASF0:
 1723 0380 7369676E 		.ascii	"signed char\000"
 1723      65642063 
 1723      68617200 
 1724              	.LASF45:
 1725 038c 43617053 		.ascii	"CapSense_RAM_SNS_LIST_STRUCT\000"
 1725      656E7365 
 1725      5F52414D 
 1725      5F534E53 
 1725      5F4C4953 
 1726              	.LASF7:
 1727 03a9 6C6F6E67 		.ascii	"long long unsigned int\000"
 1727      206C6F6E 
 1727      6720756E 
 1727      7369676E 
 1727      65642069 
 1728              	.LASF71:
 1729 03c0 73746174 		.ascii	"staticConfig\000"
 1729      6963436F 
 1729      6E666967 
 1729      00
 1730              	.LASF99:
 1731 03cd 43617053 		.ascii	"CapSense_Start\000"
 1731      656E7365 
 1731      5F537461 
 1731      727400
 1732              	.LASF8:
 1733 03dc 756E7369 		.ascii	"unsigned int\000"
 1733      676E6564 
 1733      20696E74 
 1733      00
 1734              	.LASF5:
 1735 03e9 6C6F6E67 		.ascii	"long unsigned int\000"
 1735      20756E73 
 1735      69676E65 
 1735      6420696E 
 1735      7400
 1736              	.LASF52:
 1737 03fb 77646774 		.ascii	"wdgtEnable\000"
 1737      456E6162 
 1737      6C6500
 1738              	.LASF79:
 1739 0406 43617053 		.ascii	"CapSense_TU_CMD_SUSPEND_E\000"
 1739      656E7365 
 1739      5F54555F 
 1739      434D445F 
 1739      53555350 
 1740              	.LASF44:
 1741 0420 43617053 		.ascii	"CapSense_RAM_SNS_STRUCT\000"
 1741      656E7365 
 1741      5F52414D 
ARM GAS  C:\Users\zack.li\AppData\Local\Temp\ccxiX98w.s 			page 39


 1741      5F534E53 
 1741      5F535452 
 1742              	.LASF18:
 1743 0438 43617053 		.ascii	"CapSense_LOW_BSLN_RST_TYPE\000"
 1743      656E7365 
 1743      5F4C4F57 
 1743      5F42534C 
 1743      4E5F5253 
 1744              	.LASF51:
 1745 0453 73746174 		.ascii	"status\000"
 1745      757300
 1746              	.LASF87:
 1747 045a 77696467 		.ascii	"widgetId\000"
 1747      65744964 
 1747      00
 1748              	.LASF61:
 1749 0463 736E7254 		.ascii	"snrTestScanCounter\000"
 1749      65737453 
 1749      63616E43 
 1749      6F756E74 
 1749      657200
 1750              	.LASF19:
 1751 0476 7265736F 		.ascii	"resolution\000"
 1751      6C757469 
 1751      6F6E00
 1752              	.LASF3:
 1753 0481 73686F72 		.ascii	"short unsigned int\000"
 1753      7420756E 
 1753      7369676E 
 1753      65642069 
 1753      6E7400
 1754              	.LASF58:
 1755 0494 736E734C 		.ascii	"snsList\000"
 1755      69737400 
 1756              	.LASF56:
 1757 049c 6D6F6443 		.ascii	"modCsdClk\000"
 1757      7364436C 
 1757      6B00
 1758              	.LASF50:
 1759 04a6 7363616E 		.ascii	"scanCounter\000"
 1759      436F756E 
 1759      74657200 
 1760              	.LASF22:
 1761 04b2 6E4E6F69 		.ascii	"nNoiseTh\000"
 1761      73655468 
 1761      00
 1762              	.LASF86:
 1763 04bb 696E7465 		.ascii	"interruptState\000"
 1763      72727570 
 1763      74537461 
 1763      746500
 1764              	.LASF65:
 1765 04ca 43617053 		.ascii	"CapSense_RAM_STRUCT\000"
 1765      656E7365 
 1765      5F52414D 
 1765      5F535452 
 1765      55435400 
ARM GAS  C:\Users\zack.li\AppData\Local\Temp\ccxiX98w.s 			page 40


 1766              	.LASF11:
 1767 04de 75696E74 		.ascii	"uint32\000"
 1767      333200
 1768              	.LASF63:
 1769 04e5 7363616E 		.ascii	"scanCsdISC\000"
 1769      43736449 
 1769      534300
 1770              	.LASF94:
 1771 04f0 74756E65 		.ascii	"tunerFsm\000"
 1771      7246736D 
 1771      00
 1772              	.LASF13:
 1773 04f9 646F7562 		.ascii	"double\000"
 1773      6C6500
 1774              	.LASF40:
 1775 0500 62736C6E 		.ascii	"bslnExt\000"
 1775      45787400 
 1776              	.LASF100:
 1777 0508 474E5520 		.ascii	"GNU C11 5.4.1 20160609 (release) [ARM/embedded-5-br"
 1777      43313120 
 1777      352E342E 
 1777      31203230 
 1777      31363036 
 1778 053b 616E6368 		.ascii	"anch revision 237715] -mcpu=cortex-m0plus -mthumb -"
 1778      20726576 
 1778      6973696F 
 1778      6E203233 
 1778      37373135 
 1779 056e 67202D4F 		.ascii	"g -Os -ffunction-sections -ffat-lto-objects\000"
 1779      73202D66 
 1779      66756E63 
 1779      74696F6E 
 1779      2D736563 
 1780              	.LASF82:
 1781 059a 43617053 		.ascii	"CapSense_TU_CMD_RUN_SNR_TEST_E\000"
 1781      656E7365 
 1781      5F54555F 
 1781      434D445F 
 1781      52554E5F 
 1782              	.LASF92:
 1783 05b9 70747244 		.ascii	"ptrDsRam\000"
 1783      7352616D 
 1783      00
 1784              	.LASF48:
 1785 05c2 6877436C 		.ascii	"hwClock\000"
 1785      6F636B00 
 1786              	.LASF89:
 1787 05ca 75706461 		.ascii	"updateFlag\000"
 1787      7465466C 
 1787      616700
 1788              	.LASF80:
 1789 05d5 43617053 		.ascii	"CapSense_TU_CMD_RESUME_E\000"
 1789      656E7365 
 1789      5F54555F 
 1789      434D445F 
 1789      52455355 
 1790              	.LASF68:
ARM GAS  C:\Users\zack.li\AppData\Local\Temp\ccxiX98w.s 			page 41


 1791 05ee 70747232 		.ascii	"ptr2SnsRam\000"
 1791      536E7352 
 1791      616D00
 1792              	.LASF66:
 1793 05f9 70747232 		.ascii	"ptr2SnsFlash\000"
 1793      536E7346 
 1793      6C617368 
 1793      00
 1794              	.LASF69:
 1795 0606 70747232 		.ascii	"ptr2FltrHistory\000"
 1795      466C7472 
 1795      48697374 
 1795      6F727900 
 1796              	.LASF76:
 1797 0616 77646774 		.ascii	"wdgtArray\000"
 1797      41727261 
 1797      7900
 1798              	.LASF96:
 1799 0620 43617053 		.ascii	"CapSense_dsFlash\000"
 1799      656E7365 
 1799      5F647346 
 1799      6C617368 
 1799      00
 1800              	.LASF59:
 1801 0631 736E7254 		.ascii	"snrTestWidgetId\000"
 1801      65737457 
 1801      69646765 
 1801      74496400 
 1802              	.LASF47:
 1803 0641 64657669 		.ascii	"deviceId\000"
 1803      63654964 
 1803      00
 1804              	.LASF91:
 1805 064a 74756E65 		.ascii	"tunerStatus\000"
 1805      72537461 
 1805      74757300 
 1806              	.LASF54:
 1807 0656 736E7353 		.ascii	"snsStatus\000"
 1807      74617475 
 1807      7300
 1808              	.LASF90:
 1809 0660 636F6D6D 		.ascii	"command\000"
 1809      616E6400 
 1810              	.LASF6:
 1811 0668 6C6F6E67 		.ascii	"long long int\000"
 1811      206C6F6E 
 1811      6720696E 
 1811      7400
 1812              	.LASF41:
 1813 0676 64696666 		.ascii	"diff\000"
 1813      00
 1814              		.ident	"GCC: (GNU Tools for ARM Embedded Processors) 5.4.1 20160609 (release) [ARM/embedded-5-bran
