Loading plugins phase: Elapsed time ==> 0s.203ms
<CYPRESSTAG name="CyDsfit arguments...">
cydsfit arguments: -.fdsnotice -.fdswarpdepfile=warp_dependencies.txt -.fdselabdepfile=elab_dependencies.txt -.fdsbldfile=generated_files.txt -.fdsreffile=referenced_files.txt -p D:\_Project\_MD\cypress_button-485\EZIIC_button.cydsn\EZIIC_button.cyprj -d CY8C4247AZI-M485 -s D:\_Project\_MD\cypress_button-485\EZIIC_button.cydsn\Generated_Source\PSoC4 -- -yv2 -q10 -ygs -o2 -v3 -.fftcfgtype=LE
</CYPRESSTAG>
<CYPRESSTAG name="Design elaboration results...">
</CYPRESSTAG>
Elaboration phase: Elapsed time ==> 1s.844ms
<CYPRESSTAG name="HDL generation results...">
</CYPRESSTAG>
HDL generation phase: Elapsed time ==> 0s.051ms
<CYPRESSTAG name="Synthesis results...">

     | | | | | | |
   _________________
  -|               |-
  -|               |-
  -|               |-
  -|    CYPRESS    |-
  -|               |-
  -|               |-   Warp Verilog Synthesis Compiler: Version 6.3 IR 41
  -|               |-   Copyright (C) 1991-2001 Cypress Semiconductor
   |_______________|
     | | | | | | |

======================================================================
Compiling:  EZIIC_button.v
Program  :   C:\Program Files (x86)\Cypress\PSoC Creator\4.2\PSoC Creator\warp\bin\warp.exe
Options  :    -yv2 -q10 -ygs -o2 -v3 -.fftcfgtype=LE -ya -.fftprj=D:\_Project\_MD\cypress_button-485\EZIIC_button.cydsn\EZIIC_button.cyprj -dcpsoc3 EZIIC_button.v -verilog
======================================================================

======================================================================
Compiling:  EZIIC_button.v
Program  :   C:\Program Files (x86)\Cypress\PSoC Creator\4.2\PSoC Creator\warp\bin\warp.exe
Options  :    -yv2 -q10 -ygs -o2 -v3 -.fftcfgtype=LE -ya -.fftprj=D:\_Project\_MD\cypress_button-485\EZIIC_button.cydsn\EZIIC_button.cyprj -dcpsoc3 EZIIC_button.v -verilog
======================================================================

======================================================================
Compiling:  EZIIC_button.v
Program  :   vlogfe
Options  :    -yv2 -q10 -ygs -o2 -v3 -.fftcfgtype=LE -ya -.fftprj=D:\_Project\_MD\cypress_button-485\EZIIC_button.cydsn\EZIIC_button.cyprj -dcpsoc3 -verilog EZIIC_button.v
======================================================================

vlogfe V6.3 IR 41:  Verilog parser
Mon May 25 16:32:52 2020


======================================================================
Compiling:  EZIIC_button.v
Program  :   vpp
Options  :    -yv2 -q10 EZIIC_button.v
======================================================================

vpp V6.3 IR 41:  Verilog Pre-Processor
Mon May 25 16:32:52 2020

Flattening file 'C:\Program Files (x86)\Cypress\PSoC Creator\4.2\PSoC Creator\psoc\content\CyPrimitives\cyprimitives.cylib\cy_virtualmux_v1_0\cy_virtualmux_v1_0.v'
Flattening file 'C:\Program Files (x86)\Cypress\PSoC Creator\4.2\PSoC Creator\psoc\content\CyPrimitives\cyprimitives.cylib\ZeroTerminal\ZeroTerminal.v'
Flattening file 'C:\Program Files (x86)\Cypress\PSoC Creator\4.2\PSoC Creator\psoc\content\CyPrimitives\cyprimitives.cylib\or_v1_0\or_v1_0.v'
Flattening file 'C:\Program Files (x86)\Cypress\PSoC Creator\4.2\PSoC Creator\psoc\content\CyPrimitives\cyprimitives.cylib\OneTerminal\OneTerminal.v'
Flattening file 'C:\Program Files (x86)\Cypress\PSoC Creator\4.2\PSoC Creator\psoc\content\CyPrimitives\cyprimitives.cylib\cy_analog_virtualmux_v1_0\cy_analog_virtualmux_v1_0.v'

vpp:  No errors.

Library 'work' => directory 'lcpsoc3'
General_symbol_table
General_symbol_table
Linking 'C:\Program Files (x86)\Cypress\PSoC Creator\4.2\PSoC Creator\warp\lib\common\std.vhd'.
Linking 'C:\Program Files (x86)\Cypress\PSoC Creator\4.2\PSoC Creator\warp\lib\common\cypress.vhd'.
Linking 'C:\Program Files (x86)\Cypress\PSoC Creator\4.2\PSoC Creator\warp\lib\common\work\cypress.vif'.
Linking 'C:\Program Files (x86)\Cypress\PSoC Creator\4.2\PSoC Creator\warp\lib\ieee\work\stdlogic.vif'.
Linking 'C:\Program Files (x86)\Cypress\PSoC Creator\4.2\PSoC Creator\warp\lib\common\stdlogic\lpmpkg.vif'.
Linking 'C:\Program Files (x86)\Cypress\PSoC Creator\4.2\PSoC Creator\warp\lib\common\stdlogic\rtlpkg.vif'.
Linking 'C:\Program Files (x86)\Cypress\PSoC Creator\4.2\PSoC Creator\warp\lib\common\stdlogic\mod_cnst.vif'.
Linking 'C:\Program Files (x86)\Cypress\PSoC Creator\4.2\PSoC Creator\warp\lib\common\stdlogic\mod_mthv.vif'.
Linking 'C:\Program Files (x86)\Cypress\PSoC Creator\4.2\PSoC Creator\warp\lib\common\stdlogic\mod_genv.vif'.
Using control file 'EZIIC_button.ctl'.

vlogfe:  No errors.


======================================================================
Compiling:  EZIIC_button.v
Program  :   tovif
Options  :    -yv2 -q10 -ygs -o2 -v3 -.fftcfgtype=LE -ya -.fftprj=D:\_Project\_MD\cypress_button-485\EZIIC_button.cydsn\EZIIC_button.cyprj -dcpsoc3 -verilog EZIIC_button.v
======================================================================

tovif V6.3 IR 41:  High-level synthesis
Mon May 25 16:32:52 2020

Linking 'C:\Program Files (x86)\Cypress\PSoC Creator\4.2\PSoC Creator\warp\lib\common\std.vhd'.
Linking 'C:\Program Files (x86)\Cypress\PSoC Creator\4.2\PSoC Creator\warp\lib\common\cypress.vhd'.
Linking 'C:\Program Files (x86)\Cypress\PSoC Creator\4.2\PSoC Creator\warp\lib\common\work\cypress.vif'.
Linking 'C:\Program Files (x86)\Cypress\PSoC Creator\4.2\PSoC Creator\warp\lib\ieee\work\stdlogic.vif'.
Linking 'C:\Program Files (x86)\Cypress\PSoC Creator\4.2\PSoC Creator\warp\lib\common\stdlogic\lpmpkg.vif'.
Linking 'C:\Program Files (x86)\Cypress\PSoC Creator\4.2\PSoC Creator\warp\lib\common\stdlogic\rtlpkg.vif'.
Linking 'C:\Program Files (x86)\Cypress\PSoC Creator\4.2\PSoC Creator\warp\lib\common\stdlogic\mod_cnst.vif'.
Linking 'C:\Program Files (x86)\Cypress\PSoC Creator\4.2\PSoC Creator\warp\lib\common\stdlogic\mod_mthv.vif'.
Linking 'C:\Program Files (x86)\Cypress\PSoC Creator\4.2\PSoC Creator\warp\lib\common\stdlogic\mod_genv.vif'.
Linking 'D:\_Project\_MD\cypress_button-485\EZIIC_button.cydsn\codegentemp\EZIIC_button.ctl'.
Linking 'C:\Program Files (x86)\Cypress\PSoC Creator\4.2\PSoC Creator\psoc\content\CyPrimitives\cyprimitives.cylib\cy_virtualmux_v1_0\cy_virtualmux_v1_0.v'.
Linking 'D:\_Project\_MD\cypress_button-485\EZIIC_button.cydsn\codegentemp\EZIIC_button.v'.
Linking 'C:\Program Files (x86)\Cypress\PSoC Creator\4.2\PSoC Creator\psoc\content\CyPrimitives\cyprimitives.cylib\ZeroTerminal\ZeroTerminal.v'.
Linking 'C:\Program Files (x86)\Cypress\PSoC Creator\4.2\PSoC Creator\psoc\content\CyPrimitives\cyprimitives.cylib\or_v1_0\or_v1_0.v'.
Linking 'C:\Program Files (x86)\Cypress\PSoC Creator\4.2\PSoC Creator\psoc\content\CyPrimitives\cyprimitives.cylib\OneTerminal\OneTerminal.v'.
Linking 'C:\Program Files (x86)\Cypress\PSoC Creator\4.2\PSoC Creator\psoc\content\CyPrimitives\cyprimitives.cylib\cy_analog_virtualmux_v1_0\cy_analog_virtualmux_v1_0.v'.

tovif:  No errors.


======================================================================
Compiling:  EZIIC_button.v
Program  :   topld
Options  :    -yv2 -q10 -ygs -o2 -v3 -.fftcfgtype=LE -ya -.fftprj=D:\_Project\_MD\cypress_button-485\EZIIC_button.cydsn\EZIIC_button.cyprj -dcpsoc3 -verilog EZIIC_button.v
======================================================================

topld V6.3 IR 41:  Synthesis and optimization
Mon May 25 16:32:52 2020

Linking 'C:\Program Files (x86)\Cypress\PSoC Creator\4.2\PSoC Creator\warp\lib\common\std.vhd'.
Linking 'C:\Program Files (x86)\Cypress\PSoC Creator\4.2\PSoC Creator\warp\lib\common\cypress.vhd'.
Linking 'C:\Program Files (x86)\Cypress\PSoC Creator\4.2\PSoC Creator\warp\lib\common\work\cypress.vif'.
Linking 'C:\Program Files (x86)\Cypress\PSoC Creator\4.2\PSoC Creator\warp\lib\ieee\work\stdlogic.vif'.
Linking 'C:\Program Files (x86)\Cypress\PSoC Creator\4.2\PSoC Creator\warp\lib\common\stdlogic\lpmpkg.vif'.
Linking 'C:\Program Files (x86)\Cypress\PSoC Creator\4.2\PSoC Creator\warp\lib\common\stdlogic\rtlpkg.vif'.
Linking 'C:\Program Files (x86)\Cypress\PSoC Creator\4.2\PSoC Creator\warp\lib\common\stdlogic\mod_cnst.vif'.
Linking 'C:\Program Files (x86)\Cypress\PSoC Creator\4.2\PSoC Creator\warp\lib\common\stdlogic\mod_mthv.vif'.
Linking 'C:\Program Files (x86)\Cypress\PSoC Creator\4.2\PSoC Creator\warp\lib\common\stdlogic\mod_genv.vif'.
Linking 'D:\_Project\_MD\cypress_button-485\EZIIC_button.cydsn\codegentemp\EZIIC_button.ctl'.
Linking 'C:\Program Files (x86)\Cypress\PSoC Creator\4.2\PSoC Creator\psoc\content\CyPrimitives\cyprimitives.cylib\cy_virtualmux_v1_0\cy_virtualmux_v1_0.v'.
Linking 'D:\_Project\_MD\cypress_button-485\EZIIC_button.cydsn\codegentemp\EZIIC_button.v'.
Linking 'C:\Program Files (x86)\Cypress\PSoC Creator\4.2\PSoC Creator\psoc\content\CyPrimitives\cyprimitives.cylib\ZeroTerminal\ZeroTerminal.v'.
Linking 'C:\Program Files (x86)\Cypress\PSoC Creator\4.2\PSoC Creator\psoc\content\CyPrimitives\cyprimitives.cylib\or_v1_0\or_v1_0.v'.
Linking 'C:\Program Files (x86)\Cypress\PSoC Creator\4.2\PSoC Creator\psoc\content\CyPrimitives\cyprimitives.cylib\OneTerminal\OneTerminal.v'.
Linking 'C:\Program Files (x86)\Cypress\PSoC Creator\4.2\PSoC Creator\psoc\content\CyPrimitives\cyprimitives.cylib\cy_analog_virtualmux_v1_0\cy_analog_virtualmux_v1_0.v'.
Linking 'C:\Program Files (x86)\Cypress\PSoC Creator\4.2\PSoC Creator\warp\lib\lcpsoc3\stdlogic\cpsoc3.vif'.
Note:  Using config. rule '\CapSense:CSD\' to set csattribute 'placement_force' on '\CapSense:CSD\'.

----------------------------------------------------------
Detecting unused logic.
----------------------------------------------------------
    User names
	\EZI2C:Net_1257\
	\EZI2C:uncfg_rx_irq\
	\EZI2C:Net_1099\
	\EZI2C:Net_1258\
	Net_2
	Net_11
	Net_12
	Net_13
	Net_14
	Net_15
	Net_16
	Net_17
	Net_19
	Net_22
	\CapSense:Net_1664\
	\CapSense:Net_1665\
	\UART:Net_1257\
	\UART:uncfg_rx_irq\
	\UART:Net_1099\
	\UART:Net_1258\
	Net_25
	Net_34
	Net_35
	Net_36
	Net_37
	Net_38
	Net_39
	Net_40
	Net_42
	Net_45


Deleted 30 User equations/components.
Deleted 0 Synthesized equations/components.

------------------------------------------------------
Alias Detection
------------------------------------------------------
Aliasing \EZI2C:rx_wire\ to \EZI2C:select_s_wire\
Aliasing \EZI2C:sclk_s_wire\ to \EZI2C:select_s_wire\
Aliasing \EZI2C:mosi_s_wire\ to \EZI2C:select_s_wire\
Aliasing \EZI2C:miso_m_wire\ to \EZI2C:select_s_wire\
Aliasing zero to \EZI2C:select_s_wire\
Aliasing one to \EZI2C:tmpOE__sda_net_0\
Aliasing \EZI2C:tmpOE__scl_net_0\ to \EZI2C:tmpOE__sda_net_0\
Aliasing \EZI2C:cts_wire\ to \EZI2C:select_s_wire\
Aliasing \CapSense:IDACComp:Net_3\ to \EZI2C:tmpOE__sda_net_0\
Aliasing \CapSense:Net_1919\ to \EZI2C:select_s_wire\
Aliasing \CapSense:Net_1921\ to \EZI2C:select_s_wire\
Aliasing \CapSense:tmpOE__Cmod_net_0\ to \EZI2C:tmpOE__sda_net_0\
Aliasing \CapSense:tmpOE__Sns_net_3\ to \EZI2C:tmpOE__sda_net_0\
Aliasing \CapSense:tmpOE__Sns_net_2\ to \EZI2C:tmpOE__sda_net_0\
Aliasing \CapSense:tmpOE__Sns_net_1\ to \EZI2C:tmpOE__sda_net_0\
Aliasing \CapSense:tmpOE__Sns_net_0\ to \EZI2C:tmpOE__sda_net_0\
Aliasing \CapSense:tmpOE__Shield_net_0\ to \EZI2C:tmpOE__sda_net_0\
Aliasing \CapSense:IDACMod:Net_3\ to \EZI2C:tmpOE__sda_net_0\
Aliasing tmpOE__CAP_INT_net_0 to \EZI2C:tmpOE__sda_net_0\
Aliasing \UART:select_s_wire\ to \EZI2C:select_s_wire\
Aliasing \UART:sclk_s_wire\ to \EZI2C:select_s_wire\
Aliasing \UART:mosi_s_wire\ to \EZI2C:select_s_wire\
Aliasing \UART:miso_m_wire\ to \EZI2C:select_s_wire\
Aliasing \UART:tmpOE__tx_net_0\ to \EZI2C:tmpOE__sda_net_0\
Aliasing \UART:tmpOE__rx_net_0\ to \EZI2C:tmpOE__sda_net_0\
Aliasing \UART:cts_wire\ to \EZI2C:select_s_wire\
Aliasing \Timer:Net_75\ to \EZI2C:select_s_wire\
Aliasing \Timer:Net_69\ to \EZI2C:tmpOE__sda_net_0\
Aliasing \Timer:Net_66\ to \EZI2C:select_s_wire\
Aliasing \Timer:Net_82\ to \EZI2C:select_s_wire\
Aliasing \Timer:Net_72\ to \EZI2C:select_s_wire\
Removing Lhs of wire \EZI2C:rx_wire\[3] = \EZI2C:select_s_wire\[2]
Removing Lhs of wire \EZI2C:Net_1170\[6] = \EZI2C:Net_847\[1]
Removing Lhs of wire \EZI2C:sclk_s_wire\[7] = \EZI2C:select_s_wire\[2]
Removing Lhs of wire \EZI2C:mosi_s_wire\[8] = \EZI2C:select_s_wire\[2]
Removing Lhs of wire \EZI2C:miso_m_wire\[9] = \EZI2C:select_s_wire\[2]
Removing Rhs of wire zero[12] = \EZI2C:select_s_wire\[2]
Removing Rhs of wire one[16] = \EZI2C:tmpOE__sda_net_0\[11]
Removing Lhs of wire \EZI2C:tmpOE__scl_net_0\[19] = one[16]
Removing Lhs of wire \EZI2C:cts_wire\[28] = zero[12]
Removing Lhs of wire \CapSense:IDACComp:Net_3\[54] = one[16]
Removing Lhs of wire \CapSense:Net_1919\[68] = zero[12]
Removing Lhs of wire \CapSense:Net_1921\[72] = zero[12]
Removing Lhs of wire \CapSense:tmpOE__Cmod_net_0\[78] = one[16]
Removing Lhs of wire \CapSense:tmpOE__Sns_net_3\[84] = one[16]
Removing Lhs of wire \CapSense:tmpOE__Sns_net_2\[85] = one[16]
Removing Lhs of wire \CapSense:tmpOE__Sns_net_1\[86] = one[16]
Removing Lhs of wire \CapSense:tmpOE__Sns_net_0\[87] = one[16]
Removing Lhs of wire \CapSense:tmpOE__Shield_net_0\[100] = one[16]
Removing Lhs of wire \CapSense:IDACMod:Net_3\[106] = one[16]
Removing Lhs of wire tmpOE__CAP_INT_net_0[110] = one[16]
Removing Lhs of wire \UART:select_s_wire\[117] = zero[12]
Removing Rhs of wire \UART:rx_wire\[118] = \UART:Net_1268\[119]
Removing Lhs of wire \UART:Net_1170\[122] = \UART:Net_847\[116]
Removing Lhs of wire \UART:sclk_s_wire\[123] = zero[12]
Removing Lhs of wire \UART:mosi_s_wire\[124] = zero[12]
Removing Lhs of wire \UART:miso_m_wire\[125] = zero[12]
Removing Lhs of wire \UART:tmpOE__tx_net_0\[127] = one[16]
Removing Lhs of wire \UART:tmpOE__rx_net_0\[136] = one[16]
Removing Lhs of wire \UART:cts_wire\[140] = zero[12]
Removing Lhs of wire \Timer:Net_81\[171] = Net_75[169]
Removing Lhs of wire \Timer:Net_75\[172] = zero[12]
Removing Lhs of wire \Timer:Net_69\[173] = one[16]
Removing Lhs of wire \Timer:Net_66\[174] = zero[12]
Removing Lhs of wire \Timer:Net_82\[175] = zero[12]
Removing Lhs of wire \Timer:Net_72\[176] = zero[12]

------------------------------------------------------
Aliased 0 equations, 35 wires.
------------------------------------------------------

----------------------------------------------------------
Circuit simplification
----------------------------------------------------------

Substituting virtuals - pass 1:


----------------------------------------------------------
Circuit simplification results:

	Expanded 0 signals.
	Turned 0 signals into soft nodes.
	Maximum default expansion cost was set at 3.
----------------------------------------------------------

topld:  No errors.

CYPRESS_DIR    : C:\Program Files (x86)\Cypress\PSoC Creator\4.2\PSoC Creator\warp
Warp Program   : C:\Program Files (x86)\Cypress\PSoC Creator\4.2\PSoC Creator\warp\bin\warp.exe
Warp Arguments : -yv2 -q10 -ygs -o2 -v3 -.fftcfgtype=LE -ya -.fftprj=D:\_Project\_MD\cypress_button-485\EZIIC_button.cydsn\EZIIC_button.cyprj -dcpsoc3 EZIIC_button.v -verilog
</CYPRESSTAG>
Warp synthesis phase: Elapsed time ==> 0s.708ms
<CYPRESSTAG name="Fitter results...">
<CYPRESSTAG name="Fitter startup details...">
cyp3fit: V4.2.0.641, Family: PSoC3, Started at: Monday, 25 May 2020 16:32:52
Options: -yv2 -q10 -ygs -o2 -v3 -.fftcfgtype=LE -ya -.fftprj=D:\_Project\_MD\cypress_button-485\EZIIC_button.cydsn\EZIIC_button.cyprj -d CY8C4247AZI-M485 EZIIC_button.v -verilog
</CYPRESSTAG>
<CYPRESSTAG name="Design parsing">
Design parsing phase: Elapsed time ==> 0s.015ms
</CYPRESSTAG>
<CYPRESSTAG name="Tech Mapping">
<CYPRESSTAG name="Initial Mapping" icon="FILE_RPT_TECHM">
<CYPRESSTAG name="Global Clock Selection" icon="FILE_RPT_TECHM">
    Fixed Function Clock 7: Automatic-assigning  clock 'CapSense_ModClk'. Signal=\CapSense:Net_1946_ff7\
    Fixed Function Clock 6: Automatic-assigning  clock 'CapSense_SnsClk'. Signal=\CapSense:Net_1785_ff6\
    Fixed Function Clock 2: Automatic-assigning  clock 'EZI2C_SCBCLK'. Signal=\EZI2C:Net_847_ff2\
    Fixed Function Clock 3: Automatic-assigning  clock 'UART_SCBCLK'. Signal=\UART:Net_847_ff3\
    Fixed Function Clock 11: Automatic-assigning  clock 'Clock'. Signal=Net_75_ff11
<CYPRESSTAG name="UDB Clock/Enable Remapping Results">
</CYPRESSTAG>
</CYPRESSTAG>

Removing unused cells resulting from optimization
Done removing unused cells.
<CYPRESSTAG name="Duplicate Macrocell detection">
</CYPRESSTAG>
</CYPRESSTAG>
<CYPRESSTAG name="Duplicate Macrocell detection">
</CYPRESSTAG>
<CYPRESSTAG name="Design Equations" icon="FILE_RPT_EQUATION">

------------------------------------------------------------
Design Equations
------------------------------------------------------------
    <CYPRESSTAG name="Pin listing">

    ------------------------------------------------------------
    Pin listing
    ------------------------------------------------------------

    Pin : Name = \EZI2C:sda(0)\
        Attributes:
            In Group/Port: True
            In Sync Option: NOSYNC
            Out Sync Option: NOSYNC
            Interrupt generated: False
            Interrupt mode: NONE
            Drive mode: OPEN_DRAIN_LO
            VTrip: CMOS
            Slew: FAST
            Input Sync needed: False
            Output Sync needed: False
            SC shield enabled: False
            POR State: ANY
            LCD Mode: COMMON
            Register Mode: RegComb
            CaSense Mode: NEITHER
            Treat as pin: True
            Is OE Registered: False
            Uses Analog: False
            Can contain Digital: True
            Is SIO: False
            SIO Output Buf: NONREGULATED
            SIO Input Buf: SINGLE_ENDED
            SIO HiFreq: LOW
            SIO Hyst: DISABLED
            SIO Vtrip: MULTIPLIER_0_5
            SIO Multiplier Index: 0
            SIO RefSel: VCC_IO
            Required Capabilities: DIGITAL
            Initial Value: 1
            IO Voltage: 0
        PORT MAP (
            pa_out => \EZI2C:sda(0)\__PA ,
            fb => Net_21 ,
            pad => \EZI2C:sda(0)_PAD\ );
        Properties:
        {
        }

    Pin : Name = \EZI2C:scl(0)\
        Attributes:
            In Group/Port: True
            In Sync Option: NOSYNC
            Out Sync Option: NOSYNC
            Interrupt generated: False
            Interrupt mode: NONE
            Drive mode: OPEN_DRAIN_LO
            VTrip: CMOS
            Slew: FAST
            Input Sync needed: False
            Output Sync needed: False
            SC shield enabled: False
            POR State: ANY
            LCD Mode: COMMON
            Register Mode: RegComb
            CaSense Mode: NEITHER
            Treat as pin: True
            Is OE Registered: False
            Uses Analog: False
            Can contain Digital: True
            Is SIO: False
            SIO Output Buf: NONREGULATED
            SIO Input Buf: SINGLE_ENDED
            SIO HiFreq: LOW
            SIO Hyst: DISABLED
            SIO Vtrip: MULTIPLIER_0_5
            SIO Multiplier Index: 0
            SIO RefSel: VCC_IO
            Required Capabilities: DIGITAL
            Initial Value: 1
            IO Voltage: 0
        PORT MAP (
            pa_out => \EZI2C:scl(0)\__PA ,
            fb => Net_20 ,
            pad => \EZI2C:scl(0)_PAD\ );
        Properties:
        {
        }

    Pin : Name = \CapSense:Cmod(0)\
        Attributes:
            Alias: Cmod
            In Group/Port: True
            In Sync Option: AUTO
            Out Sync Option: AUTO
            Interrupt generated: False
            Interrupt mode: NONE
            Drive mode: HI_Z_ANALOG
            VTrip: EITHER
            Slew: FAST
            Input Sync needed: False
            Output Sync needed: False
            SC shield enabled: False
            POR State: ANY
            LCD Mode: COMMON
            Register Mode: RegComb
            CaSense Mode: NEITHER
            Treat as pin: True
            Is OE Registered: False
            Uses Analog: True
            Can contain Digital: False
            Is SIO: False
            SIO Output Buf: NONREGULATED
            SIO Input Buf: SINGLE_ENDED
            SIO HiFreq: LOW
            SIO Hyst: DISABLED
            SIO Vtrip: MULTIPLIER_0_5
            SIO Multiplier Index: 0
            SIO RefSel: VCC_IO
            Required Capabilities: ANALOG
            Initial Value: 0
            IO Voltage: 0
        PORT MAP (
            pa_out => \CapSense:Cmod(0)\__PA ,
            analog_term => \CapSense:Net_1924\ ,
            pad => \CapSense:Cmod(0)_PAD\ );
        Properties:
        {
        }

    Pin : Name = \CapSense:Sns(0)\
        Attributes:
            Alias: UP_Sns0
            In Group/Port: True
            In Sync Option: AUTO
            Out Sync Option: AUTO
            Interrupt generated: False
            Interrupt mode: NONE
            Drive mode: HI_Z_ANALOG
            VTrip: EITHER
            Slew: FAST
            Input Sync needed: False
            Output Sync needed: False
            SC shield enabled: False
            POR State: ANY
            LCD Mode: COMMON
            Register Mode: RegComb
            CaSense Mode: NEITHER
            Treat as pin: True
            Is OE Registered: False
            Uses Analog: True
            Can contain Digital: False
            Is SIO: False
            SIO Output Buf: NONREGULATED
            SIO Input Buf: SINGLE_ENDED
            SIO HiFreq: LOW
            SIO Hyst: DISABLED
            SIO Vtrip: MULTIPLIER_0_5
            SIO Multiplier Index: 0
            SIO RefSel: VCC_IO
            Required Capabilities: ANALOG
            Initial Value: 0
            IO Voltage: 0
        PORT MAP (
            pa_out => \CapSense:Sns(0)\__PA ,
            analog_term => \CapSense:CSD\_\CapSense:Sns(0)\ ,
            pad => \CapSense:Sns(0)_PAD\ );
        Properties:
        {
        }

    Pin : Name = \CapSense:Sns(1)\
        Attributes:
            Alias: DOWN_Sns0
            In Group/Port: True
            In Sync Option: AUTO
            Out Sync Option: AUTO
            Interrupt generated: False
            Interrupt mode: NONE
            Drive mode: HI_Z_ANALOG
            VTrip: EITHER
            Slew: FAST
            Input Sync needed: False
            Output Sync needed: False
            SC shield enabled: False
            POR State: ANY
            LCD Mode: COMMON
            Register Mode: RegComb
            CaSense Mode: NEITHER
            Treat as pin: True
            Is OE Registered: False
            Uses Analog: True
            Can contain Digital: False
            Is SIO: False
            SIO Output Buf: NONREGULATED
            SIO Input Buf: SINGLE_ENDED
            SIO HiFreq: LOW
            SIO Hyst: DISABLED
            SIO Vtrip: MULTIPLIER_0_5
            SIO Multiplier Index: 0
            SIO RefSel: VCC_IO
            Required Capabilities: ANALOG
            Initial Value: 1
            IO Voltage: 0
        PORT MAP (
            pa_out => \CapSense:Sns(1)\__PA ,
            analog_term => \CapSense:CSD\_\CapSense:Sns(1)\ ,
            pad => \CapSense:Sns(1)_PAD\ );
        Properties:
        {
        }

    Pin : Name = \CapSense:Sns(2)\
        Attributes:
            Alias: LEFT_Sns0
            In Group/Port: True
            In Sync Option: AUTO
            Out Sync Option: AUTO
            Interrupt generated: False
            Interrupt mode: NONE
            Drive mode: HI_Z_ANALOG
            VTrip: EITHER
            Slew: FAST
            Input Sync needed: False
            Output Sync needed: False
            SC shield enabled: False
            POR State: ANY
            LCD Mode: COMMON
            Register Mode: RegComb
            CaSense Mode: NEITHER
            Treat as pin: True
            Is OE Registered: False
            Uses Analog: True
            Can contain Digital: False
            Is SIO: False
            SIO Output Buf: NONREGULATED
            SIO Input Buf: SINGLE_ENDED
            SIO HiFreq: LOW
            SIO Hyst: DISABLED
            SIO Vtrip: MULTIPLIER_0_5
            SIO Multiplier Index: 0
            SIO RefSel: VCC_IO
            Required Capabilities: ANALOG
            Initial Value: 1
            IO Voltage: 0
        PORT MAP (
            pa_out => \CapSense:Sns(2)\__PA ,
            analog_term => \CapSense:CSD\_\CapSense:Sns(2)\ ,
            pad => \CapSense:Sns(2)_PAD\ );
        Properties:
        {
        }

    Pin : Name = \CapSense:Sns(3)\
        Attributes:
            Alias: RIGHT_Sns0
            In Group/Port: True
            In Sync Option: AUTO
            Out Sync Option: AUTO
            Interrupt generated: False
            Interrupt mode: NONE
            Drive mode: HI_Z_ANALOG
            VTrip: EITHER
            Slew: FAST
            Input Sync needed: False
            Output Sync needed: False
            SC shield enabled: False
            POR State: ANY
            LCD Mode: COMMON
            Register Mode: RegComb
            CaSense Mode: NEITHER
            Treat as pin: True
            Is OE Registered: False
            Uses Analog: True
            Can contain Digital: False
            Is SIO: False
            SIO Output Buf: NONREGULATED
            SIO Input Buf: SINGLE_ENDED
            SIO HiFreq: LOW
            SIO Hyst: DISABLED
            SIO Vtrip: MULTIPLIER_0_5
            SIO Multiplier Index: 0
            SIO RefSel: VCC_IO
            Required Capabilities: ANALOG
            Initial Value: 1
            IO Voltage: 0
        PORT MAP (
            pa_out => \CapSense:Sns(3)\__PA ,
            analog_term => \CapSense:CSD\_\CapSense:Sns(3)\ ,
            pad => \CapSense:Sns(3)_PAD\ );
        Properties:
        {
        }

    Pin : Name = \CapSense:Shield(0)\
        Attributes:
            Alias: Shield
            In Group/Port: True
            In Sync Option: AUTO
            Out Sync Option: AUTO
            Interrupt generated: False
            Interrupt mode: NONE
            Drive mode: HI_Z_ANALOG
            VTrip: EITHER
            Slew: FAST
            Input Sync needed: False
            Output Sync needed: False
            SC shield enabled: False
            POR State: ANY
            LCD Mode: COMMON
            Register Mode: RegComb
            CaSense Mode: NEITHER
            Treat as pin: True
            Is OE Registered: False
            Uses Analog: True
            Can contain Digital: False
            Is SIO: False
            SIO Output Buf: NONREGULATED
            SIO Input Buf: SINGLE_ENDED
            SIO HiFreq: LOW
            SIO Hyst: DISABLED
            SIO Vtrip: MULTIPLIER_0_5
            SIO Multiplier Index: 0
            SIO RefSel: VCC_IO
            Required Capabilities: ANALOG
            Initial Value: 0
            IO Voltage: 0
        PORT MAP (
            pa_out => \CapSense:Shield(0)\__PA ,
            analog_term => \CapSense:Net_817\ ,
            pad => \CapSense:Shield(0)_PAD\ );
        Properties:
        {
        }

    Pin : Name = CAP_INT(0)
        Attributes:
            In Group/Port: True
            In Sync Option: AUTO
            Out Sync Option: NOSYNC
            Interrupt generated: False
            Interrupt mode: NONE
            Drive mode: CMOS_OUT
            VTrip: EITHER
            Slew: FAST
            Input Sync needed: False
            Output Sync needed: False
            SC shield enabled: False
            POR State: ANY
            LCD Mode: COMMON
            Register Mode: RegComb
            CaSense Mode: NEITHER
            Treat as pin: True
            Is OE Registered: False
            Uses Analog: False
            Can contain Digital: True
            Is SIO: False
            SIO Output Buf: NONREGULATED
            SIO Input Buf: SINGLE_ENDED
            SIO HiFreq: LOW
            SIO Hyst: DISABLED
            SIO Vtrip: MULTIPLIER_0_5
            SIO Multiplier Index: 0
            SIO RefSel: VCC_IO
            Required Capabilities: DIGITAL
            Initial Value: 1
            IO Voltage: 0
        PORT MAP (
            pa_out => CAP_INT(0)__PA ,
            pad => CAP_INT(0)_PAD );
        Properties:
        {
        }

    Pin : Name = \UART:tx(0)\
        Attributes:
            In Group/Port: True
            In Sync Option: NOSYNC
            Out Sync Option: NOSYNC
            Interrupt generated: False
            Interrupt mode: NONE
            Drive mode: CMOS_OUT
            VTrip: CMOS
            Slew: FAST
            Input Sync needed: False
            Output Sync needed: False
            SC shield enabled: False
            POR State: ANY
            LCD Mode: COMMON
            Register Mode: RegComb
            CaSense Mode: NEITHER
            Treat as pin: True
            Is OE Registered: False
            Uses Analog: False
            Can contain Digital: True
            Is SIO: False
            SIO Output Buf: NONREGULATED
            SIO Input Buf: SINGLE_ENDED
            SIO HiFreq: LOW
            SIO Hyst: DISABLED
            SIO Vtrip: MULTIPLIER_0_5
            SIO Multiplier Index: 0
            SIO RefSel: VCC_IO
            Required Capabilities: DIGITAL
            Initial Value: 1
            IO Voltage: 0
        PORT MAP (
            pa_out => \UART:tx(0)\__PA ,
            pin_input => \UART:tx_wire\ ,
            pad => \UART:tx(0)_PAD\ );
        Properties:
        {
        }

    Pin : Name = \UART:rx(0)\
        Attributes:
            In Group/Port: True
            In Sync Option: NOSYNC
            Out Sync Option: AUTO
            Interrupt generated: False
            Interrupt mode: NONE
            Drive mode: HI_Z_DIGITAL
            VTrip: CMOS
            Slew: FAST
            Input Sync needed: False
            Output Sync needed: False
            SC shield enabled: False
            POR State: ANY
            LCD Mode: COMMON
            Register Mode: RegComb
            CaSense Mode: NEITHER
            Treat as pin: True
            Is OE Registered: False
            Uses Analog: False
            Can contain Digital: True
            Is SIO: False
            SIO Output Buf: NONREGULATED
            SIO Input Buf: SINGLE_ENDED
            SIO HiFreq: LOW
            SIO Hyst: DISABLED
            SIO Vtrip: MULTIPLIER_0_5
            SIO Multiplier Index: 0
            SIO RefSel: VCC_IO
            Required Capabilities: DIGITAL
            Initial Value: 0
            IO Voltage: 0
        PORT MAP (
            pa_out => \UART:rx(0)\__PA ,
            fb => \UART:rx_wire\ ,
            pad => \UART:rx(0)_PAD\ );
        Properties:
        {
        }
    </CYPRESSTAG>
    <CYPRESSTAG name="Macrocell listing" icon="FILE_RPT_EQUATION">

    ------------------------------------------------------------
    Macrocell listing
    ------------------------------------------------------------

    MacroCell: Name=__ONE__, Mode=(Combinatorial)
        Total # of inputs        : 0
        Total # of product terms : 0
            Clock Enable: True
        Main Equation            : 0 pterms
        !(
            0
        );
        Output = __ONE__ (fanout=2)
    </CYPRESSTAG>
    <CYPRESSTAG name="Datapath listing">
    </CYPRESSTAG>
    <CYPRESSTAG name="Status register listing">
    </CYPRESSTAG>
    <CYPRESSTAG name="StatusI register listing">
    </CYPRESSTAG>
    <CYPRESSTAG name="Sync listing">
    </CYPRESSTAG>
    <CYPRESSTAG name="Control register listing">
    </CYPRESSTAG>
    <CYPRESSTAG name="Count7 listing">
    </CYPRESSTAG>
    <CYPRESSTAG name="DRQ listing">
    </CYPRESSTAG>
    <CYPRESSTAG name="Interrupt listing">

    ------------------------------------------------------------
    Interrupt listing
    ------------------------------------------------------------

    interrupt: Name =\EZI2C:SCB_IRQ\
        PORT MAP (
            interrupt => Net_3 );
        Properties:
        {
            int_type = "10"
            is_nmi = 0
        }

    interrupt: Name =\CapSense:ISR\
        PORT MAP (
            interrupt => \CapSense:Net_815\ );
        Properties:
        {
            int_type = "10"
            is_nmi = 0
        }

    interrupt: Name =TC_Interrupt
        PORT MAP (
            interrupt => Net_69 );
        Properties:
        {
            int_type = "10"
            is_nmi = 0
        }
    </CYPRESSTAG>
</CYPRESSTAG>
<CYPRESSTAG name="Technology mapping summary" expanded>

------------------------------------------------------------
Technology mapping summary
------------------------------------------------------------

Resource Type                 : Used : Free :  Max :  % Used
============================================================
Digital Clocks                :    0 :    4 :    4 :  0.00 %
Interrupts                    :    3 :   29 :   32 :  9.38 %
IO                            :   13 :   38 :   51 : 25.49 %
Segment LCD                   :    0 :    1 :    1 :  0.00 %
CapSense                      :    1 :    1 :    2 : 50.00 %
Die Temp                      :    0 :    1 :    1 :  0.00 %
CAN 2.0b                      :    0 :    2 :    2 :  0.00 %
Serial Communication (SCB)    :    2 :    2 :    4 : 50.00 %
DMA Channels                  :    0 :    8 :    8 :  0.00 %
Timer/Counter/PWM             :    1 :    7 :    8 : 12.50 %
UDB                           :      :      :      :        
  Macrocells                  :    1 :   31 :   32 :  3.13 %
  Unique P-terms              :    0 :   64 :   64 :  0.00 %
  Total P-terms               :    0 :      :      :        
  Datapath Cells              :    0 :    4 :    4 :  0.00 %
  Status Cells                :    0 :    4 :    4 :  0.00 %
  Control Cells               :    0 :    4 :    4 :  0.00 %
Comparator/Opamp              :    0 :    4 :    4 :  0.00 %
LP Comparator                 :    0 :    2 :    2 :  0.00 %
SAR ADC                       :    0 :    1 :    1 :  0.00 %
DAC                           :      :      :      :        
  7-bit IDAC                  :    1 :    1 :    2 : 50.00 %
  8-bit IDAC                  :    1 :    1 :    2 : 50.00 %
</CYPRESSTAG>
Technology Mapping: Elapsed time ==> 0s.031ms
Tech Mapping phase: Elapsed time ==> 0s.046ms
</CYPRESSTAG>
<CYPRESSTAG name="Analog Placement">
<CYPRESSTAG name="FFB & IO Pre Placement">
<CYPRESSTAG name="Placement" icon="FILE_RPT_PLACEMENT">

Cell                                : Block                              
=========================================================================
\EZI2C:sda(0)\                      : [IOP=(4)][IoId=(1)]                
\EZI2C:scl(0)\                      : [IOP=(4)][IoId=(0)]                
\CapSense:Cmod(0)\                  : [IOP=(4)][IoId=(2)]                
\CapSense:Sns(0)\                   : [IOP=(4)][IoId=(5)]                
\CapSense:Sns(1)\                   : [IOP=(3)][IoId=(4)]                
\CapSense:Sns(2)\                   : [IOP=(4)][IoId=(6)]                
\CapSense:Sns(3)\                   : [IOP=(3)][IoId=(5)]                
\CapSense:Shield(0)\                : [IOP=(6)][IoId=(2)]                
CAP_INT(0)                          : [IOP=(0)][IoId=(6)]                
\UART:tx(0)\                        : [IOP=(7)][IoId=(1)]                
\UART:rx(0)\                        : [IOP=(7)][IoId=(0)]                
\CapSense:CSD\                      : CSD_[FFB(CSD,0)]                   
ClockGenBlock                       : CLK_GEN_[FFB(CLK_GEN,0)]           
\EZI2C:SCB\                         : SCB_[FFB(SCB,0)]                   
\UART:SCB\                          : SCB_[FFB(SCB,3)]                   
\CapSense:IDACComp:cy_psoc4_idac\   : CSIDAC7_[FFB(CSIDAC7,0)]           
\CapSense:IDACMod:cy_psoc4_idac\    : CSIDAC8_[FFB(CSIDAC8,0)]           
\Timer:cy_m0s8_tcpwm_1\             : TCPWM_[FFB(TCPWM,0)]               

</CYPRESSTAG>
</CYPRESSTAG>
<CYPRESSTAG name="Real Analog Placement">
Elapsed time ==> 0.3433106s
</CYPRESSTAG>
Analog Placement phase: Elapsed time ==> 0s.578ms
</CYPRESSTAG>
<CYPRESSTAG name="Analog Routing">
<CYPRESSTAG name="Analog Routing">
Route success=True, Iterations=3 Elapsed=0.0259913 secs
</CYPRESSTAG>
Analog Routing phase: Elapsed time ==> 0s.015ms
</CYPRESSTAG>
<CYPRESSTAG name="Analog Code Generation">
============ Analog Final Answer Routes ============
Dump of CyAnalogRoutingResultsDB
Map of net to items {
  Net: \CapSense:Net_1909_0\ {
    source0
    swh_13
    amuxbusa_csd
  }
  Net: \CapSense:Net_1924\ {
    swhv_1
    idac0_out
    P4_P42
    p4_2
  }
  Net: \CapSense:Net_817\ {
    shield0
    swh_14
    amuxbusb_csd
    P6_P52
    p6_2
  }
  Net: \CapSense:CSD\_\CapSense:Sns(0)\ {
    p4_5
  }
  Net: AMuxNet::\CapSense:CSD\_sensormux_\CapSense:Sns(0)\ {
    P4_P45
    P4_P55
  }
  Net: \CapSense:CSD\_\CapSense:Sns(1)\ {
    p3_4
  }
  Net: AMuxNet::\CapSense:CSD\_sensormux_\CapSense:Sns(1)\ {
    P3_P44
    P3_P54
  }
  Net: \CapSense:CSD\_\CapSense:Sns(2)\ {
    p4_6
  }
  Net: AMuxNet::\CapSense:CSD\_sensormux_\CapSense:Sns(2)\ {
    P4_P46
    P4_P56
  }
  Net: \CapSense:CSD\_\CapSense:Sns(3)\ {
    p3_5
  }
  Net: AMuxNet::\CapSense:CSD\_sensormux_\CapSense:Sns(3)\ {
    P3_P45
    P3_P55
  }
}
Map of item to net {
  source0                                          -> \CapSense:Net_1909_0\
  swh_13                                           -> \CapSense:Net_1909_0\
  amuxbusa_csd                                     -> \CapSense:Net_1909_0\
  swhv_1                                           -> \CapSense:Net_1924\
  idac0_out                                        -> \CapSense:Net_1924\
  P4_P42                                           -> \CapSense:Net_1924\
  p4_2                                             -> \CapSense:Net_1924\
  shield0                                          -> \CapSense:Net_817\
  swh_14                                           -> \CapSense:Net_817\
  amuxbusb_csd                                     -> \CapSense:Net_817\
  P6_P52                                           -> \CapSense:Net_817\
  p6_2                                             -> \CapSense:Net_817\
  p4_5                                             -> \CapSense:CSD\_\CapSense:Sns(0)\
  P4_P45                                           -> AMuxNet::\CapSense:CSD\_sensormux_\CapSense:Sns(0)\
  P4_P55                                           -> AMuxNet::\CapSense:CSD\_sensormux_\CapSense:Sns(0)\
  p3_4                                             -> \CapSense:CSD\_\CapSense:Sns(1)\
  P3_P44                                           -> AMuxNet::\CapSense:CSD\_sensormux_\CapSense:Sns(1)\
  P3_P54                                           -> AMuxNet::\CapSense:CSD\_sensormux_\CapSense:Sns(1)\
  p4_6                                             -> \CapSense:CSD\_\CapSense:Sns(2)\
  P4_P46                                           -> AMuxNet::\CapSense:CSD\_sensormux_\CapSense:Sns(2)\
  P4_P56                                           -> AMuxNet::\CapSense:CSD\_sensormux_\CapSense:Sns(2)\
  p3_5                                             -> \CapSense:CSD\_\CapSense:Sns(3)\
  P3_P45                                           -> AMuxNet::\CapSense:CSD\_sensormux_\CapSense:Sns(3)\
  P3_P55                                           -> AMuxNet::\CapSense:CSD\_sensormux_\CapSense:Sns(3)\
}
Mux Info {
  Mux: \CapSense:CSD\_sensormux_\CapSense:Sns(0)\ {
     Mouth: \CapSense:CSD\_\CapSense:Sns(0)\
     Guts:  AMuxNet::\CapSense:CSD\_sensormux_\CapSense:Sns(0)\
     IsSingleSwitching: True
     IsStaticSwitching: False
     IsAtMostOneSwitch: True
    Arm: 0 {
      Net:   \CapSense:Net_1909_0\
      Outer: __open__
      Inner: __open__
      Path {
        P4_P45
        amuxbusa_csd
      }
    }
    Arm: 1 {
      Net:   \CapSense:Net_817\
      Outer: __open__
      Inner: __open__
      Path {
        P4_P55
      }
    }
  }
  Mux: \CapSense:CSD\_sensormux_\CapSense:Sns(1)\ {
     Mouth: \CapSense:CSD\_\CapSense:Sns(1)\
     Guts:  AMuxNet::\CapSense:CSD\_sensormux_\CapSense:Sns(1)\
     IsSingleSwitching: True
     IsStaticSwitching: False
     IsAtMostOneSwitch: True
    Arm: 0 {
      Net:   \CapSense:Net_1909_0\
      Outer: __open__
      Inner: __open__
      Path {
        P3_P44
        amuxbusa_csd
      }
    }
    Arm: 1 {
      Net:   \CapSense:Net_817\
      Outer: __open__
      Inner: __open__
      Path {
        P3_P54
      }
    }
  }
  Mux: \CapSense:CSD\_sensormux_\CapSense:Sns(2)\ {
     Mouth: \CapSense:CSD\_\CapSense:Sns(2)\
     Guts:  AMuxNet::\CapSense:CSD\_sensormux_\CapSense:Sns(2)\
     IsSingleSwitching: True
     IsStaticSwitching: False
     IsAtMostOneSwitch: True
    Arm: 0 {
      Net:   \CapSense:Net_1909_0\
      Outer: __open__
      Inner: __open__
      Path {
        P4_P46
        amuxbusa_csd
      }
    }
    Arm: 1 {
      Net:   \CapSense:Net_817\
      Outer: __open__
      Inner: __open__
      Path {
        P4_P56
      }
    }
  }
  Mux: \CapSense:CSD\_sensormux_\CapSense:Sns(3)\ {
     Mouth: \CapSense:CSD\_\CapSense:Sns(3)\
     Guts:  AMuxNet::\CapSense:CSD\_sensormux_\CapSense:Sns(3)\
     IsSingleSwitching: True
     IsStaticSwitching: False
     IsAtMostOneSwitch: True
    Arm: 0 {
      Net:   \CapSense:Net_1909_0\
      Outer: __open__
      Inner: __open__
      Path {
        P3_P45
        amuxbusa_csd
      }
    }
    Arm: 1 {
      Net:   \CapSense:Net_817\
      Outer: __open__
      Inner: __open__
      Path {
        P3_P55
      }
    }
  }
}
Analog Code Generation phase: Elapsed time ==> 0s.031ms
</CYPRESSTAG>
<CYPRESSTAG name="Digital Placement">
<CYPRESSTAG name="Detailed placement messages">
I2659: No Constrained paths were found. The placer will run in non-timing driven mode.
I2076: Total run-time: 0.2 sec.

</CYPRESSTAG>
<CYPRESSTAG name="PLD Packing">
<CYPRESSTAG name="PLD Packing Summary" expanded>

------------------------------------------------------------
PLD Packing Summary
------------------------------------------------------------
            Resource Type : Used : Free :  Max :  % Used
    ====================================================
                     PLDs :    1 :    7 :    8 :  12.50%

<CYPRESSTAG name="PLD Statistics">

        PLD Resource Type :     Average/LAB
    =======================================
                   Inputs :            0.00
                   Pterms :            0.00
               Macrocells :            1.00
</CYPRESSTAG>
<CYPRESSTAG name="Packed PLD Contents">
Packed PLD Contents not displayed at this verbose level.</CYPRESSTAG>
</CYPRESSTAG>
PLD Packing: Elapsed time ==> 0s.000ms
</CYPRESSTAG>
<CYPRESSTAG name="Partitioning">
<CYPRESSTAG name="Initial Partitioning Summary">
Initial Partitioning Summary not displayed at this verbose level.</CYPRESSTAG>
<CYPRESSTAG name="Final Partitioning Summary">
Final Partitioning Summary not displayed at this verbose level.</CYPRESSTAG>
Partitioning: Elapsed time ==> 0s.015ms
</CYPRESSTAG>
<CYPRESSTAG name="Final Placement Summary">

------------------------------------------------------------
Final Placement Summary
------------------------------------------------------------

       Resource Type :      Count : Avg Inputs : Avg Outputs
    ========================================================
                 UDB :          1 :       0.00 :       1.00
<CYPRESSTAG name="Final Placement Details">
<CYPRESSTAG name="Component Details">

------------------------------------------------------------
Component Placement Details
------------------------------------------------------------
UDB [UDB=(0,0)] is empty.
UDB [UDB=(0,1)] contents:
LAB@[UDB=(0,1)][LB=0] #macrocells=1, #inputs=0, #pterms=0
{
    [McSlotId=0]:     MacroCell: Name=__ONE__, Mode=(Combinatorial) @ [UDB=(0,1)][LB=0][MC=0]
        Total # of inputs        : 0
        Total # of product terms : 0
            Clock Enable: True
        Main Equation            : 0 pterms
        !(
            0
        );
        Output = __ONE__ (fanout=2)
        Properties               : 
        {
        }

    [McSlotId=1]: (empty)
    [McSlotId=2]: (empty)
    [McSlotId=3]: (empty)
}

UDB [UDB=(1,0)] is empty.
UDB [UDB=(1,1)] is empty.
Intr container @ [IntrContainer=(0)]: 
  Intr@ [IntrContainer=(0)][IntrId=(8)] 
    interrupt: Name =\EZI2C:SCB_IRQ\
        PORT MAP (
            interrupt => Net_3 );
        Properties:
        {
            int_type = "10"
            is_nmi = 0
        }
  Intr@ [IntrContainer=(0)][IntrId=(17)] 
    interrupt: Name =\CapSense:ISR\
        PORT MAP (
            interrupt => \CapSense:Net_815\ );
        Properties:
        {
            int_type = "10"
            is_nmi = 0
        }
  Intr@ [IntrContainer=(0)][IntrId=(19)] 
    interrupt: Name =TC_Interrupt
        PORT MAP (
            interrupt => Net_69 );
        Properties:
        {
            int_type = "10"
            is_nmi = 0
        }
Drq container @ [DrqContainer=(0)]: empty
Port 0 contains the following IO cells:
[IoId=6]: 
Pin : Name = CAP_INT(0)
    Attributes:
        In Group/Port: True
        In Sync Option: AUTO
        Out Sync Option: NOSYNC
        Interrupt generated: False
        Interrupt mode: NONE
        Drive mode: CMOS_OUT
        VTrip: EITHER
        Slew: FAST
        Input Sync needed: False
        Output Sync needed: False
        SC shield enabled: False
        POR State: ANY
        LCD Mode: COMMON
        Register Mode: RegComb
        CaSense Mode: NEITHER
        Treat as pin: True
        Is OE Registered: False
        Uses Analog: False
        Can contain Digital: True
        Is SIO: False
        SIO Output Buf: NONREGULATED
        SIO Input Buf: SINGLE_ENDED
        SIO HiFreq: LOW
        SIO Hyst: DISABLED
        SIO Vtrip: MULTIPLIER_0_5
        SIO Multiplier Index: 0
        SIO RefSel: VCC_IO
        Required Capabilities: DIGITAL
        Initial Value: 1
        IO Voltage: 0
    PORT MAP (
        pa_out => CAP_INT(0)__PA ,
        pad => CAP_INT(0)_PAD );
    Properties:
    {
    }

Port 1 contains the following IO cells:
Port 2 contains the following IO cells:
Port 3 contains the following IO cells:
[IoId=4]: 
Pin : Name = \CapSense:Sns(1)\
    Attributes:
        Alias: DOWN_Sns0
        In Group/Port: True
        In Sync Option: AUTO
        Out Sync Option: AUTO
        Interrupt generated: False
        Interrupt mode: NONE
        Drive mode: HI_Z_ANALOG
        VTrip: EITHER
        Slew: FAST
        Input Sync needed: False
        Output Sync needed: False
        SC shield enabled: False
        POR State: ANY
        LCD Mode: COMMON
        Register Mode: RegComb
        CaSense Mode: NEITHER
        Treat as pin: True
        Is OE Registered: False
        Uses Analog: True
        Can contain Digital: False
        Is SIO: False
        SIO Output Buf: NONREGULATED
        SIO Input Buf: SINGLE_ENDED
        SIO HiFreq: LOW
        SIO Hyst: DISABLED
        SIO Vtrip: MULTIPLIER_0_5
        SIO Multiplier Index: 0
        SIO RefSel: VCC_IO
        Required Capabilities: ANALOG
        Initial Value: 1
        IO Voltage: 0
    PORT MAP (
        pa_out => \CapSense:Sns(1)\__PA ,
        analog_term => \CapSense:CSD\_\CapSense:Sns(1)\ ,
        pad => \CapSense:Sns(1)_PAD\ );
    Properties:
    {
    }

[IoId=5]: 
Pin : Name = \CapSense:Sns(3)\
    Attributes:
        Alias: RIGHT_Sns0
        In Group/Port: True
        In Sync Option: AUTO
        Out Sync Option: AUTO
        Interrupt generated: False
        Interrupt mode: NONE
        Drive mode: HI_Z_ANALOG
        VTrip: EITHER
        Slew: FAST
        Input Sync needed: False
        Output Sync needed: False
        SC shield enabled: False
        POR State: ANY
        LCD Mode: COMMON
        Register Mode: RegComb
        CaSense Mode: NEITHER
        Treat as pin: True
        Is OE Registered: False
        Uses Analog: True
        Can contain Digital: False
        Is SIO: False
        SIO Output Buf: NONREGULATED
        SIO Input Buf: SINGLE_ENDED
        SIO HiFreq: LOW
        SIO Hyst: DISABLED
        SIO Vtrip: MULTIPLIER_0_5
        SIO Multiplier Index: 0
        SIO RefSel: VCC_IO
        Required Capabilities: ANALOG
        Initial Value: 1
        IO Voltage: 0
    PORT MAP (
        pa_out => \CapSense:Sns(3)\__PA ,
        analog_term => \CapSense:CSD\_\CapSense:Sns(3)\ ,
        pad => \CapSense:Sns(3)_PAD\ );
    Properties:
    {
    }

Port 4 contains the following IO cells:
[IoId=0]: 
Pin : Name = \EZI2C:scl(0)\
    Attributes:
        In Group/Port: True
        In Sync Option: NOSYNC
        Out Sync Option: NOSYNC
        Interrupt generated: False
        Interrupt mode: NONE
        Drive mode: OPEN_DRAIN_LO
        VTrip: CMOS
        Slew: FAST
        Input Sync needed: False
        Output Sync needed: False
        SC shield enabled: False
        POR State: ANY
        LCD Mode: COMMON
        Register Mode: RegComb
        CaSense Mode: NEITHER
        Treat as pin: True
        Is OE Registered: False
        Uses Analog: False
        Can contain Digital: True
        Is SIO: False
        SIO Output Buf: NONREGULATED
        SIO Input Buf: SINGLE_ENDED
        SIO HiFreq: LOW
        SIO Hyst: DISABLED
        SIO Vtrip: MULTIPLIER_0_5
        SIO Multiplier Index: 0
        SIO RefSel: VCC_IO
        Required Capabilities: DIGITAL
        Initial Value: 1
        IO Voltage: 0
    PORT MAP (
        pa_out => \EZI2C:scl(0)\__PA ,
        fb => Net_20 ,
        pad => \EZI2C:scl(0)_PAD\ );
    Properties:
    {
    }

[IoId=1]: 
Pin : Name = \EZI2C:sda(0)\
    Attributes:
        In Group/Port: True
        In Sync Option: NOSYNC
        Out Sync Option: NOSYNC
        Interrupt generated: False
        Interrupt mode: NONE
        Drive mode: OPEN_DRAIN_LO
        VTrip: CMOS
        Slew: FAST
        Input Sync needed: False
        Output Sync needed: False
        SC shield enabled: False
        POR State: ANY
        LCD Mode: COMMON
        Register Mode: RegComb
        CaSense Mode: NEITHER
        Treat as pin: True
        Is OE Registered: False
        Uses Analog: False
        Can contain Digital: True
        Is SIO: False
        SIO Output Buf: NONREGULATED
        SIO Input Buf: SINGLE_ENDED
        SIO HiFreq: LOW
        SIO Hyst: DISABLED
        SIO Vtrip: MULTIPLIER_0_5
        SIO Multiplier Index: 0
        SIO RefSel: VCC_IO
        Required Capabilities: DIGITAL
        Initial Value: 1
        IO Voltage: 0
    PORT MAP (
        pa_out => \EZI2C:sda(0)\__PA ,
        fb => Net_21 ,
        pad => \EZI2C:sda(0)_PAD\ );
    Properties:
    {
    }

[IoId=2]: 
Pin : Name = \CapSense:Cmod(0)\
    Attributes:
        Alias: Cmod
        In Group/Port: True
        In Sync Option: AUTO
        Out Sync Option: AUTO
        Interrupt generated: False
        Interrupt mode: NONE
        Drive mode: HI_Z_ANALOG
        VTrip: EITHER
        Slew: FAST
        Input Sync needed: False
        Output Sync needed: False
        SC shield enabled: False
        POR State: ANY
        LCD Mode: COMMON
        Register Mode: RegComb
        CaSense Mode: NEITHER
        Treat as pin: True
        Is OE Registered: False
        Uses Analog: True
        Can contain Digital: False
        Is SIO: False
        SIO Output Buf: NONREGULATED
        SIO Input Buf: SINGLE_ENDED
        SIO HiFreq: LOW
        SIO Hyst: DISABLED
        SIO Vtrip: MULTIPLIER_0_5
        SIO Multiplier Index: 0
        SIO RefSel: VCC_IO
        Required Capabilities: ANALOG
        Initial Value: 0
        IO Voltage: 0
    PORT MAP (
        pa_out => \CapSense:Cmod(0)\__PA ,
        pad => \CapSense:Cmod(0)_PAD\ );
    Properties:
    {
    }

[IoId=5]: 
Pin : Name = \CapSense:Sns(0)\
    Attributes:
        Alias: UP_Sns0
        In Group/Port: True
        In Sync Option: AUTO
        Out Sync Option: AUTO
        Interrupt generated: False
        Interrupt mode: NONE
        Drive mode: HI_Z_ANALOG
        VTrip: EITHER
        Slew: FAST
        Input Sync needed: False
        Output Sync needed: False
        SC shield enabled: False
        POR State: ANY
        LCD Mode: COMMON
        Register Mode: RegComb
        CaSense Mode: NEITHER
        Treat as pin: True
        Is OE Registered: False
        Uses Analog: True
        Can contain Digital: False
        Is SIO: False
        SIO Output Buf: NONREGULATED
        SIO Input Buf: SINGLE_ENDED
        SIO HiFreq: LOW
        SIO Hyst: DISABLED
        SIO Vtrip: MULTIPLIER_0_5
        SIO Multiplier Index: 0
        SIO RefSel: VCC_IO
        Required Capabilities: ANALOG
        Initial Value: 0
        IO Voltage: 0
    PORT MAP (
        pa_out => \CapSense:Sns(0)\__PA ,
        analog_term => \CapSense:CSD\_\CapSense:Sns(0)\ ,
        pad => \CapSense:Sns(0)_PAD\ );
    Properties:
    {
    }

[IoId=6]: 
Pin : Name = \CapSense:Sns(2)\
    Attributes:
        Alias: LEFT_Sns0
        In Group/Port: True
        In Sync Option: AUTO
        Out Sync Option: AUTO
        Interrupt generated: False
        Interrupt mode: NONE
        Drive mode: HI_Z_ANALOG
        VTrip: EITHER
        Slew: FAST
        Input Sync needed: False
        Output Sync needed: False
        SC shield enabled: False
        POR State: ANY
        LCD Mode: COMMON
        Register Mode: RegComb
        CaSense Mode: NEITHER
        Treat as pin: True
        Is OE Registered: False
        Uses Analog: True
        Can contain Digital: False
        Is SIO: False
        SIO Output Buf: NONREGULATED
        SIO Input Buf: SINGLE_ENDED
        SIO HiFreq: LOW
        SIO Hyst: DISABLED
        SIO Vtrip: MULTIPLIER_0_5
        SIO Multiplier Index: 0
        SIO RefSel: VCC_IO
        Required Capabilities: ANALOG
        Initial Value: 1
        IO Voltage: 0
    PORT MAP (
        pa_out => \CapSense:Sns(2)\__PA ,
        analog_term => \CapSense:CSD\_\CapSense:Sns(2)\ ,
        pad => \CapSense:Sns(2)_PAD\ );
    Properties:
    {
    }

Port 5 contains the following IO cells:
Port 6 contains the following IO cells:
[IoId=2]: 
Pin : Name = \CapSense:Shield(0)\
    Attributes:
        Alias: Shield
        In Group/Port: True
        In Sync Option: AUTO
        Out Sync Option: AUTO
        Interrupt generated: False
        Interrupt mode: NONE
        Drive mode: HI_Z_ANALOG
        VTrip: EITHER
        Slew: FAST
        Input Sync needed: False
        Output Sync needed: False
        SC shield enabled: False
        POR State: ANY
        LCD Mode: COMMON
        Register Mode: RegComb
        CaSense Mode: NEITHER
        Treat as pin: True
        Is OE Registered: False
        Uses Analog: True
        Can contain Digital: False
        Is SIO: False
        SIO Output Buf: NONREGULATED
        SIO Input Buf: SINGLE_ENDED
        SIO HiFreq: LOW
        SIO Hyst: DISABLED
        SIO Vtrip: MULTIPLIER_0_5
        SIO Multiplier Index: 0
        SIO RefSel: VCC_IO
        Required Capabilities: ANALOG
        Initial Value: 0
        IO Voltage: 0
    PORT MAP (
        pa_out => \CapSense:Shield(0)\__PA ,
        analog_term => \CapSense:Net_817\ ,
        pad => \CapSense:Shield(0)_PAD\ );
    Properties:
    {
    }

Port 7 contains the following IO cells:
[IoId=0]: 
Pin : Name = \UART:rx(0)\
    Attributes:
        In Group/Port: True
        In Sync Option: NOSYNC
        Out Sync Option: AUTO
        Interrupt generated: False
        Interrupt mode: NONE
        Drive mode: HI_Z_DIGITAL
        VTrip: CMOS
        Slew: FAST
        Input Sync needed: False
        Output Sync needed: False
        SC shield enabled: False
        POR State: ANY
        LCD Mode: COMMON
        Register Mode: RegComb
        CaSense Mode: NEITHER
        Treat as pin: True
        Is OE Registered: False
        Uses Analog: False
        Can contain Digital: True
        Is SIO: False
        SIO Output Buf: NONREGULATED
        SIO Input Buf: SINGLE_ENDED
        SIO HiFreq: LOW
        SIO Hyst: DISABLED
        SIO Vtrip: MULTIPLIER_0_5
        SIO Multiplier Index: 0
        SIO RefSel: VCC_IO
        Required Capabilities: DIGITAL
        Initial Value: 0
        IO Voltage: 0
    PORT MAP (
        pa_out => \UART:rx(0)\__PA ,
        fb => \UART:rx_wire\ ,
        pad => \UART:rx(0)_PAD\ );
    Properties:
    {
    }

[IoId=1]: 
Pin : Name = \UART:tx(0)\
    Attributes:
        In Group/Port: True
        In Sync Option: NOSYNC
        Out Sync Option: NOSYNC
        Interrupt generated: False
        Interrupt mode: NONE
        Drive mode: CMOS_OUT
        VTrip: CMOS
        Slew: FAST
        Input Sync needed: False
        Output Sync needed: False
        SC shield enabled: False
        POR State: ANY
        LCD Mode: COMMON
        Register Mode: RegComb
        CaSense Mode: NEITHER
        Treat as pin: True
        Is OE Registered: False
        Uses Analog: False
        Can contain Digital: True
        Is SIO: False
        SIO Output Buf: NONREGULATED
        SIO Input Buf: SINGLE_ENDED
        SIO HiFreq: LOW
        SIO Hyst: DISABLED
        SIO Vtrip: MULTIPLIER_0_5
        SIO Multiplier Index: 0
        SIO RefSel: VCC_IO
        Required Capabilities: DIGITAL
        Initial Value: 1
        IO Voltage: 0
    PORT MAP (
        pa_out => \UART:tx(0)\__PA ,
        pin_input => \UART:tx_wire\ ,
        pad => \UART:tx(0)_PAD\ );
    Properties:
    {
    }

ARM group 0: empty
CAN group 0: empty
Clock group 0: 
    Clock Block @ F(Clock,0): 
    m0s8clockblockcell: Name =ClockBlock
        PORT MAP (
            hfclk => ClockBlock_HFClk ,
            imo => ClockBlock_IMO ,
            ext => ClockBlock_ExtClk ,
            sysclk => ClockBlock_SysClk ,
            ilo => ClockBlock_ILO ,
            lfclk => ClockBlock_LFClk ,
            wco => ClockBlock_WCO ,
            dsi_in_0 => ClockBlock_Routed1 ,
            ff_div_7 => \CapSense:Net_1946_ff7\ ,
            ff_div_6 => \CapSense:Net_1785_ff6\ ,
            ff_div_2 => \EZI2C:Net_847_ff2\ ,
            ff_div_3 => \UART:Net_847_ff3\ ,
            ff_div_11 => Net_75_ff11 );
        Properties:
        {
        }
LCD group 0: empty
PICU group 0: empty
LPCOMP group 0: empty
SCB group 0: 
    SCB Block @ F(SCB,0): 
    m0s8scbcell: Name =\EZI2C:SCB\
        PORT MAP (
            clock => \EZI2C:Net_847_ff2\ ,
            interrupt => Net_3 ,
            uart_tx => \EZI2C:tx_wire\ ,
            uart_rts => \EZI2C:rts_wire\ ,
            mosi_m => \EZI2C:mosi_m_wire\ ,
            select_m_3 => \EZI2C:select_m_wire_3\ ,
            select_m_2 => \EZI2C:select_m_wire_2\ ,
            select_m_1 => \EZI2C:select_m_wire_1\ ,
            select_m_0 => \EZI2C:select_m_wire_0\ ,
            sclk_m => \EZI2C:sclk_m_wire\ ,
            miso_s => \EZI2C:miso_s_wire\ ,
            i2c_scl => Net_20 ,
            i2c_sda => Net_21 ,
            tr_tx_req => Net_6 ,
            tr_rx_req => Net_5 );
        Properties:
        {
            cy_registers = ""
            scb_mode = 0
        }
    SCB Block @ F(SCB,3): 
    m0s8scbcell: Name =\UART:SCB\
        PORT MAP (
            clock => \UART:Net_847_ff3\ ,
            interrupt => Net_26 ,
            uart_rx => \UART:rx_wire\ ,
            uart_tx => \UART:tx_wire\ ,
            uart_rts => \UART:rts_wire\ ,
            mosi_m => \UART:mosi_m_wire\ ,
            select_m_3 => \UART:select_m_wire_3\ ,
            select_m_2 => \UART:select_m_wire_2\ ,
            select_m_1 => \UART:select_m_wire_1\ ,
            select_m_0 => \UART:select_m_wire_0\ ,
            sclk_m => \UART:sclk_m_wire\ ,
            miso_s => \UART:miso_s_wire\ ,
            tr_tx_req => Net_29 ,
            tr_rx_req => Net_28 );
        Properties:
        {
            cy_registers = ""
            scb_mode = 2
        }
CSD group 0: 
    CapSense @ F(CSD,0): 
    p4csdcell: Name =\CapSense:CSD\
        PORT MAP (
            source => \CapSense:Net_1909_0\ ,
            shield => \CapSense:Net_817\ ,
            csh => \CapSense:Net_2084\ ,
            cmod => \CapSense:Net_804\ ,
            sense_out => \CapSense:Net_1913\ ,
            sample_out => \CapSense:Net_1911\ ,
            clk1 => \CapSense:Net_1785_ff6\ ,
            clk2 => \CapSense:Net_1946_ff7\ ,
            irq => \CapSense:Net_815\ );
        Properties:
        {
            cy_registers = ""
            ganged_csx = 0
            is_capsense = 1
            is_cmod_charge = 0
            is_csh_charge = 0
            is_mutual = 0
            placement_force = "F(CSD,0)"
            rx_count = 1
            sense_as_shield = 1
            sensors_count = 4
            shield_as_sense = 0
            shield_count = 1
            tx_count = 1
        }
CSIDAC8 group 0: 
    8-bit IDAC @ F(CSIDAC8,0): 
    p4csidac8cell: Name =\CapSense:IDACMod:cy_psoc4_idac\
        PORT MAP (
            en => __ONE__ );
        Properties:
        {
            cy_registers = ""
            resolution = 8
        }
CSIDAC7 group 0: 
    7-bit IDAC @ F(CSIDAC7,0): 
    p4csidac7cell: Name =\CapSense:IDACComp:cy_psoc4_idac\
        PORT MAP (
            en => __ONE__ );
        Properties:
        {
            cy_registers = ""
            resolution = 7
        }
TCPWM group 0: 
    Tcpwm Block @ F(TCPWM,0): 
    m0s8tcpwmcell: Name =\Timer:cy_m0s8_tcpwm_1\
        PORT MAP (
            clock => Net_75_ff11 ,
            capture => zero ,
            count => one ,
            reload => zero ,
            stop => zero ,
            start => zero ,
            tr_underflow => Net_71 ,
            tr_overflow => Net_70 ,
            tr_compare_match => Net_72 ,
            line => Net_73 ,
            line_compl => Net_74 ,
            interrupt => Net_69 );
        Properties:
        {
            cy_registers = ""
        }
OA group 0: empty
TEMP group 0: empty
SARADC group 0: empty
CLK_GEN group 0: 
    M0S8 Clock Gen Block @ F(CLK_GEN,0): 
    m0s8clockgenblockcell: Name =ClockGenBlock
        PORT MAP (
             );
        Properties:
        {
        }
LPCOMPBLOCK group 0: empty
PASSBLOCK group 0: empty
WCO group 0: empty
SRSS group 0: empty
CPUSS group 0: empty
IOSS group 0: empty
EXCO group 0: empty

Blocks not positioned by the digital component placer:
    Amux Block @ <No Location>: 
    amuxcell: Name =\CapSense:CSD\_sensormux_\CapSense:Sns(0)\
        PORT MAP (
            vout => \CapSense:CSD\_\CapSense:Sns(0)\ ,
            muxin_0 => \CapSense:Net_1909_0\ ,
            muxin_1 => \CapSense:Net_817\ );
        Properties:
        {
        }
    Amux Block @ <No Location>: 
    amuxcell: Name =\CapSense:CSD\_sensormux_\CapSense:Sns(1)\
        PORT MAP (
            vout => \CapSense:CSD\_\CapSense:Sns(1)\ ,
            muxin_0 => \CapSense:Net_1909_0\ ,
            muxin_1 => \CapSense:Net_817\ );
        Properties:
        {
        }
    Amux Block @ <No Location>: 
    amuxcell: Name =\CapSense:CSD\_sensormux_\CapSense:Sns(2)\
        PORT MAP (
            vout => \CapSense:CSD\_\CapSense:Sns(2)\ ,
            muxin_0 => \CapSense:Net_1909_0\ ,
            muxin_1 => \CapSense:Net_817\ );
        Properties:
        {
        }
    Amux Block @ <No Location>: 
    amuxcell: Name =\CapSense:CSD\_sensormux_\CapSense:Sns(3)\
        PORT MAP (
            vout => \CapSense:CSD\_\CapSense:Sns(3)\ ,
            muxin_0 => \CapSense:Net_1909_0\ ,
            muxin_1 => \CapSense:Net_817\ );
        Properties:
        {
        }
</CYPRESSTAG>
<CYPRESSTAG name="Port Configuration Details">

------------------------------------------------------------
Port Configuration report
------------------------------------------------------------
     |     |       | Interrupt |                  |                      | 
Port | Pin | Fixed |      Type |       Drive Mode |                 Name | Connections
-----+-----+-------+-----------+------------------+----------------------+-----------------------------------------
   0 |   6 |     * |      NONE |         CMOS_OUT |           CAP_INT(0) | 
-----+-----+-------+-----------+------------------+----------------------+-----------------------------------------
   3 |   4 |     * |      NONE |      HI_Z_ANALOG |    \CapSense:Sns(1)\ | Analog(\CapSense:CSD\_\CapSense:Sns(1)\)
     |   5 |     * |      NONE |      HI_Z_ANALOG |    \CapSense:Sns(3)\ | Analog(\CapSense:CSD\_\CapSense:Sns(3)\)
-----+-----+-------+-----------+------------------+----------------------+-----------------------------------------
   4 |   0 |     * |      NONE |    OPEN_DRAIN_LO |       \EZI2C:scl(0)\ | FB(Net_20)
     |   1 |     * |      NONE |    OPEN_DRAIN_LO |       \EZI2C:sda(0)\ | FB(Net_21)
     |   2 |     * |      NONE |      HI_Z_ANALOG |   \CapSense:Cmod(0)\ | 
     |   5 |     * |      NONE |      HI_Z_ANALOG |    \CapSense:Sns(0)\ | Analog(\CapSense:CSD\_\CapSense:Sns(0)\)
     |   6 |     * |      NONE |      HI_Z_ANALOG |    \CapSense:Sns(2)\ | Analog(\CapSense:CSD\_\CapSense:Sns(2)\)
-----+-----+-------+-----------+------------------+----------------------+-----------------------------------------
   6 |   2 |     * |      NONE |      HI_Z_ANALOG | \CapSense:Shield(0)\ | Analog(\CapSense:Net_817\)
-----+-----+-------+-----------+------------------+----------------------+-----------------------------------------
   7 |   0 |     * |      NONE |     HI_Z_DIGITAL |         \UART:rx(0)\ | FB(\UART:rx_wire\)
     |   1 |     * |      NONE |         CMOS_OUT |         \UART:tx(0)\ | In(\UART:tx_wire\)
-------------------------------------------------------------------------------------------------------------------
</CYPRESSTAG>
</CYPRESSTAG>
</CYPRESSTAG>
Digital component placer commit/Report: Elapsed time ==> 0s.015ms
Digital Placement phase: Elapsed time ==> 0s.437ms
</CYPRESSTAG>
<CYPRESSTAG name="Digital Routing">
"C:\Program Files (x86)\Cypress\PSoC Creator\4.2\PSoC Creator\bin/sjrouter.exe" --xml-path "C:\Program Files (x86)\Cypress\PSoC Creator\4.2\PSoC Creator\dev\psoc4/4/route_arch-rrg.cydata" --vh2-path "EZIIC_button_r.vh2" --pcf-path "EZIIC_button.pco" --des-name "EZIIC_button" --dsf-path "EZIIC_button.dsf" --sdc-path "EZIIC_button.sdc" --lib-path "EZIIC_button_r.lib"
Routing successful.
Digital Routing phase: Elapsed time ==> 0s.609ms
</CYPRESSTAG>
<CYPRESSTAG name="Bitstream Generation">
Bitstream Generation phase: Elapsed time ==> 0s.171ms
</CYPRESSTAG>
<CYPRESSTAG name="Bitstream Verification">
Bitstream Verification phase: Elapsed time ==> 0s.015ms
</CYPRESSTAG>
<CYPRESSTAG name="Static timing analysis">
Timing report is in EZIIC_button_timing.html.
Static timing analysis phase: Elapsed time ==> 0s.249ms
</CYPRESSTAG>
<CYPRESSTAG name="Data reporting">
Data reporting phase: Elapsed time ==> 0s.000ms
</CYPRESSTAG>
<CYPRESSTAG name="Database update...">
Design database save phase: Elapsed time ==> 0s.140ms
</CYPRESSTAG>
cydsfit: Elapsed time ==> 2s.312ms
</CYPRESSTAG>
Fitter phase: Elapsed time ==> 2s.312ms
API generation phase: Elapsed time ==> 2s.327ms
Dependency generation phase: Elapsed time ==> 0s.000ms
Cleanup phase: Elapsed time ==> 0s.000ms
