--------------- Build Started: 05/25/2020 16:32:48 Project: EZIIC_button, Configuration: ARM GCC 5.4-2016-q2-update Release ---------------
cydsfit.exe -.appdatapath "C:\Users\zack.li\AppData\Local\Cypress Semiconductor\PSoC Creator\4.2" -.fdsnotice -.fdswarpdepfile=warp_dependencies.txt -.fdselabdepfile=elab_dependencies.txt -.fdsbldfile=generated_files.txt -.fdsreffile=referenced_files.txt -p D:\_Project\_MD\cypress_button-485\EZIIC_button.cydsn\EZIIC_button.cyprj -d CY8C4247AZI-M485 -s D:\_Project\_MD\cypress_button-485\EZIIC_button.cydsn\Generated_Source\PSoC4 -- -yv2 -q10 -ygs -o2 -v3 -.fftcfgtype=LE
Elaborating Design...
HDL Generation...
Synthesis...
Tech Mapping...
Analog Placement...
Analog Routing...
Analog Code Generation...
Digital Placement...
Digital Routing...
Bitstream Generation...
Bitstream Verification...
Static timing analysis...
API Generation...
Dependency Generation...
Cleanup...
The compile step is up to date, no work needs to be done.
arm-none-eabi-ar.exe -rs .\CortexM0\ARM_GCC_541\Release\EZIIC_button.a .\CortexM0\ARM_GCC_541\Release\EZI2C.o .\CortexM0\ARM_GCC_541\Release\EZI2C_PM.o .\CortexM0\ARM_GCC_541\Release\EZI2C_BOOT.o .\CortexM0\ARM_GCC_541\Release\EZI2C_EZI2C.o .\CortexM0\ARM_GCC_541\Release\EZI2C_EZI2C_INT.o .\CortexM0\ARM_GCC_541\Release\EZI2C_EZI2C_BOOT.o .\CortexM0\ARM_GCC_541\Release\CapSense_Control.o .\CortexM0\ARM_GCC_541\Release\CapSense_Processing.o .\CortexM0\ARM_GCC_541\Release\CapSense_Structure.o .\CortexM0\ARM_GCC_541\Release\CapSense_Tuner.o .\CortexM0\ARM_GCC_541\Release\CapSense_Filter.o .\CortexM0\ARM_GCC_541\Release\CapSense_Sensing.o .\CortexM0\ARM_GCC_541\Release\CapSense_INT.o .\CortexM0\ARM_GCC_541\Release\CapSense_SensingCSD_LL.o .\CortexM0\ARM_GCC_541\Release\EZI2C_SCBCLK.o .\CortexM0\ARM_GCC_541\Release\EZI2C_sda.o .\CortexM0\ARM_GCC_541\Release\EZI2C_sda_PM.o .\CortexM0\ARM_GCC_541\Release\EZI2C_scl.o .\CortexM0\ARM_GCC_541\Release\EZI2C_scl_PM.o .\CortexM0\ARM_GCC_541\Release\EZI2C_SCB_IRQ.o .\CortexM0\ARM_GCC_541\Release\CapSense_ISR.o .\CortexM0\ARM_GCC_541\Release\cy_em_eeprom.o .\CortexM0\ARM_GCC_541\Release\CyFlash.o .\CortexM0\ARM_GCC_541\Release\CyLib.o .\CortexM0\ARM_GCC_541\Release\cyPm.o .\CortexM0\ARM_GCC_541\Release\cyutils.o .\CortexM0\ARM_GCC_541\Release\CyLFClk.o .\CortexM0\ARM_GCC_541\Release\UART.o .\CortexM0\ARM_GCC_541\Release\UART_SPI_UART.o .\CortexM0\ARM_GCC_541\Release\UART_SPI_UART_INT.o .\CortexM0\ARM_GCC_541\Release\UART_PM.o .\CortexM0\ARM_GCC_541\Release\UART_UART.o .\CortexM0\ARM_GCC_541\Release\UART_BOOT.o .\CortexM0\ARM_GCC_541\Release\UART_UART_BOOT.o .\CortexM0\ARM_GCC_541\Release\UART_SCBCLK.o .\CortexM0\ARM_GCC_541\Release\UART_tx.o .\CortexM0\ARM_GCC_541\Release\UART_tx_PM.o .\CortexM0\ARM_GCC_541\Release\UART_rx.o .\CortexM0\ARM_GCC_541\Release\UART_rx_PM.o .\CortexM0\ARM_GCC_541\Release\CAP_INT.o .\CortexM0\ARM_GCC_541\Release\CAP_INT_PM.o .\CortexM0\ARM_GCC_541\Release\CyDMA.o .\CortexM0\ARM_GCC_541\Release\TC_Interrupt.o .\CortexM0\ARM_GCC_541\Release\Clock.o .\CortexM0\ARM_GCC_541\Release\Timer.o .\CortexM0\ARM_GCC_541\Release\Timer_PM.o .\CortexM0\ARM_GCC_541\Release\CyBootAsmGnu.o
arm-none-eabi-ar.exe: creating .\CortexM0\ARM_GCC_541\Release\EZIIC_button.a
arm-none-eabi-gcc.exe -Wl,--start-group -o D:\_Project\_MD\cypress_button-485\EZIIC_button.cydsn\CortexM0\ARM_GCC_541\Release\EZIIC_button.elf .\CortexM0\ARM_GCC_541\Release\main.o .\CortexM0\ARM_GCC_541\Release\cyfitter_cfg.o .\CortexM0\ARM_GCC_541\Release\cymetadata.o .\CortexM0\ARM_GCC_541\Release\Cm0Start.o .\CortexM0\ARM_GCC_541\Release\EZIIC_button.a "C:\Users\zack.li\Documents\PSoC Creator\4.2\Downloads ( 4.2).cylib\CapSense_P4_v7_0\PSoC4\Library\Capsense_P4Library_GCC.a" -mcpu=cortex-m0 -mthumb -L Generated_Source\PSoC4 -Wl,-Map,.\CortexM0\ARM_GCC_541\Release/EZIIC_button.map -T Generated_Source\PSoC4\cm0gcc.ld -specs=nano.specs -Wl,--gc-sections -g -ffunction-sections -Os -ffat-lto-objects -Wl,--end-group
cyelftool.exe -C D:\_Project\_MD\cypress_button-485\EZIIC_button.cydsn\CortexM0\ARM_GCC_541\Release\EZIIC_button.elf --flash_row_size 128 --flash_size 131072 --flash_offset 0x00000000
No ELF section .cychecksum found, creating one
Application checksum calculated and stored in ELF section .cychecksum
Checksum calculated and stored in ELF section .cymeta
cyelftool.exe -S D:\_Project\_MD\cypress_button-485\EZIIC_button.cydsn\CortexM0\ARM_GCC_541\Release\EZIIC_button.elf
Flash used: 9438 of 131072 bytes (7.2%).
SRAM used: 1840 of 16384 bytes (11.2%). Stack: 1024 bytes. Heap: 128 bytes.
--------------- Build Succeeded: 05/25/2020 16:32:58 ---------------
