--------------- Rebuild Started: 05/18/2020 15:24:47 Project: EZIIC_button, Configuration: ARM GCC 5.4-2016-q2-update Release ---------------
Deleting file ".\CortexM0\ARM_GCC_541\Release\main.o"
Deleting file ".\CortexM0\ARM_GCC_541\Release\cyfitter_cfg.o"
Deleting file ".\CortexM0\ARM_GCC_541\Release\cymetadata.o"
Deleting file ".\CortexM0\ARM_GCC_541\Release\EZI2C.o"
Deleting file ".\CortexM0\ARM_GCC_541\Release\EZI2C_PM.o"
Deleting file ".\CortexM0\ARM_GCC_541\Release\EZI2C_BOOT.o"
Deleting file ".\CortexM0\ARM_GCC_541\Release\EZI2C_EZI2C.o"
Deleting file ".\CortexM0\ARM_GCC_541\Release\EZI2C_EZI2C_INT.o"
Deleting file ".\CortexM0\ARM_GCC_541\Release\EZI2C_EZI2C_BOOT.o"
Deleting file ".\CortexM0\ARM_GCC_541\Release\CapSense_Control.o"
Deleting file ".\CortexM0\ARM_GCC_541\Release\CapSense_Processing.o"
Deleting file ".\CortexM0\ARM_GCC_541\Release\CapSense_Structure.o"
Deleting file ".\CortexM0\ARM_GCC_541\Release\CapSense_Tuner.o"
Deleting file ".\CortexM0\ARM_GCC_541\Release\CapSense_Filter.o"
Deleting file ".\CortexM0\ARM_GCC_541\Release\CapSense_Sensing.o"
Deleting file ".\CortexM0\ARM_GCC_541\Release\CapSense_INT.o"
Deleting file ".\CortexM0\ARM_GCC_541\Release\CapSense_SensingCSD_LL.o"
Deleting file ".\CortexM0\ARM_GCC_541\Release\EZI2C_SCBCLK.o"
Deleting file ".\CortexM0\ARM_GCC_541\Release\EZI2C_sda.o"
Deleting file ".\CortexM0\ARM_GCC_541\Release\EZI2C_sda_PM.o"
Deleting file ".\CortexM0\ARM_GCC_541\Release\EZI2C_scl.o"
Deleting file ".\CortexM0\ARM_GCC_541\Release\EZI2C_scl_PM.o"
Deleting file ".\CortexM0\ARM_GCC_541\Release\EZI2C_SCB_IRQ.o"
Deleting file ".\CortexM0\ARM_GCC_541\Release\CapSense_ISR.o"
Deleting file ".\CortexM0\ARM_GCC_541\Release\cy_em_eeprom.o"
Deleting file ".\CortexM0\ARM_GCC_541\Release\CyFlash.o"
Deleting file ".\CortexM0\ARM_GCC_541\Release\CyLib.o"
Deleting file ".\CortexM0\ARM_GCC_541\Release\cyPm.o"
Deleting file ".\CortexM0\ARM_GCC_541\Release\cyutils.o"
Deleting file ".\CortexM0\ARM_GCC_541\Release\CyBootAsmGnu.o"
Deleting file ".\CortexM0\ARM_GCC_541\Release\Cm0Start.o"
Deleting file ".\CortexM0\ARM_GCC_541\Release\CyLFClk.o"
Deleting file ".\CortexM0\ARM_GCC_541\Release\UART.o"
Deleting file ".\CortexM0\ARM_GCC_541\Release\UART_SPI_UART.o"
Deleting file ".\CortexM0\ARM_GCC_541\Release\UART_SPI_UART_INT.o"
Deleting file ".\CortexM0\ARM_GCC_541\Release\UART_PM.o"
Deleting file ".\CortexM0\ARM_GCC_541\Release\UART_UART.o"
Deleting file ".\CortexM0\ARM_GCC_541\Release\UART_BOOT.o"
Deleting file ".\CortexM0\ARM_GCC_541\Release\UART_UART_BOOT.o"
Deleting file ".\CortexM0\ARM_GCC_541\Release\UART_SCBCLK.o"
Deleting file ".\CortexM0\ARM_GCC_541\Release\UART_tx.o"
Deleting file ".\CortexM0\ARM_GCC_541\Release\UART_tx_PM.o"
Deleting file ".\CortexM0\ARM_GCC_541\Release\UART_rx.o"
Deleting file ".\CortexM0\ARM_GCC_541\Release\UART_rx_PM.o"
Deleting file ".\CortexM0\ARM_GCC_541\Release\CAP_INT.o"
Deleting file ".\CortexM0\ARM_GCC_541\Release\CAP_INT_PM.o"
Deleting file ".\CortexM0\ARM_GCC_541\Release\CyDMA.o"
Deleting file ".\CortexM0\ARM_GCC_541\Release\TC_Interrupt.o"
Deleting file ".\CortexM0\ARM_GCC_541\Release\Clock.o"
Deleting file ".\CortexM0\ARM_GCC_541\Release\Timer.o"
Deleting file ".\CortexM0\ARM_GCC_541\Release\Timer_PM.o"
Deleting file ".\CortexM0\ARM_GCC_541\Release\EZIIC_button.hex"
Deleting file ".\CortexM0\ARM_GCC_541\Release\EZIIC_button.elf"
Deleting file ".\CortexM0\ARM_GCC_541\Release\EZIIC_button.map"
Deleting file ".\EZIIC_button.cycdx"
Deleting file ".\EZIIC_button.svd"
Deleting file ".\EZIIC_button.rpt"
Deleting file ".\EZIIC_button_timing.html"
Deleting file ".\CortexM0\ARM_GCC_541\Release\.deps\SOURCE_C__ARM_GCC_GENERIC.P"
Deleting file ".\CortexM0\ARM_GCC_541\Release\.deps\SOURCE_ASM__ARM_GCC_GENERIC.P"
cydsfit.exe -.appdatapath "C:\Users\zack.li\AppData\Local\Cypress Semiconductor\PSoC Creator\4.2" -.fdsnotice -.fdswarpdepfile=warp_dependencies.txt -.fdselabdepfile=elab_dependencies.txt -.fdsbldfile=generated_files.txt -.fdsreffile=referenced_files.txt -p D:\_Project\_MD\cypress_button\EZIIC_button.cydsn\EZIIC_button.cyprj -d CY8C4247AZI-M485 -s D:\_Project\_MD\cypress_button\EZIIC_button.cydsn\Generated_Source\PSoC4 -- -yv2 -q10 -ygs -o2 -v3 -.fftcfgtype=LE
Elaborating Design...
HDL Generation...
Synthesis...
Tech Mapping...
Analog Placement...
Analog Routing...
Analog Code Generation...
Digital Placement...
Digital Routing...
Bitstream Generation...
Bitstream Verification...
Static timing analysis...
API Generation...
Dependency Generation...
Cleanup...
arm-none-eabi-gcc.exe -mcpu=cortex-m0 -mthumb -I. -IGenerated_Source\PSoC4 -Wa,-alh=.\CortexM0\ARM_GCC_541\Release/main.lst -g -D NDEBUG -D CY_CORE_ID=0 -Wall -ffunction-sections -ffat-lto-objects -Os -c main.c -o .\CortexM0\ARM_GCC_541\Release\main.o
arm-none-eabi-gcc.exe -mcpu=cortex-m0 -mthumb -I. -IGenerated_Source\PSoC4 -Wa,-alh=.\CortexM0\ARM_GCC_541\Release/cyfitter_cfg.lst -g -D NDEBUG -D CY_CORE_ID=0 -Wall -ffunction-sections -ffat-lto-objects -Os -c Generated_Source\PSoC4\cyfitter_cfg.c -o .\CortexM0\ARM_GCC_541\Release\cyfitter_cfg.o
arm-none-eabi-gcc.exe -mcpu=cortex-m0 -mthumb -I. -IGenerated_Source\PSoC4 -Wa,-alh=.\CortexM0\ARM_GCC_541\Release/cymetadata.lst -g -D NDEBUG -D CY_CORE_ID=0 -Wall -ffunction-sections -ffat-lto-objects -Os -c Generated_Source\PSoC4\cymetadata.c -o .\CortexM0\ARM_GCC_541\Release\cymetadata.o
arm-none-eabi-gcc.exe -mcpu=cortex-m0 -mthumb -I. -IGenerated_Source\PSoC4 -Wa,-alh=.\CortexM0\ARM_GCC_541\Release/EZI2C.lst -g -D NDEBUG -D CY_CORE_ID=0 -Wall -ffunction-sections -ffat-lto-objects -Os -c Generated_Source\PSoC4\EZI2C.c -o .\CortexM0\ARM_GCC_541\Release\EZI2C.o
arm-none-eabi-gcc.exe -mcpu=cortex-m0 -mthumb -I. -IGenerated_Source\PSoC4 -Wa,-alh=.\CortexM0\ARM_GCC_541\Release/EZI2C_PM.lst -g -D NDEBUG -D CY_CORE_ID=0 -Wall -ffunction-sections -ffat-lto-objects -Os -c Generated_Source\PSoC4\EZI2C_PM.c -o .\CortexM0\ARM_GCC_541\Release\EZI2C_PM.o
arm-none-eabi-gcc.exe -mcpu=cortex-m0 -mthumb -I. -IGenerated_Source\PSoC4 -Wa,-alh=.\CortexM0\ARM_GCC_541\Release/EZI2C_BOOT.lst -g -D NDEBUG -D CY_CORE_ID=0 -Wall -ffunction-sections -ffat-lto-objects -Os -c Generated_Source\PSoC4\EZI2C_BOOT.c -o .\CortexM0\ARM_GCC_541\Release\EZI2C_BOOT.o
arm-none-eabi-gcc.exe -mcpu=cortex-m0 -mthumb -I. -IGenerated_Source\PSoC4 -Wa,-alh=.\CortexM0\ARM_GCC_541\Release/EZI2C_EZI2C.lst -g -D NDEBUG -D CY_CORE_ID=0 -Wall -ffunction-sections -ffat-lto-objects -Os -c Generated_Source\PSoC4\EZI2C_EZI2C.c -o .\CortexM0\ARM_GCC_541\Release\EZI2C_EZI2C.o
arm-none-eabi-gcc.exe -mcpu=cortex-m0 -mthumb -I. -IGenerated_Source\PSoC4 -Wa,-alh=.\CortexM0\ARM_GCC_541\Release/EZI2C_EZI2C_INT.lst -g -D NDEBUG -D CY_CORE_ID=0 -Wall -ffunction-sections -ffat-lto-objects -Os -c Generated_Source\PSoC4\EZI2C_EZI2C_INT.c -o .\CortexM0\ARM_GCC_541\Release\EZI2C_EZI2C_INT.o
arm-none-eabi-gcc.exe -mcpu=cortex-m0 -mthumb -I. -IGenerated_Source\PSoC4 -Wa,-alh=.\CortexM0\ARM_GCC_541\Release/EZI2C_EZI2C_BOOT.lst -g -D NDEBUG -D CY_CORE_ID=0 -Wall -ffunction-sections -ffat-lto-objects -Os -c Generated_Source\PSoC4\EZI2C_EZI2C_BOOT.c -o .\CortexM0\ARM_GCC_541\Release\EZI2C_EZI2C_BOOT.o
arm-none-eabi-gcc.exe -mcpu=cortex-m0 -mthumb -I. -IGenerated_Source\PSoC4 -Wa,-alh=.\CortexM0\ARM_GCC_541\Release/CapSense_Control.lst -g -D NDEBUG -D CY_CORE_ID=0 -Wall -ffunction-sections -ffat-lto-objects -Os -c Generated_Source\PSoC4\CapSense_Control.c -o .\CortexM0\ARM_GCC_541\Release\CapSense_Control.o
arm-none-eabi-gcc.exe -mcpu=cortex-m0 -mthumb -I. -IGenerated_Source\PSoC4 -Wa,-alh=.\CortexM0\ARM_GCC_541\Release/CapSense_Processing.lst -g -D NDEBUG -D CY_CORE_ID=0 -Wall -ffunction-sections -ffat-lto-objects -Os -c Generated_Source\PSoC4\CapSense_Processing.c -o .\CortexM0\ARM_GCC_541\Release\CapSense_Processing.o
arm-none-eabi-gcc.exe -mcpu=cortex-m0 -mthumb -I. -IGenerated_Source\PSoC4 -Wa,-alh=.\CortexM0\ARM_GCC_541\Release/CapSense_Structure.lst -g -D NDEBUG -D CY_CORE_ID=0 -Wall -ffunction-sections -ffat-lto-objects -Os -c Generated_Source\PSoC4\CapSense_Structure.c -o .\CortexM0\ARM_GCC_541\Release\CapSense_Structure.o
arm-none-eabi-gcc.exe -mcpu=cortex-m0 -mthumb -I. -IGenerated_Source\PSoC4 -Wa,-alh=.\CortexM0\ARM_GCC_541\Release/CapSense_Tuner.lst -g -D NDEBUG -D CY_CORE_ID=0 -Wall -ffunction-sections -ffat-lto-objects -Os -c Generated_Source\PSoC4\CapSense_Tuner.c -o .\CortexM0\ARM_GCC_541\Release\CapSense_Tuner.o
arm-none-eabi-gcc.exe -mcpu=cortex-m0 -mthumb -I. -IGenerated_Source\PSoC4 -Wa,-alh=.\CortexM0\ARM_GCC_541\Release/CapSense_Filter.lst -g -D NDEBUG -D CY_CORE_ID=0 -Wall -ffunction-sections -ffat-lto-objects -Os -c Generated_Source\PSoC4\CapSense_Filter.c -o .\CortexM0\ARM_GCC_541\Release\CapSense_Filter.o
arm-none-eabi-gcc.exe -mcpu=cortex-m0 -mthumb -I. -IGenerated_Source\PSoC4 -Wa,-alh=.\CortexM0\ARM_GCC_541\Release/CapSense_Sensing.lst -g -D NDEBUG -D CY_CORE_ID=0 -Wall -ffunction-sections -ffat-lto-objects -Os -c Generated_Source\PSoC4\CapSense_Sensing.c -o .\CortexM0\ARM_GCC_541\Release\CapSense_Sensing.o
arm-none-eabi-gcc.exe -mcpu=cortex-m0 -mthumb -I. -IGenerated_Source\PSoC4 -Wa,-alh=.\CortexM0\ARM_GCC_541\Release/CapSense_INT.lst -g -D NDEBUG -D CY_CORE_ID=0 -Wall -ffunction-sections -ffat-lto-objects -Os -c Generated_Source\PSoC4\CapSense_INT.c -o .\CortexM0\ARM_GCC_541\Release\CapSense_INT.o
arm-none-eabi-gcc.exe -mcpu=cortex-m0 -mthumb -I. -IGenerated_Source\PSoC4 -Wa,-alh=.\CortexM0\ARM_GCC_541\Release/CapSense_SensingCSD_LL.lst -g -D NDEBUG -D CY_CORE_ID=0 -Wall -ffunction-sections -ffat-lto-objects -Os -c Generated_Source\PSoC4\CapSense_SensingCSD_LL.c -o .\CortexM0\ARM_GCC_541\Release\CapSense_SensingCSD_LL.o
arm-none-eabi-gcc.exe -mcpu=cortex-m0 -mthumb -I. -IGenerated_Source\PSoC4 -Wa,-alh=.\CortexM0\ARM_GCC_541\Release/EZI2C_SCBCLK.lst -g -D NDEBUG -D CY_CORE_ID=0 -Wall -ffunction-sections -ffat-lto-objects -Os -c Generated_Source\PSoC4\EZI2C_SCBCLK.c -o .\CortexM0\ARM_GCC_541\Release\EZI2C_SCBCLK.o
arm-none-eabi-gcc.exe -mcpu=cortex-m0 -mthumb -I. -IGenerated_Source\PSoC4 -Wa,-alh=.\CortexM0\ARM_GCC_541\Release/EZI2C_sda.lst -g -D NDEBUG -D CY_CORE_ID=0 -Wall -ffunction-sections -ffat-lto-objects -Os -c Generated_Source\PSoC4\EZI2C_sda.c -o .\CortexM0\ARM_GCC_541\Release\EZI2C_sda.o
arm-none-eabi-gcc.exe -mcpu=cortex-m0 -mthumb -I. -IGenerated_Source\PSoC4 -Wa,-alh=.\CortexM0\ARM_GCC_541\Release/EZI2C_sda_PM.lst -g -D NDEBUG -D CY_CORE_ID=0 -Wall -ffunction-sections -ffat-lto-objects -Os -c Generated_Source\PSoC4\EZI2C_sda_PM.c -o .\CortexM0\ARM_GCC_541\Release\EZI2C_sda_PM.o
arm-none-eabi-gcc.exe -mcpu=cortex-m0 -mthumb -I. -IGenerated_Source\PSoC4 -Wa,-alh=.\CortexM0\ARM_GCC_541\Release/EZI2C_scl.lst -g -D NDEBUG -D CY_CORE_ID=0 -Wall -ffunction-sections -ffat-lto-objects -Os -c Generated_Source\PSoC4\EZI2C_scl.c -o .\CortexM0\ARM_GCC_541\Release\EZI2C_scl.o
arm-none-eabi-gcc.exe -mcpu=cortex-m0 -mthumb -I. -IGenerated_Source\PSoC4 -Wa,-alh=.\CortexM0\ARM_GCC_541\Release/EZI2C_scl_PM.lst -g -D NDEBUG -D CY_CORE_ID=0 -Wall -ffunction-sections -ffat-lto-objects -Os -c Generated_Source\PSoC4\EZI2C_scl_PM.c -o .\CortexM0\ARM_GCC_541\Release\EZI2C_scl_PM.o
arm-none-eabi-gcc.exe -mcpu=cortex-m0 -mthumb -I. -IGenerated_Source\PSoC4 -Wa,-alh=.\CortexM0\ARM_GCC_541\Release/EZI2C_SCB_IRQ.lst -g -D NDEBUG -D CY_CORE_ID=0 -Wall -ffunction-sections -ffat-lto-objects -Os -c Generated_Source\PSoC4\EZI2C_SCB_IRQ.c -o .\CortexM0\ARM_GCC_541\Release\EZI2C_SCB_IRQ.o
arm-none-eabi-gcc.exe -mcpu=cortex-m0 -mthumb -I. -IGenerated_Source\PSoC4 -Wa,-alh=.\CortexM0\ARM_GCC_541\Release/CapSense_ISR.lst -g -D NDEBUG -D CY_CORE_ID=0 -Wall -ffunction-sections -ffat-lto-objects -Os -c Generated_Source\PSoC4\CapSense_ISR.c -o .\CortexM0\ARM_GCC_541\Release\CapSense_ISR.o
arm-none-eabi-gcc.exe -mcpu=cortex-m0 -mthumb -I. -IGenerated_Source\PSoC4 -Wa,-alh=.\CortexM0\ARM_GCC_541\Release/cy_em_eeprom.lst -g -D NDEBUG -D CY_CORE_ID=0 -Wall -ffunction-sections -ffat-lto-objects -Os -c Generated_Source\PSoC4\cy_em_eeprom.c -o .\CortexM0\ARM_GCC_541\Release\cy_em_eeprom.o
arm-none-eabi-gcc.exe -mcpu=cortex-m0 -mthumb -I. -IGenerated_Source\PSoC4 -Wa,-alh=.\CortexM0\ARM_GCC_541\Release/CyFlash.lst -g -D NDEBUG -D CY_CORE_ID=0 -Wall -ffunction-sections -ffat-lto-objects -Os -c Generated_Source\PSoC4\CyFlash.c -o .\CortexM0\ARM_GCC_541\Release\CyFlash.o
arm-none-eabi-gcc.exe -mcpu=cortex-m0 -mthumb -I. -IGenerated_Source\PSoC4 -Wa,-alh=.\CortexM0\ARM_GCC_541\Release/CyLib.lst -g -D NDEBUG -D CY_CORE_ID=0 -Wall -ffunction-sections -ffat-lto-objects -Os -c Generated_Source\PSoC4\CyLib.c -o .\CortexM0\ARM_GCC_541\Release\CyLib.o
arm-none-eabi-gcc.exe -mcpu=cortex-m0 -mthumb -I. -IGenerated_Source\PSoC4 -Wa,-alh=.\CortexM0\ARM_GCC_541\Release/cyPm.lst -g -D NDEBUG -D CY_CORE_ID=0 -Wall -ffunction-sections -ffat-lto-objects -Os -c Generated_Source\PSoC4\cyPm.c -o .\CortexM0\ARM_GCC_541\Release\cyPm.o
arm-none-eabi-gcc.exe -mcpu=cortex-m0 -mthumb -I. -IGenerated_Source\PSoC4 -Wa,-alh=.\CortexM0\ARM_GCC_541\Release/cyutils.lst -g -D NDEBUG -D CY_CORE_ID=0 -Wall -ffunction-sections -ffat-lto-objects -Os -c Generated_Source\PSoC4\cyutils.c -o .\CortexM0\ARM_GCC_541\Release\cyutils.o
arm-none-eabi-gcc.exe -mcpu=cortex-m0 -mthumb -I. -IGenerated_Source\PSoC4 -Wa,-alh=.\CortexM0\ARM_GCC_541\Release/Cm0Start.lst -g -D NDEBUG -D CY_CORE_ID=0 -Wall -ffunction-sections -ffat-lto-objects -Os -c Generated_Source\PSoC4\Cm0Start.c -o .\CortexM0\ARM_GCC_541\Release\Cm0Start.o
arm-none-eabi-gcc.exe -mcpu=cortex-m0 -mthumb -I. -IGenerated_Source\PSoC4 -Wa,-alh=.\CortexM0\ARM_GCC_541\Release/CyLFClk.lst -g -D NDEBUG -D CY_CORE_ID=0 -Wall -ffunction-sections -ffat-lto-objects -Os -c Generated_Source\PSoC4\CyLFClk.c -o .\CortexM0\ARM_GCC_541\Release\CyLFClk.o
arm-none-eabi-gcc.exe -mcpu=cortex-m0 -mthumb -I. -IGenerated_Source\PSoC4 -Wa,-alh=.\CortexM0\ARM_GCC_541\Release/UART.lst -g -D NDEBUG -D CY_CORE_ID=0 -Wall -ffunction-sections -ffat-lto-objects -Os -c Generated_Source\PSoC4\UART.c -o .\CortexM0\ARM_GCC_541\Release\UART.o
arm-none-eabi-gcc.exe -mcpu=cortex-m0 -mthumb -I. -IGenerated_Source\PSoC4 -Wa,-alh=.\CortexM0\ARM_GCC_541\Release/UART_SPI_UART.lst -g -D NDEBUG -D CY_CORE_ID=0 -Wall -ffunction-sections -ffat-lto-objects -Os -c Generated_Source\PSoC4\UART_SPI_UART.c -o .\CortexM0\ARM_GCC_541\Release\UART_SPI_UART.o
arm-none-eabi-gcc.exe -mcpu=cortex-m0 -mthumb -I. -IGenerated_Source\PSoC4 -Wa,-alh=.\CortexM0\ARM_GCC_541\Release/UART_SPI_UART_INT.lst -g -D NDEBUG -D CY_CORE_ID=0 -Wall -ffunction-sections -ffat-lto-objects -Os -c Generated_Source\PSoC4\UART_SPI_UART_INT.c -o .\CortexM0\ARM_GCC_541\Release\UART_SPI_UART_INT.o
arm-none-eabi-gcc.exe -mcpu=cortex-m0 -mthumb -I. -IGenerated_Source\PSoC4 -Wa,-alh=.\CortexM0\ARM_GCC_541\Release/UART_PM.lst -g -D NDEBUG -D CY_CORE_ID=0 -Wall -ffunction-sections -ffat-lto-objects -Os -c Generated_Source\PSoC4\UART_PM.c -o .\CortexM0\ARM_GCC_541\Release\UART_PM.o
arm-none-eabi-gcc.exe -mcpu=cortex-m0 -mthumb -I. -IGenerated_Source\PSoC4 -Wa,-alh=.\CortexM0\ARM_GCC_541\Release/UART_UART.lst -g -D NDEBUG -D CY_CORE_ID=0 -Wall -ffunction-sections -ffat-lto-objects -Os -c Generated_Source\PSoC4\UART_UART.c -o .\CortexM0\ARM_GCC_541\Release\UART_UART.o
arm-none-eabi-gcc.exe -mcpu=cortex-m0 -mthumb -I. -IGenerated_Source\PSoC4 -Wa,-alh=.\CortexM0\ARM_GCC_541\Release/UART_BOOT.lst -g -D NDEBUG -D CY_CORE_ID=0 -Wall -ffunction-sections -ffat-lto-objects -Os -c Generated_Source\PSoC4\UART_BOOT.c -o .\CortexM0\ARM_GCC_541\Release\UART_BOOT.o
arm-none-eabi-gcc.exe -mcpu=cortex-m0 -mthumb -I. -IGenerated_Source\PSoC4 -Wa,-alh=.\CortexM0\ARM_GCC_541\Release/UART_UART_BOOT.lst -g -D NDEBUG -D CY_CORE_ID=0 -Wall -ffunction-sections -ffat-lto-objects -Os -c Generated_Source\PSoC4\UART_UART_BOOT.c -o .\CortexM0\ARM_GCC_541\Release\UART_UART_BOOT.o
arm-none-eabi-gcc.exe -mcpu=cortex-m0 -mthumb -I. -IGenerated_Source\PSoC4 -Wa,-alh=.\CortexM0\ARM_GCC_541\Release/UART_SCBCLK.lst -g -D NDEBUG -D CY_CORE_ID=0 -Wall -ffunction-sections -ffat-lto-objects -Os -c Generated_Source\PSoC4\UART_SCBCLK.c -o .\CortexM0\ARM_GCC_541\Release\UART_SCBCLK.o
arm-none-eabi-gcc.exe -mcpu=cortex-m0 -mthumb -I. -IGenerated_Source\PSoC4 -Wa,-alh=.\CortexM0\ARM_GCC_541\Release/UART_tx.lst -g -D NDEBUG -D CY_CORE_ID=0 -Wall -ffunction-sections -ffat-lto-objects -Os -c Generated_Source\PSoC4\UART_tx.c -o .\CortexM0\ARM_GCC_541\Release\UART_tx.o
arm-none-eabi-gcc.exe -mcpu=cortex-m0 -mthumb -I. -IGenerated_Source\PSoC4 -Wa,-alh=.\CortexM0\ARM_GCC_541\Release/UART_tx_PM.lst -g -D NDEBUG -D CY_CORE_ID=0 -Wall -ffunction-sections -ffat-lto-objects -Os -c Generated_Source\PSoC4\UART_tx_PM.c -o .\CortexM0\ARM_GCC_541\Release\UART_tx_PM.o
arm-none-eabi-gcc.exe -mcpu=cortex-m0 -mthumb -I. -IGenerated_Source\PSoC4 -Wa,-alh=.\CortexM0\ARM_GCC_541\Release/UART_rx.lst -g -D NDEBUG -D CY_CORE_ID=0 -Wall -ffunction-sections -ffat-lto-objects -Os -c Generated_Source\PSoC4\UART_rx.c -o .\CortexM0\ARM_GCC_541\Release\UART_rx.o
arm-none-eabi-gcc.exe -mcpu=cortex-m0 -mthumb -I. -IGenerated_Source\PSoC4 -Wa,-alh=.\CortexM0\ARM_GCC_541\Release/UART_rx_PM.lst -g -D NDEBUG -D CY_CORE_ID=0 -Wall -ffunction-sections -ffat-lto-objects -Os -c Generated_Source\PSoC4\UART_rx_PM.c -o .\CortexM0\ARM_GCC_541\Release\UART_rx_PM.o
arm-none-eabi-gcc.exe -mcpu=cortex-m0 -mthumb -I. -IGenerated_Source\PSoC4 -Wa,-alh=.\CortexM0\ARM_GCC_541\Release/CAP_INT.lst -g -D NDEBUG -D CY_CORE_ID=0 -Wall -ffunction-sections -ffat-lto-objects -Os -c Generated_Source\PSoC4\CAP_INT.c -o .\CortexM0\ARM_GCC_541\Release\CAP_INT.o
arm-none-eabi-gcc.exe -mcpu=cortex-m0 -mthumb -I. -IGenerated_Source\PSoC4 -Wa,-alh=.\CortexM0\ARM_GCC_541\Release/CAP_INT_PM.lst -g -D NDEBUG -D CY_CORE_ID=0 -Wall -ffunction-sections -ffat-lto-objects -Os -c Generated_Source\PSoC4\CAP_INT_PM.c -o .\CortexM0\ARM_GCC_541\Release\CAP_INT_PM.o
arm-none-eabi-gcc.exe -mcpu=cortex-m0 -mthumb -I. -IGenerated_Source\PSoC4 -Wa,-alh=.\CortexM0\ARM_GCC_541\Release/CyDMA.lst -g -D NDEBUG -D CY_CORE_ID=0 -Wall -ffunction-sections -ffat-lto-objects -Os -c Generated_Source\PSoC4\CyDMA.c -o .\CortexM0\ARM_GCC_541\Release\CyDMA.o
arm-none-eabi-gcc.exe -mcpu=cortex-m0 -mthumb -I. -IGenerated_Source\PSoC4 -Wa,-alh=.\CortexM0\ARM_GCC_541\Release/TC_Interrupt.lst -g -D NDEBUG -D CY_CORE_ID=0 -Wall -ffunction-sections -ffat-lto-objects -Os -c Generated_Source\PSoC4\TC_Interrupt.c -o .\CortexM0\ARM_GCC_541\Release\TC_Interrupt.o
arm-none-eabi-gcc.exe -mcpu=cortex-m0 -mthumb -I. -IGenerated_Source\PSoC4 -Wa,-alh=.\CortexM0\ARM_GCC_541\Release/Clock.lst -g -D NDEBUG -D CY_CORE_ID=0 -Wall -ffunction-sections -ffat-lto-objects -Os -c Generated_Source\PSoC4\Clock.c -o .\CortexM0\ARM_GCC_541\Release\Clock.o
arm-none-eabi-gcc.exe -mcpu=cortex-m0 -mthumb -I. -IGenerated_Source\PSoC4 -Wa,-alh=.\CortexM0\ARM_GCC_541\Release/Timer.lst -g -D NDEBUG -D CY_CORE_ID=0 -Wall -ffunction-sections -ffat-lto-objects -Os -c Generated_Source\PSoC4\Timer.c -o .\CortexM0\ARM_GCC_541\Release\Timer.o
arm-none-eabi-gcc.exe -mcpu=cortex-m0 -mthumb -I. -IGenerated_Source\PSoC4 -Wa,-alh=.\CortexM0\ARM_GCC_541\Release/Timer_PM.lst -g -D NDEBUG -D CY_CORE_ID=0 -Wall -ffunction-sections -ffat-lto-objects -Os -c Generated_Source\PSoC4\Timer_PM.c -o .\CortexM0\ARM_GCC_541\Release\Timer_PM.o
arm-none-eabi-as.exe -mcpu=cortex-m0 -mthumb -I. -IGenerated_Source\PSoC4 -alh=.\CortexM0\ARM_GCC_541\Release/CyBootAsmGnu.lst -g -W -o .\CortexM0\ARM_GCC_541\Release\CyBootAsmGnu.o Generated_Source\PSoC4\CyBootAsmGnu.s
arm-none-eabi-ar.exe -rs .\CortexM0\ARM_GCC_541\Release\EZIIC_button.a .\CortexM0\ARM_GCC_541\Release\EZI2C.o .\CortexM0\ARM_GCC_541\Release\EZI2C_PM.o .\CortexM0\ARM_GCC_541\Release\EZI2C_BOOT.o .\CortexM0\ARM_GCC_541\Release\EZI2C_EZI2C.o .\CortexM0\ARM_GCC_541\Release\EZI2C_EZI2C_INT.o .\CortexM0\ARM_GCC_541\Release\EZI2C_EZI2C_BOOT.o .\CortexM0\ARM_GCC_541\Release\CapSense_Control.o .\CortexM0\ARM_GCC_541\Release\CapSense_Processing.o .\CortexM0\ARM_GCC_541\Release\CapSense_Structure.o .\CortexM0\ARM_GCC_541\Release\CapSense_Tuner.o .\CortexM0\ARM_GCC_541\Release\CapSense_Filter.o .\CortexM0\ARM_GCC_541\Release\CapSense_Sensing.o .\CortexM0\ARM_GCC_541\Release\CapSense_INT.o .\CortexM0\ARM_GCC_541\Release\CapSense_SensingCSD_LL.o .\CortexM0\ARM_GCC_541\Release\EZI2C_SCBCLK.o .\CortexM0\ARM_GCC_541\Release\EZI2C_sda.o .\CortexM0\ARM_GCC_541\Release\EZI2C_sda_PM.o .\CortexM0\ARM_GCC_541\Release\EZI2C_scl.o .\CortexM0\ARM_GCC_541\Release\EZI2C_scl_PM.o .\CortexM0\ARM_GCC_541\Release\EZI2C_SCB_IRQ.o .\CortexM0\ARM_GCC_541\Release\CapSense_ISR.o .\CortexM0\ARM_GCC_541\Release\cy_em_eeprom.o .\CortexM0\ARM_GCC_541\Release\CyFlash.o .\CortexM0\ARM_GCC_541\Release\CyLib.o .\CortexM0\ARM_GCC_541\Release\cyPm.o .\CortexM0\ARM_GCC_541\Release\cyutils.o .\CortexM0\ARM_GCC_541\Release\CyLFClk.o .\CortexM0\ARM_GCC_541\Release\UART.o .\CortexM0\ARM_GCC_541\Release\UART_SPI_UART.o .\CortexM0\ARM_GCC_541\Release\UART_SPI_UART_INT.o .\CortexM0\ARM_GCC_541\Release\UART_PM.o .\CortexM0\ARM_GCC_541\Release\UART_UART.o .\CortexM0\ARM_GCC_541\Release\UART_BOOT.o .\CortexM0\ARM_GCC_541\Release\UART_UART_BOOT.o .\CortexM0\ARM_GCC_541\Release\UART_SCBCLK.o .\CortexM0\ARM_GCC_541\Release\UART_tx.o .\CortexM0\ARM_GCC_541\Release\UART_tx_PM.o .\CortexM0\ARM_GCC_541\Release\UART_rx.o .\CortexM0\ARM_GCC_541\Release\UART_rx_PM.o .\CortexM0\ARM_GCC_541\Release\CAP_INT.o .\CortexM0\ARM_GCC_541\Release\CAP_INT_PM.o .\CortexM0\ARM_GCC_541\Release\CyDMA.o .\CortexM0\ARM_GCC_541\Release\TC_Interrupt.o .\CortexM0\ARM_GCC_541\Release\Clock.o .\CortexM0\ARM_GCC_541\Release\Timer.o .\CortexM0\ARM_GCC_541\Release\Timer_PM.o .\CortexM0\ARM_GCC_541\Release\CyBootAsmGnu.o
arm-none-eabi-ar.exe: creating .\CortexM0\ARM_GCC_541\Release\EZIIC_button.a
arm-none-eabi-gcc.exe -Wl,--start-group -o D:\_Project\_MD\cypress_button\EZIIC_button.cydsn\CortexM0\ARM_GCC_541\Release\EZIIC_button.elf .\CortexM0\ARM_GCC_541\Release\main.o .\CortexM0\ARM_GCC_541\Release\cyfitter_cfg.o .\CortexM0\ARM_GCC_541\Release\cymetadata.o .\CortexM0\ARM_GCC_541\Release\Cm0Start.o .\CortexM0\ARM_GCC_541\Release\EZIIC_button.a "C:\Users\zack.li\Documents\PSoC Creator\4.2\Downloads ( 4.2).cylib\CapSense_P4_v7_0\PSoC4\Library\Capsense_P4Library_GCC.a" -mcpu=cortex-m0 -mthumb -L Generated_Source\PSoC4 -Wl,-Map,.\CortexM0\ARM_GCC_541\Release/EZIIC_button.map -T Generated_Source\PSoC4\cm0gcc.ld -specs=nano.specs -Wl,--gc-sections -g -ffunction-sections -Os -ffat-lto-objects -Wl,--end-group
cyelftool.exe -C D:\_Project\_MD\cypress_button\EZIIC_button.cydsn\CortexM0\ARM_GCC_541\Release\EZIIC_button.elf --flash_row_size 128 --flash_size 131072 --flash_offset 0x00000000
No ELF section .cychecksum found, creating one
Application checksum calculated and stored in ELF section .cychecksum
Checksum calculated and stored in ELF section .cymeta
cyelftool.exe -S D:\_Project\_MD\cypress_button\EZIIC_button.cydsn\CortexM0\ARM_GCC_541\Release\EZIIC_button.elf
Flash used: 12398 of 131072 bytes (9.5%).
SRAM used: 2880 of 16384 bytes (17.6%). Stack: 1024 bytes. Heap: 128 bytes.
--------------- Rebuild Succeeded: 05/18/2020 15:25:17 ---------------
