ARM GAS  C:\Users\zack.li\AppData\Local\Temp\ccPg3RaI.s 			page 1


   1              		.syntax unified
   2              		.cpu cortex-m0plus
   3              		.fpu softvfp
   4              		.eabi_attribute 20, 1
   5              		.eabi_attribute 21, 1
   6              		.eabi_attribute 23, 3
   7              		.eabi_attribute 24, 1
   8              		.eabi_attribute 25, 1
   9              		.eabi_attribute 26, 1
  10              		.eabi_attribute 30, 1
  11              		.eabi_attribute 34, 0
  12              		.eabi_attribute 18, 4
  13              		.thumb
  14              		.syntax unified
  15              		.file	"CapSense_Tuner.c"
  16              		.text
  17              	.Ltext0:
  18              		.cfi_sections	.debug_frame
  19              		.section	.text.CapSense_TuInitialize,"ax",%progbits
  20              		.align	2
  21              		.global	CapSense_TuInitialize
  22              		.code	16
  23              		.thumb_func
  24              		.type	CapSense_TuInitialize, %function
  25              	CapSense_TuInitialize:
  26              	.LFB1:
  27              		.file 1 "Generated_Source\\PSoC4\\CapSense_Tuner.c"
   1:Generated_Source\PSoC4/CapSense_Tuner.c **** /***************************************************************************//**
   2:Generated_Source\PSoC4/CapSense_Tuner.c **** * \file CapSense_Tuner.c
   3:Generated_Source\PSoC4/CapSense_Tuner.c **** * \version 7.0
   4:Generated_Source\PSoC4/CapSense_Tuner.c **** *
   5:Generated_Source\PSoC4/CapSense_Tuner.c **** * \brief
   6:Generated_Source\PSoC4/CapSense_Tuner.c **** *   This file provides the source code for the Tuner module API of the Component.
   7:Generated_Source\PSoC4/CapSense_Tuner.c **** *
   8:Generated_Source\PSoC4/CapSense_Tuner.c **** * \see CapSense v7.0 Datasheet
   9:Generated_Source\PSoC4/CapSense_Tuner.c **** *
  10:Generated_Source\PSoC4/CapSense_Tuner.c **** *//*****************************************************************************
  11:Generated_Source\PSoC4/CapSense_Tuner.c **** * Copyright (2016-2019), Cypress Semiconductor Corporation.
  12:Generated_Source\PSoC4/CapSense_Tuner.c **** ********************************************************************************
  13:Generated_Source\PSoC4/CapSense_Tuner.c **** * This software is owned by Cypress Semiconductor Corporation (Cypress) and is
  14:Generated_Source\PSoC4/CapSense_Tuner.c **** * protected by and subject to worldwide patent protection (United States and
  15:Generated_Source\PSoC4/CapSense_Tuner.c **** * foreign), United States copyright laws and international treaty provisions.
  16:Generated_Source\PSoC4/CapSense_Tuner.c **** * Cypress hereby grants to licensee a personal, non-exclusive, non-transferable
  17:Generated_Source\PSoC4/CapSense_Tuner.c **** * license to copy, use, modify, create derivative works of, and compile the
  18:Generated_Source\PSoC4/CapSense_Tuner.c **** * Cypress Source Code and derivative works for the sole purpose of creating
  19:Generated_Source\PSoC4/CapSense_Tuner.c **** * custom software in support of licensee product to be used only in conjunction
  20:Generated_Source\PSoC4/CapSense_Tuner.c **** * with a Cypress integrated circuit as specified in the applicable agreement.
  21:Generated_Source\PSoC4/CapSense_Tuner.c **** * Any reproduction, modification, translation, compilation, or representation of
  22:Generated_Source\PSoC4/CapSense_Tuner.c **** * this software except as specified above is prohibited without the express
  23:Generated_Source\PSoC4/CapSense_Tuner.c **** * written permission of Cypress.
  24:Generated_Source\PSoC4/CapSense_Tuner.c **** *
  25:Generated_Source\PSoC4/CapSense_Tuner.c **** * Disclaimer: CYPRESS MAKES NO WARRANTY OF ANY KIND, EXPRESS OR IMPLIED, WITH
  26:Generated_Source\PSoC4/CapSense_Tuner.c **** * REGARD TO THIS MATERIAL, INCLUDING, BUT NOT LIMITED TO, THE IMPLIED
  27:Generated_Source\PSoC4/CapSense_Tuner.c **** * WARRANTIES OF MERCHANTABILITY AND FITNESS FOR A PARTICULAR PURPOSE.
  28:Generated_Source\PSoC4/CapSense_Tuner.c **** * Cypress reserves the right to make changes without further notice to the
  29:Generated_Source\PSoC4/CapSense_Tuner.c **** * materials described herein. Cypress does not assume any liability arising out
  30:Generated_Source\PSoC4/CapSense_Tuner.c **** * of the application or use of any product or circuit described herein. Cypress
ARM GAS  C:\Users\zack.li\AppData\Local\Temp\ccPg3RaI.s 			page 2


  31:Generated_Source\PSoC4/CapSense_Tuner.c **** * does not authorize its products for use as critical components in life-support
  32:Generated_Source\PSoC4/CapSense_Tuner.c **** * systems where a malfunction or failure may reasonably be expected to result in
  33:Generated_Source\PSoC4/CapSense_Tuner.c **** * significant injury to the user. The inclusion of Cypress' product in a life-
  34:Generated_Source\PSoC4/CapSense_Tuner.c **** * support systems application implies that the manufacturer assumes all risk of
  35:Generated_Source\PSoC4/CapSense_Tuner.c **** * such use and in doing so indemnifies Cypress against all charges. Use may be
  36:Generated_Source\PSoC4/CapSense_Tuner.c **** * limited by and subject to the applicable Cypress software license agreement.
  37:Generated_Source\PSoC4/CapSense_Tuner.c **** *******************************************************************************/
  38:Generated_Source\PSoC4/CapSense_Tuner.c **** 
  39:Generated_Source\PSoC4/CapSense_Tuner.c **** #include "cytypes.h"
  40:Generated_Source\PSoC4/CapSense_Tuner.c **** #include "CyLib.h"
  41:Generated_Source\PSoC4/CapSense_Tuner.c **** #include "CapSense_Structure.h"
  42:Generated_Source\PSoC4/CapSense_Tuner.c **** #include "CapSense_Tuner.h"
  43:Generated_Source\PSoC4/CapSense_Tuner.c **** #include "CapSense_Control.h"
  44:Generated_Source\PSoC4/CapSense_Tuner.c **** #include "CapSense_Configuration.h"
  45:Generated_Source\PSoC4/CapSense_Tuner.c **** 
  46:Generated_Source\PSoC4/CapSense_Tuner.c **** /* Tuner states definition */
  47:Generated_Source\PSoC4/CapSense_Tuner.c **** #define TU_FSM_RUNNING      (0u)
  48:Generated_Source\PSoC4/CapSense_Tuner.c **** #define TU_FSM_SUSPENDED    (1u)
  49:Generated_Source\PSoC4/CapSense_Tuner.c **** #define TU_FSM_SNR_TEST     (2u)
  50:Generated_Source\PSoC4/CapSense_Tuner.c **** #define TU_FSM_ONE_SCAN     (3u)
  51:Generated_Source\PSoC4/CapSense_Tuner.c **** 
  52:Generated_Source\PSoC4/CapSense_Tuner.c **** /* Tuner state variable */
  53:Generated_Source\PSoC4/CapSense_Tuner.c **** static uint32 tunerFsm = TU_FSM_RUNNING;
  54:Generated_Source\PSoC4/CapSense_Tuner.c **** 
  55:Generated_Source\PSoC4/CapSense_Tuner.c **** 
  56:Generated_Source\PSoC4/CapSense_Tuner.c **** /*******************************************************************************
  57:Generated_Source\PSoC4/CapSense_Tuner.c **** * Function Name: CapSense_TuInitialize
  58:Generated_Source\PSoC4/CapSense_Tuner.c **** ****************************************************************************//**
  59:Generated_Source\PSoC4/CapSense_Tuner.c **** *
  60:Generated_Source\PSoC4/CapSense_Tuner.c **** * \brief
  61:Generated_Source\PSoC4/CapSense_Tuner.c **** *   This function initializes the communication interface with the Tuner GUI.
  62:Generated_Source\PSoC4/CapSense_Tuner.c **** *
  63:Generated_Source\PSoC4/CapSense_Tuner.c **** * \details
  64:Generated_Source\PSoC4/CapSense_Tuner.c **** *   This API sets the tuner state machine to the default state. It is called by
  65:Generated_Source\PSoC4/CapSense_Tuner.c **** *   the CapSense_Start() API.
  66:Generated_Source\PSoC4/CapSense_Tuner.c **** *
  67:Generated_Source\PSoC4/CapSense_Tuner.c **** *******************************************************************************/
  68:Generated_Source\PSoC4/CapSense_Tuner.c **** void CapSense_TuInitialize(void)
  69:Generated_Source\PSoC4/CapSense_Tuner.c **** {
  28              		.loc 1 69 0
  29              		.cfi_startproc
  30              		@ args = 0, pretend = 0, frame = 0
  31              		@ frame_needed = 0, uses_anonymous_args = 0
  32              		@ link register save eliminated.
  33              	.LVL0:
  70:Generated_Source\PSoC4/CapSense_Tuner.c ****     volatile CapSense_RAM_STRUCT *ptrDsRam = &CapSense_dsRam;
  71:Generated_Source\PSoC4/CapSense_Tuner.c **** 
  72:Generated_Source\PSoC4/CapSense_Tuner.c ****     ptrDsRam->tunerCmd = (uint16)CapSense_TU_CMD_NONE_E;
  34              		.loc 1 72 0
  35 0000 0023     		movs	r3, #0
  36 0002 024A     		ldr	r2, .L2
  37 0004 D380     		strh	r3, [r2, #6]
  73:Generated_Source\PSoC4/CapSense_Tuner.c ****     tunerFsm = TU_FSM_RUNNING;
  38              		.loc 1 73 0
  39 0006 024A     		ldr	r2, .L2+4
  40 0008 1360     		str	r3, [r2]
  74:Generated_Source\PSoC4/CapSense_Tuner.c **** }
ARM GAS  C:\Users\zack.li\AppData\Local\Temp\ccPg3RaI.s 			page 3


  41              		.loc 1 74 0
  42              		@ sp needed
  43 000a 7047     		bx	lr
  44              	.L3:
  45              		.align	2
  46              	.L2:
  47 000c 00000000 		.word	CapSense_dsRam
  48 0010 00000000 		.word	.LANCHOR0
  49              		.cfi_endproc
  50              	.LFE1:
  51              		.size	CapSense_TuInitialize, .-CapSense_TuInitialize
  52              		.section	.text.CapSense_RunTuner,"ax",%progbits
  53              		.align	2
  54              		.global	CapSense_RunTuner
  55              		.code	16
  56              		.thumb_func
  57              		.type	CapSense_RunTuner, %function
  58              	CapSense_RunTuner:
  59              	.LFB2:
  75:Generated_Source\PSoC4/CapSense_Tuner.c **** 
  76:Generated_Source\PSoC4/CapSense_Tuner.c **** /*******************************************************************************
  77:Generated_Source\PSoC4/CapSense_Tuner.c **** * Function Name: CapSense_RunTuner
  78:Generated_Source\PSoC4/CapSense_Tuner.c **** ****************************************************************************//**
  79:Generated_Source\PSoC4/CapSense_Tuner.c **** *
  80:Generated_Source\PSoC4/CapSense_Tuner.c **** * \brief
  81:Generated_Source\PSoC4/CapSense_Tuner.c **** *  Establishes synchronized communication with the Tuner application.
  82:Generated_Source\PSoC4/CapSense_Tuner.c **** *
  83:Generated_Source\PSoC4/CapSense_Tuner.c **** * \details
  84:Generated_Source\PSoC4/CapSense_Tuner.c **** *  This function is used to establish synchronized communication between the
  85:Generated_Source\PSoC4/CapSense_Tuner.c **** *  CapSense Component and Tuner application (or other host controllers).
  86:Generated_Source\PSoC4/CapSense_Tuner.c **** *  This function is called periodically in the application program loop
  87:Generated_Source\PSoC4/CapSense_Tuner.c **** *  to serve the Tuner application (or host controller) requests and commands.
  88:Generated_Source\PSoC4/CapSense_Tuner.c **** *  In most cases, the best place to call this function is after processing and
  89:Generated_Source\PSoC4/CapSense_Tuner.c **** *  before next scanning.
  90:Generated_Source\PSoC4/CapSense_Tuner.c **** *
  91:Generated_Source\PSoC4/CapSense_Tuner.c **** *  If this function is absent in the application program, then communication is
  92:Generated_Source\PSoC4/CapSense_Tuner.c **** *  asynchronous and the following disadvantages are applicable:
  93:Generated_Source\PSoC4/CapSense_Tuner.c **** *    - The raw counts displayed in the tuner may be filtered and/or unfiltered.
  94:Generated_Source\PSoC4/CapSense_Tuner.c **** *      As a result, noise and SNR measurements will not be accurate.
  95:Generated_Source\PSoC4/CapSense_Tuner.c **** *    - The Tuner tool may read the sensor data such as raw counts from a scan
  96:Generated_Source\PSoC4/CapSense_Tuner.c **** *      multiple times, as a result, noise and SNR measurement will not be
  97:Generated_Source\PSoC4/CapSense_Tuner.c **** *      accurate.
  98:Generated_Source\PSoC4/CapSense_Tuner.c **** *    - The Tuner tool and host controller should not change the Component parameters
  99:Generated_Source\PSoC4/CapSense_Tuner.c **** *      via the tuner interface. Changing the Component parameters via the tuner
 100:Generated_Source\PSoC4/CapSense_Tuner.c **** *      interface in the async mode will result in Component abnormal behavior.
 101:Generated_Source\PSoC4/CapSense_Tuner.c **** *
 102:Generated_Source\PSoC4/CapSense_Tuner.c **** *  Note that calling this function is not mandatory for the application, but
 103:Generated_Source\PSoC4/CapSense_Tuner.c **** *  required only to synchronize the communication with the host controller or
 104:Generated_Source\PSoC4/CapSense_Tuner.c **** *  tuner application.
 105:Generated_Source\PSoC4/CapSense_Tuner.c **** *
 106:Generated_Source\PSoC4/CapSense_Tuner.c **** * \return
 107:Generated_Source\PSoC4/CapSense_Tuner.c **** *  In some cases, the application program may need to know if the Component was
 108:Generated_Source\PSoC4/CapSense_Tuner.c **** *  re-initialized. The return indicates if a restart command was executed or not:
 109:Generated_Source\PSoC4/CapSense_Tuner.c **** *    - CapSense_STATUS_RESTART_DONE - Based on a received command, the
 110:Generated_Source\PSoC4/CapSense_Tuner.c **** *      Component was restarted.
 111:Generated_Source\PSoC4/CapSense_Tuner.c **** *    -  CapSense_STATUS_RESTART_NONE - No restart was executed by this
 112:Generated_Source\PSoC4/CapSense_Tuner.c **** *      function.
ARM GAS  C:\Users\zack.li\AppData\Local\Temp\ccPg3RaI.s 			page 4


 113:Generated_Source\PSoC4/CapSense_Tuner.c **** *
 114:Generated_Source\PSoC4/CapSense_Tuner.c **** *******************************************************************************/
 115:Generated_Source\PSoC4/CapSense_Tuner.c **** uint32 CapSense_RunTuner(void)
 116:Generated_Source\PSoC4/CapSense_Tuner.c **** {
  60              		.loc 1 116 0
  61              		.cfi_startproc
  62              		@ args = 0, pretend = 0, frame = 0
  63              		@ frame_needed = 0, uses_anonymous_args = 0
  64 0000 70B5     		push	{r4, r5, r6, lr}
  65              		.cfi_def_cfa_offset 16
  66              		.cfi_offset 4, -16
  67              		.cfi_offset 5, -12
  68              		.cfi_offset 6, -8
  69              		.cfi_offset 14, -4
  70              	.LVL1:
 117:Generated_Source\PSoC4/CapSense_Tuner.c ****     uint8 interruptState;
 118:Generated_Source\PSoC4/CapSense_Tuner.c ****     uint32 widgetId;
 119:Generated_Source\PSoC4/CapSense_Tuner.c ****     uint32 sensorId;
 120:Generated_Source\PSoC4/CapSense_Tuner.c ****     uint32 updateFlag = 0Lu;
 121:Generated_Source\PSoC4/CapSense_Tuner.c ****     CapSense_TU_CMD_ENUM command;
 122:Generated_Source\PSoC4/CapSense_Tuner.c ****     uint32 tunerStatus = CapSense_STATUS_RESTART_NONE;
  71              		.loc 1 122 0
  72 0002 0025     		movs	r5, #0
 120:Generated_Source\PSoC4/CapSense_Tuner.c ****     CapSense_TU_CMD_ENUM command;
  73              		.loc 1 120 0
  74 0004 0026     		movs	r6, #0
  75              	.LVL2:
  76              	.L16:
 123:Generated_Source\PSoC4/CapSense_Tuner.c **** 
 124:Generated_Source\PSoC4/CapSense_Tuner.c ****     volatile CapSense_RAM_STRUCT *ptrDsRam;
 125:Generated_Source\PSoC4/CapSense_Tuner.c ****     volatile CapSense_RAM_SNS_STRUCT *ptrSnsTmp;
 126:Generated_Source\PSoC4/CapSense_Tuner.c **** 
 127:Generated_Source\PSoC4/CapSense_Tuner.c ****     ptrDsRam = &CapSense_dsRam;
 128:Generated_Source\PSoC4/CapSense_Tuner.c **** 
 129:Generated_Source\PSoC4/CapSense_Tuner.c ****     do
 130:Generated_Source\PSoC4/CapSense_Tuner.c ****     {
 131:Generated_Source\PSoC4/CapSense_Tuner.c ****         /* ONE_SCAN command could be interpreted as two commands:
 132:Generated_Source\PSoC4/CapSense_Tuner.c ****         * RESUME till next call of this function and then
 133:Generated_Source\PSoC4/CapSense_Tuner.c ****         * SUSPEND till next command receiving.
 134:Generated_Source\PSoC4/CapSense_Tuner.c ****         */
 135:Generated_Source\PSoC4/CapSense_Tuner.c ****         if (TU_FSM_ONE_SCAN == tunerFsm)
  77              		.loc 1 135 0
  78 0006 3F4B     		ldr	r3, .L18
  79 0008 1B68     		ldr	r3, [r3]
  80 000a 032B     		cmp	r3, #3
  81 000c 06D1     		bne	.L5
 136:Generated_Source\PSoC4/CapSense_Tuner.c ****         {
 137:Generated_Source\PSoC4/CapSense_Tuner.c ****             interruptState = CyEnterCriticalSection();
  82              		.loc 1 137 0
  83 000e FFF7FEFF 		bl	CyEnterCriticalSection
  84              	.LVL3:
 138:Generated_Source\PSoC4/CapSense_Tuner.c ****             ptrDsRam->tunerCmd = (uint16)CapSense_TU_CMD_SUSPEND_E;
  85              		.loc 1 138 0
  86 0012 0122     		movs	r2, #1
  87 0014 3C4B     		ldr	r3, .L18+4
  88 0016 DA80     		strh	r2, [r3, #6]
 139:Generated_Source\PSoC4/CapSense_Tuner.c ****             CyExitCriticalSection(interruptState);
ARM GAS  C:\Users\zack.li\AppData\Local\Temp\ccPg3RaI.s 			page 5


  89              		.loc 1 139 0
  90 0018 FFF7FEFF 		bl	CyExitCriticalSection
  91              	.LVL4:
  92              	.L5:
 140:Generated_Source\PSoC4/CapSense_Tuner.c ****         }
 141:Generated_Source\PSoC4/CapSense_Tuner.c ****         command = (CapSense_TU_CMD_ENUM)ptrDsRam->tunerCmd;
  93              		.loc 1 141 0
  94 001c 3A4B     		ldr	r3, .L18+4
  95 001e DC88     		ldrh	r4, [r3, #6]
  96 0020 E4B2     		uxtb	r4, r4
  97              	.LVL5:
 142:Generated_Source\PSoC4/CapSense_Tuner.c **** 
 143:Generated_Source\PSoC4/CapSense_Tuner.c ****         /* Check command register */
 144:Generated_Source\PSoC4/CapSense_Tuner.c ****         switch (command)
  98              		.loc 1 144 0
  99 0022 062C     		cmp	r4, #6
 100 0024 23D8     		bhi	.L6
 101 0026 A300     		lsls	r3, r4, #2
 102 0028 384A     		ldr	r2, .L18+8
 103 002a D358     		ldr	r3, [r2, r3]
 104 002c 9F46     		mov	pc, r3
 105              		.section	.rodata
 106              		.align	2
 107              	.L8:
 108 0000 6E000000 		.word	.L6
 109 0004 2E000000 		.word	.L7
 110 0008 38000000 		.word	.L9
 111 000c 42000000 		.word	.L10
 112 0010 52000000 		.word	.L11
 113 0014 5C000000 		.word	.L12
 114 0018 66000000 		.word	.L13
 115              		.section	.text.CapSense_RunTuner
 116              	.L7:
 145:Generated_Source\PSoC4/CapSense_Tuner.c ****         {
 146:Generated_Source\PSoC4/CapSense_Tuner.c ****         case CapSense_TU_CMD_SUSPEND_E:
 147:Generated_Source\PSoC4/CapSense_Tuner.c ****             tunerFsm = TU_FSM_SUSPENDED;
 117              		.loc 1 147 0
 118 002e 0122     		movs	r2, #1
 119 0030 344B     		ldr	r3, .L18
 120 0032 1A60     		str	r2, [r3]
 121              	.LVL6:
 148:Generated_Source\PSoC4/CapSense_Tuner.c ****             updateFlag = 1Lu;
 122              		.loc 1 148 0
 123 0034 0126     		movs	r6, #1
 149:Generated_Source\PSoC4/CapSense_Tuner.c ****             break;
 124              		.loc 1 149 0
 125 0036 1AE0     		b	.L6
 126              	.LVL7:
 127              	.L9:
 150:Generated_Source\PSoC4/CapSense_Tuner.c **** 
 151:Generated_Source\PSoC4/CapSense_Tuner.c ****         case CapSense_TU_CMD_RESUME_E:
 152:Generated_Source\PSoC4/CapSense_Tuner.c ****             tunerFsm = TU_FSM_RUNNING;
 128              		.loc 1 152 0
 129 0038 0022     		movs	r2, #0
 130 003a 324B     		ldr	r3, .L18
 131 003c 1A60     		str	r2, [r3]
 132              	.LVL8:
ARM GAS  C:\Users\zack.li\AppData\Local\Temp\ccPg3RaI.s 			page 6


 153:Generated_Source\PSoC4/CapSense_Tuner.c ****             updateFlag = 1Lu;
 133              		.loc 1 153 0
 134 003e 0126     		movs	r6, #1
 154:Generated_Source\PSoC4/CapSense_Tuner.c ****             break;
 135              		.loc 1 154 0
 136 0040 15E0     		b	.L6
 137              	.LVL9:
 138              	.L10:
 155:Generated_Source\PSoC4/CapSense_Tuner.c **** 
 156:Generated_Source\PSoC4/CapSense_Tuner.c ****         case CapSense_TU_CMD_RESTART_E:
 157:Generated_Source\PSoC4/CapSense_Tuner.c ****             (void)CapSense_Start();
 139              		.loc 1 157 0
 140 0042 FFF7FEFF 		bl	CapSense_Start
 141              	.LVL10:
 158:Generated_Source\PSoC4/CapSense_Tuner.c ****             tunerStatus = CapSense_STATUS_RESTART_DONE;
 159:Generated_Source\PSoC4/CapSense_Tuner.c ****             tunerFsm = TU_FSM_RUNNING;
 142              		.loc 1 159 0
 143 0046 0022     		movs	r2, #0
 144 0048 2E4B     		ldr	r3, .L18
 145 004a 1A60     		str	r2, [r3]
 146              	.LVL11:
 158:Generated_Source\PSoC4/CapSense_Tuner.c ****             tunerStatus = CapSense_STATUS_RESTART_DONE;
 147              		.loc 1 158 0
 148 004c 0125     		movs	r5, #1
 160:Generated_Source\PSoC4/CapSense_Tuner.c ****             updateFlag = 1Lu;
 149              		.loc 1 160 0
 150 004e 0126     		movs	r6, #1
 161:Generated_Source\PSoC4/CapSense_Tuner.c ****             break;
 151              		.loc 1 161 0
 152 0050 0DE0     		b	.L6
 153              	.LVL12:
 154              	.L11:
 162:Generated_Source\PSoC4/CapSense_Tuner.c **** 
 163:Generated_Source\PSoC4/CapSense_Tuner.c ****         case CapSense_TU_CMD_RUN_SNR_TEST_E:
 164:Generated_Source\PSoC4/CapSense_Tuner.c ****             tunerFsm = TU_FSM_SNR_TEST;
 155              		.loc 1 164 0
 156 0052 0222     		movs	r2, #2
 157 0054 2B4B     		ldr	r3, .L18
 158 0056 1A60     		str	r2, [r3]
 159              	.LVL13:
 165:Generated_Source\PSoC4/CapSense_Tuner.c ****             updateFlag = 1Lu;
 160              		.loc 1 165 0
 161 0058 0126     		movs	r6, #1
 166:Generated_Source\PSoC4/CapSense_Tuner.c ****             break;
 162              		.loc 1 166 0
 163 005a 08E0     		b	.L6
 164              	.LVL14:
 165              	.L12:
 167:Generated_Source\PSoC4/CapSense_Tuner.c **** 
 168:Generated_Source\PSoC4/CapSense_Tuner.c ****         case CapSense_TU_CMD_PING_E:
 169:Generated_Source\PSoC4/CapSense_Tuner.c ****             tunerFsm = TU_FSM_RUNNING;
 166              		.loc 1 169 0
 167 005c 0022     		movs	r2, #0
 168 005e 294B     		ldr	r3, .L18
 169 0060 1A60     		str	r2, [r3]
 170              	.LVL15:
 170:Generated_Source\PSoC4/CapSense_Tuner.c ****             updateFlag = 1Lu;
ARM GAS  C:\Users\zack.li\AppData\Local\Temp\ccPg3RaI.s 			page 7


 171              		.loc 1 170 0
 172 0062 0126     		movs	r6, #1
 171:Generated_Source\PSoC4/CapSense_Tuner.c ****             break;
 173              		.loc 1 171 0
 174 0064 03E0     		b	.L6
 175              	.LVL16:
 176              	.L13:
 172:Generated_Source\PSoC4/CapSense_Tuner.c **** 
 173:Generated_Source\PSoC4/CapSense_Tuner.c ****         case CapSense_TU_CMD_ONE_SCAN_E:
 174:Generated_Source\PSoC4/CapSense_Tuner.c ****             tunerFsm = TU_FSM_ONE_SCAN;
 177              		.loc 1 174 0
 178 0066 0322     		movs	r2, #3
 179 0068 264B     		ldr	r3, .L18
 180 006a 1A60     		str	r2, [r3]
 181              	.LVL17:
 175:Generated_Source\PSoC4/CapSense_Tuner.c ****             updateFlag = 0Lu;
 182              		.loc 1 175 0
 183 006c 0026     		movs	r6, #0
 184              	.LVL18:
 185              	.L6:
 176:Generated_Source\PSoC4/CapSense_Tuner.c ****             break;
 177:Generated_Source\PSoC4/CapSense_Tuner.c **** 
 178:Generated_Source\PSoC4/CapSense_Tuner.c ****         default:
 179:Generated_Source\PSoC4/CapSense_Tuner.c ****             break;
 180:Generated_Source\PSoC4/CapSense_Tuner.c ****         }
 181:Generated_Source\PSoC4/CapSense_Tuner.c **** 
 182:Generated_Source\PSoC4/CapSense_Tuner.c ****         /* Set Complete flag in command register if needed */
 183:Generated_Source\PSoC4/CapSense_Tuner.c ****         if (0Lu != updateFlag)
 186              		.loc 1 183 0
 187 006e 002E     		cmp	r6, #0
 188 0070 0FD0     		beq	.L14
 184:Generated_Source\PSoC4/CapSense_Tuner.c ****         {
 185:Generated_Source\PSoC4/CapSense_Tuner.c ****             interruptState = CyEnterCriticalSection();
 189              		.loc 1 185 0
 190 0072 FFF7FEFF 		bl	CyEnterCriticalSection
 191              	.LVL19:
 186:Generated_Source\PSoC4/CapSense_Tuner.c **** 
 187:Generated_Source\PSoC4/CapSense_Tuner.c ****             /* Check if command wasn't overwritten with new command */
 188:Generated_Source\PSoC4/CapSense_Tuner.c ****             if (command == (CapSense_TU_CMD_ENUM)ptrDsRam->tunerCmd)
 192              		.loc 1 188 0
 193 0076 244B     		ldr	r3, .L18+4
 194 0078 DB88     		ldrh	r3, [r3, #6]
 195 007a DBB2     		uxtb	r3, r3
 196 007c 9C42     		cmp	r4, r3
 197 007e 05D1     		bne	.L15
 189:Generated_Source\PSoC4/CapSense_Tuner.c ****             {
 190:Generated_Source\PSoC4/CapSense_Tuner.c ****                 ptrDsRam->tunerCmd |= CapSense_TU_CMD_COMPLETE_BIT;
 198              		.loc 1 190 0
 199 0080 214A     		ldr	r2, .L18+4
 200 0082 D188     		ldrh	r1, [r2, #6]
 201 0084 224B     		ldr	r3, .L18+12
 202 0086 0B43     		orrs	r3, r1
 203 0088 9BB2     		uxth	r3, r3
 204 008a D380     		strh	r3, [r2, #6]
 205              	.L15:
 191:Generated_Source\PSoC4/CapSense_Tuner.c ****             }
 192:Generated_Source\PSoC4/CapSense_Tuner.c ****             CyExitCriticalSection(interruptState);
ARM GAS  C:\Users\zack.li\AppData\Local\Temp\ccPg3RaI.s 			page 8


 206              		.loc 1 192 0
 207 008c FFF7FEFF 		bl	CyExitCriticalSection
 208              	.LVL20:
 193:Generated_Source\PSoC4/CapSense_Tuner.c **** 
 194:Generated_Source\PSoC4/CapSense_Tuner.c ****             updateFlag = 0Lu;
 209              		.loc 1 194 0
 210 0090 0026     		movs	r6, #0
 211              	.LVL21:
 212              	.L14:
 195:Generated_Source\PSoC4/CapSense_Tuner.c ****         }
 196:Generated_Source\PSoC4/CapSense_Tuner.c ****     } while (TU_FSM_SUSPENDED == tunerFsm);
 213              		.loc 1 196 0
 214 0092 1C4B     		ldr	r3, .L18
 215 0094 1B68     		ldr	r3, [r3]
 216 0096 012B     		cmp	r3, #1
 217 0098 B5D0     		beq	.L16
 197:Generated_Source\PSoC4/CapSense_Tuner.c **** 
 198:Generated_Source\PSoC4/CapSense_Tuner.c ****     /* Check for SNR Test mode and do appropriate actions */
 199:Generated_Source\PSoC4/CapSense_Tuner.c ****     if (TU_FSM_SNR_TEST == tunerFsm)
 218              		.loc 1 199 0
 219 009a 022B     		cmp	r3, #2
 220 009c 2FD1     		bne	.L17
 200:Generated_Source\PSoC4/CapSense_Tuner.c ****     {
 201:Generated_Source\PSoC4/CapSense_Tuner.c ****         widgetId = ptrDsRam->snrTestWidgetId;
 221              		.loc 1 201 0
 222 009e 1A4A     		ldr	r2, .L18+4
 223 00a0 BE33     		adds	r3, r3, #190
 224 00a2 D35C     		ldrb	r3, [r2, r3]
 225 00a4 DBB2     		uxtb	r3, r3
 226              	.LVL22:
 202:Generated_Source\PSoC4/CapSense_Tuner.c ****         sensorId = ptrDsRam->snrTestSensorId;
 227              		.loc 1 202 0
 228 00a6 C121     		movs	r1, #193
 229 00a8 525C     		ldrb	r2, [r2, r1]
 230 00aa D2B2     		uxtb	r2, r2
 231              	.LVL23:
 203:Generated_Source\PSoC4/CapSense_Tuner.c **** 
 204:Generated_Source\PSoC4/CapSense_Tuner.c ****         /* Check if widgetId and sensorId are in range,
 205:Generated_Source\PSoC4/CapSense_Tuner.c ****          * and data was updated in RAM (scan counter changed)
 206:Generated_Source\PSoC4/CapSense_Tuner.c ****          */
 207:Generated_Source\PSoC4/CapSense_Tuner.c ****         if ((widgetId < CapSense_TOTAL_WIDGETS)              &&
 232              		.loc 1 207 0
 233 00ac 052B     		cmp	r3, #5
 234 00ae 26D8     		bhi	.L17
 208:Generated_Source\PSoC4/CapSense_Tuner.c ****             (sensorId < CapSense_GET_SENSOR_COUNT(widgetId)) &&
 235              		.loc 1 208 0 discriminator 1
 236 00b0 D800     		lsls	r0, r3, #3
 237 00b2 C01A     		subs	r0, r0, r3
 238 00b4 8100     		lsls	r1, r0, #2
 239 00b6 1748     		ldr	r0, .L18+16
 240 00b8 4118     		adds	r1, r0, r1
 241 00ba 098B     		ldrh	r1, [r1, #24]
 207:Generated_Source\PSoC4/CapSense_Tuner.c ****             (sensorId < CapSense_GET_SENSOR_COUNT(widgetId)) &&
 242              		.loc 1 207 0 discriminator 1
 243 00bc 8A42     		cmp	r2, r1
 244 00be 1ED2     		bcs	.L17
 209:Generated_Source\PSoC4/CapSense_Tuner.c ****             (ptrDsRam->scanCounter != ptrDsRam->snrTestScanCounter))
ARM GAS  C:\Users\zack.li\AppData\Local\Temp\ccPg3RaI.s 			page 9


 245              		.loc 1 209 0
 246 00c0 1149     		ldr	r1, .L18+4
 247 00c2 0889     		ldrh	r0, [r1, #8]
 248 00c4 80B2     		uxth	r0, r0
 249 00c6 C224     		movs	r4, #194
 250              	.LVL24:
 251 00c8 095B     		ldrh	r1, [r1, r4]
 252 00ca 89B2     		uxth	r1, r1
 208:Generated_Source\PSoC4/CapSense_Tuner.c ****             (sensorId < CapSense_GET_SENSOR_COUNT(widgetId)) &&
 253              		.loc 1 208 0
 254 00cc 8842     		cmp	r0, r1
 255 00ce 16D0     		beq	.L17
 210:Generated_Source\PSoC4/CapSense_Tuner.c ****         {
 211:Generated_Source\PSoC4/CapSense_Tuner.c ****             /* Get access to the Sensor Object */
 212:Generated_Source\PSoC4/CapSense_Tuner.c ****             ptrSnsTmp = CapSense_dsFlash.wdgtArray[widgetId].ptr2SnsRam;
 256              		.loc 1 212 0
 257 00d0 D900     		lsls	r1, r3, #3
 258 00d2 CB1A     		subs	r3, r1, r3
 259              	.LVL25:
 260 00d4 9900     		lsls	r1, r3, #2
 261 00d6 0F4B     		ldr	r3, .L18+16
 262 00d8 5918     		adds	r1, r3, r1
 263 00da 8C68     		ldr	r4, [r1, #8]
 264              	.LVL26:
 213:Generated_Source\PSoC4/CapSense_Tuner.c ****             ptrSnsTmp += sensorId;
 265              		.loc 1 213 0
 266 00dc 9300     		lsls	r3, r2, #2
 267 00de 9A18     		adds	r2, r3, r2
 268              	.LVL27:
 269 00e0 5300     		lsls	r3, r2, #1
 270 00e2 E418     		adds	r4, r4, r3
 271              	.LVL28:
 214:Generated_Source\PSoC4/CapSense_Tuner.c **** 
 215:Generated_Source\PSoC4/CapSense_Tuner.c ****             /* Update data in SNR Test Object */
 216:Generated_Source\PSoC4/CapSense_Tuner.c ****             interruptState = CyEnterCriticalSection();
 272              		.loc 1 216 0
 273 00e4 FFF7FEFF 		bl	CyEnterCriticalSection
 274              	.LVL29:
 217:Generated_Source\PSoC4/CapSense_Tuner.c ****             ptrDsRam->snrTestScanCounter = ptrDsRam->scanCounter;
 275              		.loc 1 217 0
 276 00e8 074B     		ldr	r3, .L18+4
 277 00ea 1A89     		ldrh	r2, [r3, #8]
 278 00ec 92B2     		uxth	r2, r2
 279 00ee C221     		movs	r1, #194
 280 00f0 5A52     		strh	r2, [r3, r1]
 218:Generated_Source\PSoC4/CapSense_Tuner.c ****             ptrDsRam->snrTestRawCount[0u] = ptrSnsTmp->raw[0u];
 281              		.loc 1 218 0
 282 00f2 2288     		ldrh	r2, [r4]
 283 00f4 92B2     		uxth	r2, r2
 284 00f6 0231     		adds	r1, r1, #2
 285 00f8 5A52     		strh	r2, [r3, r1]
 219:Generated_Source\PSoC4/CapSense_Tuner.c **** 
 220:Generated_Source\PSoC4/CapSense_Tuner.c ****             #if (0u != CapSense_MULTI_FREQ_SCAN_EN)
 221:Generated_Source\PSoC4/CapSense_Tuner.c ****                 ptrDsRam->snrTestRawCount[1u] = ptrSnsTmp->raw[1u];
 222:Generated_Source\PSoC4/CapSense_Tuner.c ****                 ptrDsRam->snrTestRawCount[2u] = ptrSnsTmp->raw[2u];
 223:Generated_Source\PSoC4/CapSense_Tuner.c ****             #endif
 224:Generated_Source\PSoC4/CapSense_Tuner.c **** 
ARM GAS  C:\Users\zack.li\AppData\Local\Temp\ccPg3RaI.s 			page 10


 225:Generated_Source\PSoC4/CapSense_Tuner.c ****             CyExitCriticalSection(interruptState);
 286              		.loc 1 225 0
 287 00fa FFF7FEFF 		bl	CyExitCriticalSection
 288              	.LVL30:
 289              	.L17:
 226:Generated_Source\PSoC4/CapSense_Tuner.c ****         }
 227:Generated_Source\PSoC4/CapSense_Tuner.c ****     }
 228:Generated_Source\PSoC4/CapSense_Tuner.c ****     return tunerStatus;
 229:Generated_Source\PSoC4/CapSense_Tuner.c **** }
 290              		.loc 1 229 0
 291 00fe 2800     		movs	r0, r5
 292              		@ sp needed
 293              	.LVL31:
 294              	.LVL32:
 295 0100 70BD     		pop	{r4, r5, r6, pc}
 296              	.L19:
 297 0102 C046     		.align	2
 298              	.L18:
 299 0104 00000000 		.word	.LANCHOR0
 300 0108 00000000 		.word	CapSense_dsRam
 301 010c 00000000 		.word	.L8
 302 0110 0080FFFF 		.word	-32768
 303 0114 00000000 		.word	CapSense_dsFlash
 304              		.cfi_endproc
 305              	.LFE2:
 306              		.size	CapSense_RunTuner, .-CapSense_RunTuner
 307              		.bss
 308              		.align	2
 309              		.set	.LANCHOR0,. + 0
 310              		.type	tunerFsm, %object
 311              		.size	tunerFsm, 4
 312              	tunerFsm:
 313 0000 00000000 		.space	4
 314              		.text
 315              	.Letext0:
 316              		.file 2 "Generated_Source\\PSoC4\\cytypes.h"
 317              		.file 3 "Generated_Source\\PSoC4\\CapSense_Configuration.h"
 318              		.file 4 "Generated_Source\\PSoC4\\CapSense_Structure.h"
 319              		.file 5 "Generated_Source\\PSoC4\\CapSense_Tuner.h"
 320              		.file 6 "Generated_Source\\PSoC4\\CyLib.h"
 321              		.file 7 "Generated_Source\\PSoC4\\CapSense_Control.h"
 322              		.section	.debug_info,"",%progbits
 323              	.Ldebug_info0:
 324 0000 21070000 		.4byte	0x721
 325 0004 0400     		.2byte	0x4
 326 0006 00000000 		.4byte	.Ldebug_abbrev0
 327 000a 04       		.byte	0x4
 328 000b 01       		.uleb128 0x1
 329 000c 59010000 		.4byte	.LASF101
 330 0010 0C       		.byte	0xc
 331 0011 E0020000 		.4byte	.LASF102
 332 0015 75050000 		.4byte	.LASF103
 333 0019 00000000 		.4byte	.Ldebug_ranges0+0
 334 001d 00000000 		.4byte	0
 335 0021 00000000 		.4byte	.Ldebug_line0
 336 0025 02       		.uleb128 0x2
 337 0026 01       		.byte	0x1
ARM GAS  C:\Users\zack.li\AppData\Local\Temp\ccPg3RaI.s 			page 11


 338 0027 06       		.byte	0x6
 339 0028 E0030000 		.4byte	.LASF0
 340 002c 02       		.uleb128 0x2
 341 002d 01       		.byte	0x1
 342 002e 08       		.byte	0x8
 343 002f BA030000 		.4byte	.LASF1
 344 0033 02       		.uleb128 0x2
 345 0034 02       		.byte	0x2
 346 0035 05       		.byte	0x5
 347 0036 DA000000 		.4byte	.LASF2
 348 003a 02       		.uleb128 0x2
 349 003b 02       		.byte	0x2
 350 003c 07       		.byte	0x7
 351 003d E9040000 		.4byte	.LASF3
 352 0041 02       		.uleb128 0x2
 353 0042 04       		.byte	0x4
 354 0043 05       		.byte	0x5
 355 0044 CE020000 		.4byte	.LASF4
 356 0048 02       		.uleb128 0x2
 357 0049 04       		.byte	0x4
 358 004a 07       		.byte	0x7
 359 004b 51040000 		.4byte	.LASF5
 360 004f 02       		.uleb128 0x2
 361 0050 08       		.byte	0x8
 362 0051 05       		.byte	0x5
 363 0052 97060000 		.4byte	.LASF6
 364 0056 02       		.uleb128 0x2
 365 0057 08       		.byte	0x8
 366 0058 07       		.byte	0x7
 367 0059 09040000 		.4byte	.LASF7
 368 005d 03       		.uleb128 0x3
 369 005e 04       		.byte	0x4
 370 005f 05       		.byte	0x5
 371 0060 696E7400 		.ascii	"int\000"
 372 0064 02       		.uleb128 0x2
 373 0065 04       		.byte	0x4
 374 0066 07       		.byte	0x7
 375 0067 3C040000 		.4byte	.LASF8
 376 006b 04       		.uleb128 0x4
 377 006c 6A020000 		.4byte	.LASF9
 378 0070 02       		.byte	0x2
 379 0071 E401     		.2byte	0x1e4
 380 0073 2C000000 		.4byte	0x2c
 381 0077 04       		.uleb128 0x4
 382 0078 41020000 		.4byte	.LASF10
 383 007c 02       		.byte	0x2
 384 007d E501     		.2byte	0x1e5
 385 007f 3A000000 		.4byte	0x3a
 386 0083 04       		.uleb128 0x4
 387 0084 53050000 		.4byte	.LASF11
 388 0088 02       		.byte	0x2
 389 0089 E601     		.2byte	0x1e6
 390 008b 48000000 		.4byte	0x48
 391 008f 02       		.uleb128 0x2
 392 0090 04       		.byte	0x4
 393 0091 04       		.byte	0x4
 394 0092 80020000 		.4byte	.LASF12
ARM GAS  C:\Users\zack.li\AppData\Local\Temp\ccPg3RaI.s 			page 12


 395 0096 02       		.uleb128 0x2
 396 0097 08       		.byte	0x8
 397 0098 04       		.byte	0x4
 398 0099 6E050000 		.4byte	.LASF13
 399 009d 02       		.uleb128 0x2
 400 009e 01       		.byte	0x1
 401 009f 08       		.byte	0x8
 402 00a0 C9020000 		.4byte	.LASF14
 403 00a4 05       		.uleb128 0x5
 404 00a5 83000000 		.4byte	0x83
 405 00a9 02       		.uleb128 0x2
 406 00aa 08       		.byte	0x8
 407 00ab 04       		.byte	0x4
 408 00ac 82030000 		.4byte	.LASF15
 409 00b0 02       		.uleb128 0x2
 410 00b1 04       		.byte	0x4
 411 00b2 07       		.byte	0x7
 412 00b3 14010000 		.4byte	.LASF16
 413 00b7 06       		.uleb128 0x6
 414 00b8 04       		.byte	0x4
 415 00b9 04       		.uleb128 0x4
 416 00ba C8030000 		.4byte	.LASF17
 417 00be 03       		.byte	0x3
 418 00bf 3201     		.2byte	0x132
 419 00c1 77000000 		.4byte	0x77
 420 00c5 04       		.uleb128 0x4
 421 00c6 A0040000 		.4byte	.LASF18
 422 00ca 03       		.byte	0x3
 423 00cb 3601     		.2byte	0x136
 424 00cd 6B000000 		.4byte	0x6b
 425 00d1 07       		.uleb128 0x7
 426 00d2 6B000000 		.4byte	0x6b
 427 00d6 E1000000 		.4byte	0xe1
 428 00da 08       		.uleb128 0x8
 429 00db B0000000 		.4byte	0xb0
 430 00df 00       		.byte	0
 431 00e0 00       		.byte	0
 432 00e1 09       		.uleb128 0x9
 433 00e2 10       		.byte	0x10
 434 00e3 04       		.byte	0x4
 435 00e4 F3       		.byte	0xf3
 436 00e5 77010000 		.4byte	0x177
 437 00e9 0A       		.uleb128 0xa
 438 00ea DE040000 		.4byte	.LASF19
 439 00ee 04       		.byte	0x4
 440 00ef F8       		.byte	0xf8
 441 00f0 77000000 		.4byte	0x77
 442 00f4 00       		.byte	0
 443 00f5 0A       		.uleb128 0xa
 444 00f6 08030000 		.4byte	.LASF20
 445 00fa 04       		.byte	0x4
 446 00fb FD       		.byte	0xfd
 447 00fc B9000000 		.4byte	0xb9
 448 0100 02       		.byte	0x2
 449 0101 0B       		.uleb128 0xb
 450 0102 34020000 		.4byte	.LASF21
 451 0106 04       		.byte	0x4
ARM GAS  C:\Users\zack.li\AppData\Local\Temp\ccPg3RaI.s 			page 13


 452 0107 0201     		.2byte	0x102
 453 0109 6B000000 		.4byte	0x6b
 454 010d 04       		.byte	0x4
 455 010e 0B       		.uleb128 0xb
 456 010f 27050000 		.4byte	.LASF22
 457 0113 04       		.byte	0x4
 458 0114 0701     		.2byte	0x107
 459 0116 6B000000 		.4byte	0x6b
 460 011a 05       		.byte	0x5
 461 011b 0B       		.uleb128 0xb
 462 011c 6E030000 		.4byte	.LASF23
 463 0120 04       		.byte	0x4
 464 0121 0D01     		.2byte	0x10d
 465 0123 6B000000 		.4byte	0x6b
 466 0127 06       		.byte	0x6
 467 0128 0B       		.uleb128 0xb
 468 0129 02010000 		.4byte	.LASF24
 469 012d 04       		.byte	0x4
 470 012e 1301     		.2byte	0x113
 471 0130 6B000000 		.4byte	0x6b
 472 0134 07       		.byte	0x7
 473 0135 0B       		.uleb128 0xb
 474 0136 8A000000 		.4byte	.LASF25
 475 013a 04       		.byte	0x4
 476 013b 1A01     		.2byte	0x11a
 477 013d C5000000 		.4byte	0xc5
 478 0141 08       		.byte	0x8
 479 0142 0B       		.uleb128 0xb
 480 0143 D2000000 		.4byte	.LASF26
 481 0147 04       		.byte	0x4
 482 0148 2101     		.2byte	0x121
 483 014a D1000000 		.4byte	0xd1
 484 014e 09       		.byte	0x9
 485 014f 0B       		.uleb128 0xb
 486 0150 67000000 		.4byte	.LASF27
 487 0154 04       		.byte	0x4
 488 0155 2601     		.2byte	0x126
 489 0157 6B000000 		.4byte	0x6b
 490 015b 0A       		.byte	0xa
 491 015c 0B       		.uleb128 0xb
 492 015d 70020000 		.4byte	.LASF28
 493 0161 04       		.byte	0x4
 494 0162 2E01     		.2byte	0x12e
 495 0164 77000000 		.4byte	0x77
 496 0168 0C       		.byte	0xc
 497 0169 0B       		.uleb128 0xb
 498 016a 10020000 		.4byte	.LASF29
 499 016e 04       		.byte	0x4
 500 016f 3301     		.2byte	0x133
 501 0171 6B000000 		.4byte	0x6b
 502 0175 0E       		.byte	0xe
 503 0176 00       		.byte	0
 504 0177 04       		.uleb128 0x4
 505 0178 E4000000 		.4byte	.LASF30
 506 017c 04       		.byte	0x4
 507 017d 3401     		.2byte	0x134
 508 017f E1000000 		.4byte	0xe1
ARM GAS  C:\Users\zack.li\AppData\Local\Temp\ccPg3RaI.s 			page 14


 509 0183 0C       		.uleb128 0xc
 510 0184 12       		.byte	0x12
 511 0185 04       		.byte	0x4
 512 0186 3901     		.2byte	0x139
 513 0188 29020000 		.4byte	0x229
 514 018c 0B       		.uleb128 0xb
 515 018d DE040000 		.4byte	.LASF19
 516 0191 04       		.byte	0x4
 517 0192 3E01     		.2byte	0x13e
 518 0194 77000000 		.4byte	0x77
 519 0198 00       		.byte	0
 520 0199 0B       		.uleb128 0xb
 521 019a 08030000 		.4byte	.LASF20
 522 019e 04       		.byte	0x4
 523 019f 4301     		.2byte	0x143
 524 01a1 B9000000 		.4byte	0xb9
 525 01a5 02       		.byte	0x2
 526 01a6 0B       		.uleb128 0xb
 527 01a7 34020000 		.4byte	.LASF21
 528 01ab 04       		.byte	0x4
 529 01ac 4801     		.2byte	0x148
 530 01ae 6B000000 		.4byte	0x6b
 531 01b2 04       		.byte	0x4
 532 01b3 0B       		.uleb128 0xb
 533 01b4 27050000 		.4byte	.LASF22
 534 01b8 04       		.byte	0x4
 535 01b9 4D01     		.2byte	0x14d
 536 01bb 6B000000 		.4byte	0x6b
 537 01bf 05       		.byte	0x5
 538 01c0 0B       		.uleb128 0xb
 539 01c1 6E030000 		.4byte	.LASF23
 540 01c5 04       		.byte	0x4
 541 01c6 5301     		.2byte	0x153
 542 01c8 6B000000 		.4byte	0x6b
 543 01cc 06       		.byte	0x6
 544 01cd 0B       		.uleb128 0xb
 545 01ce 02010000 		.4byte	.LASF24
 546 01d2 04       		.byte	0x4
 547 01d3 5901     		.2byte	0x159
 548 01d5 6B000000 		.4byte	0x6b
 549 01d9 07       		.byte	0x7
 550 01da 0B       		.uleb128 0xb
 551 01db 8A000000 		.4byte	.LASF25
 552 01df 04       		.byte	0x4
 553 01e0 6001     		.2byte	0x160
 554 01e2 C5000000 		.4byte	0xc5
 555 01e6 08       		.byte	0x8
 556 01e7 0B       		.uleb128 0xb
 557 01e8 D2000000 		.4byte	.LASF26
 558 01ec 04       		.byte	0x4
 559 01ed 6701     		.2byte	0x167
 560 01ef D1000000 		.4byte	0xd1
 561 01f3 09       		.byte	0x9
 562 01f4 0B       		.uleb128 0xb
 563 01f5 67000000 		.4byte	.LASF27
 564 01f9 04       		.byte	0x4
 565 01fa 6C01     		.2byte	0x16c
ARM GAS  C:\Users\zack.li\AppData\Local\Temp\ccPg3RaI.s 			page 15


 566 01fc 6B000000 		.4byte	0x6b
 567 0200 0A       		.byte	0xa
 568 0201 0B       		.uleb128 0xb
 569 0202 70020000 		.4byte	.LASF28
 570 0206 04       		.byte	0x4
 571 0207 7401     		.2byte	0x174
 572 0209 77000000 		.4byte	0x77
 573 020d 0C       		.byte	0xc
 574 020e 0B       		.uleb128 0xb
 575 020f 10020000 		.4byte	.LASF29
 576 0213 04       		.byte	0x4
 577 0214 7901     		.2byte	0x179
 578 0216 6B000000 		.4byte	0x6b
 579 021a 0E       		.byte	0xe
 580 021b 0B       		.uleb128 0xb
 581 021c FF010000 		.4byte	.LASF31
 582 0220 04       		.byte	0x4
 583 0221 7E01     		.2byte	0x17e
 584 0223 B9000000 		.4byte	0xb9
 585 0227 10       		.byte	0x10
 586 0228 00       		.byte	0
 587 0229 04       		.uleb128 0x4
 588 022a 2B030000 		.4byte	.LASF32
 589 022e 04       		.byte	0x4
 590 022f 7F01     		.2byte	0x17f
 591 0231 83010000 		.4byte	0x183
 592 0235 0C       		.uleb128 0xc
 593 0236 62       		.byte	0x62
 594 0237 04       		.byte	0x4
 595 0238 8501     		.2byte	0x185
 596 023a 8D020000 		.4byte	0x28d
 597 023e 0B       		.uleb128 0xb
 598 023f 0D010000 		.4byte	.LASF33
 599 0243 04       		.byte	0x4
 600 0244 8A01     		.2byte	0x18a
 601 0246 77010000 		.4byte	0x177
 602 024a 00       		.byte	0
 603 024b 0B       		.uleb128 0xb
 604 024c 77020000 		.4byte	.LASF34
 605 0250 04       		.byte	0x4
 606 0251 8F01     		.2byte	0x18f
 607 0253 77010000 		.4byte	0x177
 608 0257 10       		.byte	0x10
 609 0258 0B       		.uleb128 0xb
 610 0259 4C030000 		.4byte	.LASF35
 611 025d 04       		.byte	0x4
 612 025e 9401     		.2byte	0x194
 613 0260 77010000 		.4byte	0x177
 614 0264 20       		.byte	0x20
 615 0265 0B       		.uleb128 0xb
 616 0266 FC040000 		.4byte	.LASF36
 617 026a 04       		.byte	0x4
 618 026b 9901     		.2byte	0x199
 619 026d 77010000 		.4byte	0x177
 620 0271 30       		.byte	0x30
 621 0272 0B       		.uleb128 0xb
 622 0273 54000000 		.4byte	.LASF37
ARM GAS  C:\Users\zack.li\AppData\Local\Temp\ccPg3RaI.s 			page 16


 623 0277 04       		.byte	0x4
 624 0278 9E01     		.2byte	0x19e
 625 027a 77010000 		.4byte	0x177
 626 027e 40       		.byte	0x40
 627 027f 0B       		.uleb128 0xb
 628 0280 0B020000 		.4byte	.LASF38
 629 0284 04       		.byte	0x4
 630 0285 A301     		.2byte	0x1a3
 631 0287 29020000 		.4byte	0x229
 632 028b 50       		.byte	0x50
 633 028c 00       		.byte	0
 634 028d 04       		.uleb128 0x4
 635 028e 86020000 		.4byte	.LASF39
 636 0292 04       		.byte	0x4
 637 0293 A401     		.2byte	0x1a4
 638 0295 35020000 		.4byte	0x235
 639 0299 0C       		.uleb128 0xc
 640 029a 0A       		.byte	0xa
 641 029b 04       		.byte	0x4
 642 029c AA01     		.2byte	0x1aa
 643 029e F1020000 		.4byte	0x2f1
 644 02a2 0D       		.uleb128 0xd
 645 02a3 72617700 		.ascii	"raw\000"
 646 02a7 04       		.byte	0x4
 647 02a8 AF01     		.2byte	0x1af
 648 02aa F1020000 		.4byte	0x2f1
 649 02ae 00       		.byte	0
 650 02af 0B       		.uleb128 0xb
 651 02b0 3C020000 		.4byte	.LASF40
 652 02b4 04       		.byte	0x4
 653 02b5 B401     		.2byte	0x1b4
 654 02b7 F1020000 		.4byte	0x2f1
 655 02bb 02       		.byte	0x2
 656 02bc 0B       		.uleb128 0xb
 657 02bd 49040000 		.4byte	.LASF41
 658 02c1 04       		.byte	0x4
 659 02c2 BA01     		.2byte	0x1ba
 660 02c4 D1000000 		.4byte	0xd1
 661 02c8 04       		.byte	0x4
 662 02c9 0B       		.uleb128 0xb
 663 02ca A5060000 		.4byte	.LASF42
 664 02ce 04       		.byte	0x4
 665 02cf BF01     		.2byte	0x1bf
 666 02d1 B9000000 		.4byte	0xb9
 667 02d5 06       		.byte	0x6
 668 02d6 0B       		.uleb128 0xb
 669 02d7 11030000 		.4byte	.LASF43
 670 02db 04       		.byte	0x4
 671 02dc C401     		.2byte	0x1c4
 672 02de 01030000 		.4byte	0x301
 673 02e2 08       		.byte	0x8
 674 02e3 0B       		.uleb128 0xb
 675 02e4 EB010000 		.4byte	.LASF44
 676 02e8 04       		.byte	0x4
 677 02e9 C901     		.2byte	0x1c9
 678 02eb D1000000 		.4byte	0xd1
 679 02ef 09       		.byte	0x9
ARM GAS  C:\Users\zack.li\AppData\Local\Temp\ccPg3RaI.s 			page 17


 680 02f0 00       		.byte	0
 681 02f1 07       		.uleb128 0x7
 682 02f2 77000000 		.4byte	0x77
 683 02f6 01030000 		.4byte	0x301
 684 02fa 08       		.uleb128 0x8
 685 02fb B0000000 		.4byte	0xb0
 686 02ff 00       		.byte	0
 687 0300 00       		.byte	0
 688 0301 07       		.uleb128 0x7
 689 0302 C5000000 		.4byte	0xc5
 690 0306 11030000 		.4byte	0x311
 691 030a 08       		.uleb128 0x8
 692 030b B0000000 		.4byte	0xb0
 693 030f 00       		.byte	0
 694 0310 00       		.byte	0
 695 0311 04       		.uleb128 0x4
 696 0312 88040000 		.4byte	.LASF45
 697 0316 04       		.byte	0x4
 698 0317 CA01     		.2byte	0x1ca
 699 0319 99020000 		.4byte	0x299
 700 031d 0C       		.uleb128 0xc
 701 031e 3C       		.byte	0x3c
 702 031f 04       		.byte	0x4
 703 0320 D001     		.2byte	0x1d0
 704 0322 75030000 		.4byte	0x375
 705 0326 0B       		.uleb128 0xb
 706 0327 0D010000 		.4byte	.LASF33
 707 032b 04       		.byte	0x4
 708 032c D501     		.2byte	0x1d5
 709 032e 75030000 		.4byte	0x375
 710 0332 00       		.byte	0
 711 0333 0B       		.uleb128 0xb
 712 0334 77020000 		.4byte	.LASF34
 713 0338 04       		.byte	0x4
 714 0339 DA01     		.2byte	0x1da
 715 033b 75030000 		.4byte	0x375
 716 033f 0A       		.byte	0xa
 717 0340 0B       		.uleb128 0xb
 718 0341 4C030000 		.4byte	.LASF35
 719 0345 04       		.byte	0x4
 720 0346 DF01     		.2byte	0x1df
 721 0348 75030000 		.4byte	0x375
 722 034c 14       		.byte	0x14
 723 034d 0B       		.uleb128 0xb
 724 034e FC040000 		.4byte	.LASF36
 725 0352 04       		.byte	0x4
 726 0353 E401     		.2byte	0x1e4
 727 0355 75030000 		.4byte	0x375
 728 0359 1E       		.byte	0x1e
 729 035a 0B       		.uleb128 0xb
 730 035b 54000000 		.4byte	.LASF37
 731 035f 04       		.byte	0x4
 732 0360 E901     		.2byte	0x1e9
 733 0362 75030000 		.4byte	0x375
 734 0366 28       		.byte	0x28
 735 0367 0B       		.uleb128 0xb
 736 0368 0B020000 		.4byte	.LASF38
ARM GAS  C:\Users\zack.li\AppData\Local\Temp\ccPg3RaI.s 			page 18


 737 036c 04       		.byte	0x4
 738 036d EE01     		.2byte	0x1ee
 739 036f 75030000 		.4byte	0x375
 740 0373 32       		.byte	0x32
 741 0374 00       		.byte	0
 742 0375 07       		.uleb128 0x7
 743 0376 11030000 		.4byte	0x311
 744 037a 85030000 		.4byte	0x385
 745 037e 08       		.uleb128 0x8
 746 037f B0000000 		.4byte	0xb0
 747 0383 00       		.byte	0
 748 0384 00       		.byte	0
 749 0385 04       		.uleb128 0x4
 750 0386 EC030000 		.4byte	.LASF46
 751 038a 04       		.byte	0x4
 752 038b EF01     		.2byte	0x1ef
 753 038d 1D030000 		.4byte	0x31d
 754 0391 0C       		.uleb128 0xc
 755 0392 C8       		.byte	0xc8
 756 0393 04       		.byte	0x4
 757 0394 F501     		.2byte	0x1f5
 758 0396 92040000 		.4byte	0x492
 759 039a 0B       		.uleb128 0xb
 760 039b 50010000 		.4byte	.LASF47
 761 039f 04       		.byte	0x4
 762 03a0 FC01     		.2byte	0x1fc
 763 03a2 77000000 		.4byte	0x77
 764 03a6 00       		.byte	0
 765 03a7 0B       		.uleb128 0xb
 766 03a8 70060000 		.4byte	.LASF48
 767 03ac 04       		.byte	0x4
 768 03ad 0102     		.2byte	0x201
 769 03af 77000000 		.4byte	0x77
 770 03b3 02       		.byte	0x2
 771 03b4 0B       		.uleb128 0xb
 772 03b5 F1050000 		.4byte	.LASF49
 773 03b9 04       		.byte	0x4
 774 03ba 0602     		.2byte	0x206
 775 03bc 77000000 		.4byte	0x77
 776 03c0 04       		.byte	0x4
 777 03c1 0B       		.uleb128 0xb
 778 03c2 79030000 		.4byte	.LASF50
 779 03c6 04       		.byte	0x4
 780 03c7 0C02     		.2byte	0x20c
 781 03c9 77000000 		.4byte	0x77
 782 03cd 06       		.byte	0x6
 783 03ce 0B       		.uleb128 0xb
 784 03cf 1B050000 		.4byte	.LASF51
 785 03d3 04       		.byte	0x4
 786 03d4 1102     		.2byte	0x211
 787 03d6 77000000 		.4byte	0x77
 788 03da 08       		.byte	0x8
 789 03db 0B       		.uleb128 0xb
 790 03dc BB040000 		.4byte	.LASF52
 791 03e0 04       		.byte	0x4
 792 03e1 1602     		.2byte	0x216
 793 03e3 A4000000 		.4byte	0xa4
ARM GAS  C:\Users\zack.li\AppData\Local\Temp\ccPg3RaI.s 			page 19


 794 03e7 0C       		.byte	0xc
 795 03e8 0B       		.uleb128 0xb
 796 03e9 63040000 		.4byte	.LASF53
 797 03ed 04       		.byte	0x4
 798 03ee 1C02     		.2byte	0x21c
 799 03f0 92040000 		.4byte	0x492
 800 03f4 10       		.byte	0x10
 801 03f5 0B       		.uleb128 0xb
 802 03f6 8E030000 		.4byte	.LASF54
 803 03fa 04       		.byte	0x4
 804 03fb 2302     		.2byte	0x223
 805 03fd 92040000 		.4byte	0x492
 806 0401 14       		.byte	0x14
 807 0402 0B       		.uleb128 0xb
 808 0403 85060000 		.4byte	.LASF55
 809 0407 04       		.byte	0x4
 810 0408 3302     		.2byte	0x233
 811 040a A2040000 		.4byte	0x4a2
 812 040e 18       		.byte	0x18
 813 040f 0B       		.uleb128 0xb
 814 0410 F4010000 		.4byte	.LASF56
 815 0414 04       		.byte	0x4
 816 0415 3902     		.2byte	0x239
 817 0417 77000000 		.4byte	0x77
 818 041b 1E       		.byte	0x1e
 819 041c 0B       		.uleb128 0xb
 820 041d 11050000 		.4byte	.LASF57
 821 0421 04       		.byte	0x4
 822 0422 3E02     		.2byte	0x23e
 823 0424 6B000000 		.4byte	0x6b
 824 0428 20       		.byte	0x20
 825 0429 0B       		.uleb128 0xb
 826 042a 16000000 		.4byte	.LASF58
 827 042e 04       		.byte	0x4
 828 042f 4302     		.2byte	0x243
 829 0431 8D020000 		.4byte	0x28d
 830 0435 22       		.byte	0x22
 831 0436 0B       		.uleb128 0xb
 832 0437 09050000 		.4byte	.LASF59
 833 043b 04       		.byte	0x4
 834 043c 4802     		.2byte	0x248
 835 043e 85030000 		.4byte	0x385
 836 0442 84       		.byte	0x84
 837 0443 0B       		.uleb128 0xb
 838 0444 60060000 		.4byte	.LASF60
 839 0448 04       		.byte	0x4
 840 0449 4D02     		.2byte	0x24d
 841 044b 6B000000 		.4byte	0x6b
 842 044f C0       		.byte	0xc0
 843 0450 0B       		.uleb128 0xb
 844 0451 A2020000 		.4byte	.LASF61
 845 0455 04       		.byte	0x4
 846 0456 5202     		.2byte	0x252
 847 0458 6B000000 		.4byte	0x6b
 848 045c C1       		.byte	0xc1
 849 045d 0B       		.uleb128 0xb
 850 045e CB040000 		.4byte	.LASF62
ARM GAS  C:\Users\zack.li\AppData\Local\Temp\ccPg3RaI.s 			page 20


 851 0462 04       		.byte	0x4
 852 0463 5702     		.2byte	0x257
 853 0465 77000000 		.4byte	0x77
 854 0469 C2       		.byte	0xc2
 855 046a 0B       		.uleb128 0xb
 856 046b 1F000000 		.4byte	.LASF63
 857 046f 04       		.byte	0x4
 858 0470 5C02     		.2byte	0x25c
 859 0472 F1020000 		.4byte	0x2f1
 860 0476 C4       		.byte	0xc4
 861 0477 0B       		.uleb128 0xb
 862 0478 5A050000 		.4byte	.LASF64
 863 047c 04       		.byte	0x4
 864 047d 6102     		.2byte	0x261
 865 047f 6B000000 		.4byte	0x6b
 866 0483 C6       		.byte	0xc6
 867 0484 0B       		.uleb128 0xb
 868 0485 2F000000 		.4byte	.LASF65
 869 0489 04       		.byte	0x4
 870 048a 6602     		.2byte	0x266
 871 048c 6B000000 		.4byte	0x6b
 872 0490 C7       		.byte	0xc7
 873 0491 00       		.byte	0
 874 0492 07       		.uleb128 0x7
 875 0493 83000000 		.4byte	0x83
 876 0497 A2040000 		.4byte	0x4a2
 877 049b 08       		.uleb128 0x8
 878 049c B0000000 		.4byte	0xb0
 879 04a0 00       		.byte	0
 880 04a1 00       		.byte	0
 881 04a2 07       		.uleb128 0x7
 882 04a3 6B000000 		.4byte	0x6b
 883 04a7 B2040000 		.4byte	0x4b2
 884 04ab 08       		.uleb128 0x8
 885 04ac B0000000 		.4byte	0xb0
 886 04b0 05       		.byte	0x5
 887 04b1 00       		.byte	0
 888 04b2 04       		.uleb128 0x4
 889 04b3 3F050000 		.4byte	.LASF66
 890 04b7 04       		.byte	0x4
 891 04b8 6702     		.2byte	0x267
 892 04ba 91030000 		.4byte	0x391
 893 04be 0C       		.uleb128 0xc
 894 04bf 1C       		.byte	0x1c
 895 04c0 04       		.byte	0x4
 896 04c1 CE02     		.2byte	0x2ce
 897 04c3 3D050000 		.4byte	0x53d
 898 04c7 0B       		.uleb128 0xb
 899 04c8 28060000 		.4byte	.LASF67
 900 04cc 04       		.byte	0x4
 901 04cd D702     		.2byte	0x2d7
 902 04cf 3D050000 		.4byte	0x53d
 903 04d3 00       		.byte	0
 904 04d4 0B       		.uleb128 0xb
 905 04d5 1F030000 		.4byte	.LASF68
 906 04d9 04       		.byte	0x4
 907 04da DE02     		.2byte	0x2de
ARM GAS  C:\Users\zack.li\AppData\Local\Temp\ccPg3RaI.s 			page 21


 908 04dc B7000000 		.4byte	0xb7
 909 04e0 04       		.byte	0x4
 910 04e1 0B       		.uleb128 0xb
 911 04e2 1D060000 		.4byte	.LASF69
 912 04e6 04       		.byte	0x4
 913 04e7 E402     		.2byte	0x2e4
 914 04e9 44050000 		.4byte	0x544
 915 04ed 08       		.byte	0x8
 916 04ee 0B       		.uleb128 0xb
 917 04ef 35060000 		.4byte	.LASF70
 918 04f3 04       		.byte	0x4
 919 04f4 EA02     		.2byte	0x2ea
 920 04f6 B7000000 		.4byte	0xb7
 921 04fa 0C       		.byte	0xc
 922 04fb 0B       		.uleb128 0xb
 923 04fc 5A020000 		.4byte	.LASF71
 924 0500 04       		.byte	0x4
 925 0501 F102     		.2byte	0x2f1
 926 0503 4A050000 		.4byte	0x54a
 927 0507 10       		.byte	0x10
 928 0508 0B       		.uleb128 0xb
 929 0509 20040000 		.4byte	.LASF72
 930 050d 04       		.byte	0x4
 931 050e F602     		.2byte	0x2f6
 932 0510 83000000 		.4byte	0x83
 933 0514 14       		.byte	0x14
 934 0515 0B       		.uleb128 0xb
 935 0516 AB000000 		.4byte	.LASF73
 936 051a 04       		.byte	0x4
 937 051b FD02     		.2byte	0x2fd
 938 051d 77000000 		.4byte	0x77
 939 0521 18       		.byte	0x18
 940 0522 0B       		.uleb128 0xb
 941 0523 D7020000 		.4byte	.LASF74
 942 0527 04       		.byte	0x4
 943 0528 0403     		.2byte	0x304
 944 052a 6B000000 		.4byte	0x6b
 945 052e 1A       		.byte	0x1a
 946 052f 0B       		.uleb128 0xb
 947 0530 66030000 		.4byte	.LASF75
 948 0534 04       		.byte	0x4
 949 0535 0E03     		.2byte	0x30e
 950 0537 6B000000 		.4byte	0x6b
 951 053b 1B       		.byte	0x1b
 952 053c 00       		.byte	0
 953 053d 0E       		.uleb128 0xe
 954 053e 04       		.byte	0x4
 955 053f 43050000 		.4byte	0x543
 956 0543 0F       		.uleb128 0xf
 957 0544 0E       		.uleb128 0xe
 958 0545 04       		.byte	0x4
 959 0546 11030000 		.4byte	0x311
 960 054a 0E       		.uleb128 0xe
 961 054b 04       		.byte	0x4
 962 054c 6B000000 		.4byte	0x6b
 963 0550 04       		.uleb128 0x4
 964 0551 37010000 		.4byte	.LASF76
ARM GAS  C:\Users\zack.li\AppData\Local\Temp\ccPg3RaI.s 			page 22


 965 0555 04       		.byte	0x4
 966 0556 0F03     		.2byte	0x30f
 967 0558 BE040000 		.4byte	0x4be
 968 055c 0C       		.uleb128 0xc
 969 055d A8       		.byte	0xa8
 970 055e 04       		.byte	0x4
 971 055f 1503     		.2byte	0x315
 972 0561 73050000 		.4byte	0x573
 973 0565 0B       		.uleb128 0xb
 974 0566 45060000 		.4byte	.LASF77
 975 056a 04       		.byte	0x4
 976 056b 1A03     		.2byte	0x31a
 977 056d 73050000 		.4byte	0x573
 978 0571 00       		.byte	0
 979 0572 00       		.byte	0
 980 0573 07       		.uleb128 0x7
 981 0574 50050000 		.4byte	0x550
 982 0578 83050000 		.4byte	0x583
 983 057c 08       		.uleb128 0x8
 984 057d B0000000 		.4byte	0xb0
 985 0581 05       		.byte	0x5
 986 0582 00       		.byte	0
 987 0583 04       		.uleb128 0x4
 988 0584 00000000 		.4byte	.LASF78
 989 0588 04       		.byte	0x4
 990 0589 1B03     		.2byte	0x31b
 991 058b 5C050000 		.4byte	0x55c
 992 058f 10       		.uleb128 0x10
 993 0590 01       		.byte	0x1
 994 0591 2C000000 		.4byte	0x2c
 995 0595 05       		.byte	0x5
 996 0596 2E       		.byte	0x2e
 997 0597 C6050000 		.4byte	0x5c6
 998 059b 11       		.uleb128 0x11
 999 059c 1D020000 		.4byte	.LASF79
 1000 05a0 00       		.byte	0
 1001 05a1 11       		.uleb128 0x11
 1002 05a2 6E040000 		.4byte	.LASF80
 1003 05a6 01       		.byte	0x1
 1004 05a7 11       		.uleb128 0x11
 1005 05a8 04060000 		.4byte	.LASF81
 1006 05ac 02       		.byte	0x2
 1007 05ad 11       		.uleb128 0x11
 1008 05ae 1D010000 		.4byte	.LASF82
 1009 05b2 03       		.byte	0x3
 1010 05b3 11       		.uleb128 0x11
 1011 05b4 C9050000 		.4byte	.LASF83
 1012 05b8 04       		.byte	0x4
 1013 05b9 11       		.uleb128 0x11
 1014 05ba B2020000 		.4byte	.LASF84
 1015 05be 05       		.byte	0x5
 1016 05bf 11       		.uleb128 0x11
 1017 05c0 B7000000 		.4byte	.LASF85
 1018 05c4 06       		.byte	0x6
 1019 05c5 00       		.byte	0
 1020 05c6 12       		.uleb128 0x12
 1021 05c7 75000000 		.4byte	.LASF86
ARM GAS  C:\Users\zack.li\AppData\Local\Temp\ccPg3RaI.s 			page 23


 1022 05cb 05       		.byte	0x5
 1023 05cc 36       		.byte	0x36
 1024 05cd 8F050000 		.4byte	0x58f
 1025 05d1 13       		.uleb128 0x13
 1026 05d2 3E000000 		.4byte	.LASF104
 1027 05d6 01       		.byte	0x1
 1028 05d7 44       		.byte	0x44
 1029 05d8 00000000 		.4byte	.LFB1
 1030 05dc 14000000 		.4byte	.LFE1-.LFB1
 1031 05e0 01       		.uleb128 0x1
 1032 05e1 9C       		.byte	0x9c
 1033 05e2 F2050000 		.4byte	0x5f2
 1034 05e6 14       		.uleb128 0x14
 1035 05e7 E8050000 		.4byte	.LASF93
 1036 05eb 01       		.byte	0x1
 1037 05ec 46       		.byte	0x46
 1038 05ed F2050000 		.4byte	0x5f2
 1039 05f1 00       		.byte	0
 1040 05f2 0E       		.uleb128 0xe
 1041 05f3 04       		.byte	0x4
 1042 05f4 F8050000 		.4byte	0x5f8
 1043 05f8 05       		.uleb128 0x5
 1044 05f9 B2040000 		.4byte	0x4b2
 1045 05fd 15       		.uleb128 0x15
 1046 05fe 48020000 		.4byte	.LASF105
 1047 0602 01       		.byte	0x1
 1048 0603 73       		.byte	0x73
 1049 0604 83000000 		.4byte	0x83
 1050 0608 00000000 		.4byte	.LFB2
 1051 060c 18010000 		.4byte	.LFE2-.LFB2
 1052 0610 01       		.uleb128 0x1
 1053 0611 9C       		.byte	0x9c
 1054 0612 CA060000 		.4byte	0x6ca
 1055 0616 16       		.uleb128 0x16
 1056 0617 30050000 		.4byte	.LASF87
 1057 061b 01       		.byte	0x1
 1058 061c 75       		.byte	0x75
 1059 061d 6B000000 		.4byte	0x6b
 1060 0621 00000000 		.4byte	.LLST0
 1061 0625 16       		.uleb128 0x16
 1062 0626 C2040000 		.4byte	.LASF88
 1063 062a 01       		.byte	0x1
 1064 062b 76       		.byte	0x76
 1065 062c 83000000 		.4byte	0x83
 1066 0630 29000000 		.4byte	.LLST1
 1067 0634 16       		.uleb128 0x16
 1068 0635 5E000000 		.4byte	.LASF89
 1069 0639 01       		.byte	0x1
 1070 063a 77       		.byte	0x77
 1071 063b 83000000 		.4byte	0x83
 1072 063f 3C000000 		.4byte	.LLST2
 1073 0643 16       		.uleb128 0x16
 1074 0644 F9050000 		.4byte	.LASF90
 1075 0648 01       		.byte	0x1
 1076 0649 78       		.byte	0x78
 1077 064a 83000000 		.4byte	0x83
 1078 064e 4F000000 		.4byte	.LLST3
ARM GAS  C:\Users\zack.li\AppData\Local\Temp\ccPg3RaI.s 			page 24


 1079 0652 16       		.uleb128 0x16
 1080 0653 8F060000 		.4byte	.LASF91
 1081 0657 01       		.byte	0x1
 1082 0658 79       		.byte	0x79
 1083 0659 C6050000 		.4byte	0x5c6
 1084 065d 0F010000 		.4byte	.LLST4
 1085 0661 16       		.uleb128 0x16
 1086 0662 79060000 		.4byte	.LASF92
 1087 0666 01       		.byte	0x1
 1088 0667 7A       		.byte	0x7a
 1089 0668 83000000 		.4byte	0x83
 1090 066c 22010000 		.4byte	.LLST5
 1091 0670 14       		.uleb128 0x14
 1092 0671 E8050000 		.4byte	.LASF93
 1093 0675 01       		.byte	0x1
 1094 0676 7C       		.byte	0x7c
 1095 0677 F2050000 		.4byte	0x5f2
 1096 067b 16       		.uleb128 0x16
 1097 067c 99030000 		.4byte	.LASF94
 1098 0680 01       		.byte	0x1
 1099 0681 7D       		.byte	0x7d
 1100 0682 CA060000 		.4byte	0x6ca
 1101 0686 63010000 		.4byte	.LLST6
 1102 068a 17       		.uleb128 0x17
 1103 068b 12000000 		.4byte	.LVL3
 1104 068f 03070000 		.4byte	0x703
 1105 0693 17       		.uleb128 0x17
 1106 0694 1C000000 		.4byte	.LVL4
 1107 0698 0E070000 		.4byte	0x70e
 1108 069c 17       		.uleb128 0x17
 1109 069d 46000000 		.4byte	.LVL10
 1110 06a1 19070000 		.4byte	0x719
 1111 06a5 17       		.uleb128 0x17
 1112 06a6 76000000 		.4byte	.LVL19
 1113 06aa 03070000 		.4byte	0x703
 1114 06ae 17       		.uleb128 0x17
 1115 06af 90000000 		.4byte	.LVL20
 1116 06b3 0E070000 		.4byte	0x70e
 1117 06b7 17       		.uleb128 0x17
 1118 06b8 E8000000 		.4byte	.LVL29
 1119 06bc 03070000 		.4byte	0x703
 1120 06c0 17       		.uleb128 0x17
 1121 06c1 FE000000 		.4byte	.LVL30
 1122 06c5 0E070000 		.4byte	0x70e
 1123 06c9 00       		.byte	0
 1124 06ca 0E       		.uleb128 0xe
 1125 06cb 04       		.byte	0x4
 1126 06cc D0060000 		.4byte	0x6d0
 1127 06d0 05       		.uleb128 0x5
 1128 06d1 11030000 		.4byte	0x311
 1129 06d5 18       		.uleb128 0x18
 1130 06d6 65050000 		.4byte	.LASF95
 1131 06da 01       		.byte	0x1
 1132 06db 35       		.byte	0x35
 1133 06dc 83000000 		.4byte	0x83
 1134 06e0 05       		.uleb128 0x5
 1135 06e1 03       		.byte	0x3
ARM GAS  C:\Users\zack.li\AppData\Local\Temp\ccPg3RaI.s 			page 25


 1136 06e2 00000000 		.4byte	tunerFsm
 1137 06e6 19       		.uleb128 0x19
 1138 06e7 57030000 		.4byte	.LASF96
 1139 06eb 04       		.byte	0x4
 1140 06ec 0C05     		.2byte	0x50c
 1141 06ee B2040000 		.4byte	0x4b2
 1142 06f2 19       		.uleb128 0x19
 1143 06f3 4F060000 		.4byte	.LASF97
 1144 06f7 04       		.byte	0x4
 1145 06f8 0D05     		.2byte	0x50d
 1146 06fa FE060000 		.4byte	0x6fe
 1147 06fe 1A       		.uleb128 0x1a
 1148 06ff 83050000 		.4byte	0x583
 1149 0703 1B       		.uleb128 0x1b
 1150 0704 A3030000 		.4byte	.LASF98
 1151 0708 A3030000 		.4byte	.LASF98
 1152 070c 06       		.byte	0x6
 1153 070d E5       		.byte	0xe5
 1154 070e 1B       		.uleb128 0x1b
 1155 070f 95000000 		.4byte	.LASF99
 1156 0713 95000000 		.4byte	.LASF99
 1157 0717 06       		.byte	0x6
 1158 0718 E6       		.byte	0xe6
 1159 0719 1B       		.uleb128 0x1b
 1160 071a 2D040000 		.4byte	.LASF100
 1161 071e 2D040000 		.4byte	.LASF100
 1162 0722 07       		.byte	0x7
 1163 0723 3B       		.byte	0x3b
 1164 0724 00       		.byte	0
 1165              		.section	.debug_abbrev,"",%progbits
 1166              	.Ldebug_abbrev0:
 1167 0000 01       		.uleb128 0x1
 1168 0001 11       		.uleb128 0x11
 1169 0002 01       		.byte	0x1
 1170 0003 25       		.uleb128 0x25
 1171 0004 0E       		.uleb128 0xe
 1172 0005 13       		.uleb128 0x13
 1173 0006 0B       		.uleb128 0xb
 1174 0007 03       		.uleb128 0x3
 1175 0008 0E       		.uleb128 0xe
 1176 0009 1B       		.uleb128 0x1b
 1177 000a 0E       		.uleb128 0xe
 1178 000b 55       		.uleb128 0x55
 1179 000c 17       		.uleb128 0x17
 1180 000d 11       		.uleb128 0x11
 1181 000e 01       		.uleb128 0x1
 1182 000f 10       		.uleb128 0x10
 1183 0010 17       		.uleb128 0x17
 1184 0011 00       		.byte	0
 1185 0012 00       		.byte	0
 1186 0013 02       		.uleb128 0x2
 1187 0014 24       		.uleb128 0x24
 1188 0015 00       		.byte	0
 1189 0016 0B       		.uleb128 0xb
 1190 0017 0B       		.uleb128 0xb
 1191 0018 3E       		.uleb128 0x3e
 1192 0019 0B       		.uleb128 0xb
ARM GAS  C:\Users\zack.li\AppData\Local\Temp\ccPg3RaI.s 			page 26


 1193 001a 03       		.uleb128 0x3
 1194 001b 0E       		.uleb128 0xe
 1195 001c 00       		.byte	0
 1196 001d 00       		.byte	0
 1197 001e 03       		.uleb128 0x3
 1198 001f 24       		.uleb128 0x24
 1199 0020 00       		.byte	0
 1200 0021 0B       		.uleb128 0xb
 1201 0022 0B       		.uleb128 0xb
 1202 0023 3E       		.uleb128 0x3e
 1203 0024 0B       		.uleb128 0xb
 1204 0025 03       		.uleb128 0x3
 1205 0026 08       		.uleb128 0x8
 1206 0027 00       		.byte	0
 1207 0028 00       		.byte	0
 1208 0029 04       		.uleb128 0x4
 1209 002a 16       		.uleb128 0x16
 1210 002b 00       		.byte	0
 1211 002c 03       		.uleb128 0x3
 1212 002d 0E       		.uleb128 0xe
 1213 002e 3A       		.uleb128 0x3a
 1214 002f 0B       		.uleb128 0xb
 1215 0030 3B       		.uleb128 0x3b
 1216 0031 05       		.uleb128 0x5
 1217 0032 49       		.uleb128 0x49
 1218 0033 13       		.uleb128 0x13
 1219 0034 00       		.byte	0
 1220 0035 00       		.byte	0
 1221 0036 05       		.uleb128 0x5
 1222 0037 35       		.uleb128 0x35
 1223 0038 00       		.byte	0
 1224 0039 49       		.uleb128 0x49
 1225 003a 13       		.uleb128 0x13
 1226 003b 00       		.byte	0
 1227 003c 00       		.byte	0
 1228 003d 06       		.uleb128 0x6
 1229 003e 0F       		.uleb128 0xf
 1230 003f 00       		.byte	0
 1231 0040 0B       		.uleb128 0xb
 1232 0041 0B       		.uleb128 0xb
 1233 0042 00       		.byte	0
 1234 0043 00       		.byte	0
 1235 0044 07       		.uleb128 0x7
 1236 0045 01       		.uleb128 0x1
 1237 0046 01       		.byte	0x1
 1238 0047 49       		.uleb128 0x49
 1239 0048 13       		.uleb128 0x13
 1240 0049 01       		.uleb128 0x1
 1241 004a 13       		.uleb128 0x13
 1242 004b 00       		.byte	0
 1243 004c 00       		.byte	0
 1244 004d 08       		.uleb128 0x8
 1245 004e 21       		.uleb128 0x21
 1246 004f 00       		.byte	0
 1247 0050 49       		.uleb128 0x49
 1248 0051 13       		.uleb128 0x13
 1249 0052 2F       		.uleb128 0x2f
ARM GAS  C:\Users\zack.li\AppData\Local\Temp\ccPg3RaI.s 			page 27


 1250 0053 0B       		.uleb128 0xb
 1251 0054 00       		.byte	0
 1252 0055 00       		.byte	0
 1253 0056 09       		.uleb128 0x9
 1254 0057 13       		.uleb128 0x13
 1255 0058 01       		.byte	0x1
 1256 0059 0B       		.uleb128 0xb
 1257 005a 0B       		.uleb128 0xb
 1258 005b 3A       		.uleb128 0x3a
 1259 005c 0B       		.uleb128 0xb
 1260 005d 3B       		.uleb128 0x3b
 1261 005e 0B       		.uleb128 0xb
 1262 005f 01       		.uleb128 0x1
 1263 0060 13       		.uleb128 0x13
 1264 0061 00       		.byte	0
 1265 0062 00       		.byte	0
 1266 0063 0A       		.uleb128 0xa
 1267 0064 0D       		.uleb128 0xd
 1268 0065 00       		.byte	0
 1269 0066 03       		.uleb128 0x3
 1270 0067 0E       		.uleb128 0xe
 1271 0068 3A       		.uleb128 0x3a
 1272 0069 0B       		.uleb128 0xb
 1273 006a 3B       		.uleb128 0x3b
 1274 006b 0B       		.uleb128 0xb
 1275 006c 49       		.uleb128 0x49
 1276 006d 13       		.uleb128 0x13
 1277 006e 38       		.uleb128 0x38
 1278 006f 0B       		.uleb128 0xb
 1279 0070 00       		.byte	0
 1280 0071 00       		.byte	0
 1281 0072 0B       		.uleb128 0xb
 1282 0073 0D       		.uleb128 0xd
 1283 0074 00       		.byte	0
 1284 0075 03       		.uleb128 0x3
 1285 0076 0E       		.uleb128 0xe
 1286 0077 3A       		.uleb128 0x3a
 1287 0078 0B       		.uleb128 0xb
 1288 0079 3B       		.uleb128 0x3b
 1289 007a 05       		.uleb128 0x5
 1290 007b 49       		.uleb128 0x49
 1291 007c 13       		.uleb128 0x13
 1292 007d 38       		.uleb128 0x38
 1293 007e 0B       		.uleb128 0xb
 1294 007f 00       		.byte	0
 1295 0080 00       		.byte	0
 1296 0081 0C       		.uleb128 0xc
 1297 0082 13       		.uleb128 0x13
 1298 0083 01       		.byte	0x1
 1299 0084 0B       		.uleb128 0xb
 1300 0085 0B       		.uleb128 0xb
 1301 0086 3A       		.uleb128 0x3a
 1302 0087 0B       		.uleb128 0xb
 1303 0088 3B       		.uleb128 0x3b
 1304 0089 05       		.uleb128 0x5
 1305 008a 01       		.uleb128 0x1
 1306 008b 13       		.uleb128 0x13
ARM GAS  C:\Users\zack.li\AppData\Local\Temp\ccPg3RaI.s 			page 28


 1307 008c 00       		.byte	0
 1308 008d 00       		.byte	0
 1309 008e 0D       		.uleb128 0xd
 1310 008f 0D       		.uleb128 0xd
 1311 0090 00       		.byte	0
 1312 0091 03       		.uleb128 0x3
 1313 0092 08       		.uleb128 0x8
 1314 0093 3A       		.uleb128 0x3a
 1315 0094 0B       		.uleb128 0xb
 1316 0095 3B       		.uleb128 0x3b
 1317 0096 05       		.uleb128 0x5
 1318 0097 49       		.uleb128 0x49
 1319 0098 13       		.uleb128 0x13
 1320 0099 38       		.uleb128 0x38
 1321 009a 0B       		.uleb128 0xb
 1322 009b 00       		.byte	0
 1323 009c 00       		.byte	0
 1324 009d 0E       		.uleb128 0xe
 1325 009e 0F       		.uleb128 0xf
 1326 009f 00       		.byte	0
 1327 00a0 0B       		.uleb128 0xb
 1328 00a1 0B       		.uleb128 0xb
 1329 00a2 49       		.uleb128 0x49
 1330 00a3 13       		.uleb128 0x13
 1331 00a4 00       		.byte	0
 1332 00a5 00       		.byte	0
 1333 00a6 0F       		.uleb128 0xf
 1334 00a7 26       		.uleb128 0x26
 1335 00a8 00       		.byte	0
 1336 00a9 00       		.byte	0
 1337 00aa 00       		.byte	0
 1338 00ab 10       		.uleb128 0x10
 1339 00ac 04       		.uleb128 0x4
 1340 00ad 01       		.byte	0x1
 1341 00ae 0B       		.uleb128 0xb
 1342 00af 0B       		.uleb128 0xb
 1343 00b0 49       		.uleb128 0x49
 1344 00b1 13       		.uleb128 0x13
 1345 00b2 3A       		.uleb128 0x3a
 1346 00b3 0B       		.uleb128 0xb
 1347 00b4 3B       		.uleb128 0x3b
 1348 00b5 0B       		.uleb128 0xb
 1349 00b6 01       		.uleb128 0x1
 1350 00b7 13       		.uleb128 0x13
 1351 00b8 00       		.byte	0
 1352 00b9 00       		.byte	0
 1353 00ba 11       		.uleb128 0x11
 1354 00bb 28       		.uleb128 0x28
 1355 00bc 00       		.byte	0
 1356 00bd 03       		.uleb128 0x3
 1357 00be 0E       		.uleb128 0xe
 1358 00bf 1C       		.uleb128 0x1c
 1359 00c0 0B       		.uleb128 0xb
 1360 00c1 00       		.byte	0
 1361 00c2 00       		.byte	0
 1362 00c3 12       		.uleb128 0x12
 1363 00c4 16       		.uleb128 0x16
ARM GAS  C:\Users\zack.li\AppData\Local\Temp\ccPg3RaI.s 			page 29


 1364 00c5 00       		.byte	0
 1365 00c6 03       		.uleb128 0x3
 1366 00c7 0E       		.uleb128 0xe
 1367 00c8 3A       		.uleb128 0x3a
 1368 00c9 0B       		.uleb128 0xb
 1369 00ca 3B       		.uleb128 0x3b
 1370 00cb 0B       		.uleb128 0xb
 1371 00cc 49       		.uleb128 0x49
 1372 00cd 13       		.uleb128 0x13
 1373 00ce 00       		.byte	0
 1374 00cf 00       		.byte	0
 1375 00d0 13       		.uleb128 0x13
 1376 00d1 2E       		.uleb128 0x2e
 1377 00d2 01       		.byte	0x1
 1378 00d3 3F       		.uleb128 0x3f
 1379 00d4 19       		.uleb128 0x19
 1380 00d5 03       		.uleb128 0x3
 1381 00d6 0E       		.uleb128 0xe
 1382 00d7 3A       		.uleb128 0x3a
 1383 00d8 0B       		.uleb128 0xb
 1384 00d9 3B       		.uleb128 0x3b
 1385 00da 0B       		.uleb128 0xb
 1386 00db 27       		.uleb128 0x27
 1387 00dc 19       		.uleb128 0x19
 1388 00dd 11       		.uleb128 0x11
 1389 00de 01       		.uleb128 0x1
 1390 00df 12       		.uleb128 0x12
 1391 00e0 06       		.uleb128 0x6
 1392 00e1 40       		.uleb128 0x40
 1393 00e2 18       		.uleb128 0x18
 1394 00e3 9742     		.uleb128 0x2117
 1395 00e5 19       		.uleb128 0x19
 1396 00e6 01       		.uleb128 0x1
 1397 00e7 13       		.uleb128 0x13
 1398 00e8 00       		.byte	0
 1399 00e9 00       		.byte	0
 1400 00ea 14       		.uleb128 0x14
 1401 00eb 34       		.uleb128 0x34
 1402 00ec 00       		.byte	0
 1403 00ed 03       		.uleb128 0x3
 1404 00ee 0E       		.uleb128 0xe
 1405 00ef 3A       		.uleb128 0x3a
 1406 00f0 0B       		.uleb128 0xb
 1407 00f1 3B       		.uleb128 0x3b
 1408 00f2 0B       		.uleb128 0xb
 1409 00f3 49       		.uleb128 0x49
 1410 00f4 13       		.uleb128 0x13
 1411 00f5 00       		.byte	0
 1412 00f6 00       		.byte	0
 1413 00f7 15       		.uleb128 0x15
 1414 00f8 2E       		.uleb128 0x2e
 1415 00f9 01       		.byte	0x1
 1416 00fa 3F       		.uleb128 0x3f
 1417 00fb 19       		.uleb128 0x19
 1418 00fc 03       		.uleb128 0x3
 1419 00fd 0E       		.uleb128 0xe
 1420 00fe 3A       		.uleb128 0x3a
ARM GAS  C:\Users\zack.li\AppData\Local\Temp\ccPg3RaI.s 			page 30


 1421 00ff 0B       		.uleb128 0xb
 1422 0100 3B       		.uleb128 0x3b
 1423 0101 0B       		.uleb128 0xb
 1424 0102 27       		.uleb128 0x27
 1425 0103 19       		.uleb128 0x19
 1426 0104 49       		.uleb128 0x49
 1427 0105 13       		.uleb128 0x13
 1428 0106 11       		.uleb128 0x11
 1429 0107 01       		.uleb128 0x1
 1430 0108 12       		.uleb128 0x12
 1431 0109 06       		.uleb128 0x6
 1432 010a 40       		.uleb128 0x40
 1433 010b 18       		.uleb128 0x18
 1434 010c 9742     		.uleb128 0x2117
 1435 010e 19       		.uleb128 0x19
 1436 010f 01       		.uleb128 0x1
 1437 0110 13       		.uleb128 0x13
 1438 0111 00       		.byte	0
 1439 0112 00       		.byte	0
 1440 0113 16       		.uleb128 0x16
 1441 0114 34       		.uleb128 0x34
 1442 0115 00       		.byte	0
 1443 0116 03       		.uleb128 0x3
 1444 0117 0E       		.uleb128 0xe
 1445 0118 3A       		.uleb128 0x3a
 1446 0119 0B       		.uleb128 0xb
 1447 011a 3B       		.uleb128 0x3b
 1448 011b 0B       		.uleb128 0xb
 1449 011c 49       		.uleb128 0x49
 1450 011d 13       		.uleb128 0x13
 1451 011e 02       		.uleb128 0x2
 1452 011f 17       		.uleb128 0x17
 1453 0120 00       		.byte	0
 1454 0121 00       		.byte	0
 1455 0122 17       		.uleb128 0x17
 1456 0123 898201   		.uleb128 0x4109
 1457 0126 00       		.byte	0
 1458 0127 11       		.uleb128 0x11
 1459 0128 01       		.uleb128 0x1
 1460 0129 31       		.uleb128 0x31
 1461 012a 13       		.uleb128 0x13
 1462 012b 00       		.byte	0
 1463 012c 00       		.byte	0
 1464 012d 18       		.uleb128 0x18
 1465 012e 34       		.uleb128 0x34
 1466 012f 00       		.byte	0
 1467 0130 03       		.uleb128 0x3
 1468 0131 0E       		.uleb128 0xe
 1469 0132 3A       		.uleb128 0x3a
 1470 0133 0B       		.uleb128 0xb
 1471 0134 3B       		.uleb128 0x3b
 1472 0135 0B       		.uleb128 0xb
 1473 0136 49       		.uleb128 0x49
 1474 0137 13       		.uleb128 0x13
 1475 0138 02       		.uleb128 0x2
 1476 0139 18       		.uleb128 0x18
 1477 013a 00       		.byte	0
ARM GAS  C:\Users\zack.li\AppData\Local\Temp\ccPg3RaI.s 			page 31


 1478 013b 00       		.byte	0
 1479 013c 19       		.uleb128 0x19
 1480 013d 34       		.uleb128 0x34
 1481 013e 00       		.byte	0
 1482 013f 03       		.uleb128 0x3
 1483 0140 0E       		.uleb128 0xe
 1484 0141 3A       		.uleb128 0x3a
 1485 0142 0B       		.uleb128 0xb
 1486 0143 3B       		.uleb128 0x3b
 1487 0144 05       		.uleb128 0x5
 1488 0145 49       		.uleb128 0x49
 1489 0146 13       		.uleb128 0x13
 1490 0147 3F       		.uleb128 0x3f
 1491 0148 19       		.uleb128 0x19
 1492 0149 3C       		.uleb128 0x3c
 1493 014a 19       		.uleb128 0x19
 1494 014b 00       		.byte	0
 1495 014c 00       		.byte	0
 1496 014d 1A       		.uleb128 0x1a
 1497 014e 26       		.uleb128 0x26
 1498 014f 00       		.byte	0
 1499 0150 49       		.uleb128 0x49
 1500 0151 13       		.uleb128 0x13
 1501 0152 00       		.byte	0
 1502 0153 00       		.byte	0
 1503 0154 1B       		.uleb128 0x1b
 1504 0155 2E       		.uleb128 0x2e
 1505 0156 00       		.byte	0
 1506 0157 3F       		.uleb128 0x3f
 1507 0158 19       		.uleb128 0x19
 1508 0159 3C       		.uleb128 0x3c
 1509 015a 19       		.uleb128 0x19
 1510 015b 6E       		.uleb128 0x6e
 1511 015c 0E       		.uleb128 0xe
 1512 015d 03       		.uleb128 0x3
 1513 015e 0E       		.uleb128 0xe
 1514 015f 3A       		.uleb128 0x3a
 1515 0160 0B       		.uleb128 0xb
 1516 0161 3B       		.uleb128 0x3b
 1517 0162 0B       		.uleb128 0xb
 1518 0163 00       		.byte	0
 1519 0164 00       		.byte	0
 1520 0165 00       		.byte	0
 1521              		.section	.debug_loc,"",%progbits
 1522              	.Ldebug_loc0:
 1523              	.LLST0:
 1524 0000 12000000 		.4byte	.LVL3
 1525 0004 1B000000 		.4byte	.LVL4-1
 1526 0008 0100     		.2byte	0x1
 1527 000a 50       		.byte	0x50
 1528 000b 76000000 		.4byte	.LVL19
 1529 000f 8F000000 		.4byte	.LVL20-1
 1530 0013 0100     		.2byte	0x1
 1531 0015 50       		.byte	0x50
 1532 0016 E8000000 		.4byte	.LVL29
 1533 001a FD000000 		.4byte	.LVL30-1
 1534 001e 0100     		.2byte	0x1
ARM GAS  C:\Users\zack.li\AppData\Local\Temp\ccPg3RaI.s 			page 32


 1535 0020 50       		.byte	0x50
 1536 0021 00000000 		.4byte	0
 1537 0025 00000000 		.4byte	0
 1538              	.LLST1:
 1539 0029 A6000000 		.4byte	.LVL22
 1540 002d D4000000 		.4byte	.LVL25
 1541 0031 0100     		.2byte	0x1
 1542 0033 53       		.byte	0x53
 1543 0034 00000000 		.4byte	0
 1544 0038 00000000 		.4byte	0
 1545              	.LLST2:
 1546 003c AC000000 		.4byte	.LVL23
 1547 0040 E0000000 		.4byte	.LVL27
 1548 0044 0100     		.2byte	0x1
 1549 0046 52       		.byte	0x52
 1550 0047 00000000 		.4byte	0
 1551 004b 00000000 		.4byte	0
 1552              	.LLST3:
 1553 004f 02000000 		.4byte	.LVL1
 1554 0053 06000000 		.4byte	.LVL2
 1555 0057 0200     		.2byte	0x2
 1556 0059 30       		.byte	0x30
 1557 005a 9F       		.byte	0x9f
 1558 005b 06000000 		.4byte	.LVL2
 1559 005f 34000000 		.4byte	.LVL6
 1560 0063 0100     		.2byte	0x1
 1561 0065 56       		.byte	0x56
 1562 0066 34000000 		.4byte	.LVL6
 1563 006a 38000000 		.4byte	.LVL7
 1564 006e 0200     		.2byte	0x2
 1565 0070 31       		.byte	0x31
 1566 0071 9F       		.byte	0x9f
 1567 0072 38000000 		.4byte	.LVL7
 1568 0076 3E000000 		.4byte	.LVL8
 1569 007a 0100     		.2byte	0x1
 1570 007c 56       		.byte	0x56
 1571 007d 3E000000 		.4byte	.LVL8
 1572 0081 42000000 		.4byte	.LVL9
 1573 0085 0200     		.2byte	0x2
 1574 0087 31       		.byte	0x31
 1575 0088 9F       		.byte	0x9f
 1576 0089 42000000 		.4byte	.LVL9
 1577 008d 4C000000 		.4byte	.LVL11
 1578 0091 0100     		.2byte	0x1
 1579 0093 56       		.byte	0x56
 1580 0094 4C000000 		.4byte	.LVL11
 1581 0098 52000000 		.4byte	.LVL12
 1582 009c 0200     		.2byte	0x2
 1583 009e 31       		.byte	0x31
 1584 009f 9F       		.byte	0x9f
 1585 00a0 52000000 		.4byte	.LVL12
 1586 00a4 58000000 		.4byte	.LVL13
 1587 00a8 0100     		.2byte	0x1
 1588 00aa 56       		.byte	0x56
 1589 00ab 58000000 		.4byte	.LVL13
 1590 00af 5C000000 		.4byte	.LVL14
 1591 00b3 0200     		.2byte	0x2
ARM GAS  C:\Users\zack.li\AppData\Local\Temp\ccPg3RaI.s 			page 33


 1592 00b5 31       		.byte	0x31
 1593 00b6 9F       		.byte	0x9f
 1594 00b7 5C000000 		.4byte	.LVL14
 1595 00bb 62000000 		.4byte	.LVL15
 1596 00bf 0100     		.2byte	0x1
 1597 00c1 56       		.byte	0x56
 1598 00c2 62000000 		.4byte	.LVL15
 1599 00c6 66000000 		.4byte	.LVL16
 1600 00ca 0200     		.2byte	0x2
 1601 00cc 31       		.byte	0x31
 1602 00cd 9F       		.byte	0x9f
 1603 00ce 66000000 		.4byte	.LVL16
 1604 00d2 6C000000 		.4byte	.LVL17
 1605 00d6 0100     		.2byte	0x1
 1606 00d8 56       		.byte	0x56
 1607 00d9 6C000000 		.4byte	.LVL17
 1608 00dd 6E000000 		.4byte	.LVL18
 1609 00e1 0200     		.2byte	0x2
 1610 00e3 30       		.byte	0x30
 1611 00e4 9F       		.byte	0x9f
 1612 00e5 6E000000 		.4byte	.LVL18
 1613 00e9 90000000 		.4byte	.LVL20
 1614 00ed 0100     		.2byte	0x1
 1615 00ef 56       		.byte	0x56
 1616 00f0 90000000 		.4byte	.LVL20
 1617 00f4 92000000 		.4byte	.LVL21
 1618 00f8 0200     		.2byte	0x2
 1619 00fa 30       		.byte	0x30
 1620 00fb 9F       		.byte	0x9f
 1621 00fc 92000000 		.4byte	.LVL21
 1622 0100 00010000 		.4byte	.LVL32
 1623 0104 0100     		.2byte	0x1
 1624 0106 56       		.byte	0x56
 1625 0107 00000000 		.4byte	0
 1626 010b 00000000 		.4byte	0
 1627              	.LLST4:
 1628 010f 22000000 		.4byte	.LVL5
 1629 0113 C8000000 		.4byte	.LVL24
 1630 0117 0100     		.2byte	0x1
 1631 0119 54       		.byte	0x54
 1632 011a 00000000 		.4byte	0
 1633 011e 00000000 		.4byte	0
 1634              	.LLST5:
 1635 0122 02000000 		.4byte	.LVL1
 1636 0126 06000000 		.4byte	.LVL2
 1637 012a 0200     		.2byte	0x2
 1638 012c 30       		.byte	0x30
 1639 012d 9F       		.byte	0x9f
 1640 012e 06000000 		.4byte	.LVL2
 1641 0132 46000000 		.4byte	.LVL10
 1642 0136 0100     		.2byte	0x1
 1643 0138 55       		.byte	0x55
 1644 0139 46000000 		.4byte	.LVL10
 1645 013d 52000000 		.4byte	.LVL12
 1646 0141 0200     		.2byte	0x2
 1647 0143 31       		.byte	0x31
 1648 0144 9F       		.byte	0x9f
ARM GAS  C:\Users\zack.li\AppData\Local\Temp\ccPg3RaI.s 			page 34


 1649 0145 52000000 		.4byte	.LVL12
 1650 0149 00010000 		.4byte	.LVL31
 1651 014d 0100     		.2byte	0x1
 1652 014f 55       		.byte	0x55
 1653 0150 00010000 		.4byte	.LVL31
 1654 0154 18010000 		.4byte	.LFE2
 1655 0158 0100     		.2byte	0x1
 1656 015a 50       		.byte	0x50
 1657 015b 00000000 		.4byte	0
 1658 015f 00000000 		.4byte	0
 1659              	.LLST6:
 1660 0163 DC000000 		.4byte	.LVL26
 1661 0167 FE000000 		.4byte	.LVL30
 1662 016b 0100     		.2byte	0x1
 1663 016d 54       		.byte	0x54
 1664 016e 00000000 		.4byte	0
 1665 0172 00000000 		.4byte	0
 1666              		.section	.debug_aranges,"",%progbits
 1667 0000 24000000 		.4byte	0x24
 1668 0004 0200     		.2byte	0x2
 1669 0006 00000000 		.4byte	.Ldebug_info0
 1670 000a 04       		.byte	0x4
 1671 000b 00       		.byte	0
 1672 000c 0000     		.2byte	0
 1673 000e 0000     		.2byte	0
 1674 0010 00000000 		.4byte	.LFB1
 1675 0014 14000000 		.4byte	.LFE1-.LFB1
 1676 0018 00000000 		.4byte	.LFB2
 1677 001c 18010000 		.4byte	.LFE2-.LFB2
 1678 0020 00000000 		.4byte	0
 1679 0024 00000000 		.4byte	0
 1680              		.section	.debug_ranges,"",%progbits
 1681              	.Ldebug_ranges0:
 1682 0000 00000000 		.4byte	.LFB1
 1683 0004 14000000 		.4byte	.LFE1
 1684 0008 00000000 		.4byte	.LFB2
 1685 000c 18010000 		.4byte	.LFE2
 1686 0010 00000000 		.4byte	0
 1687 0014 00000000 		.4byte	0
 1688              		.section	.debug_line,"",%progbits
 1689              	.Ldebug_line0:
 1690 0000 18010000 		.section	.debug_str,"MS",%progbits,1
 1690      0200B400 
 1690      00000201 
 1690      FB0E0D00 
 1690      01010101 
 1691              	.LASF78:
 1692 0000 43617053 		.ascii	"CapSense_FLASH_STRUCT\000"
 1692      656E7365 
 1692      5F464C41 
 1692      53485F53 
 1692      54525543 
 1693              	.LASF58:
 1694 0016 77646774 		.ascii	"wdgtList\000"
 1694      4C697374 
 1694      00
 1695              	.LASF63:
ARM GAS  C:\Users\zack.li\AppData\Local\Temp\ccPg3RaI.s 			page 35


 1696 001f 736E7254 		.ascii	"snrTestRawCount\000"
 1696      65737452 
 1696      6177436F 
 1696      756E7400 
 1697              	.LASF65:
 1698 002f 7363616E 		.ascii	"scanCurrentISC\000"
 1698      43757272 
 1698      656E7449 
 1698      534300
 1699              	.LASF104:
 1700 003e 43617053 		.ascii	"CapSense_TuInitialize\000"
 1700      656E7365 
 1700      5F547549 
 1700      6E697469 
 1700      616C697A 
 1701              	.LASF37:
 1702 0054 666F726D 		.ascii	"formation\000"
 1702      6174696F 
 1702      6E00
 1703              	.LASF89:
 1704 005e 73656E73 		.ascii	"sensorId\000"
 1704      6F724964 
 1704      00
 1705              	.LASF27:
 1706 0067 69646163 		.ascii	"idacGainIndex\000"
 1706      4761696E 
 1706      496E6465 
 1706      7800
 1707              	.LASF86:
 1708 0075 43617053 		.ascii	"CapSense_TU_CMD_ENUM\000"
 1708      656E7365 
 1708      5F54555F 
 1708      434D445F 
 1708      454E554D 
 1709              	.LASF25:
 1710 008a 6C6F7742 		.ascii	"lowBslnRst\000"
 1710      736C6E52 
 1710      737400
 1711              	.LASF99:
 1712 0095 43794578 		.ascii	"CyExitCriticalSection\000"
 1712      69744372 
 1712      69746963 
 1712      616C5365 
 1712      6374696F 
 1713              	.LASF73:
 1714 00ab 746F7461 		.ascii	"totalNumSns\000"
 1714      6C4E756D 
 1714      536E7300 
 1715              	.LASF85:
 1716 00b7 43617053 		.ascii	"CapSense_TU_CMD_ONE_SCAN_E\000"
 1716      656E7365 
 1716      5F54555F 
 1716      434D445F 
 1716      4F4E455F 
 1717              	.LASF26:
 1718 00d2 69646163 		.ascii	"idacMod\000"
 1718      4D6F6400 
ARM GAS  C:\Users\zack.li\AppData\Local\Temp\ccPg3RaI.s 			page 36


 1719              	.LASF2:
 1720 00da 73686F72 		.ascii	"short int\000"
 1720      7420696E 
 1720      7400
 1721              	.LASF30:
 1722 00e4 43617053 		.ascii	"CapSense_RAM_WD_BUTTON_STRUCT\000"
 1722      656E7365 
 1722      5F52414D 
 1722      5F57445F 
 1722      42555454 
 1723              	.LASF24:
 1724 0102 6F6E4465 		.ascii	"onDebounce\000"
 1724      626F756E 
 1724      636500
 1725              	.LASF33:
 1726 010d 766F6C5F 		.ascii	"vol_up\000"
 1726      757000
 1727              	.LASF16:
 1728 0114 73697A65 		.ascii	"sizetype\000"
 1728      74797065 
 1728      00
 1729              	.LASF82:
 1730 011d 43617053 		.ascii	"CapSense_TU_CMD_RESTART_E\000"
 1730      656E7365 
 1730      5F54555F 
 1730      434D445F 
 1730      52455354 
 1731              	.LASF76:
 1732 0137 43617053 		.ascii	"CapSense_FLASH_WD_STRUCT\000"
 1732      656E7365 
 1732      5F464C41 
 1732      53485F57 
 1732      445F5354 
 1733              	.LASF47:
 1734 0150 636F6E66 		.ascii	"configId\000"
 1734      69674964 
 1734      00
 1735              	.LASF101:
 1736 0159 474E5520 		.ascii	"GNU C11 5.4.1 20160609 (release) [ARM/embedded-5-br"
 1736      43313120 
 1736      352E342E 
 1736      31203230 
 1736      31363036 
 1737 018c 616E6368 		.ascii	"anch revision 237715] -mcpu=cortex-m0plus -mthumb -"
 1737      20726576 
 1737      6973696F 
 1737      6E203233 
 1737      37373135 
 1738 01bf 67202D4F 		.ascii	"g -Og -ffunction-sections -ffat-lto-objects\000"
 1738      67202D66 
 1738      66756E63 
 1738      74696F6E 
 1738      2D736563 
 1739              	.LASF44:
 1740 01eb 69646163 		.ascii	"idacComp\000"
 1740      436F6D70 
 1740      00
ARM GAS  C:\Users\zack.li\AppData\Local\Temp\ccPg3RaI.s 			page 37


 1741              	.LASF56:
 1742 01f4 63736430 		.ascii	"csd0Config\000"
 1742      436F6E66 
 1742      696700
 1743              	.LASF31:
 1744 01ff 70726F78 		.ascii	"proxTouchTh\000"
 1744      546F7563 
 1744      68546800 
 1745              	.LASF38:
 1746 020b 70726F78 		.ascii	"prox\000"
 1746      00
 1747              	.LASF29:
 1748 0210 736E7343 		.ascii	"snsClkSource\000"
 1748      6C6B536F 
 1748      75726365 
 1748      00
 1749              	.LASF79:
 1750 021d 43617053 		.ascii	"CapSense_TU_CMD_NONE_E\000"
 1750      656E7365 
 1750      5F54555F 
 1750      434D445F 
 1750      4E4F4E45 
 1751              	.LASF21:
 1752 0234 6E6F6973 		.ascii	"noiseTh\000"
 1752      65546800 
 1753              	.LASF40:
 1754 023c 62736C6E 		.ascii	"bsln\000"
 1754      00
 1755              	.LASF10:
 1756 0241 75696E74 		.ascii	"uint16\000"
 1756      313600
 1757              	.LASF105:
 1758 0248 43617053 		.ascii	"CapSense_RunTuner\000"
 1758      656E7365 
 1758      5F52756E 
 1758      54756E65 
 1758      7200
 1759              	.LASF71:
 1760 025a 70747232 		.ascii	"ptr2DebounceArr\000"
 1760      4465626F 
 1760      756E6365 
 1760      41727200 
 1761              	.LASF9:
 1762 026a 75696E74 		.ascii	"uint8\000"
 1762      3800
 1763              	.LASF28:
 1764 0270 736E7343 		.ascii	"snsClk\000"
 1764      6C6B00
 1765              	.LASF34:
 1766 0277 766F6C5F 		.ascii	"vol_down\000"
 1766      646F776E 
 1766      00
 1767              	.LASF12:
 1768 0280 666C6F61 		.ascii	"float\000"
 1768      7400
 1769              	.LASF39:
 1770 0286 43617053 		.ascii	"CapSense_RAM_WD_LIST_STRUCT\000"
ARM GAS  C:\Users\zack.li\AppData\Local\Temp\ccPg3RaI.s 			page 38


 1770      656E7365 
 1770      5F52414D 
 1770      5F57445F 
 1770      4C495354 
 1771              	.LASF61:
 1772 02a2 736E7254 		.ascii	"snrTestSensorId\000"
 1772      65737453 
 1772      656E736F 
 1772      72496400 
 1773              	.LASF84:
 1774 02b2 43617053 		.ascii	"CapSense_TU_CMD_PING_E\000"
 1774      656E7365 
 1774      5F54555F 
 1774      434D445F 
 1774      50494E47 
 1775              	.LASF14:
 1776 02c9 63686172 		.ascii	"char\000"
 1776      00
 1777              	.LASF4:
 1778 02ce 6C6F6E67 		.ascii	"long int\000"
 1778      20696E74 
 1778      00
 1779              	.LASF74:
 1780 02d7 77646774 		.ascii	"wdgtType\000"
 1780      54797065 
 1780      00
 1781              	.LASF102:
 1782 02e0 47656E65 		.ascii	"Generated_Source\\PSoC4\\CapSense_Tuner.c\000"
 1782      72617465 
 1782      645F536F 
 1782      75726365 
 1782      5C50536F 
 1783              	.LASF20:
 1784 0308 66696E67 		.ascii	"fingerTh\000"
 1784      65725468 
 1784      00
 1785              	.LASF43:
 1786 0311 6E656742 		.ascii	"negBslnRstCnt\000"
 1786      736C6E52 
 1786      7374436E 
 1786      7400
 1787              	.LASF68:
 1788 031f 70747232 		.ascii	"ptr2WdgtRam\000"
 1788      57646774 
 1788      52616D00 
 1789              	.LASF32:
 1790 032b 43617053 		.ascii	"CapSense_RAM_WD_PROXIMITY_STRUCT\000"
 1790      656E7365 
 1790      5F52414D 
 1790      5F57445F 
 1790      50524F58 
 1791              	.LASF35:
 1792 034c 706C6179 		.ascii	"play_pause\000"
 1792      5F706175 
 1792      736500
 1793              	.LASF96:
 1794 0357 43617053 		.ascii	"CapSense_dsRam\000"
ARM GAS  C:\Users\zack.li\AppData\Local\Temp\ccPg3RaI.s 			page 39


 1794      656E7365 
 1794      5F647352 
 1794      616D00
 1795              	.LASF75:
 1796 0366 6E756D43 		.ascii	"numCols\000"
 1796      6F6C7300 
 1797              	.LASF23:
 1798 036e 68797374 		.ascii	"hysteresis\000"
 1798      65726573 
 1798      697300
 1799              	.LASF50:
 1800 0379 74756E65 		.ascii	"tunerCmd\000"
 1800      72436D64 
 1800      00
 1801              	.LASF15:
 1802 0382 6C6F6E67 		.ascii	"long double\000"
 1802      20646F75 
 1802      626C6500 
 1803              	.LASF54:
 1804 038e 77646774 		.ascii	"wdgtStatus\000"
 1804      53746174 
 1804      757300
 1805              	.LASF94:
 1806 0399 70747253 		.ascii	"ptrSnsTmp\000"
 1806      6E73546D 
 1806      7000
 1807              	.LASF98:
 1808 03a3 4379456E 		.ascii	"CyEnterCriticalSection\000"
 1808      74657243 
 1808      72697469 
 1808      63616C53 
 1808      65637469 
 1809              	.LASF1:
 1810 03ba 756E7369 		.ascii	"unsigned char\000"
 1810      676E6564 
 1810      20636861 
 1810      7200
 1811              	.LASF17:
 1812 03c8 43617053 		.ascii	"CapSense_THRESHOLD_TYPE\000"
 1812      656E7365 
 1812      5F544852 
 1812      4553484F 
 1812      4C445F54 
 1813              	.LASF0:
 1814 03e0 7369676E 		.ascii	"signed char\000"
 1814      65642063 
 1814      68617200 
 1815              	.LASF46:
 1816 03ec 43617053 		.ascii	"CapSense_RAM_SNS_LIST_STRUCT\000"
 1816      656E7365 
 1816      5F52414D 
 1816      5F534E53 
 1816      5F4C4953 
 1817              	.LASF7:
 1818 0409 6C6F6E67 		.ascii	"long long unsigned int\000"
 1818      206C6F6E 
 1818      6720756E 
ARM GAS  C:\Users\zack.li\AppData\Local\Temp\ccPg3RaI.s 			page 40


 1818      7369676E 
 1818      65642069 
 1819              	.LASF72:
 1820 0420 73746174 		.ascii	"staticConfig\000"
 1820      6963436F 
 1820      6E666967 
 1820      00
 1821              	.LASF100:
 1822 042d 43617053 		.ascii	"CapSense_Start\000"
 1822      656E7365 
 1822      5F537461 
 1822      727400
 1823              	.LASF8:
 1824 043c 756E7369 		.ascii	"unsigned int\000"
 1824      676E6564 
 1824      20696E74 
 1824      00
 1825              	.LASF41:
 1826 0449 62736C6E 		.ascii	"bslnExt\000"
 1826      45787400 
 1827              	.LASF5:
 1828 0451 6C6F6E67 		.ascii	"long unsigned int\000"
 1828      20756E73 
 1828      69676E65 
 1828      6420696E 
 1828      7400
 1829              	.LASF53:
 1830 0463 77646774 		.ascii	"wdgtEnable\000"
 1830      456E6162 
 1830      6C6500
 1831              	.LASF80:
 1832 046e 43617053 		.ascii	"CapSense_TU_CMD_SUSPEND_E\000"
 1832      656E7365 
 1832      5F54555F 
 1832      434D445F 
 1832      53555350 
 1833              	.LASF45:
 1834 0488 43617053 		.ascii	"CapSense_RAM_SNS_STRUCT\000"
 1834      656E7365 
 1834      5F52414D 
 1834      5F534E53 
 1834      5F535452 
 1835              	.LASF18:
 1836 04a0 43617053 		.ascii	"CapSense_LOW_BSLN_RST_TYPE\000"
 1836      656E7365 
 1836      5F4C4F57 
 1836      5F42534C 
 1836      4E5F5253 
 1837              	.LASF52:
 1838 04bb 73746174 		.ascii	"status\000"
 1838      757300
 1839              	.LASF88:
 1840 04c2 77696467 		.ascii	"widgetId\000"
 1840      65744964 
 1840      00
 1841              	.LASF62:
 1842 04cb 736E7254 		.ascii	"snrTestScanCounter\000"
ARM GAS  C:\Users\zack.li\AppData\Local\Temp\ccPg3RaI.s 			page 41


 1842      65737453 
 1842      63616E43 
 1842      6F756E74 
 1842      657200
 1843              	.LASF19:
 1844 04de 7265736F 		.ascii	"resolution\000"
 1844      6C757469 
 1844      6F6E00
 1845              	.LASF3:
 1846 04e9 73686F72 		.ascii	"short unsigned int\000"
 1846      7420756E 
 1846      7369676E 
 1846      65642069 
 1846      6E7400
 1847              	.LASF36:
 1848 04fc 6C696265 		.ascii	"liberty_pull\000"
 1848      7274795F 
 1848      70756C6C 
 1848      00
 1849              	.LASF59:
 1850 0509 736E734C 		.ascii	"snsList\000"
 1850      69737400 
 1851              	.LASF57:
 1852 0511 6D6F6443 		.ascii	"modCsdClk\000"
 1852      7364436C 
 1852      6B00
 1853              	.LASF51:
 1854 051b 7363616E 		.ascii	"scanCounter\000"
 1854      436F756E 
 1854      74657200 
 1855              	.LASF22:
 1856 0527 6E4E6F69 		.ascii	"nNoiseTh\000"
 1856      73655468 
 1856      00
 1857              	.LASF87:
 1858 0530 696E7465 		.ascii	"interruptState\000"
 1858      72727570 
 1858      74537461 
 1858      746500
 1859              	.LASF66:
 1860 053f 43617053 		.ascii	"CapSense_RAM_STRUCT\000"
 1860      656E7365 
 1860      5F52414D 
 1860      5F535452 
 1860      55435400 
 1861              	.LASF11:
 1862 0553 75696E74 		.ascii	"uint32\000"
 1862      333200
 1863              	.LASF64:
 1864 055a 7363616E 		.ascii	"scanCsdISC\000"
 1864      43736449 
 1864      534300
 1865              	.LASF95:
 1866 0565 74756E65 		.ascii	"tunerFsm\000"
 1866      7246736D 
 1866      00
 1867              	.LASF13:
ARM GAS  C:\Users\zack.li\AppData\Local\Temp\ccPg3RaI.s 			page 42


 1868 056e 646F7562 		.ascii	"double\000"
 1868      6C6500
 1869              	.LASF103:
 1870 0575 443A5C71 		.ascii	"D:\\qcs40x\\Cypress\\project\\4025LQIS412_workspace"
 1870      63733430 
 1870      785C4379 
 1870      70726573 
 1870      735C7072 
 1871 05a4 5C343032 		.ascii	"\\4025LQIS412-EZIIC\\EZIIC_wadge.cydsn\000"
 1871      354C5149 
 1871      53343132 
 1871      2D455A49 
 1871      49435C45 
 1872              	.LASF83:
 1873 05c9 43617053 		.ascii	"CapSense_TU_CMD_RUN_SNR_TEST_E\000"
 1873      656E7365 
 1873      5F54555F 
 1873      434D445F 
 1873      52554E5F 
 1874              	.LASF93:
 1875 05e8 70747244 		.ascii	"ptrDsRam\000"
 1875      7352616D 
 1875      00
 1876              	.LASF49:
 1877 05f1 6877436C 		.ascii	"hwClock\000"
 1877      6F636B00 
 1878              	.LASF90:
 1879 05f9 75706461 		.ascii	"updateFlag\000"
 1879      7465466C 
 1879      616700
 1880              	.LASF81:
 1881 0604 43617053 		.ascii	"CapSense_TU_CMD_RESUME_E\000"
 1881      656E7365 
 1881      5F54555F 
 1881      434D445F 
 1881      52455355 
 1882              	.LASF69:
 1883 061d 70747232 		.ascii	"ptr2SnsRam\000"
 1883      536E7352 
 1883      616D00
 1884              	.LASF67:
 1885 0628 70747232 		.ascii	"ptr2SnsFlash\000"
 1885      536E7346 
 1885      6C617368 
 1885      00
 1886              	.LASF70:
 1887 0635 70747232 		.ascii	"ptr2FltrHistory\000"
 1887      466C7472 
 1887      48697374 
 1887      6F727900 
 1888              	.LASF77:
 1889 0645 77646774 		.ascii	"wdgtArray\000"
 1889      41727261 
 1889      7900
 1890              	.LASF97:
 1891 064f 43617053 		.ascii	"CapSense_dsFlash\000"
 1891      656E7365 
ARM GAS  C:\Users\zack.li\AppData\Local\Temp\ccPg3RaI.s 			page 43


 1891      5F647346 
 1891      6C617368 
 1891      00
 1892              	.LASF60:
 1893 0660 736E7254 		.ascii	"snrTestWidgetId\000"
 1893      65737457 
 1893      69646765 
 1893      74496400 
 1894              	.LASF48:
 1895 0670 64657669 		.ascii	"deviceId\000"
 1895      63654964 
 1895      00
 1896              	.LASF92:
 1897 0679 74756E65 		.ascii	"tunerStatus\000"
 1897      72537461 
 1897      74757300 
 1898              	.LASF55:
 1899 0685 736E7353 		.ascii	"snsStatus\000"
 1899      74617475 
 1899      7300
 1900              	.LASF91:
 1901 068f 636F6D6D 		.ascii	"command\000"
 1901      616E6400 
 1902              	.LASF6:
 1903 0697 6C6F6E67 		.ascii	"long long int\000"
 1903      206C6F6E 
 1903      6720696E 
 1903      7400
 1904              	.LASF42:
 1905 06a5 64696666 		.ascii	"diff\000"
 1905      00
 1906              		.ident	"GCC: (GNU Tools for ARM Embedded Processors) 5.4.1 20160609 (release) [ARM/embedded-5-bran
