ARM GAS  C:\Users\zack.li\AppData\Local\Temp\ccpa8pJi.s 			page 1


   1              		.syntax unified
   2              		.cpu cortex-m0
   3              		.fpu softvfp
   4              		.eabi_attribute 20, 1
   5              		.eabi_attribute 21, 1
   6              		.eabi_attribute 23, 3
   7              		.eabi_attribute 24, 1
   8              		.eabi_attribute 25, 1
   9              		.eabi_attribute 26, 1
  10              		.eabi_attribute 30, 4
  11              		.eabi_attribute 34, 0
  12              		.eabi_attribute 18, 4
  13              		.thumb
  14              		.syntax unified
  15              		.file	"CapSense_Tuner.c"
  16              		.text
  17              	.Ltext0:
  18              		.cfi_sections	.debug_frame
  19              		.section	.text.CapSense_TuInitialize,"ax",%progbits
  20              		.align	1
  21              		.global	CapSense_TuInitialize
  22              		.code	16
  23              		.thumb_func
  24              		.type	CapSense_TuInitialize, %function
  25              	CapSense_TuInitialize:
  26              	.LFB1:
  27              		.file 1 "Generated_Source\\PSoC4\\CapSense_Tuner.c"
   1:Generated_Source\PSoC4/CapSense_Tuner.c **** /***************************************************************************//**
   2:Generated_Source\PSoC4/CapSense_Tuner.c **** * \file CapSense_Tuner.c
   3:Generated_Source\PSoC4/CapSense_Tuner.c **** * \version 7.0
   4:Generated_Source\PSoC4/CapSense_Tuner.c **** *
   5:Generated_Source\PSoC4/CapSense_Tuner.c **** * \brief
   6:Generated_Source\PSoC4/CapSense_Tuner.c **** *   This file provides the source code for the Tuner module API of the Component.
   7:Generated_Source\PSoC4/CapSense_Tuner.c **** *
   8:Generated_Source\PSoC4/CapSense_Tuner.c **** * \see CapSense v7.0 Datasheet
   9:Generated_Source\PSoC4/CapSense_Tuner.c **** *
  10:Generated_Source\PSoC4/CapSense_Tuner.c **** *//*****************************************************************************
  11:Generated_Source\PSoC4/CapSense_Tuner.c **** * Copyright (2016-2019), Cypress Semiconductor Corporation.
  12:Generated_Source\PSoC4/CapSense_Tuner.c **** ********************************************************************************
  13:Generated_Source\PSoC4/CapSense_Tuner.c **** * This software is owned by Cypress Semiconductor Corporation (Cypress) and is
  14:Generated_Source\PSoC4/CapSense_Tuner.c **** * protected by and subject to worldwide patent protection (United States and
  15:Generated_Source\PSoC4/CapSense_Tuner.c **** * foreign), United States copyright laws and international treaty provisions.
  16:Generated_Source\PSoC4/CapSense_Tuner.c **** * Cypress hereby grants to licensee a personal, non-exclusive, non-transferable
  17:Generated_Source\PSoC4/CapSense_Tuner.c **** * license to copy, use, modify, create derivative works of, and compile the
  18:Generated_Source\PSoC4/CapSense_Tuner.c **** * Cypress Source Code and derivative works for the sole purpose of creating
  19:Generated_Source\PSoC4/CapSense_Tuner.c **** * custom software in support of licensee product to be used only in conjunction
  20:Generated_Source\PSoC4/CapSense_Tuner.c **** * with a Cypress integrated circuit as specified in the applicable agreement.
  21:Generated_Source\PSoC4/CapSense_Tuner.c **** * Any reproduction, modification, translation, compilation, or representation of
  22:Generated_Source\PSoC4/CapSense_Tuner.c **** * this software except as specified above is prohibited without the express
  23:Generated_Source\PSoC4/CapSense_Tuner.c **** * written permission of Cypress.
  24:Generated_Source\PSoC4/CapSense_Tuner.c **** *
  25:Generated_Source\PSoC4/CapSense_Tuner.c **** * Disclaimer: CYPRESS MAKES NO WARRANTY OF ANY KIND, EXPRESS OR IMPLIED, WITH
  26:Generated_Source\PSoC4/CapSense_Tuner.c **** * REGARD TO THIS MATERIAL, INCLUDING, BUT NOT LIMITED TO, THE IMPLIED
  27:Generated_Source\PSoC4/CapSense_Tuner.c **** * WARRANTIES OF MERCHANTABILITY AND FITNESS FOR A PARTICULAR PURPOSE.
  28:Generated_Source\PSoC4/CapSense_Tuner.c **** * Cypress reserves the right to make changes without further notice to the
  29:Generated_Source\PSoC4/CapSense_Tuner.c **** * materials described herein. Cypress does not assume any liability arising out
  30:Generated_Source\PSoC4/CapSense_Tuner.c **** * of the application or use of any product or circuit described herein. Cypress
ARM GAS  C:\Users\zack.li\AppData\Local\Temp\ccpa8pJi.s 			page 2


  31:Generated_Source\PSoC4/CapSense_Tuner.c **** * does not authorize its products for use as critical components in life-support
  32:Generated_Source\PSoC4/CapSense_Tuner.c **** * systems where a malfunction or failure may reasonably be expected to result in
  33:Generated_Source\PSoC4/CapSense_Tuner.c **** * significant injury to the user. The inclusion of Cypress' product in a life-
  34:Generated_Source\PSoC4/CapSense_Tuner.c **** * support systems application implies that the manufacturer assumes all risk of
  35:Generated_Source\PSoC4/CapSense_Tuner.c **** * such use and in doing so indemnifies Cypress against all charges. Use may be
  36:Generated_Source\PSoC4/CapSense_Tuner.c **** * limited by and subject to the applicable Cypress software license agreement.
  37:Generated_Source\PSoC4/CapSense_Tuner.c **** *******************************************************************************/
  38:Generated_Source\PSoC4/CapSense_Tuner.c **** 
  39:Generated_Source\PSoC4/CapSense_Tuner.c **** #include "cytypes.h"
  40:Generated_Source\PSoC4/CapSense_Tuner.c **** #include "CyLib.h"
  41:Generated_Source\PSoC4/CapSense_Tuner.c **** #include "CapSense_Structure.h"
  42:Generated_Source\PSoC4/CapSense_Tuner.c **** #include "CapSense_Tuner.h"
  43:Generated_Source\PSoC4/CapSense_Tuner.c **** #include "CapSense_Control.h"
  44:Generated_Source\PSoC4/CapSense_Tuner.c **** #include "CapSense_Configuration.h"
  45:Generated_Source\PSoC4/CapSense_Tuner.c **** 
  46:Generated_Source\PSoC4/CapSense_Tuner.c **** /* Tuner states definition */
  47:Generated_Source\PSoC4/CapSense_Tuner.c **** #define TU_FSM_RUNNING      (0u)
  48:Generated_Source\PSoC4/CapSense_Tuner.c **** #define TU_FSM_SUSPENDED    (1u)
  49:Generated_Source\PSoC4/CapSense_Tuner.c **** #define TU_FSM_SNR_TEST     (2u)
  50:Generated_Source\PSoC4/CapSense_Tuner.c **** #define TU_FSM_ONE_SCAN     (3u)
  51:Generated_Source\PSoC4/CapSense_Tuner.c **** 
  52:Generated_Source\PSoC4/CapSense_Tuner.c **** /* Tuner state variable */
  53:Generated_Source\PSoC4/CapSense_Tuner.c **** static uint32 tunerFsm = TU_FSM_RUNNING;
  54:Generated_Source\PSoC4/CapSense_Tuner.c **** 
  55:Generated_Source\PSoC4/CapSense_Tuner.c **** 
  56:Generated_Source\PSoC4/CapSense_Tuner.c **** /*******************************************************************************
  57:Generated_Source\PSoC4/CapSense_Tuner.c **** * Function Name: CapSense_TuInitialize
  58:Generated_Source\PSoC4/CapSense_Tuner.c **** ****************************************************************************//**
  59:Generated_Source\PSoC4/CapSense_Tuner.c **** *
  60:Generated_Source\PSoC4/CapSense_Tuner.c **** * \brief
  61:Generated_Source\PSoC4/CapSense_Tuner.c **** *   This function initializes the communication interface with the Tuner GUI.
  62:Generated_Source\PSoC4/CapSense_Tuner.c **** *
  63:Generated_Source\PSoC4/CapSense_Tuner.c **** * \details
  64:Generated_Source\PSoC4/CapSense_Tuner.c **** *   This API sets the tuner state machine to the default state. It is called by
  65:Generated_Source\PSoC4/CapSense_Tuner.c **** *   the CapSense_Start() API.
  66:Generated_Source\PSoC4/CapSense_Tuner.c **** *
  67:Generated_Source\PSoC4/CapSense_Tuner.c **** *******************************************************************************/
  68:Generated_Source\PSoC4/CapSense_Tuner.c **** void CapSense_TuInitialize(void)
  69:Generated_Source\PSoC4/CapSense_Tuner.c **** {
  28              		.loc 1 69 0
  29              		.cfi_startproc
  30              		@ args = 0, pretend = 0, frame = 0
  31              		@ frame_needed = 0, uses_anonymous_args = 0
  32              		@ link register save eliminated.
  33              	.LVL0:
  70:Generated_Source\PSoC4/CapSense_Tuner.c ****     volatile CapSense_RAM_STRUCT *ptrDsRam = &CapSense_dsRam;
  71:Generated_Source\PSoC4/CapSense_Tuner.c **** 
  72:Generated_Source\PSoC4/CapSense_Tuner.c ****     ptrDsRam->tunerCmd = (uint16)CapSense_TU_CMD_NONE_E;
  34              		.loc 1 72 0
  35 0000 0023     		movs	r3, #0
  36 0002 024A     		ldr	r2, .L2
  73:Generated_Source\PSoC4/CapSense_Tuner.c ****     tunerFsm = TU_FSM_RUNNING;
  74:Generated_Source\PSoC4/CapSense_Tuner.c **** }
  37              		.loc 1 74 0
  38              		@ sp needed
  72:Generated_Source\PSoC4/CapSense_Tuner.c ****     tunerFsm = TU_FSM_RUNNING;
  39              		.loc 1 72 0
ARM GAS  C:\Users\zack.li\AppData\Local\Temp\ccpa8pJi.s 			page 3


  40 0004 D380     		strh	r3, [r2, #6]
  73:Generated_Source\PSoC4/CapSense_Tuner.c ****     tunerFsm = TU_FSM_RUNNING;
  41              		.loc 1 73 0
  42 0006 024A     		ldr	r2, .L2+4
  43 0008 1360     		str	r3, [r2]
  44              		.loc 1 74 0
  45 000a 7047     		bx	lr
  46              	.L3:
  47              		.align	2
  48              	.L2:
  49 000c 00000000 		.word	CapSense_dsRam
  50 0010 00000000 		.word	.LANCHOR0
  51              		.cfi_endproc
  52              	.LFE1:
  53              		.size	CapSense_TuInitialize, .-CapSense_TuInitialize
  54              		.section	.text.CapSense_RunTuner,"ax",%progbits
  55              		.align	1
  56              		.global	CapSense_RunTuner
  57              		.code	16
  58              		.thumb_func
  59              		.type	CapSense_RunTuner, %function
  60              	CapSense_RunTuner:
  61              	.LFB2:
  75:Generated_Source\PSoC4/CapSense_Tuner.c **** 
  76:Generated_Source\PSoC4/CapSense_Tuner.c **** /*******************************************************************************
  77:Generated_Source\PSoC4/CapSense_Tuner.c **** * Function Name: CapSense_RunTuner
  78:Generated_Source\PSoC4/CapSense_Tuner.c **** ****************************************************************************//**
  79:Generated_Source\PSoC4/CapSense_Tuner.c **** *
  80:Generated_Source\PSoC4/CapSense_Tuner.c **** * \brief
  81:Generated_Source\PSoC4/CapSense_Tuner.c **** *  Establishes synchronized communication with the Tuner application.
  82:Generated_Source\PSoC4/CapSense_Tuner.c **** *
  83:Generated_Source\PSoC4/CapSense_Tuner.c **** * \details
  84:Generated_Source\PSoC4/CapSense_Tuner.c **** *  This function is used to establish synchronized communication between the
  85:Generated_Source\PSoC4/CapSense_Tuner.c **** *  CapSense Component and Tuner application (or other host controllers).
  86:Generated_Source\PSoC4/CapSense_Tuner.c **** *  This function is called periodically in the application program loop
  87:Generated_Source\PSoC4/CapSense_Tuner.c **** *  to serve the Tuner application (or host controller) requests and commands.
  88:Generated_Source\PSoC4/CapSense_Tuner.c **** *  In most cases, the best place to call this function is after processing and
  89:Generated_Source\PSoC4/CapSense_Tuner.c **** *  before next scanning.
  90:Generated_Source\PSoC4/CapSense_Tuner.c **** *
  91:Generated_Source\PSoC4/CapSense_Tuner.c **** *  If this function is absent in the application program, then communication is
  92:Generated_Source\PSoC4/CapSense_Tuner.c **** *  asynchronous and the following disadvantages are applicable:
  93:Generated_Source\PSoC4/CapSense_Tuner.c **** *    - The raw counts displayed in the tuner may be filtered and/or unfiltered.
  94:Generated_Source\PSoC4/CapSense_Tuner.c **** *      As a result, noise and SNR measurements will not be accurate.
  95:Generated_Source\PSoC4/CapSense_Tuner.c **** *    - The Tuner tool may read the sensor data such as raw counts from a scan
  96:Generated_Source\PSoC4/CapSense_Tuner.c **** *      multiple times, as a result, noise and SNR measurement will not be
  97:Generated_Source\PSoC4/CapSense_Tuner.c **** *      accurate.
  98:Generated_Source\PSoC4/CapSense_Tuner.c **** *    - The Tuner tool and host controller should not change the Component parameters
  99:Generated_Source\PSoC4/CapSense_Tuner.c **** *      via the tuner interface. Changing the Component parameters via the tuner
 100:Generated_Source\PSoC4/CapSense_Tuner.c **** *      interface in the async mode will result in Component abnormal behavior.
 101:Generated_Source\PSoC4/CapSense_Tuner.c **** *
 102:Generated_Source\PSoC4/CapSense_Tuner.c **** *  Note that calling this function is not mandatory for the application, but
 103:Generated_Source\PSoC4/CapSense_Tuner.c **** *  required only to synchronize the communication with the host controller or
 104:Generated_Source\PSoC4/CapSense_Tuner.c **** *  tuner application.
 105:Generated_Source\PSoC4/CapSense_Tuner.c **** *
 106:Generated_Source\PSoC4/CapSense_Tuner.c **** * \return
 107:Generated_Source\PSoC4/CapSense_Tuner.c **** *  In some cases, the application program may need to know if the Component was
 108:Generated_Source\PSoC4/CapSense_Tuner.c **** *  re-initialized. The return indicates if a restart command was executed or not:
ARM GAS  C:\Users\zack.li\AppData\Local\Temp\ccpa8pJi.s 			page 4


 109:Generated_Source\PSoC4/CapSense_Tuner.c **** *    - CapSense_STATUS_RESTART_DONE - Based on a received command, the
 110:Generated_Source\PSoC4/CapSense_Tuner.c **** *      Component was restarted.
 111:Generated_Source\PSoC4/CapSense_Tuner.c **** *    -  CapSense_STATUS_RESTART_NONE - No restart was executed by this
 112:Generated_Source\PSoC4/CapSense_Tuner.c **** *      function.
 113:Generated_Source\PSoC4/CapSense_Tuner.c **** *
 114:Generated_Source\PSoC4/CapSense_Tuner.c **** *******************************************************************************/
 115:Generated_Source\PSoC4/CapSense_Tuner.c **** uint32 CapSense_RunTuner(void)
 116:Generated_Source\PSoC4/CapSense_Tuner.c **** {
  62              		.loc 1 116 0
  63              		.cfi_startproc
  64              		@ args = 0, pretend = 0, frame = 0
  65              		@ frame_needed = 0, uses_anonymous_args = 0
  66              	.LVL1:
  67 0000 F8B5     		push	{r3, r4, r5, r6, r7, lr}
  68              		.cfi_def_cfa_offset 24
  69              		.cfi_offset 3, -24
  70              		.cfi_offset 4, -20
  71              		.cfi_offset 5, -16
  72              		.cfi_offset 6, -12
  73              		.cfi_offset 7, -8
  74              		.cfi_offset 14, -4
 117:Generated_Source\PSoC4/CapSense_Tuner.c ****     uint8 interruptState;
 118:Generated_Source\PSoC4/CapSense_Tuner.c ****     uint32 widgetId;
 119:Generated_Source\PSoC4/CapSense_Tuner.c ****     uint32 sensorId;
 120:Generated_Source\PSoC4/CapSense_Tuner.c ****     uint32 updateFlag = 0Lu;
 121:Generated_Source\PSoC4/CapSense_Tuner.c ****     CapSense_TU_CMD_ENUM command;
 122:Generated_Source\PSoC4/CapSense_Tuner.c ****     uint32 tunerStatus = CapSense_STATUS_RESTART_NONE;
  75              		.loc 1 122 0
  76 0002 0027     		movs	r7, #0
  77              	.LVL2:
  78              	.L15:
 123:Generated_Source\PSoC4/CapSense_Tuner.c **** 
 124:Generated_Source\PSoC4/CapSense_Tuner.c ****     volatile CapSense_RAM_STRUCT *ptrDsRam;
 125:Generated_Source\PSoC4/CapSense_Tuner.c ****     volatile CapSense_RAM_SNS_STRUCT *ptrSnsTmp;
 126:Generated_Source\PSoC4/CapSense_Tuner.c **** 
 127:Generated_Source\PSoC4/CapSense_Tuner.c ****     ptrDsRam = &CapSense_dsRam;
 128:Generated_Source\PSoC4/CapSense_Tuner.c **** 
 129:Generated_Source\PSoC4/CapSense_Tuner.c ****     do
 130:Generated_Source\PSoC4/CapSense_Tuner.c ****     {
 131:Generated_Source\PSoC4/CapSense_Tuner.c ****         /* ONE_SCAN command could be interpreted as two commands:
 132:Generated_Source\PSoC4/CapSense_Tuner.c ****         * RESUME till next call of this function and then
 133:Generated_Source\PSoC4/CapSense_Tuner.c ****         * SUSPEND till next command receiving.
 134:Generated_Source\PSoC4/CapSense_Tuner.c ****         */
 135:Generated_Source\PSoC4/CapSense_Tuner.c ****         if (TU_FSM_ONE_SCAN == tunerFsm)
  79              		.loc 1 135 0
  80 0004 2F4D     		ldr	r5, .L25
  81 0006 304C     		ldr	r4, .L25+4
  82 0008 2B68     		ldr	r3, [r5]
  83 000a 032B     		cmp	r3, #3
  84 000c 05D1     		bne	.L5
 136:Generated_Source\PSoC4/CapSense_Tuner.c ****         {
 137:Generated_Source\PSoC4/CapSense_Tuner.c ****             interruptState = CyEnterCriticalSection();
  85              		.loc 1 137 0
  86 000e FFF7FEFF 		bl	CyEnterCriticalSection
  87              	.LVL3:
 138:Generated_Source\PSoC4/CapSense_Tuner.c ****             ptrDsRam->tunerCmd = (uint16)CapSense_TU_CMD_SUSPEND_E;
  88              		.loc 1 138 0
ARM GAS  C:\Users\zack.li\AppData\Local\Temp\ccpa8pJi.s 			page 5


  89 0012 0123     		movs	r3, #1
  90 0014 E380     		strh	r3, [r4, #6]
 139:Generated_Source\PSoC4/CapSense_Tuner.c ****             CyExitCriticalSection(interruptState);
  91              		.loc 1 139 0
  92 0016 FFF7FEFF 		bl	CyExitCriticalSection
  93              	.LVL4:
  94              	.L5:
 140:Generated_Source\PSoC4/CapSense_Tuner.c ****         }
 141:Generated_Source\PSoC4/CapSense_Tuner.c ****         command = (CapSense_TU_CMD_ENUM)ptrDsRam->tunerCmd;
  95              		.loc 1 141 0
  96 001a E688     		ldrh	r6, [r4, #6]
  97 001c F6B2     		uxtb	r6, r6
  98              	.LVL5:
 142:Generated_Source\PSoC4/CapSense_Tuner.c **** 
 143:Generated_Source\PSoC4/CapSense_Tuner.c ****         /* Check command register */
 144:Generated_Source\PSoC4/CapSense_Tuner.c ****         switch (command)
  99              		.loc 1 144 0
 100 001e 701E     		subs	r0, r6, #1
 101 0020 0528     		cmp	r0, #5
 102 0022 21D8     		bhi	.L17
 103 0024 FFF7FEFF 		bl	__gnu_thumb1_case_uqi
 104              	.L8:
 105 0028 03       		.byte	(.L7-.L8)/2
 106 0029 0D       		.byte	(.L12-.L8)/2
 107 002a 05       		.byte	(.L10-.L8)/2
 108 002b 0B       		.byte	(.L11-.L8)/2
 109 002c 0D       		.byte	(.L12-.L8)/2
 110 002d 10       		.byte	(.L13-.L8)/2
 111              		.p2align 1
 112              	.L7:
 145:Generated_Source\PSoC4/CapSense_Tuner.c ****         {
 146:Generated_Source\PSoC4/CapSense_Tuner.c ****         case CapSense_TU_CMD_SUSPEND_E:
 147:Generated_Source\PSoC4/CapSense_Tuner.c ****             tunerFsm = TU_FSM_SUSPENDED;
 113              		.loc 1 147 0
 114 002e 0123     		movs	r3, #1
 115 0030 08E0     		b	.L23
 116              	.L10:
 148:Generated_Source\PSoC4/CapSense_Tuner.c ****             updateFlag = 1Lu;
 149:Generated_Source\PSoC4/CapSense_Tuner.c ****             break;
 150:Generated_Source\PSoC4/CapSense_Tuner.c **** 
 151:Generated_Source\PSoC4/CapSense_Tuner.c ****         case CapSense_TU_CMD_RESUME_E:
 152:Generated_Source\PSoC4/CapSense_Tuner.c ****             tunerFsm = TU_FSM_RUNNING;
 153:Generated_Source\PSoC4/CapSense_Tuner.c ****             updateFlag = 1Lu;
 154:Generated_Source\PSoC4/CapSense_Tuner.c ****             break;
 155:Generated_Source\PSoC4/CapSense_Tuner.c **** 
 156:Generated_Source\PSoC4/CapSense_Tuner.c ****         case CapSense_TU_CMD_RESTART_E:
 157:Generated_Source\PSoC4/CapSense_Tuner.c ****             (void)CapSense_Start();
 117              		.loc 1 157 0
 118 0032 FFF7FEFF 		bl	CapSense_Start
 119              	.LVL6:
 158:Generated_Source\PSoC4/CapSense_Tuner.c ****             tunerStatus = CapSense_STATUS_RESTART_DONE;
 159:Generated_Source\PSoC4/CapSense_Tuner.c ****             tunerFsm = TU_FSM_RUNNING;
 120              		.loc 1 159 0
 121 0036 0023     		movs	r3, #0
 158:Generated_Source\PSoC4/CapSense_Tuner.c ****             tunerStatus = CapSense_STATUS_RESTART_DONE;
 122              		.loc 1 158 0
 123 0038 0127     		movs	r7, #1
ARM GAS  C:\Users\zack.li\AppData\Local\Temp\ccpa8pJi.s 			page 6


 124              		.loc 1 159 0
 125 003a 2B60     		str	r3, [r5]
 126              	.LVL7:
 160:Generated_Source\PSoC4/CapSense_Tuner.c ****             updateFlag = 1Lu;
 161:Generated_Source\PSoC4/CapSense_Tuner.c ****             break;
 127              		.loc 1 161 0
 128 003c 07E0     		b	.L14
 129              	.LVL8:
 130              	.L11:
 162:Generated_Source\PSoC4/CapSense_Tuner.c **** 
 163:Generated_Source\PSoC4/CapSense_Tuner.c ****         case CapSense_TU_CMD_RUN_SNR_TEST_E:
 164:Generated_Source\PSoC4/CapSense_Tuner.c ****             tunerFsm = TU_FSM_SNR_TEST;
 131              		.loc 1 164 0
 132 003e 0223     		movs	r3, #2
 133 0040 00E0     		b	.L23
 134              	.L12:
 165:Generated_Source\PSoC4/CapSense_Tuner.c ****             updateFlag = 1Lu;
 166:Generated_Source\PSoC4/CapSense_Tuner.c ****             break;
 167:Generated_Source\PSoC4/CapSense_Tuner.c **** 
 168:Generated_Source\PSoC4/CapSense_Tuner.c ****         case CapSense_TU_CMD_PING_E:
 169:Generated_Source\PSoC4/CapSense_Tuner.c ****             tunerFsm = TU_FSM_RUNNING;
 135              		.loc 1 169 0
 136 0042 0023     		movs	r3, #0
 137              	.L23:
 138 0044 2B60     		str	r3, [r5]
 139              	.LVL9:
 170:Generated_Source\PSoC4/CapSense_Tuner.c ****             updateFlag = 1Lu;
 171:Generated_Source\PSoC4/CapSense_Tuner.c ****             break;
 140              		.loc 1 171 0
 141 0046 02E0     		b	.L14
 142              	.LVL10:
 143              	.L13:
 172:Generated_Source\PSoC4/CapSense_Tuner.c **** 
 173:Generated_Source\PSoC4/CapSense_Tuner.c ****         case CapSense_TU_CMD_ONE_SCAN_E:
 174:Generated_Source\PSoC4/CapSense_Tuner.c ****             tunerFsm = TU_FSM_ONE_SCAN;
 144              		.loc 1 174 0
 145 0048 0323     		movs	r3, #3
 146 004a 2B60     		str	r3, [r5]
 175:Generated_Source\PSoC4/CapSense_Tuner.c ****             updateFlag = 0Lu;
 176:Generated_Source\PSoC4/CapSense_Tuner.c ****             break;
 147              		.loc 1 176 0
 148 004c 0CE0     		b	.L17
 149              	.LVL11:
 150              	.L14:
 177:Generated_Source\PSoC4/CapSense_Tuner.c **** 
 178:Generated_Source\PSoC4/CapSense_Tuner.c ****         default:
 179:Generated_Source\PSoC4/CapSense_Tuner.c ****             break;
 180:Generated_Source\PSoC4/CapSense_Tuner.c ****         }
 181:Generated_Source\PSoC4/CapSense_Tuner.c **** 
 182:Generated_Source\PSoC4/CapSense_Tuner.c ****         /* Set Complete flag in command register if needed */
 183:Generated_Source\PSoC4/CapSense_Tuner.c ****         if (0Lu != updateFlag)
 184:Generated_Source\PSoC4/CapSense_Tuner.c ****         {
 185:Generated_Source\PSoC4/CapSense_Tuner.c ****             interruptState = CyEnterCriticalSection();
 151              		.loc 1 185 0
 152 004e FFF7FEFF 		bl	CyEnterCriticalSection
 153              	.LVL12:
 186:Generated_Source\PSoC4/CapSense_Tuner.c **** 
ARM GAS  C:\Users\zack.li\AppData\Local\Temp\ccpa8pJi.s 			page 7


 187:Generated_Source\PSoC4/CapSense_Tuner.c ****             /* Check if command wasn't overwritten with new command */
 188:Generated_Source\PSoC4/CapSense_Tuner.c ****             if (command == (CapSense_TU_CMD_ENUM)ptrDsRam->tunerCmd)
 154              		.loc 1 188 0
 155 0052 E388     		ldrh	r3, [r4, #6]
 156 0054 DBB2     		uxtb	r3, r3
 157 0056 9E42     		cmp	r6, r3
 158 0058 04D1     		bne	.L19
 189:Generated_Source\PSoC4/CapSense_Tuner.c ****             {
 190:Generated_Source\PSoC4/CapSense_Tuner.c ****                 ptrDsRam->tunerCmd |= CapSense_TU_CMD_COMPLETE_BIT;
 159              		.loc 1 190 0
 160 005a 8023     		movs	r3, #128
 161 005c E288     		ldrh	r2, [r4, #6]
 162 005e 1B02     		lsls	r3, r3, #8
 163 0060 1343     		orrs	r3, r2
 164 0062 E380     		strh	r3, [r4, #6]
 165              	.L19:
 191:Generated_Source\PSoC4/CapSense_Tuner.c ****             }
 192:Generated_Source\PSoC4/CapSense_Tuner.c ****             CyExitCriticalSection(interruptState);
 166              		.loc 1 192 0
 167 0064 FFF7FEFF 		bl	CyExitCriticalSection
 168              	.LVL13:
 169              	.L17:
 193:Generated_Source\PSoC4/CapSense_Tuner.c **** 
 194:Generated_Source\PSoC4/CapSense_Tuner.c ****             updateFlag = 0Lu;
 195:Generated_Source\PSoC4/CapSense_Tuner.c ****         }
 196:Generated_Source\PSoC4/CapSense_Tuner.c ****     } while (TU_FSM_SUSPENDED == tunerFsm);
 170              		.loc 1 196 0
 171 0068 2B68     		ldr	r3, [r5]
 172 006a 012B     		cmp	r3, #1
 173 006c CAD0     		beq	.L15
 197:Generated_Source\PSoC4/CapSense_Tuner.c **** 
 198:Generated_Source\PSoC4/CapSense_Tuner.c ****     /* Check for SNR Test mode and do appropriate actions */
 199:Generated_Source\PSoC4/CapSense_Tuner.c ****     if (TU_FSM_SNR_TEST == tunerFsm)
 174              		.loc 1 199 0
 175 006e 022B     		cmp	r3, #2
 176 0070 25D1     		bne	.L21
 200:Generated_Source\PSoC4/CapSense_Tuner.c ****     {
 201:Generated_Source\PSoC4/CapSense_Tuner.c ****         widgetId = ptrDsRam->snrTestWidgetId;
 177              		.loc 1 201 0
 178 0072 2300     		movs	r3, r4
 202:Generated_Source\PSoC4/CapSense_Tuner.c ****         sensorId = ptrDsRam->snrTestSensorId;
 179              		.loc 1 202 0
 180 0074 2200     		movs	r2, r4
 201:Generated_Source\PSoC4/CapSense_Tuner.c ****         sensorId = ptrDsRam->snrTestSensorId;
 181              		.loc 1 201 0
 182 0076 8833     		adds	r3, r3, #136
 183 0078 1B78     		ldrb	r3, [r3]
 184              		.loc 1 202 0
 185 007a 8932     		adds	r2, r2, #137
 186 007c 1178     		ldrb	r1, [r2]
 201:Generated_Source\PSoC4/CapSense_Tuner.c ****         sensorId = ptrDsRam->snrTestSensorId;
 187              		.loc 1 201 0
 188 007e DBB2     		uxtb	r3, r3
 189              	.LVL14:
 190              		.loc 1 202 0
 191 0080 C9B2     		uxtb	r1, r1
 192              	.LVL15:
ARM GAS  C:\Users\zack.li\AppData\Local\Temp\ccpa8pJi.s 			page 8


 203:Generated_Source\PSoC4/CapSense_Tuner.c **** 
 204:Generated_Source\PSoC4/CapSense_Tuner.c ****         /* Check if widgetId and sensorId are in range,
 205:Generated_Source\PSoC4/CapSense_Tuner.c ****          * and data was updated in RAM (scan counter changed)
 206:Generated_Source\PSoC4/CapSense_Tuner.c ****          */
 207:Generated_Source\PSoC4/CapSense_Tuner.c ****         if ((widgetId < CapSense_TOTAL_WIDGETS)              &&
 193              		.loc 1 207 0
 194 0082 032B     		cmp	r3, #3
 195 0084 1BD8     		bhi	.L21
 208:Generated_Source\PSoC4/CapSense_Tuner.c ****             (sensorId < CapSense_GET_SENSOR_COUNT(widgetId)) &&
 196              		.loc 1 208 0 discriminator 1
 197 0086 1C22     		movs	r2, #28
 198 0088 5343     		muls	r3, r2
 199              	.LVL16:
 200 008a 104A     		ldr	r2, .L25+8
 201 008c D318     		adds	r3, r2, r3
 207:Generated_Source\PSoC4/CapSense_Tuner.c ****             (sensorId < CapSense_GET_SENSOR_COUNT(widgetId)) &&
 202              		.loc 1 207 0 discriminator 1
 203 008e 1A8B     		ldrh	r2, [r3, #24]
 204 0090 9142     		cmp	r1, r2
 205 0092 14D2     		bcs	.L21
 209:Generated_Source\PSoC4/CapSense_Tuner.c ****             (ptrDsRam->scanCounter != ptrDsRam->snrTestScanCounter))
 206              		.loc 1 209 0
 207 0094 2500     		movs	r5, r4
 208 0096 8A35     		adds	r5, r5, #138
 209 0098 2089     		ldrh	r0, [r4, #8]
 210 009a 2A88     		ldrh	r2, [r5]
 208:Generated_Source\PSoC4/CapSense_Tuner.c ****             (sensorId < CapSense_GET_SENSOR_COUNT(widgetId)) &&
 211              		.loc 1 208 0
 212 009c 9042     		cmp	r0, r2
 213 009e 0ED0     		beq	.L21
 210:Generated_Source\PSoC4/CapSense_Tuner.c ****         {
 211:Generated_Source\PSoC4/CapSense_Tuner.c ****             /* Get access to the Sensor Object */
 212:Generated_Source\PSoC4/CapSense_Tuner.c ****             ptrSnsTmp = CapSense_dsFlash.wdgtArray[widgetId].ptr2SnsRam;
 213:Generated_Source\PSoC4/CapSense_Tuner.c ****             ptrSnsTmp += sensorId;
 214              		.loc 1 213 0
 215 00a0 0A26     		movs	r6, #10
 216              	.LVL17:
 217 00a2 7143     		muls	r1, r6
 218              	.LVL18:
 212:Generated_Source\PSoC4/CapSense_Tuner.c ****             ptrSnsTmp += sensorId;
 219              		.loc 1 212 0
 220 00a4 9B68     		ldr	r3, [r3, #8]
 221              	.LVL19:
 222              		.loc 1 213 0
 223 00a6 5E18     		adds	r6, r3, r1
 224              	.LVL20:
 214:Generated_Source\PSoC4/CapSense_Tuner.c **** 
 215:Generated_Source\PSoC4/CapSense_Tuner.c ****             /* Update data in SNR Test Object */
 216:Generated_Source\PSoC4/CapSense_Tuner.c ****             interruptState = CyEnterCriticalSection();
 225              		.loc 1 216 0
 226 00a8 FFF7FEFF 		bl	CyEnterCriticalSection
 227              	.LVL21:
 217:Generated_Source\PSoC4/CapSense_Tuner.c ****             ptrDsRam->snrTestScanCounter = ptrDsRam->scanCounter;
 228              		.loc 1 217 0
 229 00ac 2389     		ldrh	r3, [r4, #8]
 218:Generated_Source\PSoC4/CapSense_Tuner.c ****             ptrDsRam->snrTestRawCount[0u] = ptrSnsTmp->raw[0u];
 230              		.loc 1 218 0
ARM GAS  C:\Users\zack.li\AppData\Local\Temp\ccpa8pJi.s 			page 9


 231 00ae 8C34     		adds	r4, r4, #140
 217:Generated_Source\PSoC4/CapSense_Tuner.c ****             ptrDsRam->snrTestScanCounter = ptrDsRam->scanCounter;
 232              		.loc 1 217 0
 233 00b0 9BB2     		uxth	r3, r3
 234 00b2 2B80     		strh	r3, [r5]
 235              		.loc 1 218 0
 236 00b4 3388     		ldrh	r3, [r6]
 237 00b6 9BB2     		uxth	r3, r3
 238 00b8 2380     		strh	r3, [r4]
 219:Generated_Source\PSoC4/CapSense_Tuner.c **** 
 220:Generated_Source\PSoC4/CapSense_Tuner.c ****             #if (0u != CapSense_MULTI_FREQ_SCAN_EN)
 221:Generated_Source\PSoC4/CapSense_Tuner.c ****                 ptrDsRam->snrTestRawCount[1u] = ptrSnsTmp->raw[1u];
 222:Generated_Source\PSoC4/CapSense_Tuner.c ****                 ptrDsRam->snrTestRawCount[2u] = ptrSnsTmp->raw[2u];
 223:Generated_Source\PSoC4/CapSense_Tuner.c ****             #endif
 224:Generated_Source\PSoC4/CapSense_Tuner.c **** 
 225:Generated_Source\PSoC4/CapSense_Tuner.c ****             CyExitCriticalSection(interruptState);
 239              		.loc 1 225 0
 240 00ba FFF7FEFF 		bl	CyExitCriticalSection
 241              	.LVL22:
 242              	.L21:
 226:Generated_Source\PSoC4/CapSense_Tuner.c ****         }
 227:Generated_Source\PSoC4/CapSense_Tuner.c ****     }
 228:Generated_Source\PSoC4/CapSense_Tuner.c ****     return tunerStatus;
 229:Generated_Source\PSoC4/CapSense_Tuner.c **** }
 243              		.loc 1 229 0
 244 00be 3800     		movs	r0, r7
 245              		@ sp needed
 246              	.LVL23:
 247 00c0 F8BD     		pop	{r3, r4, r5, r6, r7, pc}
 248              	.L26:
 249 00c2 C046     		.align	2
 250              	.L25:
 251 00c4 00000000 		.word	.LANCHOR0
 252 00c8 00000000 		.word	CapSense_dsRam
 253 00cc 00000000 		.word	CapSense_dsFlash
 254              		.cfi_endproc
 255              	.LFE2:
 256              		.size	CapSense_RunTuner, .-CapSense_RunTuner
 257              		.bss
 258              		.align	2
 259              		.set	.LANCHOR0,. + 0
 260              		.type	tunerFsm, %object
 261              		.size	tunerFsm, 4
 262              	tunerFsm:
 263 0000 00000000 		.space	4
 264              		.text
 265              	.Letext0:
 266              		.file 2 "Generated_Source\\PSoC4\\cytypes.h"
 267              		.file 3 "Generated_Source\\PSoC4\\CapSense_Configuration.h"
 268              		.file 4 "Generated_Source\\PSoC4\\CapSense_Structure.h"
 269              		.file 5 "Generated_Source\\PSoC4\\CapSense_Tuner.h"
 270              		.file 6 "Generated_Source\\PSoC4\\CyLib.h"
 271              		.file 7 "Generated_Source\\PSoC4\\CapSense_Control.h"
 272              		.section	.debug_info,"",%progbits
 273              	.Ldebug_info0:
 274 0000 39060000 		.4byte	0x639
 275 0004 0400     		.2byte	0x4
ARM GAS  C:\Users\zack.li\AppData\Local\Temp\ccpa8pJi.s 			page 10


 276 0006 00000000 		.4byte	.Ldebug_abbrev0
 277 000a 04       		.byte	0x4
 278 000b 01       		.uleb128 0x1
 279 000c F9020000 		.4byte	.LASF96
 280 0010 0C       		.byte	0xc
 281 0011 5A020000 		.4byte	.LASF97
 282 0015 00040000 		.4byte	.LASF98
 283 0019 00000000 		.4byte	.Ldebug_ranges0+0
 284 001d 00000000 		.4byte	0
 285 0021 00000000 		.4byte	.Ldebug_line0
 286 0025 02       		.uleb128 0x2
 287 0026 01       		.byte	0x1
 288 0027 06       		.byte	0x6
 289 0028 F1000000 		.4byte	.LASF0
 290 002c 02       		.uleb128 0x2
 291 002d 01       		.byte	0x1
 292 002e 08       		.byte	0x8
 293 002f 59040000 		.4byte	.LASF1
 294 0033 02       		.uleb128 0x2
 295 0034 02       		.byte	0x2
 296 0035 05       		.byte	0x5
 297 0036 7E040000 		.4byte	.LASF2
 298 003a 02       		.uleb128 0x2
 299 003b 02       		.byte	0x2
 300 003c 07       		.byte	0x7
 301 003d 36020000 		.4byte	.LASF3
 302 0041 02       		.uleb128 0x2
 303 0042 04       		.byte	0x4
 304 0043 05       		.byte	0x5
 305 0044 30010000 		.4byte	.LASF4
 306 0048 02       		.uleb128 0x2
 307 0049 04       		.byte	0x4
 308 004a 07       		.byte	0x7
 309 004b ED010000 		.4byte	.LASF5
 310 004f 02       		.uleb128 0x2
 311 0050 08       		.byte	0x8
 312 0051 05       		.byte	0x5
 313 0052 E3000000 		.4byte	.LASF6
 314 0056 02       		.uleb128 0x2
 315 0057 08       		.byte	0x8
 316 0058 07       		.byte	0x7
 317 0059 4E000000 		.4byte	.LASF7
 318 005d 03       		.uleb128 0x3
 319 005e 04       		.byte	0x4
 320 005f 05       		.byte	0x5
 321 0060 696E7400 		.ascii	"int\000"
 322 0064 02       		.uleb128 0x2
 323 0065 04       		.byte	0x4
 324 0066 07       		.byte	0x7
 325 0067 BD010000 		.4byte	.LASF8
 326 006b 04       		.uleb128 0x4
 327 006c 4E010000 		.4byte	.LASF9
 328 0070 02       		.byte	0x2
 329 0071 E401     		.2byte	0x1e4
 330 0073 2C000000 		.4byte	0x2c
 331 0077 04       		.uleb128 0x4
 332 0078 00000000 		.4byte	.LASF10
ARM GAS  C:\Users\zack.li\AppData\Local\Temp\ccpa8pJi.s 			page 11


 333 007c 02       		.byte	0x2
 334 007d E501     		.2byte	0x1e5
 335 007f 3A000000 		.4byte	0x3a
 336 0083 04       		.uleb128 0x4
 337 0084 74010000 		.4byte	.LASF11
 338 0088 02       		.byte	0x2
 339 0089 E601     		.2byte	0x1e6
 340 008b 48000000 		.4byte	0x48
 341 008f 02       		.uleb128 0x2
 342 0090 04       		.byte	0x4
 343 0091 04       		.byte	0x4
 344 0092 D2030000 		.4byte	.LASF12
 345 0096 02       		.uleb128 0x2
 346 0097 08       		.byte	0x8
 347 0098 04       		.byte	0x4
 348 0099 54010000 		.4byte	.LASF13
 349 009d 02       		.uleb128 0x2
 350 009e 01       		.byte	0x1
 351 009f 08       		.byte	0x8
 352 00a0 17050000 		.4byte	.LASF14
 353 00a4 05       		.uleb128 0x5
 354 00a5 83000000 		.4byte	0x83
 355 00a9 02       		.uleb128 0x2
 356 00aa 08       		.byte	0x8
 357 00ab 04       		.byte	0x4
 358 00ac D7020000 		.4byte	.LASF15
 359 00b0 02       		.uleb128 0x2
 360 00b1 04       		.byte	0x4
 361 00b2 07       		.byte	0x7
 362 00b3 CE020000 		.4byte	.LASF16
 363 00b7 06       		.uleb128 0x6
 364 00b8 04       		.byte	0x4
 365 00b9 04       		.uleb128 0x4
 366 00ba C5000000 		.4byte	.LASF17
 367 00be 03       		.byte	0x3
 368 00bf 2A01     		.2byte	0x12a
 369 00c1 77000000 		.4byte	0x77
 370 00c5 04       		.uleb128 0x4
 371 00c6 89000000 		.4byte	.LASF18
 372 00ca 03       		.byte	0x3
 373 00cb 2E01     		.2byte	0x12e
 374 00cd 6B000000 		.4byte	0x6b
 375 00d1 07       		.uleb128 0x7
 376 00d2 6B000000 		.4byte	0x6b
 377 00d6 E1000000 		.4byte	0xe1
 378 00da 08       		.uleb128 0x8
 379 00db B0000000 		.4byte	0xb0
 380 00df 00       		.byte	0
 381 00e0 00       		.byte	0
 382 00e1 09       		.uleb128 0x9
 383 00e2 10       		.byte	0x10
 384 00e3 04       		.byte	0x4
 385 00e4 F3       		.byte	0xf3
 386 00e5 77010000 		.4byte	0x177
 387 00e9 0A       		.uleb128 0xa
 388 00ea CD040000 		.4byte	.LASF19
 389 00ee 04       		.byte	0x4
ARM GAS  C:\Users\zack.li\AppData\Local\Temp\ccpa8pJi.s 			page 12


 390 00ef F8       		.byte	0xf8
 391 00f0 77000000 		.4byte	0x77
 392 00f4 00       		.byte	0
 393 00f5 0A       		.uleb128 0xa
 394 00f6 FE050000 		.4byte	.LASF20
 395 00fa 04       		.byte	0x4
 396 00fb FD       		.byte	0xfd
 397 00fc B9000000 		.4byte	0xb9
 398 0100 02       		.byte	0x2
 399 0101 0B       		.uleb128 0xb
 400 0102 28060000 		.4byte	.LASF21
 401 0106 04       		.byte	0x4
 402 0107 0201     		.2byte	0x102
 403 0109 6B000000 		.4byte	0x6b
 404 010d 04       		.byte	0x4
 405 010e 0B       		.uleb128 0xb
 406 010f F0020000 		.4byte	.LASF22
 407 0113 04       		.byte	0x4
 408 0114 0701     		.2byte	0x107
 409 0116 6B000000 		.4byte	0x6b
 410 011a 05       		.byte	0x5
 411 011b 0B       		.uleb128 0xb
 412 011c 7B010000 		.4byte	.LASF23
 413 0120 04       		.byte	0x4
 414 0121 0D01     		.2byte	0x10d
 415 0123 6B000000 		.4byte	0x6b
 416 0127 06       		.byte	0x6
 417 0128 0B       		.uleb128 0xb
 418 0129 23050000 		.4byte	.LASF24
 419 012d 04       		.byte	0x4
 420 012e 1301     		.2byte	0x113
 421 0130 6B000000 		.4byte	0x6b
 422 0134 07       		.byte	0x7
 423 0135 0B       		.uleb128 0xb
 424 0136 21020000 		.4byte	.LASF25
 425 013a 04       		.byte	0x4
 426 013b 1A01     		.2byte	0x11a
 427 013d C5000000 		.4byte	0xc5
 428 0141 08       		.byte	0x8
 429 0142 0B       		.uleb128 0xb
 430 0143 BE020000 		.4byte	.LASF26
 431 0147 04       		.byte	0x4
 432 0148 2101     		.2byte	0x121
 433 014a D1000000 		.4byte	0xd1
 434 014e 09       		.byte	0x9
 435 014f 0B       		.uleb128 0xb
 436 0150 B3040000 		.4byte	.LASF27
 437 0154 04       		.byte	0x4
 438 0155 2601     		.2byte	0x126
 439 0157 6B000000 		.4byte	0x6b
 440 015b 0A       		.byte	0xa
 441 015c 0B       		.uleb128 0xb
 442 015d 1C050000 		.4byte	.LASF28
 443 0161 04       		.byte	0x4
 444 0162 2E01     		.2byte	0x12e
 445 0164 77000000 		.4byte	0x77
 446 0168 0C       		.byte	0xc
ARM GAS  C:\Users\zack.li\AppData\Local\Temp\ccpa8pJi.s 			page 13


 447 0169 0B       		.uleb128 0xb
 448 016a D3050000 		.4byte	.LASF29
 449 016e 04       		.byte	0x4
 450 016f 3301     		.2byte	0x133
 451 0171 6B000000 		.4byte	0x6b
 452 0175 0E       		.byte	0xe
 453 0176 00       		.byte	0
 454 0177 04       		.uleb128 0x4
 455 0178 97020000 		.4byte	.LASF30
 456 017c 04       		.byte	0x4
 457 017d 3401     		.2byte	0x134
 458 017f E1000000 		.4byte	0xe1
 459 0183 0C       		.uleb128 0xc
 460 0184 40       		.byte	0x40
 461 0185 04       		.byte	0x4
 462 0186 3A01     		.2byte	0x13a
 463 0188 C0010000 		.4byte	0x1c0
 464 018c 0D       		.uleb128 0xd
 465 018d 757000   		.ascii	"up\000"
 466 0190 04       		.byte	0x4
 467 0191 3F01     		.2byte	0x13f
 468 0193 77010000 		.4byte	0x177
 469 0197 00       		.byte	0
 470 0198 0B       		.uleb128 0xb
 471 0199 95010000 		.4byte	.LASF31
 472 019d 04       		.byte	0x4
 473 019e 4401     		.2byte	0x144
 474 01a0 77010000 		.4byte	0x177
 475 01a4 10       		.byte	0x10
 476 01a5 0B       		.uleb128 0xb
 477 01a6 23060000 		.4byte	.LASF32
 478 01aa 04       		.byte	0x4
 479 01ab 4901     		.2byte	0x149
 480 01ad 77010000 		.4byte	0x177
 481 01b1 20       		.byte	0x20
 482 01b2 0B       		.uleb128 0xb
 483 01b3 DD000000 		.4byte	.LASF33
 484 01b7 04       		.byte	0x4
 485 01b8 4E01     		.2byte	0x14e
 486 01ba 77010000 		.4byte	0x177
 487 01be 30       		.byte	0x30
 488 01bf 00       		.byte	0
 489 01c0 04       		.uleb128 0x4
 490 01c1 07060000 		.4byte	.LASF34
 491 01c5 04       		.byte	0x4
 492 01c6 4F01     		.2byte	0x14f
 493 01c8 83010000 		.4byte	0x183
 494 01cc 0C       		.uleb128 0xc
 495 01cd 0A       		.byte	0xa
 496 01ce 04       		.byte	0x4
 497 01cf 5501     		.2byte	0x155
 498 01d1 24020000 		.4byte	0x224
 499 01d5 0D       		.uleb128 0xd
 500 01d6 72617700 		.ascii	"raw\000"
 501 01da 04       		.byte	0x4
 502 01db 5A01     		.2byte	0x15a
 503 01dd 24020000 		.4byte	0x224
ARM GAS  C:\Users\zack.li\AppData\Local\Temp\ccpa8pJi.s 			page 14


 504 01e1 00       		.byte	0
 505 01e2 0B       		.uleb128 0xb
 506 01e3 B8010000 		.4byte	.LASF35
 507 01e7 04       		.byte	0x4
 508 01e8 5F01     		.2byte	0x15f
 509 01ea 24020000 		.4byte	0x224
 510 01ee 02       		.byte	0x2
 511 01ef 0B       		.uleb128 0xb
 512 01f0 9A010000 		.4byte	.LASF36
 513 01f4 04       		.byte	0x4
 514 01f5 6501     		.2byte	0x165
 515 01f7 D1000000 		.4byte	0xd1
 516 01fb 04       		.byte	0x4
 517 01fc 0B       		.uleb128 0xb
 518 01fd 84000000 		.4byte	.LASF37
 519 0201 04       		.byte	0x4
 520 0202 6A01     		.2byte	0x16a
 521 0204 B9000000 		.4byte	0xb9
 522 0208 06       		.byte	0x6
 523 0209 0B       		.uleb128 0xb
 524 020a 46050000 		.4byte	.LASF38
 525 020e 04       		.byte	0x4
 526 020f 6F01     		.2byte	0x16f
 527 0211 34020000 		.4byte	0x234
 528 0215 08       		.byte	0x8
 529 0216 0B       		.uleb128 0xb
 530 0217 3D050000 		.4byte	.LASF39
 531 021b 04       		.byte	0x4
 532 021c 7401     		.2byte	0x174
 533 021e D1000000 		.4byte	0xd1
 534 0222 09       		.byte	0x9
 535 0223 00       		.byte	0
 536 0224 07       		.uleb128 0x7
 537 0225 77000000 		.4byte	0x77
 538 0229 34020000 		.4byte	0x234
 539 022d 08       		.uleb128 0x8
 540 022e B0000000 		.4byte	0xb0
 541 0232 00       		.byte	0
 542 0233 00       		.byte	0
 543 0234 07       		.uleb128 0x7
 544 0235 C5000000 		.4byte	0xc5
 545 0239 44020000 		.4byte	0x244
 546 023d 08       		.uleb128 0x8
 547 023e B0000000 		.4byte	0xb0
 548 0242 00       		.byte	0
 549 0243 00       		.byte	0
 550 0244 04       		.uleb128 0x4
 551 0245 36000000 		.4byte	.LASF40
 552 0249 04       		.byte	0x4
 553 024a 7501     		.2byte	0x175
 554 024c CC010000 		.4byte	0x1cc
 555 0250 0C       		.uleb128 0xc
 556 0251 28       		.byte	0x28
 557 0252 04       		.byte	0x4
 558 0253 7B01     		.2byte	0x17b
 559 0255 8D020000 		.4byte	0x28d
 560 0259 0D       		.uleb128 0xd
ARM GAS  C:\Users\zack.li\AppData\Local\Temp\ccpa8pJi.s 			page 15


 561 025a 757000   		.ascii	"up\000"
 562 025d 04       		.byte	0x4
 563 025e 8001     		.2byte	0x180
 564 0260 8D020000 		.4byte	0x28d
 565 0264 00       		.byte	0
 566 0265 0B       		.uleb128 0xb
 567 0266 95010000 		.4byte	.LASF31
 568 026a 04       		.byte	0x4
 569 026b 8501     		.2byte	0x185
 570 026d 8D020000 		.4byte	0x28d
 571 0271 0A       		.byte	0xa
 572 0272 0B       		.uleb128 0xb
 573 0273 23060000 		.4byte	.LASF32
 574 0277 04       		.byte	0x4
 575 0278 8A01     		.2byte	0x18a
 576 027a 8D020000 		.4byte	0x28d
 577 027e 14       		.byte	0x14
 578 027f 0B       		.uleb128 0xb
 579 0280 DD000000 		.4byte	.LASF33
 580 0284 04       		.byte	0x4
 581 0285 8F01     		.2byte	0x18f
 582 0287 8D020000 		.4byte	0x28d
 583 028b 1E       		.byte	0x1e
 584 028c 00       		.byte	0
 585 028d 07       		.uleb128 0x7
 586 028e 44020000 		.4byte	0x244
 587 0292 9D020000 		.4byte	0x29d
 588 0296 08       		.uleb128 0x8
 589 0297 B0000000 		.4byte	0xb0
 590 029b 00       		.byte	0
 591 029c 00       		.byte	0
 592 029d 04       		.uleb128 0x4
 593 029e D8030000 		.4byte	.LASF41
 594 02a2 04       		.byte	0x4
 595 02a3 9001     		.2byte	0x190
 596 02a5 50020000 		.4byte	0x250
 597 02a9 0C       		.uleb128 0xc
 598 02aa 90       		.byte	0x90
 599 02ab 04       		.byte	0x4
 600 02ac 9601     		.2byte	0x196
 601 02ae AA030000 		.4byte	0x3aa
 602 02b2 0B       		.uleb128 0xb
 603 02b3 51020000 		.4byte	.LASF42
 604 02b7 04       		.byte	0x4
 605 02b8 9D01     		.2byte	0x19d
 606 02ba 77000000 		.4byte	0x77
 607 02be 00       		.byte	0
 608 02bf 0B       		.uleb128 0xb
 609 02c0 8E020000 		.4byte	.LASF43
 610 02c4 04       		.byte	0x4
 611 02c5 A201     		.2byte	0x1a2
 612 02c7 77000000 		.4byte	0x77
 613 02cb 02       		.byte	0x2
 614 02cc 0B       		.uleb128 0xb
 615 02cd 9D030000 		.4byte	.LASF44
 616 02d1 04       		.byte	0x4
 617 02d2 A701     		.2byte	0x1a7
ARM GAS  C:\Users\zack.li\AppData\Local\Temp\ccpa8pJi.s 			page 16


 618 02d4 77000000 		.4byte	0x77
 619 02d8 04       		.byte	0x4
 620 02d9 0B       		.uleb128 0xb
 621 02da C9030000 		.4byte	.LASF45
 622 02de 04       		.byte	0x4
 623 02df AD01     		.2byte	0x1ad
 624 02e1 77000000 		.4byte	0x77
 625 02e5 06       		.byte	0x6
 626 02e6 0B       		.uleb128 0xb
 627 02e7 AE030000 		.4byte	.LASF46
 628 02eb 04       		.byte	0x4
 629 02ec B201     		.2byte	0x1b2
 630 02ee 77000000 		.4byte	0x77
 631 02f2 08       		.byte	0x8
 632 02f3 0B       		.uleb128 0xb
 633 02f4 8F050000 		.4byte	.LASF47
 634 02f8 04       		.byte	0x4
 635 02f9 B701     		.2byte	0x1b7
 636 02fb A4000000 		.4byte	0xa4
 637 02ff 0C       		.byte	0xc
 638 0300 0B       		.uleb128 0xb
 639 0301 FF010000 		.4byte	.LASF48
 640 0305 04       		.byte	0x4
 641 0306 BD01     		.2byte	0x1bd
 642 0308 AA030000 		.4byte	0x3aa
 643 030c 10       		.byte	0x10
 644 030d 0B       		.uleb128 0xb
 645 030e AD010000 		.4byte	.LASF49
 646 0312 04       		.byte	0x4
 647 0313 C401     		.2byte	0x1c4
 648 0315 AA030000 		.4byte	0x3aa
 649 0319 14       		.byte	0x14
 650 031a 0B       		.uleb128 0xb
 651 031b 26010000 		.4byte	.LASF50
 652 031f 04       		.byte	0x4
 653 0320 D401     		.2byte	0x1d4
 654 0322 BA030000 		.4byte	0x3ba
 655 0326 18       		.byte	0x18
 656 0327 0B       		.uleb128 0xb
 657 0328 F5030000 		.4byte	.LASF51
 658 032c 04       		.byte	0x4
 659 032d DA01     		.2byte	0x1da
 660 032f 77000000 		.4byte	0x77
 661 0333 1C       		.byte	0x1c
 662 0334 0B       		.uleb128 0xb
 663 0335 39010000 		.4byte	.LASF52
 664 0339 04       		.byte	0x4
 665 033a DF01     		.2byte	0x1df
 666 033c 6B000000 		.4byte	0x6b
 667 0340 1E       		.byte	0x1e
 668 0341 0B       		.uleb128 0xb
 669 0342 D8040000 		.4byte	.LASF53
 670 0346 04       		.byte	0x4
 671 0347 E401     		.2byte	0x1e4
 672 0349 C0010000 		.4byte	0x1c0
 673 034d 20       		.byte	0x20
 674 034e 0B       		.uleb128 0xb
ARM GAS  C:\Users\zack.li\AppData\Local\Temp\ccpa8pJi.s 			page 17


 675 034f 49020000 		.4byte	.LASF54
 676 0353 04       		.byte	0x4
 677 0354 E901     		.2byte	0x1e9
 678 0356 9D020000 		.4byte	0x29d
 679 035a 60       		.byte	0x60
 680 035b 0B       		.uleb128 0xb
 681 035c CA010000 		.4byte	.LASF55
 682 0360 04       		.byte	0x4
 683 0361 EE01     		.2byte	0x1ee
 684 0363 6B000000 		.4byte	0x6b
 685 0367 88       		.byte	0x88
 686 0368 0B       		.uleb128 0xb
 687 0369 A4000000 		.4byte	.LASF56
 688 036d 04       		.byte	0x4
 689 036e F301     		.2byte	0x1f3
 690 0370 6B000000 		.4byte	0x6b
 691 0374 89       		.byte	0x89
 692 0375 0B       		.uleb128 0xb
 693 0376 46040000 		.4byte	.LASF57
 694 037a 04       		.byte	0x4
 695 037b F801     		.2byte	0x1f8
 696 037d 77000000 		.4byte	0x77
 697 0381 8A       		.byte	0x8a
 698 0382 0B       		.uleb128 0xb
 699 0383 5B010000 		.4byte	.LASF58
 700 0387 04       		.byte	0x4
 701 0388 FD01     		.2byte	0x1fd
 702 038a 24020000 		.4byte	0x224
 703 038e 8C       		.byte	0x8c
 704 038f 0B       		.uleb128 0xb
 705 0390 E2010000 		.4byte	.LASF59
 706 0394 04       		.byte	0x4
 707 0395 0202     		.2byte	0x202
 708 0397 6B000000 		.4byte	0x6b
 709 039b 8E       		.byte	0x8e
 710 039c 0B       		.uleb128 0xb
 711 039d 86010000 		.4byte	.LASF60
 712 03a1 04       		.byte	0x4
 713 03a2 0702     		.2byte	0x207
 714 03a4 6B000000 		.4byte	0x6b
 715 03a8 8F       		.byte	0x8f
 716 03a9 00       		.byte	0
 717 03aa 07       		.uleb128 0x7
 718 03ab 83000000 		.4byte	0x83
 719 03af BA030000 		.4byte	0x3ba
 720 03b3 08       		.uleb128 0x8
 721 03b4 B0000000 		.4byte	0xb0
 722 03b8 00       		.byte	0
 723 03b9 00       		.byte	0
 724 03ba 07       		.uleb128 0x7
 725 03bb 6B000000 		.4byte	0x6b
 726 03bf CA030000 		.4byte	0x3ca
 727 03c3 08       		.uleb128 0x8
 728 03c4 B0000000 		.4byte	0xb0
 729 03c8 03       		.byte	0x3
 730 03c9 00       		.byte	0
 731 03ca 04       		.uleb128 0x4
ARM GAS  C:\Users\zack.li\AppData\Local\Temp\ccpa8pJi.s 			page 18


 732 03cb 32040000 		.4byte	.LASF61
 733 03cf 04       		.byte	0x4
 734 03d0 0802     		.2byte	0x208
 735 03d2 A9020000 		.4byte	0x2a9
 736 03d6 0C       		.uleb128 0xc
 737 03d7 1C       		.byte	0x1c
 738 03d8 04       		.byte	0x4
 739 03d9 6F02     		.2byte	0x26f
 740 03db 55040000 		.4byte	0x455
 741 03df 0B       		.uleb128 0xb
 742 03e0 77000000 		.4byte	.LASF62
 743 03e4 04       		.byte	0x4
 744 03e5 7802     		.2byte	0x278
 745 03e7 55040000 		.4byte	0x455
 746 03eb 00       		.byte	0
 747 03ec 0B       		.uleb128 0xb
 748 03ed 82020000 		.4byte	.LASF63
 749 03f1 04       		.byte	0x4
 750 03f2 7F02     		.2byte	0x27f
 751 03f4 B7000000 		.4byte	0xb7
 752 03f8 04       		.byte	0x4
 753 03f9 0B       		.uleb128 0xb
 754 03fa 43010000 		.4byte	.LASF64
 755 03fe 04       		.byte	0x4
 756 03ff 8502     		.2byte	0x285
 757 0401 5C040000 		.4byte	0x45c
 758 0405 08       		.byte	0x8
 759 0406 0B       		.uleb128 0xb
 760 0407 A3040000 		.4byte	.LASF65
 761 040b 04       		.byte	0x4
 762 040c 8B02     		.2byte	0x28b
 763 040e B7000000 		.4byte	0xb7
 764 0412 0C       		.byte	0xc
 765 0413 0B       		.uleb128 0xb
 766 0414 60050000 		.4byte	.LASF66
 767 0418 04       		.byte	0x4
 768 0419 9202     		.2byte	0x292
 769 041b 62040000 		.4byte	0x462
 770 041f 10       		.byte	0x10
 771 0420 0B       		.uleb128 0xb
 772 0421 E3020000 		.4byte	.LASF67
 773 0425 04       		.byte	0x4
 774 0426 9702     		.2byte	0x297
 775 0428 83000000 		.4byte	0x83
 776 042c 14       		.byte	0x14
 777 042d 0B       		.uleb128 0xb
 778 042e 54050000 		.4byte	.LASF68
 779 0432 04       		.byte	0x4
 780 0433 9E02     		.2byte	0x29e
 781 0435 77000000 		.4byte	0x77
 782 0439 18       		.byte	0x18
 783 043a 0B       		.uleb128 0xb
 784 043b A5030000 		.4byte	.LASF69
 785 043f 04       		.byte	0x4
 786 0440 A502     		.2byte	0x2a5
 787 0442 6B000000 		.4byte	0x6b
 788 0446 1A       		.byte	0x1a
ARM GAS  C:\Users\zack.li\AppData\Local\Temp\ccpa8pJi.s 			page 19


 789 0447 0B       		.uleb128 0xb
 790 0448 C6020000 		.4byte	.LASF70
 791 044c 04       		.byte	0x4
 792 044d AF02     		.2byte	0x2af
 793 044f 6B000000 		.4byte	0x6b
 794 0453 1B       		.byte	0x1b
 795 0454 00       		.byte	0
 796 0455 0E       		.uleb128 0xe
 797 0456 04       		.byte	0x4
 798 0457 5B040000 		.4byte	0x45b
 799 045b 0F       		.uleb128 0xf
 800 045c 0E       		.uleb128 0xe
 801 045d 04       		.byte	0x4
 802 045e 44020000 		.4byte	0x244
 803 0462 0E       		.uleb128 0xe
 804 0463 04       		.byte	0x4
 805 0464 6B000000 		.4byte	0x6b
 806 0468 04       		.uleb128 0x4
 807 0469 1D000000 		.4byte	.LASF71
 808 046d 04       		.byte	0x4
 809 046e B002     		.2byte	0x2b0
 810 0470 D6030000 		.4byte	0x3d6
 811 0474 0C       		.uleb128 0xc
 812 0475 70       		.byte	0x70
 813 0476 04       		.byte	0x4
 814 0477 B602     		.2byte	0x2b6
 815 0479 8B040000 		.4byte	0x48b
 816 047d 0B       		.uleb128 0xb
 817 047e 96050000 		.4byte	.LASF72
 818 0482 04       		.byte	0x4
 819 0483 BB02     		.2byte	0x2bb
 820 0485 8B040000 		.4byte	0x48b
 821 0489 00       		.byte	0
 822 048a 00       		.byte	0
 823 048b 07       		.uleb128 0x7
 824 048c 68040000 		.4byte	0x468
 825 0490 9B040000 		.4byte	0x49b
 826 0494 08       		.uleb128 0x8
 827 0495 B0000000 		.4byte	0xb0
 828 0499 03       		.byte	0x3
 829 049a 00       		.byte	0
 830 049b 04       		.uleb128 0x4
 831 049c 70050000 		.4byte	.LASF73
 832 04a0 04       		.byte	0x4
 833 04a1 BC02     		.2byte	0x2bc
 834 04a3 74040000 		.4byte	0x474
 835 04a7 10       		.uleb128 0x10
 836 04a8 01       		.byte	0x1
 837 04a9 2C000000 		.4byte	0x2c
 838 04ad 05       		.byte	0x5
 839 04ae 2E       		.byte	0x2e
 840 04af DE040000 		.4byte	0x4de
 841 04b3 11       		.uleb128 0x11
 842 04b4 00050000 		.4byte	.LASF74
 843 04b8 00       		.byte	0
 844 04b9 11       		.uleb128 0x11
 845 04ba 0C010000 		.4byte	.LASF75
ARM GAS  C:\Users\zack.li\AppData\Local\Temp\ccpa8pJi.s 			page 20


 846 04be 01       		.byte	0x1
 847 04bf 11       		.uleb128 0x11
 848 04c0 BA050000 		.4byte	.LASF76
 849 04c4 02       		.byte	0x2
 850 04c5 11       		.uleb128 0x11
 851 04c6 A0050000 		.4byte	.LASF77
 852 04ca 03       		.byte	0x3
 853 04cb 11       		.uleb128 0x11
 854 04cc E1040000 		.4byte	.LASF78
 855 04d0 04       		.byte	0x4
 856 04d1 11       		.uleb128 0x11
 857 04d2 67040000 		.4byte	.LASF79
 858 04d6 05       		.byte	0x5
 859 04d7 11       		.uleb128 0x11
 860 04d8 88040000 		.4byte	.LASF80
 861 04dc 06       		.byte	0x6
 862 04dd 00       		.byte	0
 863 04de 12       		.uleb128 0x12
 864 04df E9050000 		.4byte	.LASF81
 865 04e3 05       		.byte	0x5
 866 04e4 36       		.byte	0x36
 867 04e5 A7040000 		.4byte	0x4a7
 868 04e9 13       		.uleb128 0x13
 869 04ea 87030000 		.4byte	.LASF99
 870 04ee 01       		.byte	0x1
 871 04ef 44       		.byte	0x44
 872 04f0 00000000 		.4byte	.LFB1
 873 04f4 14000000 		.4byte	.LFE1-.LFB1
 874 04f8 01       		.uleb128 0x1
 875 04f9 9C       		.byte	0x9c
 876 04fa 0A050000 		.4byte	0x50a
 877 04fe 14       		.uleb128 0x14
 878 04ff E0050000 		.4byte	.LASF88
 879 0503 01       		.byte	0x1
 880 0504 46       		.byte	0x46
 881 0505 0A050000 		.4byte	0x50a
 882 0509 00       		.byte	0
 883 050a 0E       		.uleb128 0xe
 884 050b 04       		.byte	0x4
 885 050c 10050000 		.4byte	0x510
 886 0510 05       		.uleb128 0x5
 887 0511 CA030000 		.4byte	0x3ca
 888 0515 15       		.uleb128 0x15
 889 0516 65000000 		.4byte	.LASF100
 890 051a 01       		.byte	0x1
 891 051b 73       		.byte	0x73
 892 051c 83000000 		.4byte	0x83
 893 0520 00000000 		.4byte	.LFB2
 894 0524 D0000000 		.4byte	.LFE2-.LFB2
 895 0528 01       		.uleb128 0x1
 896 0529 9C       		.byte	0x9c
 897 052a E2050000 		.4byte	0x5e2
 898 052e 16       		.uleb128 0x16
 899 052f FD000000 		.4byte	.LASF82
 900 0533 01       		.byte	0x1
 901 0534 75       		.byte	0x75
 902 0535 6B000000 		.4byte	0x6b
ARM GAS  C:\Users\zack.li\AppData\Local\Temp\ccpa8pJi.s 			page 21


 903 0539 00000000 		.4byte	.LLST0
 904 053d 16       		.uleb128 0x16
 905 053e B5020000 		.4byte	.LASF83
 906 0542 01       		.byte	0x1
 907 0543 76       		.byte	0x76
 908 0544 83000000 		.4byte	0x83
 909 0548 29000000 		.4byte	.LLST1
 910 054c 16       		.uleb128 0x16
 911 054d 6B010000 		.4byte	.LASF84
 912 0551 01       		.byte	0x1
 913 0552 77       		.byte	0x77
 914 0553 83000000 		.4byte	0x83
 915 0557 3C000000 		.4byte	.LLST2
 916 055b 16       		.uleb128 0x16
 917 055c A2010000 		.4byte	.LASF85
 918 0560 01       		.byte	0x1
 919 0561 78       		.byte	0x78
 920 0562 83000000 		.4byte	0x83
 921 0566 54000000 		.4byte	.LLST3
 922 056a 16       		.uleb128 0x16
 923 056b DA010000 		.4byte	.LASF86
 924 056f 01       		.byte	0x1
 925 0570 79       		.byte	0x79
 926 0571 DE040000 		.4byte	0x4de
 927 0575 B0000000 		.4byte	.LLST4
 928 0579 16       		.uleb128 0x16
 929 057a C1040000 		.4byte	.LASF87
 930 057e 01       		.byte	0x1
 931 057f 7A       		.byte	0x7a
 932 0580 83000000 		.4byte	0x83
 933 0584 C3000000 		.4byte	.LLST5
 934 0588 14       		.uleb128 0x14
 935 0589 E0050000 		.4byte	.LASF88
 936 058d 01       		.byte	0x1
 937 058e 7C       		.byte	0x7c
 938 058f 0A050000 		.4byte	0x50a
 939 0593 16       		.uleb128 0x16
 940 0594 2C020000 		.4byte	.LASF89
 941 0598 01       		.byte	0x1
 942 0599 7D       		.byte	0x7d
 943 059a E2050000 		.4byte	0x5e2
 944 059e 04010000 		.4byte	.LLST6
 945 05a2 17       		.uleb128 0x17
 946 05a3 12000000 		.4byte	.LVL3
 947 05a7 1B060000 		.4byte	0x61b
 948 05ab 17       		.uleb128 0x17
 949 05ac 1A000000 		.4byte	.LVL4
 950 05b0 26060000 		.4byte	0x626
 951 05b4 17       		.uleb128 0x17
 952 05b5 36000000 		.4byte	.LVL6
 953 05b9 31060000 		.4byte	0x631
 954 05bd 17       		.uleb128 0x17
 955 05be 52000000 		.4byte	.LVL12
 956 05c2 1B060000 		.4byte	0x61b
 957 05c6 17       		.uleb128 0x17
 958 05c7 68000000 		.4byte	.LVL13
 959 05cb 26060000 		.4byte	0x626
ARM GAS  C:\Users\zack.li\AppData\Local\Temp\ccpa8pJi.s 			page 22


 960 05cf 17       		.uleb128 0x17
 961 05d0 AC000000 		.4byte	.LVL21
 962 05d4 1B060000 		.4byte	0x61b
 963 05d8 17       		.uleb128 0x17
 964 05d9 BE000000 		.4byte	.LVL22
 965 05dd 26060000 		.4byte	0x626
 966 05e1 00       		.byte	0
 967 05e2 0E       		.uleb128 0xe
 968 05e3 04       		.byte	0x4
 969 05e4 E8050000 		.4byte	0x5e8
 970 05e8 05       		.uleb128 0x5
 971 05e9 44020000 		.4byte	0x244
 972 05ed 18       		.uleb128 0x18
 973 05ee 86050000 		.4byte	.LASF90
 974 05f2 01       		.byte	0x1
 975 05f3 35       		.byte	0x35
 976 05f4 83000000 		.4byte	0x83
 977 05f8 05       		.uleb128 0x5
 978 05f9 03       		.byte	0x3
 979 05fa 00000000 		.4byte	tunerFsm
 980 05fe 19       		.uleb128 0x19
 981 05ff BA030000 		.4byte	.LASF91
 982 0603 04       		.byte	0x4
 983 0604 8704     		.2byte	0x487
 984 0606 CA030000 		.4byte	0x3ca
 985 060a 19       		.uleb128 0x19
 986 060b B4000000 		.4byte	.LASF92
 987 060f 04       		.byte	0x4
 988 0610 8804     		.2byte	0x488
 989 0612 16060000 		.4byte	0x616
 990 0616 1A       		.uleb128 0x1a
 991 0617 9B040000 		.4byte	0x49b
 992 061b 1B       		.uleb128 0x1b
 993 061c 0A020000 		.4byte	.LASF93
 994 0620 0A020000 		.4byte	.LASF93
 995 0624 06       		.byte	0x6
 996 0625 E5       		.byte	0xe5
 997 0626 1B       		.uleb128 0x1b
 998 0627 07000000 		.4byte	.LASF94
 999 062b 07000000 		.4byte	.LASF94
 1000 062f 06       		.byte	0x6
 1001 0630 E6       		.byte	0xe6
 1002 0631 1B       		.uleb128 0x1b
 1003 0632 2E050000 		.4byte	.LASF95
 1004 0636 2E050000 		.4byte	.LASF95
 1005 063a 07       		.byte	0x7
 1006 063b 3B       		.byte	0x3b
 1007 063c 00       		.byte	0
 1008              		.section	.debug_abbrev,"",%progbits
 1009              	.Ldebug_abbrev0:
 1010 0000 01       		.uleb128 0x1
 1011 0001 11       		.uleb128 0x11
 1012 0002 01       		.byte	0x1
 1013 0003 25       		.uleb128 0x25
 1014 0004 0E       		.uleb128 0xe
 1015 0005 13       		.uleb128 0x13
 1016 0006 0B       		.uleb128 0xb
ARM GAS  C:\Users\zack.li\AppData\Local\Temp\ccpa8pJi.s 			page 23


 1017 0007 03       		.uleb128 0x3
 1018 0008 0E       		.uleb128 0xe
 1019 0009 1B       		.uleb128 0x1b
 1020 000a 0E       		.uleb128 0xe
 1021 000b 55       		.uleb128 0x55
 1022 000c 17       		.uleb128 0x17
 1023 000d 11       		.uleb128 0x11
 1024 000e 01       		.uleb128 0x1
 1025 000f 10       		.uleb128 0x10
 1026 0010 17       		.uleb128 0x17
 1027 0011 00       		.byte	0
 1028 0012 00       		.byte	0
 1029 0013 02       		.uleb128 0x2
 1030 0014 24       		.uleb128 0x24
 1031 0015 00       		.byte	0
 1032 0016 0B       		.uleb128 0xb
 1033 0017 0B       		.uleb128 0xb
 1034 0018 3E       		.uleb128 0x3e
 1035 0019 0B       		.uleb128 0xb
 1036 001a 03       		.uleb128 0x3
 1037 001b 0E       		.uleb128 0xe
 1038 001c 00       		.byte	0
 1039 001d 00       		.byte	0
 1040 001e 03       		.uleb128 0x3
 1041 001f 24       		.uleb128 0x24
 1042 0020 00       		.byte	0
 1043 0021 0B       		.uleb128 0xb
 1044 0022 0B       		.uleb128 0xb
 1045 0023 3E       		.uleb128 0x3e
 1046 0024 0B       		.uleb128 0xb
 1047 0025 03       		.uleb128 0x3
 1048 0026 08       		.uleb128 0x8
 1049 0027 00       		.byte	0
 1050 0028 00       		.byte	0
 1051 0029 04       		.uleb128 0x4
 1052 002a 16       		.uleb128 0x16
 1053 002b 00       		.byte	0
 1054 002c 03       		.uleb128 0x3
 1055 002d 0E       		.uleb128 0xe
 1056 002e 3A       		.uleb128 0x3a
 1057 002f 0B       		.uleb128 0xb
 1058 0030 3B       		.uleb128 0x3b
 1059 0031 05       		.uleb128 0x5
 1060 0032 49       		.uleb128 0x49
 1061 0033 13       		.uleb128 0x13
 1062 0034 00       		.byte	0
 1063 0035 00       		.byte	0
 1064 0036 05       		.uleb128 0x5
 1065 0037 35       		.uleb128 0x35
 1066 0038 00       		.byte	0
 1067 0039 49       		.uleb128 0x49
 1068 003a 13       		.uleb128 0x13
 1069 003b 00       		.byte	0
 1070 003c 00       		.byte	0
 1071 003d 06       		.uleb128 0x6
 1072 003e 0F       		.uleb128 0xf
 1073 003f 00       		.byte	0
ARM GAS  C:\Users\zack.li\AppData\Local\Temp\ccpa8pJi.s 			page 24


 1074 0040 0B       		.uleb128 0xb
 1075 0041 0B       		.uleb128 0xb
 1076 0042 00       		.byte	0
 1077 0043 00       		.byte	0
 1078 0044 07       		.uleb128 0x7
 1079 0045 01       		.uleb128 0x1
 1080 0046 01       		.byte	0x1
 1081 0047 49       		.uleb128 0x49
 1082 0048 13       		.uleb128 0x13
 1083 0049 01       		.uleb128 0x1
 1084 004a 13       		.uleb128 0x13
 1085 004b 00       		.byte	0
 1086 004c 00       		.byte	0
 1087 004d 08       		.uleb128 0x8
 1088 004e 21       		.uleb128 0x21
 1089 004f 00       		.byte	0
 1090 0050 49       		.uleb128 0x49
 1091 0051 13       		.uleb128 0x13
 1092 0052 2F       		.uleb128 0x2f
 1093 0053 0B       		.uleb128 0xb
 1094 0054 00       		.byte	0
 1095 0055 00       		.byte	0
 1096 0056 09       		.uleb128 0x9
 1097 0057 13       		.uleb128 0x13
 1098 0058 01       		.byte	0x1
 1099 0059 0B       		.uleb128 0xb
 1100 005a 0B       		.uleb128 0xb
 1101 005b 3A       		.uleb128 0x3a
 1102 005c 0B       		.uleb128 0xb
 1103 005d 3B       		.uleb128 0x3b
 1104 005e 0B       		.uleb128 0xb
 1105 005f 01       		.uleb128 0x1
 1106 0060 13       		.uleb128 0x13
 1107 0061 00       		.byte	0
 1108 0062 00       		.byte	0
 1109 0063 0A       		.uleb128 0xa
 1110 0064 0D       		.uleb128 0xd
 1111 0065 00       		.byte	0
 1112 0066 03       		.uleb128 0x3
 1113 0067 0E       		.uleb128 0xe
 1114 0068 3A       		.uleb128 0x3a
 1115 0069 0B       		.uleb128 0xb
 1116 006a 3B       		.uleb128 0x3b
 1117 006b 0B       		.uleb128 0xb
 1118 006c 49       		.uleb128 0x49
 1119 006d 13       		.uleb128 0x13
 1120 006e 38       		.uleb128 0x38
 1121 006f 0B       		.uleb128 0xb
 1122 0070 00       		.byte	0
 1123 0071 00       		.byte	0
 1124 0072 0B       		.uleb128 0xb
 1125 0073 0D       		.uleb128 0xd
 1126 0074 00       		.byte	0
 1127 0075 03       		.uleb128 0x3
 1128 0076 0E       		.uleb128 0xe
 1129 0077 3A       		.uleb128 0x3a
 1130 0078 0B       		.uleb128 0xb
ARM GAS  C:\Users\zack.li\AppData\Local\Temp\ccpa8pJi.s 			page 25


 1131 0079 3B       		.uleb128 0x3b
 1132 007a 05       		.uleb128 0x5
 1133 007b 49       		.uleb128 0x49
 1134 007c 13       		.uleb128 0x13
 1135 007d 38       		.uleb128 0x38
 1136 007e 0B       		.uleb128 0xb
 1137 007f 00       		.byte	0
 1138 0080 00       		.byte	0
 1139 0081 0C       		.uleb128 0xc
 1140 0082 13       		.uleb128 0x13
 1141 0083 01       		.byte	0x1
 1142 0084 0B       		.uleb128 0xb
 1143 0085 0B       		.uleb128 0xb
 1144 0086 3A       		.uleb128 0x3a
 1145 0087 0B       		.uleb128 0xb
 1146 0088 3B       		.uleb128 0x3b
 1147 0089 05       		.uleb128 0x5
 1148 008a 01       		.uleb128 0x1
 1149 008b 13       		.uleb128 0x13
 1150 008c 00       		.byte	0
 1151 008d 00       		.byte	0
 1152 008e 0D       		.uleb128 0xd
 1153 008f 0D       		.uleb128 0xd
 1154 0090 00       		.byte	0
 1155 0091 03       		.uleb128 0x3
 1156 0092 08       		.uleb128 0x8
 1157 0093 3A       		.uleb128 0x3a
 1158 0094 0B       		.uleb128 0xb
 1159 0095 3B       		.uleb128 0x3b
 1160 0096 05       		.uleb128 0x5
 1161 0097 49       		.uleb128 0x49
 1162 0098 13       		.uleb128 0x13
 1163 0099 38       		.uleb128 0x38
 1164 009a 0B       		.uleb128 0xb
 1165 009b 00       		.byte	0
 1166 009c 00       		.byte	0
 1167 009d 0E       		.uleb128 0xe
 1168 009e 0F       		.uleb128 0xf
 1169 009f 00       		.byte	0
 1170 00a0 0B       		.uleb128 0xb
 1171 00a1 0B       		.uleb128 0xb
 1172 00a2 49       		.uleb128 0x49
 1173 00a3 13       		.uleb128 0x13
 1174 00a4 00       		.byte	0
 1175 00a5 00       		.byte	0
 1176 00a6 0F       		.uleb128 0xf
 1177 00a7 26       		.uleb128 0x26
 1178 00a8 00       		.byte	0
 1179 00a9 00       		.byte	0
 1180 00aa 00       		.byte	0
 1181 00ab 10       		.uleb128 0x10
 1182 00ac 04       		.uleb128 0x4
 1183 00ad 01       		.byte	0x1
 1184 00ae 0B       		.uleb128 0xb
 1185 00af 0B       		.uleb128 0xb
 1186 00b0 49       		.uleb128 0x49
 1187 00b1 13       		.uleb128 0x13
ARM GAS  C:\Users\zack.li\AppData\Local\Temp\ccpa8pJi.s 			page 26


 1188 00b2 3A       		.uleb128 0x3a
 1189 00b3 0B       		.uleb128 0xb
 1190 00b4 3B       		.uleb128 0x3b
 1191 00b5 0B       		.uleb128 0xb
 1192 00b6 01       		.uleb128 0x1
 1193 00b7 13       		.uleb128 0x13
 1194 00b8 00       		.byte	0
 1195 00b9 00       		.byte	0
 1196 00ba 11       		.uleb128 0x11
 1197 00bb 28       		.uleb128 0x28
 1198 00bc 00       		.byte	0
 1199 00bd 03       		.uleb128 0x3
 1200 00be 0E       		.uleb128 0xe
 1201 00bf 1C       		.uleb128 0x1c
 1202 00c0 0B       		.uleb128 0xb
 1203 00c1 00       		.byte	0
 1204 00c2 00       		.byte	0
 1205 00c3 12       		.uleb128 0x12
 1206 00c4 16       		.uleb128 0x16
 1207 00c5 00       		.byte	0
 1208 00c6 03       		.uleb128 0x3
 1209 00c7 0E       		.uleb128 0xe
 1210 00c8 3A       		.uleb128 0x3a
 1211 00c9 0B       		.uleb128 0xb
 1212 00ca 3B       		.uleb128 0x3b
 1213 00cb 0B       		.uleb128 0xb
 1214 00cc 49       		.uleb128 0x49
 1215 00cd 13       		.uleb128 0x13
 1216 00ce 00       		.byte	0
 1217 00cf 00       		.byte	0
 1218 00d0 13       		.uleb128 0x13
 1219 00d1 2E       		.uleb128 0x2e
 1220 00d2 01       		.byte	0x1
 1221 00d3 3F       		.uleb128 0x3f
 1222 00d4 19       		.uleb128 0x19
 1223 00d5 03       		.uleb128 0x3
 1224 00d6 0E       		.uleb128 0xe
 1225 00d7 3A       		.uleb128 0x3a
 1226 00d8 0B       		.uleb128 0xb
 1227 00d9 3B       		.uleb128 0x3b
 1228 00da 0B       		.uleb128 0xb
 1229 00db 27       		.uleb128 0x27
 1230 00dc 19       		.uleb128 0x19
 1231 00dd 11       		.uleb128 0x11
 1232 00de 01       		.uleb128 0x1
 1233 00df 12       		.uleb128 0x12
 1234 00e0 06       		.uleb128 0x6
 1235 00e1 40       		.uleb128 0x40
 1236 00e2 18       		.uleb128 0x18
 1237 00e3 9742     		.uleb128 0x2117
 1238 00e5 19       		.uleb128 0x19
 1239 00e6 01       		.uleb128 0x1
 1240 00e7 13       		.uleb128 0x13
 1241 00e8 00       		.byte	0
 1242 00e9 00       		.byte	0
 1243 00ea 14       		.uleb128 0x14
 1244 00eb 34       		.uleb128 0x34
ARM GAS  C:\Users\zack.li\AppData\Local\Temp\ccpa8pJi.s 			page 27


 1245 00ec 00       		.byte	0
 1246 00ed 03       		.uleb128 0x3
 1247 00ee 0E       		.uleb128 0xe
 1248 00ef 3A       		.uleb128 0x3a
 1249 00f0 0B       		.uleb128 0xb
 1250 00f1 3B       		.uleb128 0x3b
 1251 00f2 0B       		.uleb128 0xb
 1252 00f3 49       		.uleb128 0x49
 1253 00f4 13       		.uleb128 0x13
 1254 00f5 00       		.byte	0
 1255 00f6 00       		.byte	0
 1256 00f7 15       		.uleb128 0x15
 1257 00f8 2E       		.uleb128 0x2e
 1258 00f9 01       		.byte	0x1
 1259 00fa 3F       		.uleb128 0x3f
 1260 00fb 19       		.uleb128 0x19
 1261 00fc 03       		.uleb128 0x3
 1262 00fd 0E       		.uleb128 0xe
 1263 00fe 3A       		.uleb128 0x3a
 1264 00ff 0B       		.uleb128 0xb
 1265 0100 3B       		.uleb128 0x3b
 1266 0101 0B       		.uleb128 0xb
 1267 0102 27       		.uleb128 0x27
 1268 0103 19       		.uleb128 0x19
 1269 0104 49       		.uleb128 0x49
 1270 0105 13       		.uleb128 0x13
 1271 0106 11       		.uleb128 0x11
 1272 0107 01       		.uleb128 0x1
 1273 0108 12       		.uleb128 0x12
 1274 0109 06       		.uleb128 0x6
 1275 010a 40       		.uleb128 0x40
 1276 010b 18       		.uleb128 0x18
 1277 010c 9742     		.uleb128 0x2117
 1278 010e 19       		.uleb128 0x19
 1279 010f 01       		.uleb128 0x1
 1280 0110 13       		.uleb128 0x13
 1281 0111 00       		.byte	0
 1282 0112 00       		.byte	0
 1283 0113 16       		.uleb128 0x16
 1284 0114 34       		.uleb128 0x34
 1285 0115 00       		.byte	0
 1286 0116 03       		.uleb128 0x3
 1287 0117 0E       		.uleb128 0xe
 1288 0118 3A       		.uleb128 0x3a
 1289 0119 0B       		.uleb128 0xb
 1290 011a 3B       		.uleb128 0x3b
 1291 011b 0B       		.uleb128 0xb
 1292 011c 49       		.uleb128 0x49
 1293 011d 13       		.uleb128 0x13
 1294 011e 02       		.uleb128 0x2
 1295 011f 17       		.uleb128 0x17
 1296 0120 00       		.byte	0
 1297 0121 00       		.byte	0
 1298 0122 17       		.uleb128 0x17
 1299 0123 898201   		.uleb128 0x4109
 1300 0126 00       		.byte	0
 1301 0127 11       		.uleb128 0x11
ARM GAS  C:\Users\zack.li\AppData\Local\Temp\ccpa8pJi.s 			page 28


 1302 0128 01       		.uleb128 0x1
 1303 0129 31       		.uleb128 0x31
 1304 012a 13       		.uleb128 0x13
 1305 012b 00       		.byte	0
 1306 012c 00       		.byte	0
 1307 012d 18       		.uleb128 0x18
 1308 012e 34       		.uleb128 0x34
 1309 012f 00       		.byte	0
 1310 0130 03       		.uleb128 0x3
 1311 0131 0E       		.uleb128 0xe
 1312 0132 3A       		.uleb128 0x3a
 1313 0133 0B       		.uleb128 0xb
 1314 0134 3B       		.uleb128 0x3b
 1315 0135 0B       		.uleb128 0xb
 1316 0136 49       		.uleb128 0x49
 1317 0137 13       		.uleb128 0x13
 1318 0138 02       		.uleb128 0x2
 1319 0139 18       		.uleb128 0x18
 1320 013a 00       		.byte	0
 1321 013b 00       		.byte	0
 1322 013c 19       		.uleb128 0x19
 1323 013d 34       		.uleb128 0x34
 1324 013e 00       		.byte	0
 1325 013f 03       		.uleb128 0x3
 1326 0140 0E       		.uleb128 0xe
 1327 0141 3A       		.uleb128 0x3a
 1328 0142 0B       		.uleb128 0xb
 1329 0143 3B       		.uleb128 0x3b
 1330 0144 05       		.uleb128 0x5
 1331 0145 49       		.uleb128 0x49
 1332 0146 13       		.uleb128 0x13
 1333 0147 3F       		.uleb128 0x3f
 1334 0148 19       		.uleb128 0x19
 1335 0149 3C       		.uleb128 0x3c
 1336 014a 19       		.uleb128 0x19
 1337 014b 00       		.byte	0
 1338 014c 00       		.byte	0
 1339 014d 1A       		.uleb128 0x1a
 1340 014e 26       		.uleb128 0x26
 1341 014f 00       		.byte	0
 1342 0150 49       		.uleb128 0x49
 1343 0151 13       		.uleb128 0x13
 1344 0152 00       		.byte	0
 1345 0153 00       		.byte	0
 1346 0154 1B       		.uleb128 0x1b
 1347 0155 2E       		.uleb128 0x2e
 1348 0156 00       		.byte	0
 1349 0157 3F       		.uleb128 0x3f
 1350 0158 19       		.uleb128 0x19
 1351 0159 3C       		.uleb128 0x3c
 1352 015a 19       		.uleb128 0x19
 1353 015b 6E       		.uleb128 0x6e
 1354 015c 0E       		.uleb128 0xe
 1355 015d 03       		.uleb128 0x3
 1356 015e 0E       		.uleb128 0xe
 1357 015f 3A       		.uleb128 0x3a
 1358 0160 0B       		.uleb128 0xb
ARM GAS  C:\Users\zack.li\AppData\Local\Temp\ccpa8pJi.s 			page 29


 1359 0161 3B       		.uleb128 0x3b
 1360 0162 0B       		.uleb128 0xb
 1361 0163 00       		.byte	0
 1362 0164 00       		.byte	0
 1363 0165 00       		.byte	0
 1364              		.section	.debug_loc,"",%progbits
 1365              	.Ldebug_loc0:
 1366              	.LLST0:
 1367 0000 12000000 		.4byte	.LVL3
 1368 0004 19000000 		.4byte	.LVL4-1
 1369 0008 0100     		.2byte	0x1
 1370 000a 50       		.byte	0x50
 1371 000b 52000000 		.4byte	.LVL12
 1372 000f 67000000 		.4byte	.LVL13-1
 1373 0013 0100     		.2byte	0x1
 1374 0015 50       		.byte	0x50
 1375 0016 AC000000 		.4byte	.LVL21
 1376 001a BD000000 		.4byte	.LVL22-1
 1377 001e 0100     		.2byte	0x1
 1378 0020 50       		.byte	0x50
 1379 0021 00000000 		.4byte	0
 1380 0025 00000000 		.4byte	0
 1381              	.LLST1:
 1382 0029 80000000 		.4byte	.LVL14
 1383 002d 8A000000 		.4byte	.LVL16
 1384 0031 0100     		.2byte	0x1
 1385 0033 53       		.byte	0x53
 1386 0034 00000000 		.4byte	0
 1387 0038 00000000 		.4byte	0
 1388              	.LLST2:
 1389 003c 82000000 		.4byte	.LVL15
 1390 0040 A4000000 		.4byte	.LVL18
 1391 0044 0600     		.2byte	0x6
 1392 0046 71       		.byte	0x71
 1393 0047 00       		.sleb128 0
 1394 0048 08       		.byte	0x8
 1395 0049 FF       		.byte	0xff
 1396 004a 1A       		.byte	0x1a
 1397 004b 9F       		.byte	0x9f
 1398 004c 00000000 		.4byte	0
 1399 0050 00000000 		.4byte	0
 1400              	.LLST3:
 1401 0054 00000000 		.4byte	.LVL1
 1402 0058 3C000000 		.4byte	.LVL7
 1403 005c 0200     		.2byte	0x2
 1404 005e 30       		.byte	0x30
 1405 005f 9F       		.byte	0x9f
 1406 0060 3C000000 		.4byte	.LVL7
 1407 0064 3E000000 		.4byte	.LVL8
 1408 0068 0200     		.2byte	0x2
 1409 006a 31       		.byte	0x31
 1410 006b 9F       		.byte	0x9f
 1411 006c 3E000000 		.4byte	.LVL8
 1412 0070 46000000 		.4byte	.LVL9
 1413 0074 0200     		.2byte	0x2
 1414 0076 30       		.byte	0x30
 1415 0077 9F       		.byte	0x9f
ARM GAS  C:\Users\zack.li\AppData\Local\Temp\ccpa8pJi.s 			page 30


 1416 0078 46000000 		.4byte	.LVL9
 1417 007c 48000000 		.4byte	.LVL10
 1418 0080 0200     		.2byte	0x2
 1419 0082 31       		.byte	0x31
 1420 0083 9F       		.byte	0x9f
 1421 0084 48000000 		.4byte	.LVL10
 1422 0088 4E000000 		.4byte	.LVL11
 1423 008c 0200     		.2byte	0x2
 1424 008e 30       		.byte	0x30
 1425 008f 9F       		.byte	0x9f
 1426 0090 4E000000 		.4byte	.LVL11
 1427 0094 68000000 		.4byte	.LVL13
 1428 0098 0200     		.2byte	0x2
 1429 009a 31       		.byte	0x31
 1430 009b 9F       		.byte	0x9f
 1431 009c 68000000 		.4byte	.LVL13
 1432 00a0 D0000000 		.4byte	.LFE2
 1433 00a4 0200     		.2byte	0x2
 1434 00a6 30       		.byte	0x30
 1435 00a7 9F       		.byte	0x9f
 1436 00a8 00000000 		.4byte	0
 1437 00ac 00000000 		.4byte	0
 1438              	.LLST4:
 1439 00b0 1E000000 		.4byte	.LVL5
 1440 00b4 A2000000 		.4byte	.LVL17
 1441 00b8 0100     		.2byte	0x1
 1442 00ba 56       		.byte	0x56
 1443 00bb 00000000 		.4byte	0
 1444 00bf 00000000 		.4byte	0
 1445              	.LLST5:
 1446 00c3 00000000 		.4byte	.LVL1
 1447 00c7 04000000 		.4byte	.LVL2
 1448 00cb 0200     		.2byte	0x2
 1449 00cd 30       		.byte	0x30
 1450 00ce 9F       		.byte	0x9f
 1451 00cf 04000000 		.4byte	.LVL2
 1452 00d3 36000000 		.4byte	.LVL6
 1453 00d7 0100     		.2byte	0x1
 1454 00d9 57       		.byte	0x57
 1455 00da 36000000 		.4byte	.LVL6
 1456 00de 3E000000 		.4byte	.LVL8
 1457 00e2 0200     		.2byte	0x2
 1458 00e4 31       		.byte	0x31
 1459 00e5 9F       		.byte	0x9f
 1460 00e6 3E000000 		.4byte	.LVL8
 1461 00ea C0000000 		.4byte	.LVL23
 1462 00ee 0100     		.2byte	0x1
 1463 00f0 57       		.byte	0x57
 1464 00f1 C0000000 		.4byte	.LVL23
 1465 00f5 D0000000 		.4byte	.LFE2
 1466 00f9 0100     		.2byte	0x1
 1467 00fb 50       		.byte	0x50
 1468 00fc 00000000 		.4byte	0
 1469 0100 00000000 		.4byte	0
 1470              	.LLST6:
 1471 0104 A6000000 		.4byte	.LVL19
 1472 0108 A8000000 		.4byte	.LVL20
ARM GAS  C:\Users\zack.li\AppData\Local\Temp\ccpa8pJi.s 			page 31


 1473 010c 0100     		.2byte	0x1
 1474 010e 53       		.byte	0x53
 1475 010f A8000000 		.4byte	.LVL20
 1476 0113 BE000000 		.4byte	.LVL22
 1477 0117 0100     		.2byte	0x1
 1478 0119 56       		.byte	0x56
 1479 011a 00000000 		.4byte	0
 1480 011e 00000000 		.4byte	0
 1481              		.section	.debug_aranges,"",%progbits
 1482 0000 24000000 		.4byte	0x24
 1483 0004 0200     		.2byte	0x2
 1484 0006 00000000 		.4byte	.Ldebug_info0
 1485 000a 04       		.byte	0x4
 1486 000b 00       		.byte	0
 1487 000c 0000     		.2byte	0
 1488 000e 0000     		.2byte	0
 1489 0010 00000000 		.4byte	.LFB1
 1490 0014 14000000 		.4byte	.LFE1-.LFB1
 1491 0018 00000000 		.4byte	.LFB2
 1492 001c D0000000 		.4byte	.LFE2-.LFB2
 1493 0020 00000000 		.4byte	0
 1494 0024 00000000 		.4byte	0
 1495              		.section	.debug_ranges,"",%progbits
 1496              	.Ldebug_ranges0:
 1497 0000 00000000 		.4byte	.LFB1
 1498 0004 14000000 		.4byte	.LFE1
 1499 0008 00000000 		.4byte	.LFB2
 1500 000c D0000000 		.4byte	.LFE2
 1501 0010 00000000 		.4byte	0
 1502 0014 00000000 		.4byte	0
 1503              		.section	.debug_line,"",%progbits
 1504              	.Ldebug_line0:
 1505 0000 1A010000 		.section	.debug_str,"MS",%progbits,1
 1505      0200B400 
 1505      00000201 
 1505      FB0E0D00 
 1505      01010101 
 1506              	.LASF10:
 1507 0000 75696E74 		.ascii	"uint16\000"
 1507      313600
 1508              	.LASF94:
 1509 0007 43794578 		.ascii	"CyExitCriticalSection\000"
 1509      69744372 
 1509      69746963 
 1509      616C5365 
 1509      6374696F 
 1510              	.LASF71:
 1511 001d 43617053 		.ascii	"CapSense_FLASH_WD_STRUCT\000"
 1511      656E7365 
 1511      5F464C41 
 1511      53485F57 
 1511      445F5354 
 1512              	.LASF40:
 1513 0036 43617053 		.ascii	"CapSense_RAM_SNS_STRUCT\000"
 1513      656E7365 
 1513      5F52414D 
 1513      5F534E53 
ARM GAS  C:\Users\zack.li\AppData\Local\Temp\ccpa8pJi.s 			page 32


 1513      5F535452 
 1514              	.LASF7:
 1515 004e 6C6F6E67 		.ascii	"long long unsigned int\000"
 1515      206C6F6E 
 1515      6720756E 
 1515      7369676E 
 1515      65642069 
 1516              	.LASF100:
 1517 0065 43617053 		.ascii	"CapSense_RunTuner\000"
 1517      656E7365 
 1517      5F52756E 
 1517      54756E65 
 1517      7200
 1518              	.LASF62:
 1519 0077 70747232 		.ascii	"ptr2SnsFlash\000"
 1519      536E7346 
 1519      6C617368 
 1519      00
 1520              	.LASF37:
 1521 0084 64696666 		.ascii	"diff\000"
 1521      00
 1522              	.LASF18:
 1523 0089 43617053 		.ascii	"CapSense_LOW_BSLN_RST_TYPE\000"
 1523      656E7365 
 1523      5F4C4F57 
 1523      5F42534C 
 1523      4E5F5253 
 1524              	.LASF56:
 1525 00a4 736E7254 		.ascii	"snrTestSensorId\000"
 1525      65737453 
 1525      656E736F 
 1525      72496400 
 1526              	.LASF92:
 1527 00b4 43617053 		.ascii	"CapSense_dsFlash\000"
 1527      656E7365 
 1527      5F647346 
 1527      6C617368 
 1527      00
 1528              	.LASF17:
 1529 00c5 43617053 		.ascii	"CapSense_THRESHOLD_TYPE\000"
 1529      656E7365 
 1529      5F544852 
 1529      4553484F 
 1529      4C445F54 
 1530              	.LASF33:
 1531 00dd 72696768 		.ascii	"right\000"
 1531      7400
 1532              	.LASF6:
 1533 00e3 6C6F6E67 		.ascii	"long long int\000"
 1533      206C6F6E 
 1533      6720696E 
 1533      7400
 1534              	.LASF0:
 1535 00f1 7369676E 		.ascii	"signed char\000"
 1535      65642063 
 1535      68617200 
 1536              	.LASF82:
ARM GAS  C:\Users\zack.li\AppData\Local\Temp\ccpa8pJi.s 			page 33


 1537 00fd 696E7465 		.ascii	"interruptState\000"
 1537      72727570 
 1537      74537461 
 1537      746500
 1538              	.LASF75:
 1539 010c 43617053 		.ascii	"CapSense_TU_CMD_SUSPEND_E\000"
 1539      656E7365 
 1539      5F54555F 
 1539      434D445F 
 1539      53555350 
 1540              	.LASF50:
 1541 0126 736E7353 		.ascii	"snsStatus\000"
 1541      74617475 
 1541      7300
 1542              	.LASF4:
 1543 0130 6C6F6E67 		.ascii	"long int\000"
 1543      20696E74 
 1543      00
 1544              	.LASF52:
 1545 0139 6D6F6443 		.ascii	"modCsdClk\000"
 1545      7364436C 
 1545      6B00
 1546              	.LASF64:
 1547 0143 70747232 		.ascii	"ptr2SnsRam\000"
 1547      536E7352 
 1547      616D00
 1548              	.LASF9:
 1549 014e 75696E74 		.ascii	"uint8\000"
 1549      3800
 1550              	.LASF13:
 1551 0154 646F7562 		.ascii	"double\000"
 1551      6C6500
 1552              	.LASF58:
 1553 015b 736E7254 		.ascii	"snrTestRawCount\000"
 1553      65737452 
 1553      6177436F 
 1553      756E7400 
 1554              	.LASF84:
 1555 016b 73656E73 		.ascii	"sensorId\000"
 1555      6F724964 
 1555      00
 1556              	.LASF11:
 1557 0174 75696E74 		.ascii	"uint32\000"
 1557      333200
 1558              	.LASF23:
 1559 017b 68797374 		.ascii	"hysteresis\000"
 1559      65726573 
 1559      697300
 1560              	.LASF60:
 1561 0186 7363616E 		.ascii	"scanCurrentISC\000"
 1561      43757272 
 1561      656E7449 
 1561      534300
 1562              	.LASF31:
 1563 0195 646F776E 		.ascii	"down\000"
 1563      00
 1564              	.LASF36:
ARM GAS  C:\Users\zack.li\AppData\Local\Temp\ccpa8pJi.s 			page 34


 1565 019a 62736C6E 		.ascii	"bslnExt\000"
 1565      45787400 
 1566              	.LASF85:
 1567 01a2 75706461 		.ascii	"updateFlag\000"
 1567      7465466C 
 1567      616700
 1568              	.LASF49:
 1569 01ad 77646774 		.ascii	"wdgtStatus\000"
 1569      53746174 
 1569      757300
 1570              	.LASF35:
 1571 01b8 62736C6E 		.ascii	"bsln\000"
 1571      00
 1572              	.LASF8:
 1573 01bd 756E7369 		.ascii	"unsigned int\000"
 1573      676E6564 
 1573      20696E74 
 1573      00
 1574              	.LASF55:
 1575 01ca 736E7254 		.ascii	"snrTestWidgetId\000"
 1575      65737457 
 1575      69646765 
 1575      74496400 
 1576              	.LASF86:
 1577 01da 636F6D6D 		.ascii	"command\000"
 1577      616E6400 
 1578              	.LASF59:
 1579 01e2 7363616E 		.ascii	"scanCsdISC\000"
 1579      43736449 
 1579      534300
 1580              	.LASF5:
 1581 01ed 6C6F6E67 		.ascii	"long unsigned int\000"
 1581      20756E73 
 1581      69676E65 
 1581      6420696E 
 1581      7400
 1582              	.LASF48:
 1583 01ff 77646774 		.ascii	"wdgtEnable\000"
 1583      456E6162 
 1583      6C6500
 1584              	.LASF93:
 1585 020a 4379456E 		.ascii	"CyEnterCriticalSection\000"
 1585      74657243 
 1585      72697469 
 1585      63616C53 
 1585      65637469 
 1586              	.LASF25:
 1587 0221 6C6F7742 		.ascii	"lowBslnRst\000"
 1587      736C6E52 
 1587      737400
 1588              	.LASF89:
 1589 022c 70747253 		.ascii	"ptrSnsTmp\000"
 1589      6E73546D 
 1589      7000
 1590              	.LASF3:
 1591 0236 73686F72 		.ascii	"short unsigned int\000"
 1591      7420756E 
ARM GAS  C:\Users\zack.li\AppData\Local\Temp\ccpa8pJi.s 			page 35


 1591      7369676E 
 1591      65642069 
 1591      6E7400
 1592              	.LASF54:
 1593 0249 736E734C 		.ascii	"snsList\000"
 1593      69737400 
 1594              	.LASF42:
 1595 0251 636F6E66 		.ascii	"configId\000"
 1595      69674964 
 1595      00
 1596              	.LASF97:
 1597 025a 47656E65 		.ascii	"Generated_Source\\PSoC4\\CapSense_Tuner.c\000"
 1597      72617465 
 1597      645F536F 
 1597      75726365 
 1597      5C50536F 
 1598              	.LASF63:
 1599 0282 70747232 		.ascii	"ptr2WdgtRam\000"
 1599      57646774 
 1599      52616D00 
 1600              	.LASF43:
 1601 028e 64657669 		.ascii	"deviceId\000"
 1601      63654964 
 1601      00
 1602              	.LASF30:
 1603 0297 43617053 		.ascii	"CapSense_RAM_WD_BUTTON_STRUCT\000"
 1603      656E7365 
 1603      5F52414D 
 1603      5F57445F 
 1603      42555454 
 1604              	.LASF83:
 1605 02b5 77696467 		.ascii	"widgetId\000"
 1605      65744964 
 1605      00
 1606              	.LASF26:
 1607 02be 69646163 		.ascii	"idacMod\000"
 1607      4D6F6400 
 1608              	.LASF70:
 1609 02c6 6E756D43 		.ascii	"numCols\000"
 1609      6F6C7300 
 1610              	.LASF16:
 1611 02ce 73697A65 		.ascii	"sizetype\000"
 1611      74797065 
 1611      00
 1612              	.LASF15:
 1613 02d7 6C6F6E67 		.ascii	"long double\000"
 1613      20646F75 
 1613      626C6500 
 1614              	.LASF67:
 1615 02e3 73746174 		.ascii	"staticConfig\000"
 1615      6963436F 
 1615      6E666967 
 1615      00
 1616              	.LASF22:
 1617 02f0 6E4E6F69 		.ascii	"nNoiseTh\000"
 1617      73655468 
 1617      00
ARM GAS  C:\Users\zack.li\AppData\Local\Temp\ccpa8pJi.s 			page 36


 1618              	.LASF96:
 1619 02f9 474E5520 		.ascii	"GNU C11 5.4.1 20160609 (release) [ARM/embedded-5-br"
 1619      43313120 
 1619      352E342E 
 1619      31203230 
 1619      31363036 
 1620 032c 616E6368 		.ascii	"anch revision 237715] -mcpu=cortex-m0 -mthumb -g -O"
 1620      20726576 
 1620      6973696F 
 1620      6E203233 
 1620      37373135 
 1621 035f 73202D66 		.ascii	"s -ffunction-sections -ffat-lto-objects\000"
 1621      66756E63 
 1621      74696F6E 
 1621      2D736563 
 1621      74696F6E 
 1622              	.LASF99:
 1623 0387 43617053 		.ascii	"CapSense_TuInitialize\000"
 1623      656E7365 
 1623      5F547549 
 1623      6E697469 
 1623      616C697A 
 1624              	.LASF44:
 1625 039d 6877436C 		.ascii	"hwClock\000"
 1625      6F636B00 
 1626              	.LASF69:
 1627 03a5 77646774 		.ascii	"wdgtType\000"
 1627      54797065 
 1627      00
 1628              	.LASF46:
 1629 03ae 7363616E 		.ascii	"scanCounter\000"
 1629      436F756E 
 1629      74657200 
 1630              	.LASF91:
 1631 03ba 43617053 		.ascii	"CapSense_dsRam\000"
 1631      656E7365 
 1631      5F647352 
 1631      616D00
 1632              	.LASF45:
 1633 03c9 74756E65 		.ascii	"tunerCmd\000"
 1633      72436D64 
 1633      00
 1634              	.LASF12:
 1635 03d2 666C6F61 		.ascii	"float\000"
 1635      7400
 1636              	.LASF41:
 1637 03d8 43617053 		.ascii	"CapSense_RAM_SNS_LIST_STRUCT\000"
 1637      656E7365 
 1637      5F52414D 
 1637      5F534E53 
 1637      5F4C4953 
 1638              	.LASF51:
 1639 03f5 63736430 		.ascii	"csd0Config\000"
 1639      436F6E66 
 1639      696700
 1640              	.LASF98:
 1641 0400 443A5C5F 		.ascii	"D:\\_Project\\_MD\\cypress_button\\EZIIC_button.cyd"
ARM GAS  C:\Users\zack.li\AppData\Local\Temp\ccpa8pJi.s 			page 37


 1641      50726F6A 
 1641      6563745C 
 1641      5F4D445C 
 1641      63797072 
 1642 042f 736E00   		.ascii	"sn\000"
 1643              	.LASF61:
 1644 0432 43617053 		.ascii	"CapSense_RAM_STRUCT\000"
 1644      656E7365 
 1644      5F52414D 
 1644      5F535452 
 1644      55435400 
 1645              	.LASF57:
 1646 0446 736E7254 		.ascii	"snrTestScanCounter\000"
 1646      65737453 
 1646      63616E43 
 1646      6F756E74 
 1646      657200
 1647              	.LASF1:
 1648 0459 756E7369 		.ascii	"unsigned char\000"
 1648      676E6564 
 1648      20636861 
 1648      7200
 1649              	.LASF79:
 1650 0467 43617053 		.ascii	"CapSense_TU_CMD_PING_E\000"
 1650      656E7365 
 1650      5F54555F 
 1650      434D445F 
 1650      50494E47 
 1651              	.LASF2:
 1652 047e 73686F72 		.ascii	"short int\000"
 1652      7420696E 
 1652      7400
 1653              	.LASF80:
 1654 0488 43617053 		.ascii	"CapSense_TU_CMD_ONE_SCAN_E\000"
 1654      656E7365 
 1654      5F54555F 
 1654      434D445F 
 1654      4F4E455F 
 1655              	.LASF65:
 1656 04a3 70747232 		.ascii	"ptr2FltrHistory\000"
 1656      466C7472 
 1656      48697374 
 1656      6F727900 
 1657              	.LASF27:
 1658 04b3 69646163 		.ascii	"idacGainIndex\000"
 1658      4761696E 
 1658      496E6465 
 1658      7800
 1659              	.LASF87:
 1660 04c1 74756E65 		.ascii	"tunerStatus\000"
 1660      72537461 
 1660      74757300 
 1661              	.LASF19:
 1662 04cd 7265736F 		.ascii	"resolution\000"
 1662      6C757469 
 1662      6F6E00
 1663              	.LASF53:
ARM GAS  C:\Users\zack.li\AppData\Local\Temp\ccpa8pJi.s 			page 38


 1664 04d8 77646774 		.ascii	"wdgtList\000"
 1664      4C697374 
 1664      00
 1665              	.LASF78:
 1666 04e1 43617053 		.ascii	"CapSense_TU_CMD_RUN_SNR_TEST_E\000"
 1666      656E7365 
 1666      5F54555F 
 1666      434D445F 
 1666      52554E5F 
 1667              	.LASF74:
 1668 0500 43617053 		.ascii	"CapSense_TU_CMD_NONE_E\000"
 1668      656E7365 
 1668      5F54555F 
 1668      434D445F 
 1668      4E4F4E45 
 1669              	.LASF14:
 1670 0517 63686172 		.ascii	"char\000"
 1670      00
 1671              	.LASF28:
 1672 051c 736E7343 		.ascii	"snsClk\000"
 1672      6C6B00
 1673              	.LASF24:
 1674 0523 6F6E4465 		.ascii	"onDebounce\000"
 1674      626F756E 
 1674      636500
 1675              	.LASF95:
 1676 052e 43617053 		.ascii	"CapSense_Start\000"
 1676      656E7365 
 1676      5F537461 
 1676      727400
 1677              	.LASF39:
 1678 053d 69646163 		.ascii	"idacComp\000"
 1678      436F6D70 
 1678      00
 1679              	.LASF38:
 1680 0546 6E656742 		.ascii	"negBslnRstCnt\000"
 1680      736C6E52 
 1680      7374436E 
 1680      7400
 1681              	.LASF68:
 1682 0554 746F7461 		.ascii	"totalNumSns\000"
 1682      6C4E756D 
 1682      536E7300 
 1683              	.LASF66:
 1684 0560 70747232 		.ascii	"ptr2DebounceArr\000"
 1684      4465626F 
 1684      756E6365 
 1684      41727200 
 1685              	.LASF73:
 1686 0570 43617053 		.ascii	"CapSense_FLASH_STRUCT\000"
 1686      656E7365 
 1686      5F464C41 
 1686      53485F53 
 1686      54525543 
 1687              	.LASF90:
 1688 0586 74756E65 		.ascii	"tunerFsm\000"
 1688      7246736D 
ARM GAS  C:\Users\zack.li\AppData\Local\Temp\ccpa8pJi.s 			page 39


 1688      00
 1689              	.LASF47:
 1690 058f 73746174 		.ascii	"status\000"
 1690      757300
 1691              	.LASF72:
 1692 0596 77646774 		.ascii	"wdgtArray\000"
 1692      41727261 
 1692      7900
 1693              	.LASF77:
 1694 05a0 43617053 		.ascii	"CapSense_TU_CMD_RESTART_E\000"
 1694      656E7365 
 1694      5F54555F 
 1694      434D445F 
 1694      52455354 
 1695              	.LASF76:
 1696 05ba 43617053 		.ascii	"CapSense_TU_CMD_RESUME_E\000"
 1696      656E7365 
 1696      5F54555F 
 1696      434D445F 
 1696      52455355 
 1697              	.LASF29:
 1698 05d3 736E7343 		.ascii	"snsClkSource\000"
 1698      6C6B536F 
 1698      75726365 
 1698      00
 1699              	.LASF88:
 1700 05e0 70747244 		.ascii	"ptrDsRam\000"
 1700      7352616D 
 1700      00
 1701              	.LASF81:
 1702 05e9 43617053 		.ascii	"CapSense_TU_CMD_ENUM\000"
 1702      656E7365 
 1702      5F54555F 
 1702      434D445F 
 1702      454E554D 
 1703              	.LASF20:
 1704 05fe 66696E67 		.ascii	"fingerTh\000"
 1704      65725468 
 1704      00
 1705              	.LASF34:
 1706 0607 43617053 		.ascii	"CapSense_RAM_WD_LIST_STRUCT\000"
 1706      656E7365 
 1706      5F52414D 
 1706      5F57445F 
 1706      4C495354 
 1707              	.LASF32:
 1708 0623 6C656674 		.ascii	"left\000"
 1708      00
 1709              	.LASF21:
 1710 0628 6E6F6973 		.ascii	"noiseTh\000"
 1710      65546800 
 1711              		.ident	"GCC: (GNU Tools for ARM Embedded Processors) 5.4.1 20160609 (release) [ARM/embedded-5-bran
