ARM GAS  C:\Users\zack.li\AppData\Local\Temp\ccQOC3EZ.s 			page 1


   1              		.syntax unified
   2              		.cpu cortex-m0
   3              		.fpu softvfp
   4              		.eabi_attribute 20, 1
   5              		.eabi_attribute 21, 1
   6              		.eabi_attribute 23, 3
   7              		.eabi_attribute 24, 1
   8              		.eabi_attribute 25, 1
   9              		.eabi_attribute 26, 1
  10              		.eabi_attribute 30, 4
  11              		.eabi_attribute 34, 0
  12              		.eabi_attribute 18, 4
  13              		.thumb
  14              		.syntax unified
  15              		.file	"I2C_Master_I2C.c"
  16              		.text
  17              	.Ltext0:
  18              		.cfi_sections	.debug_frame
  19              		.section	.text.I2C_Master_I2CInit,"ax",%progbits
  20              		.align	1
  21              		.global	I2C_Master_I2CInit
  22              		.code	16
  23              		.thumb_func
  24              		.type	I2C_Master_I2CInit, %function
  25              	I2C_Master_I2CInit:
  26              	.LFB1:
  27              		.file 1 "Generated_Source\\PSoC4\\I2C_Master_I2C.c"
   1:Generated_Source\PSoC4/I2C_Master_I2C.c **** /***************************************************************************//**
   2:Generated_Source\PSoC4/I2C_Master_I2C.c **** * \file I2C_Master_I2C.c
   3:Generated_Source\PSoC4/I2C_Master_I2C.c **** * \version 4.0
   4:Generated_Source\PSoC4/I2C_Master_I2C.c **** *
   5:Generated_Source\PSoC4/I2C_Master_I2C.c **** * \brief
   6:Generated_Source\PSoC4/I2C_Master_I2C.c **** *  This file provides the source code to the API for the SCB Component in
   7:Generated_Source\PSoC4/I2C_Master_I2C.c **** *  I2C mode.
   8:Generated_Source\PSoC4/I2C_Master_I2C.c **** *
   9:Generated_Source\PSoC4/I2C_Master_I2C.c **** * Note:
  10:Generated_Source\PSoC4/I2C_Master_I2C.c **** *
  11:Generated_Source\PSoC4/I2C_Master_I2C.c **** *******************************************************************************
  12:Generated_Source\PSoC4/I2C_Master_I2C.c **** * \copyright
  13:Generated_Source\PSoC4/I2C_Master_I2C.c **** * Copyright 2013-2017, Cypress Semiconductor Corporation.  All rights reserved.
  14:Generated_Source\PSoC4/I2C_Master_I2C.c **** * You may use this file only in accordance with the license, terms, conditions,
  15:Generated_Source\PSoC4/I2C_Master_I2C.c **** * disclaimers, and limitations in the end user license agreement accompanying
  16:Generated_Source\PSoC4/I2C_Master_I2C.c **** * the software package with which this file was provided.
  17:Generated_Source\PSoC4/I2C_Master_I2C.c **** *******************************************************************************/
  18:Generated_Source\PSoC4/I2C_Master_I2C.c **** 
  19:Generated_Source\PSoC4/I2C_Master_I2C.c **** #include "I2C_Master_PVT.h"
  20:Generated_Source\PSoC4/I2C_Master_I2C.c **** #include "I2C_Master_I2C_PVT.h"
  21:Generated_Source\PSoC4/I2C_Master_I2C.c **** 
  22:Generated_Source\PSoC4/I2C_Master_I2C.c **** 
  23:Generated_Source\PSoC4/I2C_Master_I2C.c **** /***************************************
  24:Generated_Source\PSoC4/I2C_Master_I2C.c **** *      I2C Private Vars
  25:Generated_Source\PSoC4/I2C_Master_I2C.c **** ***************************************/
  26:Generated_Source\PSoC4/I2C_Master_I2C.c **** 
  27:Generated_Source\PSoC4/I2C_Master_I2C.c **** volatile uint8 I2C_Master_state;  /* Current state of I2C FSM */
  28:Generated_Source\PSoC4/I2C_Master_I2C.c **** 
  29:Generated_Source\PSoC4/I2C_Master_I2C.c **** #if(I2C_Master_SCB_MODE_UNCONFIG_CONST_CFG)
  30:Generated_Source\PSoC4/I2C_Master_I2C.c **** 
ARM GAS  C:\Users\zack.li\AppData\Local\Temp\ccQOC3EZ.s 			page 2


  31:Generated_Source\PSoC4/I2C_Master_I2C.c ****     /***************************************
  32:Generated_Source\PSoC4/I2C_Master_I2C.c ****     *  Configuration Structure Initialization
  33:Generated_Source\PSoC4/I2C_Master_I2C.c ****     ***************************************/
  34:Generated_Source\PSoC4/I2C_Master_I2C.c **** 
  35:Generated_Source\PSoC4/I2C_Master_I2C.c ****     /* Constant configuration of I2C */
  36:Generated_Source\PSoC4/I2C_Master_I2C.c ****     const I2C_Master_I2C_INIT_STRUCT I2C_Master_configI2C =
  37:Generated_Source\PSoC4/I2C_Master_I2C.c ****     {
  38:Generated_Source\PSoC4/I2C_Master_I2C.c ****         I2C_Master_I2C_MODE,
  39:Generated_Source\PSoC4/I2C_Master_I2C.c ****         I2C_Master_I2C_OVS_FACTOR_LOW,
  40:Generated_Source\PSoC4/I2C_Master_I2C.c ****         I2C_Master_I2C_OVS_FACTOR_HIGH,
  41:Generated_Source\PSoC4/I2C_Master_I2C.c ****         I2C_Master_I2C_MEDIAN_FILTER_ENABLE,
  42:Generated_Source\PSoC4/I2C_Master_I2C.c ****         I2C_Master_I2C_SLAVE_ADDRESS,
  43:Generated_Source\PSoC4/I2C_Master_I2C.c ****         I2C_Master_I2C_SLAVE_ADDRESS_MASK,
  44:Generated_Source\PSoC4/I2C_Master_I2C.c ****         I2C_Master_I2C_ACCEPT_ADDRESS,
  45:Generated_Source\PSoC4/I2C_Master_I2C.c ****         I2C_Master_I2C_WAKE_ENABLE,
  46:Generated_Source\PSoC4/I2C_Master_I2C.c ****         I2C_Master_I2C_BYTE_MODE_ENABLE,
  47:Generated_Source\PSoC4/I2C_Master_I2C.c ****         I2C_Master_I2C_DATA_RATE,
  48:Generated_Source\PSoC4/I2C_Master_I2C.c ****         I2C_Master_I2C_ACCEPT_GENERAL_CALL,
  49:Generated_Source\PSoC4/I2C_Master_I2C.c ****     };
  50:Generated_Source\PSoC4/I2C_Master_I2C.c **** 
  51:Generated_Source\PSoC4/I2C_Master_I2C.c ****     /*******************************************************************************
  52:Generated_Source\PSoC4/I2C_Master_I2C.c ****     * Function Name: I2C_Master_I2CInit
  53:Generated_Source\PSoC4/I2C_Master_I2C.c ****     ****************************************************************************//**
  54:Generated_Source\PSoC4/I2C_Master_I2C.c ****     *
  55:Generated_Source\PSoC4/I2C_Master_I2C.c ****     *
  56:Generated_Source\PSoC4/I2C_Master_I2C.c ****     *  Configures the I2C_Master for I2C operation.
  57:Generated_Source\PSoC4/I2C_Master_I2C.c ****     *
  58:Generated_Source\PSoC4/I2C_Master_I2C.c ****     *  This function is intended specifically to be used when the I2C_Master 
  59:Generated_Source\PSoC4/I2C_Master_I2C.c ****     *  configuration is set to “Unconfigured I2C_Master” in the customizer. 
  60:Generated_Source\PSoC4/I2C_Master_I2C.c ****     *  After initializing the I2C_Master in I2C mode using this function, 
  61:Generated_Source\PSoC4/I2C_Master_I2C.c ****     *  the component can be enabled using the I2C_Master_Start() or 
  62:Generated_Source\PSoC4/I2C_Master_I2C.c ****     * I2C_Master_Enable() function.
  63:Generated_Source\PSoC4/I2C_Master_I2C.c ****     *  This function uses a pointer to a structure that provides the configuration 
  64:Generated_Source\PSoC4/I2C_Master_I2C.c ****     *  settings. This structure contains the same information that would otherwise 
  65:Generated_Source\PSoC4/I2C_Master_I2C.c ****     *  be provided by the customizer settings.
  66:Generated_Source\PSoC4/I2C_Master_I2C.c ****     *
  67:Generated_Source\PSoC4/I2C_Master_I2C.c ****     *  \param config: pointer to a structure that contains the following list of 
  68:Generated_Source\PSoC4/I2C_Master_I2C.c ****     *   fields. These fields match the selections available in the customizer. 
  69:Generated_Source\PSoC4/I2C_Master_I2C.c ****     *   Refer to the customizer for further description of the settings.
  70:Generated_Source\PSoC4/I2C_Master_I2C.c ****     *
  71:Generated_Source\PSoC4/I2C_Master_I2C.c ****     *******************************************************************************/
  72:Generated_Source\PSoC4/I2C_Master_I2C.c ****     void I2C_Master_I2CInit(const I2C_Master_I2C_INIT_STRUCT *config)
  73:Generated_Source\PSoC4/I2C_Master_I2C.c ****     {
  74:Generated_Source\PSoC4/I2C_Master_I2C.c ****         uint32 medianFilter;
  75:Generated_Source\PSoC4/I2C_Master_I2C.c ****         uint32 locEnableWake;
  76:Generated_Source\PSoC4/I2C_Master_I2C.c **** 
  77:Generated_Source\PSoC4/I2C_Master_I2C.c ****         if(NULL == config)
  78:Generated_Source\PSoC4/I2C_Master_I2C.c ****         {
  79:Generated_Source\PSoC4/I2C_Master_I2C.c ****             CYASSERT(0u != 0u); /* Halt execution due to bad function parameter */
  80:Generated_Source\PSoC4/I2C_Master_I2C.c ****         }
  81:Generated_Source\PSoC4/I2C_Master_I2C.c ****         else
  82:Generated_Source\PSoC4/I2C_Master_I2C.c ****         {
  83:Generated_Source\PSoC4/I2C_Master_I2C.c ****             /* Configure pins */
  84:Generated_Source\PSoC4/I2C_Master_I2C.c ****             I2C_Master_SetPins(I2C_Master_SCB_MODE_I2C, I2C_Master_DUMMY_PARAM,
  85:Generated_Source\PSoC4/I2C_Master_I2C.c ****                                      I2C_Master_DUMMY_PARAM);
  86:Generated_Source\PSoC4/I2C_Master_I2C.c **** 
  87:Generated_Source\PSoC4/I2C_Master_I2C.c ****             /* Store internal configuration */
ARM GAS  C:\Users\zack.li\AppData\Local\Temp\ccQOC3EZ.s 			page 3


  88:Generated_Source\PSoC4/I2C_Master_I2C.c ****             I2C_Master_scbMode       = (uint8) I2C_Master_SCB_MODE_I2C;
  89:Generated_Source\PSoC4/I2C_Master_I2C.c ****             I2C_Master_scbEnableWake = (uint8) config->enableWake;
  90:Generated_Source\PSoC4/I2C_Master_I2C.c ****             I2C_Master_scbEnableIntr = (uint8) I2C_Master_SCB_IRQ_INTERNAL;
  91:Generated_Source\PSoC4/I2C_Master_I2C.c **** 
  92:Generated_Source\PSoC4/I2C_Master_I2C.c ****             I2C_Master_mode          = (uint8) config->mode;
  93:Generated_Source\PSoC4/I2C_Master_I2C.c ****             I2C_Master_acceptAddr    = (uint8) config->acceptAddr;
  94:Generated_Source\PSoC4/I2C_Master_I2C.c **** 
  95:Generated_Source\PSoC4/I2C_Master_I2C.c ****         #if (I2C_Master_CY_SCBIP_V0)
  96:Generated_Source\PSoC4/I2C_Master_I2C.c ****             /* Adjust SDA filter settings. Ticket ID#150521 */
  97:Generated_Source\PSoC4/I2C_Master_I2C.c ****             I2C_Master_SET_I2C_CFG_SDA_FILT_TRIM(I2C_Master_EC_AM_I2C_CFG_SDA_FILT_TRIM);
  98:Generated_Source\PSoC4/I2C_Master_I2C.c ****         #endif /* (I2C_Master_CY_SCBIP_V0) */
  99:Generated_Source\PSoC4/I2C_Master_I2C.c **** 
 100:Generated_Source\PSoC4/I2C_Master_I2C.c ****             /* Adjust AF and DF filter settings. Ticket ID#176179 */
 101:Generated_Source\PSoC4/I2C_Master_I2C.c ****             if (((I2C_Master_I2C_MODE_SLAVE != config->mode) &&
 102:Generated_Source\PSoC4/I2C_Master_I2C.c ****                  (config->dataRate <= I2C_Master_I2C_DATA_RATE_FS_MODE_MAX)) ||
 103:Generated_Source\PSoC4/I2C_Master_I2C.c ****                  (I2C_Master_I2C_MODE_SLAVE == config->mode))
 104:Generated_Source\PSoC4/I2C_Master_I2C.c ****             {
 105:Generated_Source\PSoC4/I2C_Master_I2C.c ****                 /* AF = 1, DF = 0 */
 106:Generated_Source\PSoC4/I2C_Master_I2C.c ****                 I2C_Master_I2C_CFG_ANALOG_FITER_ENABLE;
 107:Generated_Source\PSoC4/I2C_Master_I2C.c ****                 medianFilter = I2C_Master_DIGITAL_FILTER_DISABLE;
 108:Generated_Source\PSoC4/I2C_Master_I2C.c ****             }
 109:Generated_Source\PSoC4/I2C_Master_I2C.c ****             else
 110:Generated_Source\PSoC4/I2C_Master_I2C.c ****             {
 111:Generated_Source\PSoC4/I2C_Master_I2C.c ****                 /* AF = 0, DF = 1 */
 112:Generated_Source\PSoC4/I2C_Master_I2C.c ****                 I2C_Master_I2C_CFG_ANALOG_FITER_DISABLE;
 113:Generated_Source\PSoC4/I2C_Master_I2C.c ****                 medianFilter = I2C_Master_DIGITAL_FILTER_ENABLE;
 114:Generated_Source\PSoC4/I2C_Master_I2C.c ****             }
 115:Generated_Source\PSoC4/I2C_Master_I2C.c **** 
 116:Generated_Source\PSoC4/I2C_Master_I2C.c ****         #if (!I2C_Master_CY_SCBIP_V0)
 117:Generated_Source\PSoC4/I2C_Master_I2C.c ****             locEnableWake = (I2C_Master_I2C_MULTI_MASTER_SLAVE) ? (0u) : (config->enableWake);
 118:Generated_Source\PSoC4/I2C_Master_I2C.c ****         #else
 119:Generated_Source\PSoC4/I2C_Master_I2C.c ****             locEnableWake = config->enableWake;
 120:Generated_Source\PSoC4/I2C_Master_I2C.c ****         #endif /* (!I2C_Master_CY_SCBIP_V0) */
 121:Generated_Source\PSoC4/I2C_Master_I2C.c **** 
 122:Generated_Source\PSoC4/I2C_Master_I2C.c ****             /* Configure I2C interface */
 123:Generated_Source\PSoC4/I2C_Master_I2C.c ****             I2C_Master_CTRL_REG     = I2C_Master_GET_CTRL_BYTE_MODE  (config->enableByteMode) |
 124:Generated_Source\PSoC4/I2C_Master_I2C.c ****                                             I2C_Master_GET_CTRL_ADDR_ACCEPT(config->acceptAddr)    
 125:Generated_Source\PSoC4/I2C_Master_I2C.c ****                                             I2C_Master_GET_CTRL_EC_AM_MODE (locEnableWake);
 126:Generated_Source\PSoC4/I2C_Master_I2C.c **** 
 127:Generated_Source\PSoC4/I2C_Master_I2C.c ****             I2C_Master_I2C_CTRL_REG = I2C_Master_GET_I2C_CTRL_HIGH_PHASE_OVS(config->oversampleHigh
 128:Generated_Source\PSoC4/I2C_Master_I2C.c ****                     I2C_Master_GET_I2C_CTRL_LOW_PHASE_OVS (config->oversampleLow)                  
 129:Generated_Source\PSoC4/I2C_Master_I2C.c ****                     I2C_Master_GET_I2C_CTRL_S_GENERAL_IGNORE((uint32)(0u == config->acceptGeneralAd
 130:Generated_Source\PSoC4/I2C_Master_I2C.c ****                     I2C_Master_GET_I2C_CTRL_SL_MSTR_MODE  (config->mode);
 131:Generated_Source\PSoC4/I2C_Master_I2C.c **** 
 132:Generated_Source\PSoC4/I2C_Master_I2C.c ****             /* Configure RX direction */
 133:Generated_Source\PSoC4/I2C_Master_I2C.c ****             I2C_Master_RX_CTRL_REG      = I2C_Master_GET_RX_CTRL_MEDIAN(medianFilter) |
 134:Generated_Source\PSoC4/I2C_Master_I2C.c ****                                                 I2C_Master_I2C_RX_CTRL;
 135:Generated_Source\PSoC4/I2C_Master_I2C.c ****             I2C_Master_RX_FIFO_CTRL_REG = I2C_Master_CLEAR_REG;
 136:Generated_Source\PSoC4/I2C_Master_I2C.c **** 
 137:Generated_Source\PSoC4/I2C_Master_I2C.c ****             /* Set default address and mask */
 138:Generated_Source\PSoC4/I2C_Master_I2C.c ****             I2C_Master_RX_MATCH_REG    = ((I2C_Master_I2C_SLAVE) ?
 139:Generated_Source\PSoC4/I2C_Master_I2C.c ****                                                 (I2C_Master_GET_I2C_8BIT_ADDRESS(config->slaveAddr)
 140:Generated_Source\PSoC4/I2C_Master_I2C.c ****                                                  I2C_Master_GET_RX_MATCH_MASK(config->slaveAddrMask
 141:Generated_Source\PSoC4/I2C_Master_I2C.c ****                                                 (I2C_Master_CLEAR_REG));
 142:Generated_Source\PSoC4/I2C_Master_I2C.c **** 
 143:Generated_Source\PSoC4/I2C_Master_I2C.c **** 
 144:Generated_Source\PSoC4/I2C_Master_I2C.c ****             /* Configure TX direction */
ARM GAS  C:\Users\zack.li\AppData\Local\Temp\ccQOC3EZ.s 			page 4


 145:Generated_Source\PSoC4/I2C_Master_I2C.c ****             I2C_Master_TX_CTRL_REG      = I2C_Master_I2C_TX_CTRL;
 146:Generated_Source\PSoC4/I2C_Master_I2C.c ****             I2C_Master_TX_FIFO_CTRL_REG = I2C_Master_CLEAR_REG;
 147:Generated_Source\PSoC4/I2C_Master_I2C.c **** 
 148:Generated_Source\PSoC4/I2C_Master_I2C.c ****             /* Configure interrupt with I2C handler but do not enable it */
 149:Generated_Source\PSoC4/I2C_Master_I2C.c ****             CyIntDisable    (I2C_Master_ISR_NUMBER);
 150:Generated_Source\PSoC4/I2C_Master_I2C.c ****             CyIntSetPriority(I2C_Master_ISR_NUMBER, I2C_Master_ISR_PRIORITY);
 151:Generated_Source\PSoC4/I2C_Master_I2C.c ****             (void) CyIntSetVector(I2C_Master_ISR_NUMBER, &I2C_Master_I2C_ISR);
 152:Generated_Source\PSoC4/I2C_Master_I2C.c **** 
 153:Generated_Source\PSoC4/I2C_Master_I2C.c ****             /* Configure interrupt sources */
 154:Generated_Source\PSoC4/I2C_Master_I2C.c ****         #if(!I2C_Master_CY_SCBIP_V1)
 155:Generated_Source\PSoC4/I2C_Master_I2C.c ****             I2C_Master_INTR_SPI_EC_MASK_REG = I2C_Master_NO_INTR_SOURCES;
 156:Generated_Source\PSoC4/I2C_Master_I2C.c ****         #endif /* (!I2C_Master_CY_SCBIP_V1) */
 157:Generated_Source\PSoC4/I2C_Master_I2C.c **** 
 158:Generated_Source\PSoC4/I2C_Master_I2C.c ****             I2C_Master_INTR_I2C_EC_MASK_REG = I2C_Master_NO_INTR_SOURCES;
 159:Generated_Source\PSoC4/I2C_Master_I2C.c ****             I2C_Master_INTR_RX_MASK_REG     = I2C_Master_NO_INTR_SOURCES;
 160:Generated_Source\PSoC4/I2C_Master_I2C.c ****             I2C_Master_INTR_TX_MASK_REG     = I2C_Master_NO_INTR_SOURCES;
 161:Generated_Source\PSoC4/I2C_Master_I2C.c **** 
 162:Generated_Source\PSoC4/I2C_Master_I2C.c ****             I2C_Master_INTR_SLAVE_MASK_REG  = ((I2C_Master_I2C_SLAVE) ?
 163:Generated_Source\PSoC4/I2C_Master_I2C.c ****                             (I2C_Master_GET_INTR_SLAVE_I2C_GENERAL(config->acceptGeneralAddr) |
 164:Generated_Source\PSoC4/I2C_Master_I2C.c ****                              I2C_Master_I2C_INTR_SLAVE_MASK) : (I2C_Master_CLEAR_REG));
 165:Generated_Source\PSoC4/I2C_Master_I2C.c **** 
 166:Generated_Source\PSoC4/I2C_Master_I2C.c ****             I2C_Master_INTR_MASTER_MASK_REG = I2C_Master_NO_INTR_SOURCES;
 167:Generated_Source\PSoC4/I2C_Master_I2C.c **** 
 168:Generated_Source\PSoC4/I2C_Master_I2C.c ****             /* Configure global variables */
 169:Generated_Source\PSoC4/I2C_Master_I2C.c ****             I2C_Master_state = I2C_Master_I2C_FSM_IDLE;
 170:Generated_Source\PSoC4/I2C_Master_I2C.c **** 
 171:Generated_Source\PSoC4/I2C_Master_I2C.c ****             /* Internal slave variables */
 172:Generated_Source\PSoC4/I2C_Master_I2C.c ****             I2C_Master_slStatus        = 0u;
 173:Generated_Source\PSoC4/I2C_Master_I2C.c ****             I2C_Master_slRdBufIndex    = 0u;
 174:Generated_Source\PSoC4/I2C_Master_I2C.c ****             I2C_Master_slWrBufIndex    = 0u;
 175:Generated_Source\PSoC4/I2C_Master_I2C.c ****             I2C_Master_slOverFlowCount = 0u;
 176:Generated_Source\PSoC4/I2C_Master_I2C.c **** 
 177:Generated_Source\PSoC4/I2C_Master_I2C.c ****             /* Internal master variables */
 178:Generated_Source\PSoC4/I2C_Master_I2C.c ****             I2C_Master_mstrStatus     = 0u;
 179:Generated_Source\PSoC4/I2C_Master_I2C.c ****             I2C_Master_mstrRdBufIndex = 0u;
 180:Generated_Source\PSoC4/I2C_Master_I2C.c ****             I2C_Master_mstrWrBufIndex = 0u;
 181:Generated_Source\PSoC4/I2C_Master_I2C.c ****         }
 182:Generated_Source\PSoC4/I2C_Master_I2C.c ****     }
 183:Generated_Source\PSoC4/I2C_Master_I2C.c **** 
 184:Generated_Source\PSoC4/I2C_Master_I2C.c **** #else
 185:Generated_Source\PSoC4/I2C_Master_I2C.c **** 
 186:Generated_Source\PSoC4/I2C_Master_I2C.c ****     /*******************************************************************************
 187:Generated_Source\PSoC4/I2C_Master_I2C.c ****     * Function Name: I2C_Master_I2CInit
 188:Generated_Source\PSoC4/I2C_Master_I2C.c ****     ****************************************************************************//**
 189:Generated_Source\PSoC4/I2C_Master_I2C.c ****     *
 190:Generated_Source\PSoC4/I2C_Master_I2C.c ****     *  Configures the SCB for the I2C operation.
 191:Generated_Source\PSoC4/I2C_Master_I2C.c ****     *
 192:Generated_Source\PSoC4/I2C_Master_I2C.c ****     *******************************************************************************/
 193:Generated_Source\PSoC4/I2C_Master_I2C.c ****     void I2C_Master_I2CInit(void)
 194:Generated_Source\PSoC4/I2C_Master_I2C.c ****     {
  28              		.loc 1 194 0
  29              		.cfi_startproc
  30              		@ args = 0, pretend = 0, frame = 0
  31              		@ frame_needed = 0, uses_anonymous_args = 0
  32 0000 10B5     		push	{r4, lr}
  33              		.cfi_def_cfa_offset 8
  34              		.cfi_offset 4, -8
ARM GAS  C:\Users\zack.li\AppData\Local\Temp\ccQOC3EZ.s 			page 5


  35              		.cfi_offset 14, -4
 195:Generated_Source\PSoC4/I2C_Master_I2C.c ****     #if(I2C_Master_CY_SCBIP_V0)
 196:Generated_Source\PSoC4/I2C_Master_I2C.c ****         /* Adjust SDA filter settings. Ticket ID#150521 */
 197:Generated_Source\PSoC4/I2C_Master_I2C.c ****         I2C_Master_SET_I2C_CFG_SDA_FILT_TRIM(I2C_Master_EC_AM_I2C_CFG_SDA_FILT_TRIM);
 198:Generated_Source\PSoC4/I2C_Master_I2C.c ****     #endif /* (I2C_Master_CY_SCBIP_V0) */
 199:Generated_Source\PSoC4/I2C_Master_I2C.c **** 
 200:Generated_Source\PSoC4/I2C_Master_I2C.c ****         /* Adjust AF and DF filter settings. Ticket ID#176179 */
 201:Generated_Source\PSoC4/I2C_Master_I2C.c ****         I2C_Master_I2C_CFG_ANALOG_FITER_ENABLE_ADJ;
 202:Generated_Source\PSoC4/I2C_Master_I2C.c **** 
 203:Generated_Source\PSoC4/I2C_Master_I2C.c ****         /* Configure I2C interface */
 204:Generated_Source\PSoC4/I2C_Master_I2C.c ****         I2C_Master_CTRL_REG     = I2C_Master_I2C_DEFAULT_CTRL;
  36              		.loc 1 204 0
  37 0002 0024     		movs	r4, #0
  38 0004 184B     		ldr	r3, .L2
 205:Generated_Source\PSoC4/I2C_Master_I2C.c ****         I2C_Master_I2C_CTRL_REG = I2C_Master_I2C_DEFAULT_I2C_CTRL;
  39              		.loc 1 205 0
  40 0006 194A     		ldr	r2, .L2+4
 204:Generated_Source\PSoC4/I2C_Master_I2C.c ****         I2C_Master_I2C_CTRL_REG = I2C_Master_I2C_DEFAULT_I2C_CTRL;
  41              		.loc 1 204 0
  42 0008 1C60     		str	r4, [r3]
  43              		.loc 1 205 0
  44 000a 194B     		ldr	r3, .L2+8
 206:Generated_Source\PSoC4/I2C_Master_I2C.c **** 
 207:Generated_Source\PSoC4/I2C_Master_I2C.c ****         /* Configure RX direction */
 208:Generated_Source\PSoC4/I2C_Master_I2C.c ****         I2C_Master_RX_CTRL_REG      = I2C_Master_I2C_DEFAULT_RX_CTRL;
 209:Generated_Source\PSoC4/I2C_Master_I2C.c ****         I2C_Master_RX_FIFO_CTRL_REG = I2C_Master_I2C_DEFAULT_RX_FIFO_CTRL;
 210:Generated_Source\PSoC4/I2C_Master_I2C.c **** 
 211:Generated_Source\PSoC4/I2C_Master_I2C.c ****         /* Set default address and mask */
 212:Generated_Source\PSoC4/I2C_Master_I2C.c ****         I2C_Master_RX_MATCH_REG     = I2C_Master_I2C_DEFAULT_RX_MATCH;
 213:Generated_Source\PSoC4/I2C_Master_I2C.c **** 
 214:Generated_Source\PSoC4/I2C_Master_I2C.c ****         /* Configure TX direction */
 215:Generated_Source\PSoC4/I2C_Master_I2C.c ****         I2C_Master_TX_CTRL_REG      = I2C_Master_I2C_DEFAULT_TX_CTRL;
 216:Generated_Source\PSoC4/I2C_Master_I2C.c ****         I2C_Master_TX_FIFO_CTRL_REG = I2C_Master_I2C_DEFAULT_TX_FIFO_CTRL;
 217:Generated_Source\PSoC4/I2C_Master_I2C.c **** 
 218:Generated_Source\PSoC4/I2C_Master_I2C.c ****         /* Configure interrupt with I2C handler but do not enable it */
 219:Generated_Source\PSoC4/I2C_Master_I2C.c ****         CyIntDisable    (I2C_Master_ISR_NUMBER);
  45              		.loc 1 219 0
  46 000c 0920     		movs	r0, #9
 205:Generated_Source\PSoC4/I2C_Master_I2C.c **** 
  47              		.loc 1 205 0
  48 000e 1A60     		str	r2, [r3]
 208:Generated_Source\PSoC4/I2C_Master_I2C.c ****         I2C_Master_RX_FIFO_CTRL_REG = I2C_Master_I2C_DEFAULT_RX_FIFO_CTRL;
  49              		.loc 1 208 0
  50 0010 184B     		ldr	r3, .L2+12
  51 0012 194A     		ldr	r2, .L2+16
 220:Generated_Source\PSoC4/I2C_Master_I2C.c ****         CyIntSetPriority(I2C_Master_ISR_NUMBER, I2C_Master_ISR_PRIORITY);
 221:Generated_Source\PSoC4/I2C_Master_I2C.c ****     #if(!I2C_Master_I2C_EXTERN_INTR_HANDLER)
 222:Generated_Source\PSoC4/I2C_Master_I2C.c ****         (void) CyIntSetVector(I2C_Master_ISR_NUMBER, &I2C_Master_I2C_ISR);
 223:Generated_Source\PSoC4/I2C_Master_I2C.c ****     #endif /* (I2C_Master_I2C_EXTERN_INTR_HANDLER) */
 224:Generated_Source\PSoC4/I2C_Master_I2C.c **** 
 225:Generated_Source\PSoC4/I2C_Master_I2C.c ****         /* Configure interrupt sources */
 226:Generated_Source\PSoC4/I2C_Master_I2C.c ****     #if(!I2C_Master_CY_SCBIP_V1)
 227:Generated_Source\PSoC4/I2C_Master_I2C.c ****         I2C_Master_INTR_SPI_EC_MASK_REG = I2C_Master_I2C_DEFAULT_INTR_SPI_EC_MASK;
 228:Generated_Source\PSoC4/I2C_Master_I2C.c ****     #endif /* (!I2C_Master_CY_SCBIP_V1) */
 229:Generated_Source\PSoC4/I2C_Master_I2C.c **** 
 230:Generated_Source\PSoC4/I2C_Master_I2C.c ****         I2C_Master_INTR_I2C_EC_MASK_REG = I2C_Master_I2C_DEFAULT_INTR_I2C_EC_MASK;
 231:Generated_Source\PSoC4/I2C_Master_I2C.c ****         I2C_Master_INTR_SLAVE_MASK_REG  = I2C_Master_I2C_DEFAULT_INTR_SLAVE_MASK;
ARM GAS  C:\Users\zack.li\AppData\Local\Temp\ccQOC3EZ.s 			page 6


 232:Generated_Source\PSoC4/I2C_Master_I2C.c ****         I2C_Master_INTR_MASTER_MASK_REG = I2C_Master_I2C_DEFAULT_INTR_MASTER_MASK;
 233:Generated_Source\PSoC4/I2C_Master_I2C.c ****         I2C_Master_INTR_RX_MASK_REG     = I2C_Master_I2C_DEFAULT_INTR_RX_MASK;
 234:Generated_Source\PSoC4/I2C_Master_I2C.c ****         I2C_Master_INTR_TX_MASK_REG     = I2C_Master_I2C_DEFAULT_INTR_TX_MASK;
 235:Generated_Source\PSoC4/I2C_Master_I2C.c **** 
 236:Generated_Source\PSoC4/I2C_Master_I2C.c ****         /* Configure global variables */
 237:Generated_Source\PSoC4/I2C_Master_I2C.c ****         I2C_Master_state = I2C_Master_I2C_FSM_IDLE;
 238:Generated_Source\PSoC4/I2C_Master_I2C.c **** 
 239:Generated_Source\PSoC4/I2C_Master_I2C.c ****     #if(I2C_Master_I2C_SLAVE)
 240:Generated_Source\PSoC4/I2C_Master_I2C.c ****         /* Internal slave variable */
 241:Generated_Source\PSoC4/I2C_Master_I2C.c ****         I2C_Master_slStatus        = 0u;
 242:Generated_Source\PSoC4/I2C_Master_I2C.c ****         I2C_Master_slRdBufIndex    = 0u;
 243:Generated_Source\PSoC4/I2C_Master_I2C.c ****         I2C_Master_slWrBufIndex    = 0u;
 244:Generated_Source\PSoC4/I2C_Master_I2C.c ****         I2C_Master_slOverFlowCount = 0u;
 245:Generated_Source\PSoC4/I2C_Master_I2C.c ****     #endif /* (I2C_Master_I2C_SLAVE) */
 246:Generated_Source\PSoC4/I2C_Master_I2C.c **** 
 247:Generated_Source\PSoC4/I2C_Master_I2C.c ****     #if(I2C_Master_I2C_MASTER)
 248:Generated_Source\PSoC4/I2C_Master_I2C.c ****     /* Internal master variable */
 249:Generated_Source\PSoC4/I2C_Master_I2C.c ****         I2C_Master_mstrStatus     = 0u;
 250:Generated_Source\PSoC4/I2C_Master_I2C.c ****         I2C_Master_mstrRdBufIndex = 0u;
 251:Generated_Source\PSoC4/I2C_Master_I2C.c ****         I2C_Master_mstrWrBufIndex = 0u;
 252:Generated_Source\PSoC4/I2C_Master_I2C.c ****     #endif /* (I2C_Master_I2C_MASTER) */
 253:Generated_Source\PSoC4/I2C_Master_I2C.c ****     }
  52              		.loc 1 253 0
  53              		@ sp needed
 208:Generated_Source\PSoC4/I2C_Master_I2C.c ****         I2C_Master_RX_FIFO_CTRL_REG = I2C_Master_I2C_DEFAULT_RX_FIFO_CTRL;
  54              		.loc 1 208 0
  55 0014 1360     		str	r3, [r2]
 209:Generated_Source\PSoC4/I2C_Master_I2C.c **** 
  56              		.loc 1 209 0
  57 0016 194A     		ldr	r2, .L2+20
  58 0018 1460     		str	r4, [r2]
 212:Generated_Source\PSoC4/I2C_Master_I2C.c **** 
  59              		.loc 1 212 0
  60 001a 194A     		ldr	r2, .L2+24
  61 001c 1460     		str	r4, [r2]
 215:Generated_Source\PSoC4/I2C_Master_I2C.c ****         I2C_Master_TX_FIFO_CTRL_REG = I2C_Master_I2C_DEFAULT_TX_FIFO_CTRL;
  62              		.loc 1 215 0
  63 001e 194A     		ldr	r2, .L2+28
  64 0020 1360     		str	r3, [r2]
 216:Generated_Source\PSoC4/I2C_Master_I2C.c **** 
  65              		.loc 1 216 0
  66 0022 194B     		ldr	r3, .L2+32
  67 0024 1C60     		str	r4, [r3]
 219:Generated_Source\PSoC4/I2C_Master_I2C.c ****         CyIntSetPriority(I2C_Master_ISR_NUMBER, I2C_Master_ISR_PRIORITY);
  68              		.loc 1 219 0
  69 0026 FFF7FEFF 		bl	CyIntDisable
  70              	.LVL0:
 220:Generated_Source\PSoC4/I2C_Master_I2C.c ****     #if(!I2C_Master_I2C_EXTERN_INTR_HANDLER)
  71              		.loc 1 220 0
  72 002a 0321     		movs	r1, #3
  73 002c 0920     		movs	r0, #9
  74 002e FFF7FEFF 		bl	CyIntSetPriority
  75              	.LVL1:
 222:Generated_Source\PSoC4/I2C_Master_I2C.c ****     #endif /* (I2C_Master_I2C_EXTERN_INTR_HANDLER) */
  76              		.loc 1 222 0
  77 0032 1649     		ldr	r1, .L2+36
  78 0034 0920     		movs	r0, #9
ARM GAS  C:\Users\zack.li\AppData\Local\Temp\ccQOC3EZ.s 			page 7


  79 0036 FFF7FEFF 		bl	CyIntSetVector
  80              	.LVL2:
 237:Generated_Source\PSoC4/I2C_Master_I2C.c **** 
  81              		.loc 1 237 0
  82 003a 1022     		movs	r2, #16
 227:Generated_Source\PSoC4/I2C_Master_I2C.c ****     #endif /* (!I2C_Master_CY_SCBIP_V1) */
  83              		.loc 1 227 0
  84 003c 144B     		ldr	r3, .L2+40
  85 003e 1C60     		str	r4, [r3]
 230:Generated_Source\PSoC4/I2C_Master_I2C.c ****         I2C_Master_INTR_SLAVE_MASK_REG  = I2C_Master_I2C_DEFAULT_INTR_SLAVE_MASK;
  86              		.loc 1 230 0
  87 0040 144B     		ldr	r3, .L2+44
  88 0042 1C60     		str	r4, [r3]
 231:Generated_Source\PSoC4/I2C_Master_I2C.c ****         I2C_Master_INTR_MASTER_MASK_REG = I2C_Master_I2C_DEFAULT_INTR_MASTER_MASK;
  89              		.loc 1 231 0
  90 0044 144B     		ldr	r3, .L2+48
  91 0046 1C60     		str	r4, [r3]
 232:Generated_Source\PSoC4/I2C_Master_I2C.c ****         I2C_Master_INTR_RX_MASK_REG     = I2C_Master_I2C_DEFAULT_INTR_RX_MASK;
  92              		.loc 1 232 0
  93 0048 144B     		ldr	r3, .L2+52
  94 004a 1C60     		str	r4, [r3]
 233:Generated_Source\PSoC4/I2C_Master_I2C.c ****         I2C_Master_INTR_TX_MASK_REG     = I2C_Master_I2C_DEFAULT_INTR_TX_MASK;
  95              		.loc 1 233 0
  96 004c 144B     		ldr	r3, .L2+56
  97 004e 1C60     		str	r4, [r3]
 234:Generated_Source\PSoC4/I2C_Master_I2C.c **** 
  98              		.loc 1 234 0
  99 0050 144B     		ldr	r3, .L2+60
 100 0052 1C60     		str	r4, [r3]
 237:Generated_Source\PSoC4/I2C_Master_I2C.c **** 
 101              		.loc 1 237 0
 102 0054 144B     		ldr	r3, .L2+64
 103 0056 1A70     		strb	r2, [r3]
 249:Generated_Source\PSoC4/I2C_Master_I2C.c ****         I2C_Master_mstrRdBufIndex = 0u;
 104              		.loc 1 249 0
 105 0058 144B     		ldr	r3, .L2+68
 106 005a 1C80     		strh	r4, [r3]
 250:Generated_Source\PSoC4/I2C_Master_I2C.c ****         I2C_Master_mstrWrBufIndex = 0u;
 107              		.loc 1 250 0
 108 005c 144B     		ldr	r3, .L2+72
 109 005e 1C60     		str	r4, [r3]
 251:Generated_Source\PSoC4/I2C_Master_I2C.c ****     #endif /* (I2C_Master_I2C_MASTER) */
 110              		.loc 1 251 0
 111 0060 144B     		ldr	r3, .L2+76
 112 0062 1C60     		str	r4, [r3]
 113              		.loc 1 253 0
 114 0064 10BD     		pop	{r4, pc}
 115              	.L3:
 116 0066 C046     		.align	2
 117              	.L2:
 118 0068 00002540 		.word	1076166656
 119 006c 77080080 		.word	-2147481481
 120 0070 60002540 		.word	1076166752
 121 0074 07010080 		.word	-2147483385
 122 0078 00032540 		.word	1076167424
 123 007c 04032540 		.word	1076167428
 124 0080 10032540 		.word	1076167440
ARM GAS  C:\Users\zack.li\AppData\Local\Temp\ccQOC3EZ.s 			page 8


 125 0084 00022540 		.word	1076167168
 126 0088 04022540 		.word	1076167172
 127 008c 00000000 		.word	I2C_Master_I2C_ISR
 128 0090 C80E2540 		.word	1076170440
 129 0094 880E2540 		.word	1076170376
 130 0098 480F2540 		.word	1076170568
 131 009c 080F2540 		.word	1076170504
 132 00a0 C80F2540 		.word	1076170696
 133 00a4 880F2540 		.word	1076170632
 134 00a8 00000000 		.word	I2C_Master_state
 135 00ac 00000000 		.word	I2C_Master_mstrStatus
 136 00b0 00000000 		.word	I2C_Master_mstrRdBufIndex
 137 00b4 00000000 		.word	I2C_Master_mstrWrBufIndex
 138              		.cfi_endproc
 139              	.LFE1:
 140              		.size	I2C_Master_I2CInit, .-I2C_Master_I2CInit
 141              		.section	.text.I2C_Master_I2CStop,"ax",%progbits
 142              		.align	1
 143              		.global	I2C_Master_I2CStop
 144              		.code	16
 145              		.thumb_func
 146              		.type	I2C_Master_I2CStop, %function
 147              	I2C_Master_I2CStop:
 148              	.LFB2:
 254:Generated_Source\PSoC4/I2C_Master_I2C.c **** #endif /* (I2C_Master_SCB_MODE_UNCONFIG_CONST_CFG) */
 255:Generated_Source\PSoC4/I2C_Master_I2C.c **** 
 256:Generated_Source\PSoC4/I2C_Master_I2C.c **** 
 257:Generated_Source\PSoC4/I2C_Master_I2C.c **** /*******************************************************************************
 258:Generated_Source\PSoC4/I2C_Master_I2C.c **** * Function Name: I2C_Master_I2CStop
 259:Generated_Source\PSoC4/I2C_Master_I2C.c **** ****************************************************************************//**
 260:Generated_Source\PSoC4/I2C_Master_I2C.c **** *
 261:Generated_Source\PSoC4/I2C_Master_I2C.c **** *  Resets the I2C FSM into the default state.
 262:Generated_Source\PSoC4/I2C_Master_I2C.c **** *
 263:Generated_Source\PSoC4/I2C_Master_I2C.c **** *******************************************************************************/
 264:Generated_Source\PSoC4/I2C_Master_I2C.c **** void I2C_Master_I2CStop(void)
 265:Generated_Source\PSoC4/I2C_Master_I2C.c **** {
 149              		.loc 1 265 0
 150              		.cfi_startproc
 151              		@ args = 0, pretend = 0, frame = 0
 152              		@ frame_needed = 0, uses_anonymous_args = 0
 153              		@ link register save eliminated.
 266:Generated_Source\PSoC4/I2C_Master_I2C.c ****     /* Clear command registers because they keep assigned value after IP block was disabled */
 267:Generated_Source\PSoC4/I2C_Master_I2C.c ****     I2C_Master_I2C_MASTER_CMD_REG = 0u;
 154              		.loc 1 267 0
 155 0000 0023     		movs	r3, #0
 156 0002 044A     		ldr	r2, .L5
 268:Generated_Source\PSoC4/I2C_Master_I2C.c ****     I2C_Master_I2C_SLAVE_CMD_REG  = 0u;
 269:Generated_Source\PSoC4/I2C_Master_I2C.c ****     
 270:Generated_Source\PSoC4/I2C_Master_I2C.c ****     I2C_Master_state = I2C_Master_I2C_FSM_IDLE;
 271:Generated_Source\PSoC4/I2C_Master_I2C.c **** }
 157              		.loc 1 271 0
 158              		@ sp needed
 267:Generated_Source\PSoC4/I2C_Master_I2C.c ****     I2C_Master_I2C_SLAVE_CMD_REG  = 0u;
 159              		.loc 1 267 0
 160 0004 1360     		str	r3, [r2]
 268:Generated_Source\PSoC4/I2C_Master_I2C.c ****     I2C_Master_I2C_SLAVE_CMD_REG  = 0u;
 161              		.loc 1 268 0
ARM GAS  C:\Users\zack.li\AppData\Local\Temp\ccQOC3EZ.s 			page 9


 162 0006 044A     		ldr	r2, .L5+4
 163 0008 1360     		str	r3, [r2]
 270:Generated_Source\PSoC4/I2C_Master_I2C.c **** }
 164              		.loc 1 270 0
 165 000a 1022     		movs	r2, #16
 166 000c 034B     		ldr	r3, .L5+8
 167 000e 1A70     		strb	r2, [r3]
 168              		.loc 1 271 0
 169 0010 7047     		bx	lr
 170              	.L6:
 171 0012 C046     		.align	2
 172              	.L5:
 173 0014 68002540 		.word	1076166760
 174 0018 6C002540 		.word	1076166764
 175 001c 00000000 		.word	I2C_Master_state
 176              		.cfi_endproc
 177              	.LFE2:
 178              		.size	I2C_Master_I2CStop, .-I2C_Master_I2CStop
 179              		.section	.text.I2C_Master_I2CFwBlockReset,"ax",%progbits
 180              		.align	1
 181              		.global	I2C_Master_I2CFwBlockReset
 182              		.code	16
 183              		.thumb_func
 184              		.type	I2C_Master_I2CFwBlockReset, %function
 185              	I2C_Master_I2CFwBlockReset:
 186              	.LFB3:
 272:Generated_Source\PSoC4/I2C_Master_I2C.c **** 
 273:Generated_Source\PSoC4/I2C_Master_I2C.c **** 
 274:Generated_Source\PSoC4/I2C_Master_I2C.c **** /*******************************************************************************
 275:Generated_Source\PSoC4/I2C_Master_I2C.c **** * Function Name: I2C_Master_I2CFwBlockReset
 276:Generated_Source\PSoC4/I2C_Master_I2C.c **** ****************************************************************************//**
 277:Generated_Source\PSoC4/I2C_Master_I2C.c **** *
 278:Generated_Source\PSoC4/I2C_Master_I2C.c **** * Resets the scb IP block and I2C into the known state.
 279:Generated_Source\PSoC4/I2C_Master_I2C.c **** *
 280:Generated_Source\PSoC4/I2C_Master_I2C.c **** *******************************************************************************/
 281:Generated_Source\PSoC4/I2C_Master_I2C.c **** void I2C_Master_I2CFwBlockReset(void)
 282:Generated_Source\PSoC4/I2C_Master_I2C.c **** {
 187              		.loc 1 282 0
 188              		.cfi_startproc
 189              		@ args = 0, pretend = 0, frame = 0
 190              		@ frame_needed = 0, uses_anonymous_args = 0
 283:Generated_Source\PSoC4/I2C_Master_I2C.c ****     /* Disable scb IP: stop respond to I2C traffic */
 284:Generated_Source\PSoC4/I2C_Master_I2C.c ****     I2C_Master_CTRL_REG &= (uint32) ~I2C_Master_CTRL_ENABLED;
 191              		.loc 1 284 0
 192 0000 0E4A     		ldr	r2, .L8
 282:Generated_Source\PSoC4/I2C_Master_I2C.c ****     /* Disable scb IP: stop respond to I2C traffic */
 193              		.loc 1 282 0
 194 0002 10B5     		push	{r4, lr}
 195              		.cfi_def_cfa_offset 8
 196              		.cfi_offset 4, -8
 197              		.cfi_offset 14, -4
 198              		.loc 1 284 0
 199 0004 1368     		ldr	r3, [r2]
 285:Generated_Source\PSoC4/I2C_Master_I2C.c **** 
 286:Generated_Source\PSoC4/I2C_Master_I2C.c ****     /* Clear command registers they are not cleared after scb IP is disabled */
 287:Generated_Source\PSoC4/I2C_Master_I2C.c ****     I2C_Master_I2C_MASTER_CMD_REG = 0u;
 200              		.loc 1 287 0
ARM GAS  C:\Users\zack.li\AppData\Local\Temp\ccQOC3EZ.s 			page 10


 201 0006 0E49     		ldr	r1, .L8+4
 284:Generated_Source\PSoC4/I2C_Master_I2C.c **** 
 202              		.loc 1 284 0
 203 0008 5B00     		lsls	r3, r3, #1
 204 000a 5B08     		lsrs	r3, r3, #1
 205 000c 1360     		str	r3, [r2]
 206              		.loc 1 287 0
 207 000e 0023     		movs	r3, #0
 208 0010 0B60     		str	r3, [r1]
 288:Generated_Source\PSoC4/I2C_Master_I2C.c ****     I2C_Master_I2C_SLAVE_CMD_REG  = 0u;
 209              		.loc 1 288 0
 210 0012 0C49     		ldr	r1, .L8+8
 289:Generated_Source\PSoC4/I2C_Master_I2C.c **** 
 290:Generated_Source\PSoC4/I2C_Master_I2C.c ****     I2C_Master_DISABLE_AUTO_DATA;
 211              		.loc 1 290 0
 212 0014 0C48     		ldr	r0, .L8+12
 288:Generated_Source\PSoC4/I2C_Master_I2C.c ****     I2C_Master_I2C_SLAVE_CMD_REG  = 0u;
 213              		.loc 1 288 0
 214 0016 0B60     		str	r3, [r1]
 215              		.loc 1 290 0
 216 0018 0468     		ldr	r4, [r0]
 217 001a 0C49     		ldr	r1, .L8+16
 291:Generated_Source\PSoC4/I2C_Master_I2C.c **** 
 292:Generated_Source\PSoC4/I2C_Master_I2C.c ****     I2C_Master_SetTxInterruptMode(I2C_Master_NO_INTR_SOURCES);
 293:Generated_Source\PSoC4/I2C_Master_I2C.c ****     I2C_Master_SetRxInterruptMode(I2C_Master_NO_INTR_SOURCES);
 294:Generated_Source\PSoC4/I2C_Master_I2C.c ****     
 295:Generated_Source\PSoC4/I2C_Master_I2C.c **** #if(I2C_Master_CY_SCBIP_V0)
 296:Generated_Source\PSoC4/I2C_Master_I2C.c ****     /* Clear interrupt sources as they are not cleared after scb IP is disabled */
 297:Generated_Source\PSoC4/I2C_Master_I2C.c ****     I2C_Master_ClearTxInterruptSource    (I2C_Master_INTR_TX_ALL);
 298:Generated_Source\PSoC4/I2C_Master_I2C.c ****     I2C_Master_ClearRxInterruptSource    (I2C_Master_INTR_RX_ALL);
 299:Generated_Source\PSoC4/I2C_Master_I2C.c ****     I2C_Master_ClearSlaveInterruptSource (I2C_Master_INTR_SLAVE_ALL);
 300:Generated_Source\PSoC4/I2C_Master_I2C.c ****     I2C_Master_ClearMasterInterruptSource(I2C_Master_INTR_MASTER_ALL);
 301:Generated_Source\PSoC4/I2C_Master_I2C.c **** #endif /* (I2C_Master_CY_SCBIP_V0) */
 302:Generated_Source\PSoC4/I2C_Master_I2C.c **** 
 303:Generated_Source\PSoC4/I2C_Master_I2C.c ****     I2C_Master_state = I2C_Master_I2C_FSM_IDLE;
 304:Generated_Source\PSoC4/I2C_Master_I2C.c **** 
 305:Generated_Source\PSoC4/I2C_Master_I2C.c ****     /* Enable scb IP: start respond to I2C traffic */
 306:Generated_Source\PSoC4/I2C_Master_I2C.c ****     I2C_Master_CTRL_REG |= (uint32) I2C_Master_CTRL_ENABLED;
 307:Generated_Source\PSoC4/I2C_Master_I2C.c **** }
 218              		.loc 1 307 0
 219              		@ sp needed
 290:Generated_Source\PSoC4/I2C_Master_I2C.c **** 
 220              		.loc 1 290 0
 221 001c 2140     		ands	r1, r4
 222 001e 0160     		str	r1, [r0]
 292:Generated_Source\PSoC4/I2C_Master_I2C.c ****     I2C_Master_SetRxInterruptMode(I2C_Master_NO_INTR_SOURCES);
 223              		.loc 1 292 0
 224 0020 0B49     		ldr	r1, .L8+20
 225 0022 0B60     		str	r3, [r1]
 293:Generated_Source\PSoC4/I2C_Master_I2C.c ****     
 226              		.loc 1 293 0
 227 0024 0B49     		ldr	r1, .L8+24
 228 0026 0B60     		str	r3, [r1]
 303:Generated_Source\PSoC4/I2C_Master_I2C.c **** 
 229              		.loc 1 303 0
 230 0028 1021     		movs	r1, #16
 231 002a 0B4B     		ldr	r3, .L8+28
ARM GAS  C:\Users\zack.li\AppData\Local\Temp\ccQOC3EZ.s 			page 11


 232 002c 1970     		strb	r1, [r3]
 306:Generated_Source\PSoC4/I2C_Master_I2C.c **** }
 233              		.loc 1 306 0
 234 002e 8021     		movs	r1, #128
 235 0030 1368     		ldr	r3, [r2]
 236 0032 0906     		lsls	r1, r1, #24
 237 0034 0B43     		orrs	r3, r1
 238 0036 1360     		str	r3, [r2]
 239              		.loc 1 307 0
 240 0038 10BD     		pop	{r4, pc}
 241              	.L9:
 242 003a C046     		.align	2
 243              	.L8:
 244 003c 00002540 		.word	1076166656
 245 0040 68002540 		.word	1076166760
 246 0044 6C002540 		.word	1076166764
 247 0048 60002540 		.word	1076166752
 248 004c FF5CFFFF 		.word	-41729
 249 0050 880F2540 		.word	1076170632
 250 0054 C80F2540 		.word	1076170696
 251 0058 00000000 		.word	I2C_Master_state
 252              		.cfi_endproc
 253              	.LFE3:
 254              		.size	I2C_Master_I2CFwBlockReset, .-I2C_Master_I2CFwBlockReset
 255              		.comm	I2C_Master_state,1,1
 256              		.text
 257              	.Letext0:
 258              		.file 2 "Generated_Source\\PSoC4/cytypes.h"
 259              		.file 3 "Generated_Source\\PSoC4\\I2C_Master_I2C_PVT.h"
 260              		.file 4 "Generated_Source\\PSoC4/CyLib.h"
 261              		.section	.debug_info,"",%progbits
 262              	.Ldebug_info0:
 263 0000 91010000 		.4byte	0x191
 264 0004 0400     		.2byte	0x4
 265 0006 00000000 		.4byte	.Ldebug_abbrev0
 266 000a 04       		.byte	0x4
 267 000b 01       		.uleb128 0x1
 268 000c E8010000 		.4byte	.LASF27
 269 0010 0C       		.byte	0xc
 270 0011 7F010000 		.4byte	.LASF28
 271 0015 C7000000 		.4byte	.LASF29
 272 0019 00000000 		.4byte	.Ldebug_ranges0+0
 273 001d 00000000 		.4byte	0
 274 0021 00000000 		.4byte	.Ldebug_line0
 275 0025 02       		.uleb128 0x2
 276 0026 01       		.byte	0x1
 277 0027 06       		.byte	0x6
 278 0028 C2010000 		.4byte	.LASF0
 279 002c 02       		.uleb128 0x2
 280 002d 01       		.byte	0x1
 281 002e 08       		.byte	0x8
 282 002f 51000000 		.4byte	.LASF1
 283 0033 02       		.uleb128 0x2
 284 0034 02       		.byte	0x2
 285 0035 05       		.byte	0x5
 286 0036 75010000 		.4byte	.LASF2
 287 003a 02       		.uleb128 0x2
ARM GAS  C:\Users\zack.li\AppData\Local\Temp\ccQOC3EZ.s 			page 12


 288 003b 02       		.byte	0x2
 289 003c 07       		.byte	0x7
 290 003d 28000000 		.4byte	.LASF3
 291 0041 02       		.uleb128 0x2
 292 0042 04       		.byte	0x4
 293 0043 05       		.byte	0x5
 294 0044 A7010000 		.4byte	.LASF4
 295 0048 02       		.uleb128 0x2
 296 0049 04       		.byte	0x4
 297 004a 07       		.byte	0x7
 298 004b 5F000000 		.4byte	.LASF5
 299 004f 02       		.uleb128 0x2
 300 0050 08       		.byte	0x8
 301 0051 05       		.byte	0x5
 302 0052 3B010000 		.4byte	.LASF6
 303 0056 02       		.uleb128 0x2
 304 0057 08       		.byte	0x8
 305 0058 07       		.byte	0x7
 306 0059 F9000000 		.4byte	.LASF7
 307 005d 03       		.uleb128 0x3
 308 005e 04       		.byte	0x4
 309 005f 05       		.byte	0x5
 310 0060 696E7400 		.ascii	"int\000"
 311 0064 02       		.uleb128 0x2
 312 0065 04       		.byte	0x4
 313 0066 07       		.byte	0x7
 314 0067 BA000000 		.4byte	.LASF8
 315 006b 04       		.uleb128 0x4
 316 006c 71000000 		.4byte	.LASF9
 317 0070 02       		.byte	0x2
 318 0071 E401     		.2byte	0x1e4
 319 0073 2C000000 		.4byte	0x2c
 320 0077 04       		.uleb128 0x4
 321 0078 AC000000 		.4byte	.LASF10
 322 007c 02       		.byte	0x2
 323 007d E501     		.2byte	0x1e5
 324 007f 3A000000 		.4byte	0x3a
 325 0083 04       		.uleb128 0x4
 326 0084 B3000000 		.4byte	.LASF11
 327 0088 02       		.byte	0x2
 328 0089 E601     		.2byte	0x1e6
 329 008b 48000000 		.4byte	0x48
 330 008f 02       		.uleb128 0x2
 331 0090 04       		.byte	0x4
 332 0091 04       		.byte	0x4
 333 0092 BC010000 		.4byte	.LASF12
 334 0096 02       		.uleb128 0x2
 335 0097 08       		.byte	0x8
 336 0098 04       		.byte	0x4
 337 0099 8A000000 		.4byte	.LASF13
 338 009d 02       		.uleb128 0x2
 339 009e 01       		.byte	0x1
 340 009f 08       		.byte	0x8
 341 00a0 63010000 		.4byte	.LASF14
 342 00a4 05       		.uleb128 0x5
 343 00a5 6B000000 		.4byte	0x6b
 344 00a9 05       		.uleb128 0x5
ARM GAS  C:\Users\zack.li\AppData\Local\Temp\ccQOC3EZ.s 			page 13


 345 00aa 77000000 		.4byte	0x77
 346 00ae 04       		.uleb128 0x4
 347 00af 00000000 		.4byte	.LASF15
 348 00b3 02       		.byte	0x2
 349 00b4 9002     		.2byte	0x290
 350 00b6 BA000000 		.4byte	0xba
 351 00ba 05       		.uleb128 0x5
 352 00bb 83000000 		.4byte	0x83
 353 00bf 02       		.uleb128 0x2
 354 00c0 08       		.byte	0x8
 355 00c1 04       		.byte	0x4
 356 00c2 B0010000 		.4byte	.LASF16
 357 00c6 02       		.uleb128 0x2
 358 00c7 04       		.byte	0x4
 359 00c8 07       		.byte	0x7
 360 00c9 32010000 		.4byte	.LASF17
 361 00cd 06       		.uleb128 0x6
 362 00ce 06000000 		.4byte	.LASF30
 363 00d2 01       		.byte	0x1
 364 00d3 C1       		.byte	0xc1
 365 00d4 00000000 		.4byte	.LFB1
 366 00d8 B8000000 		.4byte	.LFE1-.LFB1
 367 00dc 01       		.uleb128 0x1
 368 00dd 9C       		.byte	0x9c
 369 00de 1D010000 		.4byte	0x11d
 370 00e2 07       		.uleb128 0x7
 371 00e3 2A000000 		.4byte	.LVL0
 372 00e7 73010000 		.4byte	0x173
 373 00eb F5000000 		.4byte	0xf5
 374 00ef 08       		.uleb128 0x8
 375 00f0 01       		.uleb128 0x1
 376 00f1 50       		.byte	0x50
 377 00f2 01       		.uleb128 0x1
 378 00f3 39       		.byte	0x39
 379 00f4 00       		.byte	0
 380 00f5 07       		.uleb128 0x7
 381 00f6 32000000 		.4byte	.LVL1
 382 00fa 7E010000 		.4byte	0x17e
 383 00fe 0D010000 		.4byte	0x10d
 384 0102 08       		.uleb128 0x8
 385 0103 01       		.uleb128 0x1
 386 0104 50       		.byte	0x50
 387 0105 01       		.uleb128 0x1
 388 0106 39       		.byte	0x39
 389 0107 08       		.uleb128 0x8
 390 0108 01       		.uleb128 0x1
 391 0109 51       		.byte	0x51
 392 010a 01       		.uleb128 0x1
 393 010b 33       		.byte	0x33
 394 010c 00       		.byte	0
 395 010d 09       		.uleb128 0x9
 396 010e 3A000000 		.4byte	.LVL2
 397 0112 89010000 		.4byte	0x189
 398 0116 08       		.uleb128 0x8
 399 0117 01       		.uleb128 0x1
 400 0118 50       		.byte	0x50
 401 0119 01       		.uleb128 0x1
ARM GAS  C:\Users\zack.li\AppData\Local\Temp\ccQOC3EZ.s 			page 14


 402 011a 39       		.byte	0x39
 403 011b 00       		.byte	0
 404 011c 00       		.byte	0
 405 011d 0A       		.uleb128 0xa
 406 011e 77000000 		.4byte	.LASF18
 407 0122 01       		.byte	0x1
 408 0123 0801     		.2byte	0x108
 409 0125 00000000 		.4byte	.LFB2
 410 0129 20000000 		.4byte	.LFE2-.LFB2
 411 012d 01       		.uleb128 0x1
 412 012e 9C       		.byte	0x9c
 413 012f 0A       		.uleb128 0xa
 414 0130 91000000 		.4byte	.LASF19
 415 0134 01       		.byte	0x1
 416 0135 1901     		.2byte	0x119
 417 0137 00000000 		.4byte	.LFB3
 418 013b 5C000000 		.4byte	.LFE3-.LFB3
 419 013f 01       		.uleb128 0x1
 420 0140 9C       		.byte	0x9c
 421 0141 0B       		.uleb128 0xb
 422 0142 21010000 		.4byte	.LASF20
 423 0146 01       		.byte	0x1
 424 0147 1B       		.byte	0x1b
 425 0148 A4000000 		.4byte	0xa4
 426 014c 05       		.uleb128 0x5
 427 014d 03       		.byte	0x3
 428 014e 00000000 		.4byte	I2C_Master_state
 429 0152 0C       		.uleb128 0xc
 430 0153 3B000000 		.4byte	.LASF21
 431 0157 03       		.byte	0x3
 432 0158 31       		.byte	0x31
 433 0159 A9000000 		.4byte	0xa9
 434 015d 0C       		.uleb128 0xc
 435 015e CE010000 		.4byte	.LASF22
 436 0162 03       		.byte	0x3
 437 0163 37       		.byte	0x37
 438 0164 BA000000 		.4byte	0xba
 439 0168 0C       		.uleb128 0xc
 440 0169 49010000 		.4byte	.LASF23
 441 016d 03       		.byte	0x3
 442 016e 3C       		.byte	0x3c
 443 016f BA000000 		.4byte	0xba
 444 0173 0D       		.uleb128 0xd
 445 0174 68010000 		.4byte	.LASF24
 446 0178 68010000 		.4byte	.LASF24
 447 017c 04       		.byte	0x4
 448 017d C5       		.byte	0xc5
 449 017e 0D       		.uleb128 0xd
 450 017f 10010000 		.4byte	.LASF25
 451 0183 10010000 		.4byte	.LASF25
 452 0187 04       		.byte	0x4
 453 0188 C0       		.byte	0xc0
 454 0189 0D       		.uleb128 0xd
 455 018a 19000000 		.4byte	.LASF26
 456 018e 19000000 		.4byte	.LASF26
 457 0192 04       		.byte	0x4
 458 0193 BD       		.byte	0xbd
ARM GAS  C:\Users\zack.li\AppData\Local\Temp\ccQOC3EZ.s 			page 15


 459 0194 00       		.byte	0
 460              		.section	.debug_abbrev,"",%progbits
 461              	.Ldebug_abbrev0:
 462 0000 01       		.uleb128 0x1
 463 0001 11       		.uleb128 0x11
 464 0002 01       		.byte	0x1
 465 0003 25       		.uleb128 0x25
 466 0004 0E       		.uleb128 0xe
 467 0005 13       		.uleb128 0x13
 468 0006 0B       		.uleb128 0xb
 469 0007 03       		.uleb128 0x3
 470 0008 0E       		.uleb128 0xe
 471 0009 1B       		.uleb128 0x1b
 472 000a 0E       		.uleb128 0xe
 473 000b 55       		.uleb128 0x55
 474 000c 17       		.uleb128 0x17
 475 000d 11       		.uleb128 0x11
 476 000e 01       		.uleb128 0x1
 477 000f 10       		.uleb128 0x10
 478 0010 17       		.uleb128 0x17
 479 0011 00       		.byte	0
 480 0012 00       		.byte	0
 481 0013 02       		.uleb128 0x2
 482 0014 24       		.uleb128 0x24
 483 0015 00       		.byte	0
 484 0016 0B       		.uleb128 0xb
 485 0017 0B       		.uleb128 0xb
 486 0018 3E       		.uleb128 0x3e
 487 0019 0B       		.uleb128 0xb
 488 001a 03       		.uleb128 0x3
 489 001b 0E       		.uleb128 0xe
 490 001c 00       		.byte	0
 491 001d 00       		.byte	0
 492 001e 03       		.uleb128 0x3
 493 001f 24       		.uleb128 0x24
 494 0020 00       		.byte	0
 495 0021 0B       		.uleb128 0xb
 496 0022 0B       		.uleb128 0xb
 497 0023 3E       		.uleb128 0x3e
 498 0024 0B       		.uleb128 0xb
 499 0025 03       		.uleb128 0x3
 500 0026 08       		.uleb128 0x8
 501 0027 00       		.byte	0
 502 0028 00       		.byte	0
 503 0029 04       		.uleb128 0x4
 504 002a 16       		.uleb128 0x16
 505 002b 00       		.byte	0
 506 002c 03       		.uleb128 0x3
 507 002d 0E       		.uleb128 0xe
 508 002e 3A       		.uleb128 0x3a
 509 002f 0B       		.uleb128 0xb
 510 0030 3B       		.uleb128 0x3b
 511 0031 05       		.uleb128 0x5
 512 0032 49       		.uleb128 0x49
 513 0033 13       		.uleb128 0x13
 514 0034 00       		.byte	0
 515 0035 00       		.byte	0
ARM GAS  C:\Users\zack.li\AppData\Local\Temp\ccQOC3EZ.s 			page 16


 516 0036 05       		.uleb128 0x5
 517 0037 35       		.uleb128 0x35
 518 0038 00       		.byte	0
 519 0039 49       		.uleb128 0x49
 520 003a 13       		.uleb128 0x13
 521 003b 00       		.byte	0
 522 003c 00       		.byte	0
 523 003d 06       		.uleb128 0x6
 524 003e 2E       		.uleb128 0x2e
 525 003f 01       		.byte	0x1
 526 0040 3F       		.uleb128 0x3f
 527 0041 19       		.uleb128 0x19
 528 0042 03       		.uleb128 0x3
 529 0043 0E       		.uleb128 0xe
 530 0044 3A       		.uleb128 0x3a
 531 0045 0B       		.uleb128 0xb
 532 0046 3B       		.uleb128 0x3b
 533 0047 0B       		.uleb128 0xb
 534 0048 27       		.uleb128 0x27
 535 0049 19       		.uleb128 0x19
 536 004a 11       		.uleb128 0x11
 537 004b 01       		.uleb128 0x1
 538 004c 12       		.uleb128 0x12
 539 004d 06       		.uleb128 0x6
 540 004e 40       		.uleb128 0x40
 541 004f 18       		.uleb128 0x18
 542 0050 9742     		.uleb128 0x2117
 543 0052 19       		.uleb128 0x19
 544 0053 01       		.uleb128 0x1
 545 0054 13       		.uleb128 0x13
 546 0055 00       		.byte	0
 547 0056 00       		.byte	0
 548 0057 07       		.uleb128 0x7
 549 0058 898201   		.uleb128 0x4109
 550 005b 01       		.byte	0x1
 551 005c 11       		.uleb128 0x11
 552 005d 01       		.uleb128 0x1
 553 005e 31       		.uleb128 0x31
 554 005f 13       		.uleb128 0x13
 555 0060 01       		.uleb128 0x1
 556 0061 13       		.uleb128 0x13
 557 0062 00       		.byte	0
 558 0063 00       		.byte	0
 559 0064 08       		.uleb128 0x8
 560 0065 8A8201   		.uleb128 0x410a
 561 0068 00       		.byte	0
 562 0069 02       		.uleb128 0x2
 563 006a 18       		.uleb128 0x18
 564 006b 9142     		.uleb128 0x2111
 565 006d 18       		.uleb128 0x18
 566 006e 00       		.byte	0
 567 006f 00       		.byte	0
 568 0070 09       		.uleb128 0x9
 569 0071 898201   		.uleb128 0x4109
 570 0074 01       		.byte	0x1
 571 0075 11       		.uleb128 0x11
 572 0076 01       		.uleb128 0x1
ARM GAS  C:\Users\zack.li\AppData\Local\Temp\ccQOC3EZ.s 			page 17


 573 0077 31       		.uleb128 0x31
 574 0078 13       		.uleb128 0x13
 575 0079 00       		.byte	0
 576 007a 00       		.byte	0
 577 007b 0A       		.uleb128 0xa
 578 007c 2E       		.uleb128 0x2e
 579 007d 00       		.byte	0
 580 007e 3F       		.uleb128 0x3f
 581 007f 19       		.uleb128 0x19
 582 0080 03       		.uleb128 0x3
 583 0081 0E       		.uleb128 0xe
 584 0082 3A       		.uleb128 0x3a
 585 0083 0B       		.uleb128 0xb
 586 0084 3B       		.uleb128 0x3b
 587 0085 05       		.uleb128 0x5
 588 0086 27       		.uleb128 0x27
 589 0087 19       		.uleb128 0x19
 590 0088 11       		.uleb128 0x11
 591 0089 01       		.uleb128 0x1
 592 008a 12       		.uleb128 0x12
 593 008b 06       		.uleb128 0x6
 594 008c 40       		.uleb128 0x40
 595 008d 18       		.uleb128 0x18
 596 008e 9742     		.uleb128 0x2117
 597 0090 19       		.uleb128 0x19
 598 0091 00       		.byte	0
 599 0092 00       		.byte	0
 600 0093 0B       		.uleb128 0xb
 601 0094 34       		.uleb128 0x34
 602 0095 00       		.byte	0
 603 0096 03       		.uleb128 0x3
 604 0097 0E       		.uleb128 0xe
 605 0098 3A       		.uleb128 0x3a
 606 0099 0B       		.uleb128 0xb
 607 009a 3B       		.uleb128 0x3b
 608 009b 0B       		.uleb128 0xb
 609 009c 49       		.uleb128 0x49
 610 009d 13       		.uleb128 0x13
 611 009e 3F       		.uleb128 0x3f
 612 009f 19       		.uleb128 0x19
 613 00a0 02       		.uleb128 0x2
 614 00a1 18       		.uleb128 0x18
 615 00a2 00       		.byte	0
 616 00a3 00       		.byte	0
 617 00a4 0C       		.uleb128 0xc
 618 00a5 34       		.uleb128 0x34
 619 00a6 00       		.byte	0
 620 00a7 03       		.uleb128 0x3
 621 00a8 0E       		.uleb128 0xe
 622 00a9 3A       		.uleb128 0x3a
 623 00aa 0B       		.uleb128 0xb
 624 00ab 3B       		.uleb128 0x3b
 625 00ac 0B       		.uleb128 0xb
 626 00ad 49       		.uleb128 0x49
 627 00ae 13       		.uleb128 0x13
 628 00af 3F       		.uleb128 0x3f
 629 00b0 19       		.uleb128 0x19
ARM GAS  C:\Users\zack.li\AppData\Local\Temp\ccQOC3EZ.s 			page 18


 630 00b1 3C       		.uleb128 0x3c
 631 00b2 19       		.uleb128 0x19
 632 00b3 00       		.byte	0
 633 00b4 00       		.byte	0
 634 00b5 0D       		.uleb128 0xd
 635 00b6 2E       		.uleb128 0x2e
 636 00b7 00       		.byte	0
 637 00b8 3F       		.uleb128 0x3f
 638 00b9 19       		.uleb128 0x19
 639 00ba 3C       		.uleb128 0x3c
 640 00bb 19       		.uleb128 0x19
 641 00bc 6E       		.uleb128 0x6e
 642 00bd 0E       		.uleb128 0xe
 643 00be 03       		.uleb128 0x3
 644 00bf 0E       		.uleb128 0xe
 645 00c0 3A       		.uleb128 0x3a
 646 00c1 0B       		.uleb128 0xb
 647 00c2 3B       		.uleb128 0x3b
 648 00c3 0B       		.uleb128 0xb
 649 00c4 00       		.byte	0
 650 00c5 00       		.byte	0
 651 00c6 00       		.byte	0
 652              		.section	.debug_aranges,"",%progbits
 653 0000 2C000000 		.4byte	0x2c
 654 0004 0200     		.2byte	0x2
 655 0006 00000000 		.4byte	.Ldebug_info0
 656 000a 04       		.byte	0x4
 657 000b 00       		.byte	0
 658 000c 0000     		.2byte	0
 659 000e 0000     		.2byte	0
 660 0010 00000000 		.4byte	.LFB1
 661 0014 B8000000 		.4byte	.LFE1-.LFB1
 662 0018 00000000 		.4byte	.LFB2
 663 001c 20000000 		.4byte	.LFE2-.LFB2
 664 0020 00000000 		.4byte	.LFB3
 665 0024 5C000000 		.4byte	.LFE3-.LFB3
 666 0028 00000000 		.4byte	0
 667 002c 00000000 		.4byte	0
 668              		.section	.debug_ranges,"",%progbits
 669              	.Ldebug_ranges0:
 670 0000 00000000 		.4byte	.LFB1
 671 0004 B8000000 		.4byte	.LFE1
 672 0008 00000000 		.4byte	.LFB2
 673 000c 20000000 		.4byte	.LFE2
 674 0010 00000000 		.4byte	.LFB3
 675 0014 5C000000 		.4byte	.LFE3
 676 0018 00000000 		.4byte	0
 677 001c 00000000 		.4byte	0
 678              		.section	.debug_line,"",%progbits
 679              	.Ldebug_line0:
 680 0000 ED000000 		.section	.debug_str,"MS",%progbits,1
 680      02006E00 
 680      00000201 
 680      FB0E0D00 
 680      01010101 
 681              	.LASF15:
 682 0000 72656733 		.ascii	"reg32\000"
ARM GAS  C:\Users\zack.li\AppData\Local\Temp\ccQOC3EZ.s 			page 19


 682      3200
 683              	.LASF30:
 684 0006 4932435F 		.ascii	"I2C_Master_I2CInit\000"
 684      4D617374 
 684      65725F49 
 684      3243496E 
 684      697400
 685              	.LASF26:
 686 0019 4379496E 		.ascii	"CyIntSetVector\000"
 686      74536574 
 686      56656374 
 686      6F7200
 687              	.LASF3:
 688 0028 73686F72 		.ascii	"short unsigned int\000"
 688      7420756E 
 688      7369676E 
 688      65642069 
 688      6E7400
 689              	.LASF21:
 690 003b 4932435F 		.ascii	"I2C_Master_mstrStatus\000"
 690      4D617374 
 690      65725F6D 
 690      73747253 
 690      74617475 
 691              	.LASF1:
 692 0051 756E7369 		.ascii	"unsigned char\000"
 692      676E6564 
 692      20636861 
 692      7200
 693              	.LASF5:
 694 005f 6C6F6E67 		.ascii	"long unsigned int\000"
 694      20756E73 
 694      69676E65 
 694      6420696E 
 694      7400
 695              	.LASF9:
 696 0071 75696E74 		.ascii	"uint8\000"
 696      3800
 697              	.LASF18:
 698 0077 4932435F 		.ascii	"I2C_Master_I2CStop\000"
 698      4D617374 
 698      65725F49 
 698      32435374 
 698      6F7000
 699              	.LASF13:
 700 008a 646F7562 		.ascii	"double\000"
 700      6C6500
 701              	.LASF19:
 702 0091 4932435F 		.ascii	"I2C_Master_I2CFwBlockReset\000"
 702      4D617374 
 702      65725F49 
 702      32434677 
 702      426C6F63 
 703              	.LASF10:
 704 00ac 75696E74 		.ascii	"uint16\000"
 704      313600
 705              	.LASF11:
ARM GAS  C:\Users\zack.li\AppData\Local\Temp\ccQOC3EZ.s 			page 20


 706 00b3 75696E74 		.ascii	"uint32\000"
 706      333200
 707              	.LASF8:
 708 00ba 756E7369 		.ascii	"unsigned int\000"
 708      676E6564 
 708      20696E74 
 708      00
 709              	.LASF29:
 710 00c7 443A5C5F 		.ascii	"D:\\_Project\\_MD\\cypress_button\\EZIIC_button.cyd"
 710      50726F6A 
 710      6563745C 
 710      5F4D445C 
 710      63797072 
 711 00f6 736E00   		.ascii	"sn\000"
 712              	.LASF7:
 713 00f9 6C6F6E67 		.ascii	"long long unsigned int\000"
 713      206C6F6E 
 713      6720756E 
 713      7369676E 
 713      65642069 
 714              	.LASF25:
 715 0110 4379496E 		.ascii	"CyIntSetPriority\000"
 715      74536574 
 715      5072696F 
 715      72697479 
 715      00
 716              	.LASF20:
 717 0121 4932435F 		.ascii	"I2C_Master_state\000"
 717      4D617374 
 717      65725F73 
 717      74617465 
 717      00
 718              	.LASF17:
 719 0132 73697A65 		.ascii	"sizetype\000"
 719      74797065 
 719      00
 720              	.LASF6:
 721 013b 6C6F6E67 		.ascii	"long long int\000"
 721      206C6F6E 
 721      6720696E 
 721      7400
 722              	.LASF23:
 723 0149 4932435F 		.ascii	"I2C_Master_mstrWrBufIndex\000"
 723      4D617374 
 723      65725F6D 
 723      73747257 
 723      72427566 
 724              	.LASF14:
 725 0163 63686172 		.ascii	"char\000"
 725      00
 726              	.LASF24:
 727 0168 4379496E 		.ascii	"CyIntDisable\000"
 727      74446973 
 727      61626C65 
 727      00
 728              	.LASF2:
 729 0175 73686F72 		.ascii	"short int\000"
ARM GAS  C:\Users\zack.li\AppData\Local\Temp\ccQOC3EZ.s 			page 21


 729      7420696E 
 729      7400
 730              	.LASF28:
 731 017f 47656E65 		.ascii	"Generated_Source\\PSoC4\\I2C_Master_I2C.c\000"
 731      72617465 
 731      645F536F 
 731      75726365 
 731      5C50536F 
 732              	.LASF4:
 733 01a7 6C6F6E67 		.ascii	"long int\000"
 733      20696E74 
 733      00
 734              	.LASF16:
 735 01b0 6C6F6E67 		.ascii	"long double\000"
 735      20646F75 
 735      626C6500 
 736              	.LASF12:
 737 01bc 666C6F61 		.ascii	"float\000"
 737      7400
 738              	.LASF0:
 739 01c2 7369676E 		.ascii	"signed char\000"
 739      65642063 
 739      68617200 
 740              	.LASF22:
 741 01ce 4932435F 		.ascii	"I2C_Master_mstrRdBufIndex\000"
 741      4D617374 
 741      65725F6D 
 741      73747252 
 741      64427566 
 742              	.LASF27:
 743 01e8 474E5520 		.ascii	"GNU C11 5.4.1 20160609 (release) [ARM/embedded-5-br"
 743      43313120 
 743      352E342E 
 743      31203230 
 743      31363036 
 744 021b 616E6368 		.ascii	"anch revision 237715] -mcpu=cortex-m0 -mthumb -g -O"
 744      20726576 
 744      6973696F 
 744      6E203233 
 744      37373135 
 745 024e 73202D66 		.ascii	"s -ffunction-sections -ffat-lto-objects\000"
 745      66756E63 
 745      74696F6E 
 745      2D736563 
 745      74696F6E 
 746              		.ident	"GCC: (GNU Tools for ARM Embedded Processors) 5.4.1 20160609 (release) [ARM/embedded-5-bran
